[104m2025-03-22T20:04:07.600Z [CLIENT DISCORD] [49m[0mLes modules  [32mloggers[39m [0m[0m ont correctement été exporté.[0m[0m[0m
[104m2025-03-22T20:04:07.600Z [CLIENT DISCORD] [49m[0mLes modules  [32mutils.js[39m [0m[0m ont correctement été exporté.[0m[0m[0m
[104m2025-03-22T20:04:07.600Z [CLIENT DISCORD] [49m[0mL'interaction  [32mcommands.js[39m [0m[0m ont correctement été exporté.[0m[0m[0m
[104m2025-03-22T20:04:07.600Z [CLIENT DISCORD] [49m[0mL'interaction  [32mbuttons.js[39m [0m[0m ont correctement été exporté.[0m[0m[0m
[104m2025-03-22T20:04:07.600Z [CLIENT DISCORD] [49m[0mL'interaction  [32mmodals.js[39m [0m[0m ont correctement été exporté.[0m[0m[0m
[104m2025-03-22T20:04:07.600Z [CLIENT DISCORD] [49m[0m✅ Données rechargées depuis config.json : [object Object][0m
[45m2025-03-22T20:04:07.600Z [DEBUG] Hi !![49m
[104m2025-03-22T20:04:07.600Z [CLIENT DISCORD] [49m[0m[42m[30mChargement du fichier index.js[39m[49m[0m
[41m[30m🔔2025-03-22T20:04:08.355Z [🔴 CRITICAL NOTIFY]  Hey![39m[49m
[104m2025-03-22T20:04:07.600Z [CLIENT DISCORD] [49m[0m[42m[30mChargement des informations du package.[39m[49m[0m
[0m[42m[30m[39m[49m [46m[PACKAGE][49m [32mAuth. : François 🌺[39m[0m
[0m[32m[39m [46m[PACKAGE][49m [32mDepd. : @discordjs/voice, axios, chalk, discord.js, fs, play-dl, yt-search, ytdl-core, ytdl-core-discord[39m[0m
[0m[32m[39m [46m[PACKAGE][49m [32mDesc. : The official bot of LSSD.[39m[0m
[0m[32m[39m [46m[PACKAGE][49m [32mLisc. : ISC[39m[0m
[0m[32m[39m [46m[PACKAGE][49m [32mMain. : index.js[39m[0m
[0m[32m[39m [46m[PACKAGE][49m [32mName. : catherine[39m[0m
[0m[32m[39m [46m[PACKAGE][49m [32mScrp. : [object Object][39m[0m
[0m[32m[39m [46m[PACKAGE][49m [32mVers. : 1.0.0[39m[0m
[0m[32m[39m [46m[PACKAGE][49m [32mPatch Note. : **[PN_13-03-2025]** La version 1.2.01sc modifie les messages shift et patch la commande /clear.,[39m[0m
[0m[32m**[PN_14-03-2025]** La version 1.2.05sch modifie la commande /help pour ajouter des commandes spéciales.,[39m[0m
[0m[32m**[PN_19-03-2025]** La version 1.2.1 (1.2.09scho) patch la commande /openservice et modifie la commande /userinfo, ajoutant des informations.[39m[0m
[0m[32m[39m[0m
[104m2025-03-22T20:04:07.600Z [CLIENT DISCORD] [49m[0m[34m==============================[39m[0m
[104m2025-03-22T20:04:07.600Z [CLIENT DISCORD] [49m[0m[32m🚀 Démarrage du bot...[39m[0m
[104m2025-03-22T20:04:07.600Z [CLIENT DISCORD] [49m[0m[33m🔗 Connexion à Discord API...[39m[0m
[104m2025-03-22T20:04:07.600Z [CLIENT DISCORD] [49m[0m[36m✅ Bot RP en ligne ! Connect111é en tant que LSSD Bot#8045[39m[0m
[104m2025-03-22T20:04:07.600Z [CLIENT DISCORD] [49m[0m[34m==============================[39m[0m
[0m[34m[39m[0m
[104m2025-03-22T20:04:07.600Z [CLIENT DISCORD] [49m[0mGuild récupéré :  Los Santos Sheriff Dept.[0m
[104m2025-03-22T20:04:07.600Z [CLIENT DISCORD] [49m[0mCommandes existantes :  register, music, info, pex, openservice, infoshift, recruit, help, ban, ticket, shutdown, userinfo, send, clear, kick, warn, mute, rename, shift, promote[0m
[104m2025-03-22T20:04:07.600Z [CLIENT DISCORD] [49m[0m⚠️ Commandes déjà enregistrées pour ce serveur.[0m
[42m[30m🔔2025-03-22T20:04:10.167Z [🟢 SOFT NOTIFY]  Arguments passés : [33mAucun[39m[30m[39m[49m
[42m[30m🔔2025-03-22T20:04:10.168Z [🟢 SOFT NOTIFY]  Aucun mode de lancement spécifié.[39m[49m
[104m2025-03-22T21:50:03.362Z [CLIENT DISCORD] [49m[0mLes modules  [32mloggers[39m [0m[0m ont correctement été exporté.[0m[0m[0m
[104m2025-03-22T21:50:03.362Z [CLIENT DISCORD] [49m[0mLes modules  [32mutils.js[39m [0m[0m ont correctement été exporté.[0m[0m[0m
[104m2025-03-22T21:50:03.362Z [CLIENT DISCORD] [49m[0mL'interaction  [32mcommands.js[39m [0m[0m ont correctement été exporté.[0m[0m[0m
[104m2025-03-22T21:50:03.362Z [CLIENT DISCORD] [49m[0mL'interaction  [32mbuttons.js[39m [0m[0m ont correctement été exporté.[0m[0m[0m
[104m2025-03-22T21:50:03.362Z [CLIENT DISCORD] [49m[0mL'interaction  [32mmodals.js[39m [0m[0m ont correctement été exporté.[0m[0m[0m
[104m2025-03-22T21:50:03.362Z [CLIENT DISCORD] [49m[0m✅ Données rechargées depuis config.json : [object Object][0m
[45m2025-03-22T21:50:03.362Z [DEBUG] Hi !![49m
[104m2025-03-22T21:50:03.362Z [CLIENT DISCORD] [49m[0m[42m[30mChargement du fichier index.js[39m[49m[0m
[41m[30m🔔2025-03-22T21:50:04.295Z [🔴 CRITICAL NOTIFY]  Hey![39m[49m
[104m2025-03-22T21:50:03.362Z [CLIENT DISCORD] [49m[0m[42m[30mChargement des informations du package.[39m[49m[0m
[0m[42m[30m[39m[49m [46m[PACKAGE][49m [32mAuth. : François 🌺[39m[0m
[0m[32m[39m [46m[PACKAGE][49m [32mDepd. : @discordjs/voice, axios, chalk, discord.js, fs, play-dl, yt-search, ytdl-core, ytdl-core-discord[39m[0m
[0m[32m[39m [46m[PACKAGE][49m [32mDesc. : The official bot of LSSD.[39m[0m
[0m[32m[39m [46m[PACKAGE][49m [32mLisc. : ISC[39m[0m
[0m[32m[39m [46m[PACKAGE][49m [32mMain. : index.js[39m[0m
[0m[32m[39m [46m[PACKAGE][49m [32mName. : catherine[39m[0m
[0m[32m[39m [46m[PACKAGE][49m [32mScrp. : [object Object][39m[0m
[0m[32m[39m [46m[PACKAGE][49m [32mVers. : 1.0.0[39m[0m
[0m[32m[39m [46m[PACKAGE][49m [32mPatch Note. : **[PN_13-03-2025]** La version 1.2.01sc modifie les messages shift et patch la commande /clear.,[39m[0m
[0m[32m**[PN_14-03-2025]** La version 1.2.05sch modifie la commande /help pour ajouter des commandes spéciales.,[39m[0m
[0m[32m**[PN_19-03-2025]** La version 1.2.1 (1.2.09scho) patch la commande /openservice et modifie la commande /userinfo, ajoutant des informations.[39m[0m
[0m[32m[39m[0m
[104m2025-03-22T21:50:03.362Z [CLIENT DISCORD] [49m[0m[34m==============================[39m[0m
[104m2025-03-22T21:50:03.362Z [CLIENT DISCORD] [49m[0m[32m🚀 Démarrage du bot...[39m[0m
[104m2025-03-22T21:50:03.362Z [CLIENT DISCORD] [49m[0m[33m🔗 Connexion à Discord API...[39m[0m
[104m2025-03-22T21:50:03.362Z [CLIENT DISCORD] [49m[0m[36m✅ Bot RP en ligne ! Connect111é en tant que LSSD Bot#8045[39m[0m
[104m2025-03-22T21:50:03.362Z [CLIENT DISCORD] [49m[0m[34m==============================[39m[0m
[0m[34m[39m[0m
[104m2025-03-22T21:50:03.362Z [CLIENT DISCORD] [49m[0mGuild récupéré :  Los Santos Sheriff Dept.[0m
[104m2025-03-22T21:50:03.362Z [CLIENT DISCORD] [49m[0mCommandes existantes :  register, music, info, pex, openservice, infoshift, recruit, help, ban, ticket, shutdown, userinfo, send, clear, kick, warn, mute, rename, shift, promote[0m
[104m2025-03-22T21:50:03.362Z [CLIENT DISCORD] [49m[0m⚠️ Commandes déjà enregistrées pour ce serveur.[0m
[42m[30m🔔2025-03-22T21:50:05.820Z [🟢 SOFT NOTIFY]  Arguments passés : [33mAucun[39m[30m[39m[49m
[42m[30m🔔2025-03-22T21:50:05.821Z [🟢 SOFT NOTIFY]  Aucun mode de lancement spécifié.[39m[49m
[104m2025-03-22T21:50:03.362Z [CLIENT DISCORD] [49m[0m[94m[MESSAGE_SENT][39m [32mfrancois.piano[39m [0m[0ma envoyé[0m[0m [32m<@978315768271880272> [39m[0m
[0m[32m[39m[0m
[0m[32m# <:lssd:1348069462317990028> Official Statement from the Detective Division <:lssd:1348069462317990028> [39m[0m
[0m[32m[39m[0m
[0m[32mLa Détective Division s'est saisie de l'affaire et a ouvert une enquête EXTERNE concernant le LSPD et Mrs. Victoria David.[39m [0m[0mdans[0m[0m [32mRAPPORT DE DÉPÔT DE PLAINTESergent James Garcia – Matricule : 215[39m[0m
[104m2025-03-22T21:50:03.362Z [CLIENT DISCORD] [49m[0m[ACTION BUTTON] cmd of command /ticket has been used.[0m
[104m2025-03-22T21:50:03.362Z [CLIENT DISCORD] [49m[0m49[0m
[104m2025-03-22T21:50:03.362Z [CLIENT DISCORD] [49m[0m[BUTTON] francois.piano a exécuté l'interaction bouton cmd dans 1252239174610718782[0m
[104m2025-03-22T21:50:03.362Z [CLIENT DISCORD] [49m[0m[ACTION BUTTON] New channel create[0m
[41m2025-03-22T21:50:03.362Z [ERROR] (node:26120) Warning: Supplying "ephemeral" for interaction response options is deprecated. Utilize flags instead.[49m
[41m(Use `node --trace-warnings ...` to show where the warning was created)[49m
[104m2025-03-22T21:50:03.362Z [CLIENT DISCORD] [49m[0m[94m[COMAND][39m [32mfrancois.piano[39m [0m[0ma éxécuté la commande [0m[0m [32mrename[39m [0m[0mdans[0m[0m [32mcmd-francoispiano[39m[0m
[104m2025-03-22T21:50:03.362Z [CLIENT DISCORD] [49m[0m[42m✅ Utilisateur 449432156595552257 bypass les permissions.[49m[0m
[104m2025-03-22T21:50:03.362Z [CLIENT DISCORD] [49m[0m[94m[MESSAGE_SENT][39m [32mfrancois.piano[39m [0m[0ma envoyé[0m[0m [32m# <:lssd:1348069462317990028> Official Intervention Report from Los Santos Sherif Departement[39m[0m
[0m[32m# <:lssd:1348069462317990028> Official statement from the Detective Division, Lieutenant Lennon.[39m[0m
[0m[32m[39m[0m
[0m[32m## Informations générales[39m[0m
[0m[32m**Plaignante **: `Victoria Davis`[39m[0m
[0m[32m**Agent impliqué** : `Max Durand (LSPD)`[39m[0m
[0m[32m**Lieu de l’incident** : `Route 12, autoroute`[39m[0m
[0m[32m**Date et heure de l’incident **: `le 21/03/25 à 21h00`[39m[0m
[0m[32m**Intervention des EMS** : `22h27`[39m[0m
[0m[32m**Nature de la plainte** : `Accident impliquant un agent des forces de l’ordre`[39m[0m
[0m[32m[39m[0m
[0m[32m## Résumé des faits[39m[0m
[0m[32mLe  21/03/25, à 21h00, sur la route 12 (autoroute), Madame Victoria Davis, titulaire d’un permis de conduire valide, se trouvait à bord d’un véhicule appartenant à un ami lorsqu’elle a été percutée par un agent de la LSPD, Max Durand.[39m[0m
[0m[32m[39m[0m
[0m[32mMadame Davis a reconnu qu’elle roulait légèrement au-dessus de la limite autorisée au moment des faits. Toutefois, lors de l’arrivée  des services d’urgence, aucun véhicule n’a été constaté sur place.[39m[0m
[0m[32m[39m[0m
[0m[32mÀ 22h27, les services d’urgence (EMS) sont interven...[39m [0m[0mdans[0m[0m [32menquete-lspd-victoria-david[39m[0m
[104m2025-03-22T21:50:03.362Z [CLIENT DISCORD] [49m[0m[94m[MESSAGE_SENT][39m [32mfrancois.piano[39m [0m[0ma envoyé[0m[0m [32mnull[39m [0m[0mdans[0m[0m [32menquete-lspd-victoria-david[39m[0m
[104m2025-03-22T21:50:03.362Z [CLIENT DISCORD] [49m[0m[94m[MESSAGE_REMOVE][39m [32mfrancois.piano[39m [0m[0ma supprimé[0m[0m [32mnull[39m [0m[0mdans[0m[0m [32menquete-lspd-victoria-david[39m[0m
[104m2025-03-22T21:50:03.362Z [CLIENT DISCORD] [49m[0m[94m[MESSAGE_SENT][39m [32mfrancois.piano[39m [0m[0ma envoyé[0m[0m [32m@everyone Qui est le chef LSPD ?[39m [0m[0mdans[0m[0m [32m🪖-supervision[39m[0m
[104m2025-03-22T22:26:06.051Z [CLIENT DISCORD] [49m[0mLes modules  [32mloggers[39m [0m[0m ont correctement été exporté.[0m[0m[0m
[104m2025-03-22T22:26:06.051Z [CLIENT DISCORD] [49m[0mLes modules  [32mutils.js[39m [0m[0m ont correctement été exporté.[0m[0m[0m
[104m2025-03-22T22:26:06.051Z [CLIENT DISCORD] [49m[0mL'interaction  [32mcommands.js[39m [0m[0m ont correctement été exporté.[0m[0m[0m
[104m2025-03-22T22:26:06.051Z [CLIENT DISCORD] [49m[0mL'interaction  [32mbuttons.js[39m [0m[0m ont correctement été exporté.[0m[0m[0m
[104m2025-03-22T22:26:06.051Z [CLIENT DISCORD] [49m[0mL'interaction  [32mmodals.js[39m [0m[0m ont correctement été exporté.[0m[0m[0m
[104m2025-03-22T22:26:06.051Z [CLIENT DISCORD] [49m[0m✅ Données rechargées depuis config.json : [object Object][0m
[45m2025-03-22T22:26:06.051Z [DEBUG] Hi !![49m
[104m2025-03-22T22:26:06.051Z [CLIENT DISCORD] [49m[0m[42m[30mChargement du fichier index.js[39m[49m[0m
[41m[30m🔔2025-03-22T22:26:06.554Z [🔴 CRITICAL NOTIFY]  Hey![39m[49m
[104m2025-03-22T22:26:06.051Z [CLIENT DISCORD] [49m[0m[42m[30mChargement des informations du package.[39m[49m[0m
[0m[42m[30m[39m[49m [46m[PACKAGE][49m [32mAuth. : François 🌺[39m[0m
[0m[32m[39m [46m[PACKAGE][49m [32mDepd. : @discordjs/voice, axios, chalk, discord.js, fs, play-dl, yt-search, ytdl-core, ytdl-core-discord[39m[0m
[0m[32m[39m [46m[PACKAGE][49m [32mDesc. : The official bot of LSSD.[39m[0m
[0m[32m[39m [46m[PACKAGE][49m [32mLisc. : ISC[39m[0m
[0m[32m[39m [46m[PACKAGE][49m [32mMain. : index.js[39m[0m
[0m[32m[39m [46m[PACKAGE][49m [32mName. : catherine[39m[0m
[0m[32m[39m [46m[PACKAGE][49m [32mScrp. : [object Object][39m[0m
[0m[32m[39m [46m[PACKAGE][49m [32mVers. : 1.0.0[39m[0m
[0m[32m[39m [46m[PACKAGE][49m [32mPatch Note. : **[PN_13-03-2025]** La version 1.2.01sc modifie les messages shift et patch la commande /clear.,[39m[0m
[0m[32m**[PN_14-03-2025]** La version 1.2.05sch modifie la commande /help pour ajouter des commandes spéciales.,[39m[0m
[0m[32m**[PN_19-03-2025]** La version 1.2.1 (1.2.09scho) patch la commande /openservice et modifie la commande /userinfo, ajoutant des informations.[39m[0m
[0m[32m[39m[0m
[104m2025-03-22T22:26:06.051Z [CLIENT DISCORD] [49m[0m[34m==============================[39m[0m
[104m2025-03-22T22:26:06.051Z [CLIENT DISCORD] [49m[0m[32m🚀 Démarrage du bot...[39m[0m
[104m2025-03-22T22:26:06.051Z [CLIENT DISCORD] [49m[0m[33m🔗 Connexion à Discord API...[39m[0m
[104m2025-03-22T22:26:06.051Z [CLIENT DISCORD] [49m[0m[36m✅ Bot RP en ligne ! Connect111é en tant que LSSD Bot#8045[39m[0m
[104m2025-03-22T22:26:06.051Z [CLIENT DISCORD] [49m[0m[34m==============================[39m[0m
[0m[34m[39m[0m
[104m2025-03-22T22:26:06.051Z [CLIENT DISCORD] [49m[0mGuild récupéré :  Los Santos Sheriff Dept.[0m
[104m2025-03-22T22:26:06.051Z [CLIENT DISCORD] [49m[0mCommandes existantes :  register, music, info, pex, openservice, infoshift, recruit, help, ban, ticket, shutdown, userinfo, send, clear, kick, warn, mute, rename, shift, promote[0m
[104m2025-03-22T22:26:06.051Z [CLIENT DISCORD] [49m[0m⚠️ Commandes déjà enregistrées pour ce serveur.[0m
[42m[30m🔔2025-03-22T22:26:07.744Z [🟢 SOFT NOTIFY]  Arguments passés : [33mAucun[39m[30m[39m[49m
[42m[30m🔔2025-03-22T22:26:07.745Z [🟢 SOFT NOTIFY]  Aucun mode de lancement spécifié.[39m[49m
[104m2025-03-22T22:26:06.051Z [CLIENT DISCORD] [49m[0m[94m[COMAND][39m [32mfrancois.piano[39m [0m[0ma éxécuté la commande [0m[0m [32mticket[39m [0m[0mdans[0m[0m [32menquete-lspd-victoria-david[39m[0m
[104m2025-03-22T22:26:06.051Z [CLIENT DISCORD] [49m[0m[42m✅ Utilisateur 449432156595552257 bypass les permissions.[49m[0m
[104m2025-03-22T22:26:06.051Z [CLIENT DISCORD] [49m[0m[DEBUG] ticket.json avant modification: [object Object][0m
[104m2025-03-22T22:26:06.051Z [CLIENT DISCORD] [49m[0m[DEBUG] Ajout de l'utilisateur 429714598988480522...[0m
[104m2025-03-22T22:26:06.051Z [CLIENT DISCORD] [49m[0m[DEBUG] ticket.json après modification: [object Object][0m
[41m2025-03-22T22:26:06.051Z [ERROR] (node:26656) Warning: Supplying "ephemeral" for interaction response options is deprecated. Utilize flags instead.[49m
[41m(Use `node --trace-warnings ...` to show where the warning was created)[49m
[104m2025-03-22T22:26:06.051Z [CLIENT DISCORD] [49m[0m[94m[MESSAGE_SENT][39m [32mfrancois.piano[39m [0m[0ma envoyé[0m[0m [32m<@429714598988480522> <#1252637467991998524>[39m [0m[0mdans[0m[0m [32menquete-lspd-victoria-david[39m[0m
[104m2025-03-22T22:26:06.051Z [CLIENT DISCORD] [49m[0m[94m[COMAND][39m [32mkhalil35[39m [0m[0ma éxécuté la commande [0m[0m [32mshift[39m [0m[0mdans[0m[0m [32m📠-radio[39m[0m
[104m2025-03-22T22:26:06.051Z [CLIENT DISCORD] [49m[0m[32mLa commande shift ne requiert pas de permission.[39m[0m
[104m2025-03-22T22:26:06.051Z [CLIENT DISCORD] [49m[0m[94m[MESSAGE_SENT][39m [32mfrancois.piano[39m [0m[0ma envoyé[0m[0m [32m## Résumé des faits[39m[0m
[0m[32m[39m[0m
[0m[32mPotentiellement, l'agent de la LSPD a appelé des renforts. On notera un délai considérable sur l'arrivé des EMT.[39m[0m
[0m[32m[39m[0m
[0m[32m## Réctification[39m[0m
[0m[32m[39m[0m
[0m[32mM. David porte plainte contre le **LSPD**.[39m[0m
[0m[32mNe demande aucune sanctions à l'encontre de l'agent.[39m[0m
[0m[32mDemande des excuses sincères de l'agent.[39m[0m
[0m[32m[39m[0m
[0m[32m## Coordonnées de M. David.[39m[0m
[0m[32m[39m[0m
[0m[32mAdresse Mail : annab26_ **david.victoria@discord.gg**[39m[0m
[0m[32mTel : ??[39m[0m
[0m[32mAdresse : SDF[39m[0m
[0m[32mNom Prénom : DAVID Victoria[39m[0m
[0m[32mNationnalité : Amércaine[39m[0m
[0m[32mDate de naissance : 31/01/1992 (?)[39m[0m
[0m[32m[39m[0m
[0m[32m## Suite de la procédure[39m[0m
[0m[32m[39m[0m
[0m[32m> - Convocation du Commander de la LSPD avec l'accusé.[39m[0m
[0m[32m> - Entretient oral avec les EMT afin d'obtenir plus d'information.[39m[0m
[0m[32m> - Convocation de la LSPD avec M. Davis.[39m [0m[0mdans[0m[0m [32menquete-lspd-victoria-david[39m[0m
