[2025-03-11T18:50:29.834Z] [104m[CLIENT DISCORD] [49m[0m[42m[31mChargement du fichier index.js[39m[49m[0m
[2025-03-11T18:50:30.842Z] [104m[CLIENT DISCORD] [49m[0m[34m[39m[0m
[0m[34m==============================[39m[0m
[2025-03-11T18:50:30.843Z] [104m[CLIENT DISCORD] [49m[0m[32m🚀 Démarrage du bot...[39m[0m
[2025-03-11T18:50:30.843Z] [104m[CLIENT DISCORD] [49m[0m[33m🔗 Connexion à Discord API...[39m[0m
[2025-03-11T18:50:30.844Z] [104m[CLIENT DISCORD] [49m[0m[36m✅ Bot RP en ligne ! Connecté en tant que Catherine#3469[39m[0m
[2025-03-11T18:50:30.845Z] [104m[CLIENT DISCORD] [49m[0m[34m==============================[39m[0m
[0m[34m[39m[0m
[2025-03-11T18:52:36.109Z] [104m[CLIENT DISCORD] [49m[0m[42m[31mChargement du fichier index.js[39m[49m[0m
[2025-03-11T18:52:37.364Z] [104m[CLIENT DISCORD] [49m[0m[34m[39m[0m
[0m[34m==============================[39m[0m
[2025-03-11T18:52:37.365Z] [104m[CLIENT DISCORD] [49m[0m[32m🚀 Démarrage du bot...[39m[0m
[2025-03-11T18:52:37.366Z] [104m[CLIENT DISCORD] [49m[0m[33m🔗 Connexion à Discord API...[39m[0m
[2025-03-11T18:52:37.366Z] [104m[CLIENT DISCORD] [49m[0m[36m✅ Bot RP en ligne ! Connecté en tant que LSSD Bot#8045[39m[0m
[2025-03-11T18:52:37.367Z] [104m[CLIENT DISCORD] [49m[0m[34m==============================[39m[0m
[0m[34m[39m[0m
[2025-03-11T18:52:37.368Z] [104m[CLIENT DISCORD] [49m[0mGuild récupéré :  Los Santos Sheriff Dept.[0m
[2025-03-11T18:52:37.570Z] [104m[CLIENT DISCORD] [49m[0mCommandes existantes :  [0m
[2025-03-11T18:52:37.571Z] [104m[CLIENT DISCORD] [49m[0mAucune commande trouvée. Enregistrement des commandes...[0m
[2025-03-11T18:52:37.571Z] [104m[CLIENT DISCORD] [49m[0mListe des commandes chargées :  [object Object],[object Object],[object Object],[object Object],[object Object],[object Object],[object Object],[object Object],[object Object],[object Object],[object Object],[object Object],[object Object],[object Object],[object Object],[object Object],[object Object][0m
[2025-03-11T18:52:38.003Z] [104m[CLIENT DISCORD] [49m[0m✅ Commandes enregistrées pour le serveur ![0m
[2025-03-11T18:52:53.425Z] [104m[CLIENT DISCORD] [49m[0m[94m[COMAND][39m [32mfrancois.piano[39m [0m[0ma éxécuté la commande [0m[0m [32mpex[39m [0m[0mdans[0m[0m [32mundefined[39m[0m
[2025-03-11T18:52:53.425Z] [104m[CLIENT DISCORD] [49m[0m[42m✅ Utilisateur 449432156595552257 bypass les permissions.[49m[0m
[2025-03-11T18:56:02.361Z] [104m[CLIENT DISCORD] [49m[0m[42m[31mChargement du fichier index.js[39m[49m[0m
[2025-03-11T18:56:03.417Z] [104m[CLIENT DISCORD] [49m[0m[34m[39m[0m
[0m[34m==============================[39m[0m
[2025-03-11T18:56:03.417Z] [104m[CLIENT DISCORD] [49m[0m[32m🚀 Démarrage du bot...[39m[0m
[2025-03-11T18:56:03.418Z] [104m[CLIENT DISCORD] [49m[0m[33m🔗 Connexion à Discord API...[39m[0m
[2025-03-11T18:56:03.419Z] [104m[CLIENT DISCORD] [49m[0m[36m✅ Bot RP en ligne ! Connecté en tant que LSSD Bot#8045[39m[0m
[2025-03-11T18:56:03.420Z] [104m[CLIENT DISCORD] [49m[0m[34m==============================[39m[0m
[0m[34m[39m[0m
[2025-03-11T18:56:03.421Z] [104m[CLIENT DISCORD] [49m[0mGuild récupéré :  Los Santos Sheriff Dept.[0m
[2025-03-11T18:56:03.671Z] [104m[CLIENT DISCORD] [49m[0mCommandes existantes :  [object Object],[object Object],[object Object],[object Object],[object Object],[object Object],[object Object],[object Object],[object Object],[object Object],[object Object],[object Object],[object Object],[object Object],[object Object],[object Object],[object Object][0m
[2025-03-11T18:56:03.672Z] [104m[CLIENT DISCORD] [49m[0m⚠️ Commandes déjà enregistrées pour ce serveur.[0m
[2025-03-11T18:56:19.013Z] [104m[CLIENT DISCORD] [49m[0m[94m[COMAND][39m [32mfrancois.piano[39m [0m[0ma éxécuté la commande [0m[0m [32mpex[39m [0m[0mdans[0m[0m [32mundefined[39m[0m
[2025-03-11T18:56:19.014Z] [104m[CLIENT DISCORD] [49m[0m[42m✅ Utilisateur 449432156595552257 bypass les permissions.[49m[0m
[2025-03-11T18:57:38.789Z] [104m[CLIENT DISCORD] [49m[0m[94m[COMAND][39m [32mfrancois.piano[39m [0m[0ma éxécuté la commande [0m[0m [32mpex[39m [0m[0mdans[0m[0m [32mundefined[39m[0m
[2025-03-11T18:57:38.790Z] [104m[CLIENT DISCORD] [49m[0m[42m✅ Utilisateur 449432156595552257 bypass les permissions.[49m[0m
[2025-03-11T19:01:42.561Z] [104m[CLIENT DISCORD] [49m[0m[42m[31mChargement du fichier index.js[39m[49m[0m
[2025-03-11T19:01:43.590Z] [104m[CLIENT DISCORD] [49m[0m[34m[39m[0m
[0m[34m==============================[39m[0m
[2025-03-11T19:01:43.591Z] [104m[CLIENT DISCORD] [49m[0m[32m🚀 Démarrage du bot...[39m[0m
[2025-03-11T19:01:43.592Z] [104m[CLIENT DISCORD] [49m[0m[33m🔗 Connexion à Discord API...[39m[0m
[2025-03-11T19:01:43.593Z] [104m[CLIENT DISCORD] [49m[0m[36m✅ Bot RP en ligne ! Connecté en tant que LSSD Bot#8045[39m[0m
[2025-03-11T19:01:43.593Z] [104m[CLIENT DISCORD] [49m[0m[34m==============================[39m[0m
[0m[34m[39m[0m
[2025-03-11T19:01:43.594Z] [104m[CLIENT DISCORD] [49m[0mGuild récupéré :  Los Santos Sheriff Dept.[0m
[2025-03-11T19:01:43.807Z] [104m[CLIENT DISCORD] [49m[0mCommandes existantes :  [object Object],[object Object],[object Object],[object Object],[object Object],[object Object],[object Object],[object Object],[object Object],[object Object],[object Object],[object Object],[object Object],[object Object],[object Object],[object Object],[object Object][0m
[2025-03-11T19:01:43.808Z] [104m[CLIENT DISCORD] [49m[0m⚠️ Commandes déjà enregistrées pour ce serveur.[0m
[2025-03-11T19:01:55.341Z] [104m[CLIENT DISCORD] [49m[0m[94m[COMAND][39m [32mfrancois.piano[39m [0m[0ma éxécuté la commande [0m[0m [32mpex[39m [0m[0mdans[0m[0m [32mundefined[39m[0m
[2025-03-11T19:01:55.342Z] [104m[CLIENT DISCORD] [49m[0m[42m✅ Utilisateur 449432156595552257 bypass les permissions.[49m[0m
[2025-03-11T19:01:55.346Z] [41m[ERROR] ❌ Erreur critique : TypeError: (intermediate value).setName is not a function[49m
[2025-03-11T19:03:09.265Z] [104m[CLIENT DISCORD] [49m[0m[42m[31mChargement du fichier index.js[39m[49m[0m
[2025-03-11T19:03:10.182Z] [104m[CLIENT DISCORD] [49m[0m[34m[39m[0m
[0m[34m==============================[39m[0m
[2025-03-11T19:03:10.182Z] [104m[CLIENT DISCORD] [49m[0m[32m🚀 Démarrage du bot...[39m[0m
[2025-03-11T19:03:10.183Z] [104m[CLIENT DISCORD] [49m[0m[33m🔗 Connexion à Discord API...[39m[0m
[2025-03-11T19:03:10.184Z] [104m[CLIENT DISCORD] [49m[0m[36m✅ Bot RP en ligne ! Connecté en tant que LSSD Bot#8045[39m[0m
[2025-03-11T19:03:10.184Z] [104m[CLIENT DISCORD] [49m[0m[34m==============================[39m[0m
[0m[34m[39m[0m
[2025-03-11T19:03:10.186Z] [104m[CLIENT DISCORD] [49m[0mGuild récupéré :  Los Santos Sheriff Dept.[0m
[2025-03-11T19:03:10.442Z] [104m[CLIENT DISCORD] [49m[0mCommandes existantes :  [object Object],[object Object],[object Object],[object Object],[object Object],[object Object],[object Object],[object Object],[object Object],[object Object],[object Object],[object Object],[object Object],[object Object],[object Object],[object Object],[object Object][0m
[2025-03-11T19:03:10.443Z] [104m[CLIENT DISCORD] [49m[0m⚠️ Commandes déjà enregistrées pour ce serveur.[0m
[2025-03-11T19:03:17.763Z] [104m[CLIENT DISCORD] [49m[0m[94m[COMAND][39m [32mfrancois.piano[39m [0m[0ma éxécuté la commande [0m[0m [32mpex[39m [0m[0mdans[0m[0m [32mundefined[39m[0m
[2025-03-11T19:03:17.764Z] [104m[CLIENT DISCORD] [49m[0m[42m✅ Utilisateur 449432156595552257 bypass les permissions.[49m[0m
[2025-03-11T19:03:36.467Z] [104m[CLIENT DISCORD] [49m[0m[42m[31mChargement du fichier index.js[39m[49m[0m
[2025-03-11T19:03:37.569Z] [104m[CLIENT DISCORD] [49m[0m[34m[39m[0m
[0m[34m==============================[39m[0m
[2025-03-11T19:03:37.570Z] [104m[CLIENT DISCORD] [49m[0m[32m🚀 Démarrage du bot...[39m[0m
[2025-03-11T19:03:37.571Z] [104m[CLIENT DISCORD] [49m[0m[33m🔗 Connexion à Discord API...[39m[0m
[2025-03-11T19:03:37.571Z] [104m[CLIENT DISCORD] [49m[0m[36m✅ Bot RP en ligne ! Connecté en tant que LSSD Bot#8045[39m[0m
[2025-03-11T19:03:37.572Z] [104m[CLIENT DISCORD] [49m[0m[34m==============================[39m[0m
[0m[34m[39m[0m
[2025-03-11T19:03:37.573Z] [104m[CLIENT DISCORD] [49m[0mGuild récupéré :  Los Santos Sheriff Dept.[0m
[2025-03-11T19:03:37.794Z] [104m[CLIENT DISCORD] [49m[0mCommandes existantes :  [object Object],[object Object],[object Object],[object Object],[object Object],[object Object],[object Object],[object Object],[object Object],[object Object],[object Object],[object Object],[object Object],[object Object],[object Object],[object Object],[object Object][0m
[2025-03-11T19:03:37.795Z] [104m[CLIENT DISCORD] [49m[0m⚠️ Commandes déjà enregistrées pour ce serveur.[0m
[2025-03-11T19:03:44.773Z] [104m[CLIENT DISCORD] [49m[0m[94m[COMAND][39m [32mfrancois.piano[39m [0m[0ma éxécuté la commande [0m[0m [32mpex[39m [0m[0mdans[0m[0m [32mundefined[39m[0m
[2025-03-11T19:03:44.774Z] [104m[CLIENT DISCORD] [49m[0m[42m✅ Utilisateur 449432156595552257 bypass les permissions.[49m[0m
[2025-03-11T19:07:04.113Z] [104m[CLIENT DISCORD] [49m[0m[42m[31mChargement du fichier index.js[39m[49m[0m
[2025-03-11T19:07:05.069Z] [104m[CLIENT DISCORD] [49m[0m[34m[39m[0m
[0m[34m==============================[39m[0m
[2025-03-11T19:07:05.070Z] [104m[CLIENT DISCORD] [49m[0m[32m🚀 Démarrage du bot...[39m[0m
[2025-03-11T19:07:05.070Z] [104m[CLIENT DISCORD] [49m[0m[33m🔗 Connexion à Discord API...[39m[0m
[2025-03-11T19:07:05.071Z] [104m[CLIENT DISCORD] [49m[0m[36m✅ Bot RP en ligne ! Connecté en tant que LSSD Bot#8045[39m[0m
[2025-03-11T19:07:05.072Z] [104m[CLIENT DISCORD] [49m[0m[34m==============================[39m[0m
[0m[34m[39m[0m
[2025-03-11T19:07:05.074Z] [104m[CLIENT DISCORD] [49m[0mGuild récupéré :  Los Santos Sheriff Dept.[0m
[2025-03-11T19:07:05.310Z] [104m[CLIENT DISCORD] [49m[0mCommandes existantes :  [object Object],[object Object],[object Object],[object Object],[object Object],[object Object],[object Object],[object Object],[object Object],[object Object],[object Object],[object Object],[object Object],[object Object],[object Object],[object Object],[object Object][0m
[2025-03-11T19:07:05.311Z] [104m[CLIENT DISCORD] [49m[0m⚠️ Commandes déjà enregistrées pour ce serveur.[0m
[2025-03-11T19:07:38.315Z] [104m[CLIENT DISCORD] [49m[0m[94m[COMAND][39m [32mfrancois.piano.two[39m [0m[0ma éxécuté la commande [0m[0m [32mpex[39m [0m[0mdans[0m[0m [32mundefined[39m[0m
[2025-03-11T19:07:38.316Z] [104m[CLIENT DISCORD] [49m[0m🚫 L'utilisateur 433966775240097792 n'a pas la permission "MANAGE_PEX".[0m
[2025-03-11T19:07:49.935Z] [104m[CLIENT DISCORD] [49m[0m[94m[COMAND][39m [32mfrancois.piano.two[39m [0m[0ma éxécuté la commande [0m[0m [32mpex[39m [0m[0mdans[0m[0m [32mundefined[39m[0m
[2025-03-11T19:07:49.935Z] [104m[CLIENT DISCORD] [49m[0m🚫 L'utilisateur 433966775240097792 n'a pas la permission "MANAGE_PEX".[0m
[2025-03-11T19:08:07.086Z] [104m[CLIENT DISCORD] [49m[0m[94m[COMAND][39m [32mfrancois.piano[39m [0m[0ma éxécuté la commande [0m[0m [32mpex[39m [0m[0mdans[0m[0m [32mundefined[39m[0m
[2025-03-11T19:08:07.087Z] [104m[CLIENT DISCORD] [49m[0m[42m✅ Utilisateur 449432156595552257 bypass les permissions.[49m[0m
[2025-03-11T19:09:10.420Z] [104m[CLIENT DISCORD] [49m[0m[42m[31mChargement du fichier index.js[39m[49m[0m
[2025-03-11T19:09:11.749Z] [104m[CLIENT DISCORD] [49m[0m[34m[39m[0m
[0m[34m==============================[39m[0m
[2025-03-11T19:09:11.750Z] [104m[CLIENT DISCORD] [49m[0m[32m🚀 Démarrage du bot...[39m[0m
[2025-03-11T19:09:11.750Z] [104m[CLIENT DISCORD] [49m[0m[33m🔗 Connexion à Discord API...[39m[0m
[2025-03-11T19:09:11.751Z] [104m[CLIENT DISCORD] [49m[0m[36m✅ Bot RP en ligne ! Connecté en tant que LSSD Bot#8045[39m[0m
[2025-03-11T19:09:11.752Z] [104m[CLIENT DISCORD] [49m[0m[34m==============================[39m[0m
[0m[34m[39m[0m
[2025-03-11T19:09:11.753Z] [104m[CLIENT DISCORD] [49m[0mGuild récupéré :  Los Santos Sheriff Dept.[0m
[2025-03-11T19:09:12.026Z] [104m[CLIENT DISCORD] [49m[0mCommandes existantes :  [object Object],[object Object],[object Object],[object Object],[object Object],[object Object],[object Object],[object Object],[object Object],[object Object],[object Object],[object Object],[object Object],[object Object],[object Object],[object Object],[object Object][0m
[2025-03-11T19:09:12.027Z] [104m[CLIENT DISCORD] [49m[0m⚠️ Commandes déjà enregistrées pour ce serveur.[0m
[2025-03-11T19:09:21.731Z] [104m[CLIENT DISCORD] [49m[0m[94m[COMAND][39m [32mfrancois.piano[39m [0m[0ma éxécuté la commande [0m[0m [32mpex[39m [0m[0mdans[0m[0m [32mundefined[39m[0m
[2025-03-11T19:09:21.732Z] [104m[CLIENT DISCORD] [49m[0m[42m✅ Utilisateur 449432156595552257 bypass les permissions.[49m[0m
[2025-03-11T19:11:12.188Z] [104m[CLIENT DISCORD] [49m[0m[42m[31mChargement du fichier index.js[39m[49m[0m
[2025-03-11T19:11:13.277Z] [104m[CLIENT DISCORD] [49m[0m[34m[39m[0m
[0m[34m==============================[39m[0m
[2025-03-11T19:11:13.277Z] [104m[CLIENT DISCORD] [49m[0m[32m🚀 Démarrage du bot...[39m[0m
[2025-03-11T19:11:13.278Z] [104m[CLIENT DISCORD] [49m[0m[33m🔗 Connexion à Discord API...[39m[0m
[2025-03-11T19:11:13.278Z] [104m[CLIENT DISCORD] [49m[0m[36m✅ Bot RP en ligne ! Connecté en tant que LSSD Bot#8045[39m[0m
[2025-03-11T19:11:13.279Z] [104m[CLIENT DISCORD] [49m[0m[34m==============================[39m[0m
[0m[34m[39m[0m
[2025-03-11T19:11:13.280Z] [104m[CLIENT DISCORD] [49m[0mGuild récupéré :  Los Santos Sheriff Dept.[0m
[2025-03-11T19:11:13.548Z] [104m[CLIENT DISCORD] [49m[0mCommandes existantes :  [object Object],[object Object],[object Object],[object Object],[object Object],[object Object],[object Object],[object Object],[object Object],[object Object],[object Object],[object Object],[object Object],[object Object],[object Object],[object Object],[object Object][0m
[2025-03-11T19:11:13.549Z] [104m[CLIENT DISCORD] [49m[0m⚠️ Commandes déjà enregistrées pour ce serveur.[0m
[2025-03-11T19:11:27.576Z] [104m[CLIENT DISCORD] [49m[0m[94m[COMAND][39m [32mfrancois.piano[39m [0m[0ma éxécuté la commande [0m[0m [32mpex[39m [0m[0mdans[0m[0m [32mundefined[39m[0m
[2025-03-11T19:11:27.577Z] [104m[CLIENT DISCORD] [49m[0m[42m✅ Utilisateur 449432156595552257 bypass les permissions.[49m[0m
[2025-03-11T19:12:05.005Z] [104m[CLIENT DISCORD] [49m[0m[42m[31mChargement du fichier index.js[39m[49m[0m
[2025-03-11T19:12:05.963Z] [104m[CLIENT DISCORD] [49m[0m[34m[39m[0m
[0m[34m==============================[39m[0m
[2025-03-11T19:12:05.964Z] [104m[CLIENT DISCORD] [49m[0m[32m🚀 Démarrage du bot...[39m[0m
[2025-03-11T19:12:05.965Z] [104m[CLIENT DISCORD] [49m[0m[33m🔗 Connexion à Discord API...[39m[0m
[2025-03-11T19:12:05.965Z] [104m[CLIENT DISCORD] [49m[0m[36m✅ Bot RP en ligne ! Connecté en tant que LSSD Bot#8045[39m[0m
[2025-03-11T19:12:05.966Z] [104m[CLIENT DISCORD] [49m[0m[34m==============================[39m[0m
[0m[34m[39m[0m
[2025-03-11T19:12:05.968Z] [104m[CLIENT DISCORD] [49m[0mGuild récupéré :  Los Santos Sheriff Dept.[0m
[2025-03-11T19:12:06.225Z] [104m[CLIENT DISCORD] [49m[0mCommandes existantes :  [object Object],[object Object],[object Object],[object Object],[object Object],[object Object],[object Object],[object Object],[object Object],[object Object],[object Object],[object Object],[object Object],[object Object],[object Object],[object Object],[object Object][0m
[2025-03-11T19:12:06.226Z] [104m[CLIENT DISCORD] [49m[0m⚠️ Commandes déjà enregistrées pour ce serveur.[0m
[2025-03-11T19:12:18.039Z] [104m[CLIENT DISCORD] [49m[0m[94m[COMAND][39m [32mfrancois.piano[39m [0m[0ma éxécuté la commande [0m[0m [32mpex[39m [0m[0mdans[0m[0m [32mundefined[39m[0m
[2025-03-11T19:12:18.040Z] [104m[CLIENT DISCORD] [49m[0m[42m✅ Utilisateur 449432156595552257 bypass les permissions.[49m[0m
[2025-03-11T19:12:18.042Z] [41m[ERROR] ❌ Erreur critique : ReferenceError: bypass is not defined[49m
[2025-03-11T19:13:48.056Z] [104m[CLIENT DISCORD] [49m[0m[42m[31mChargement du fichier index.js[39m[49m[0m
[2025-03-11T19:13:48.988Z] [104m[CLIENT DISCORD] [49m[0m[34m[39m[0m
[0m[34m==============================[39m[0m
[2025-03-11T19:13:48.989Z] [104m[CLIENT DISCORD] [49m[0m[32m🚀 Démarrage du bot...[39m[0m
[2025-03-11T19:13:48.990Z] [104m[CLIENT DISCORD] [49m[0m[33m🔗 Connexion à Discord API...[39m[0m
[2025-03-11T19:13:48.990Z] [104m[CLIENT DISCORD] [49m[0m[36m✅ Bot RP en ligne ! Connecté en tant que LSSD Bot#8045[39m[0m
[2025-03-11T19:13:48.991Z] [104m[CLIENT DISCORD] [49m[0m[34m==============================[39m[0m
[0m[34m[39m[0m
[2025-03-11T19:13:48.993Z] [104m[CLIENT DISCORD] [49m[0mGuild récupéré :  Los Santos Sheriff Dept.[0m
[2025-03-11T19:13:49.190Z] [104m[CLIENT DISCORD] [49m[0mCommandes existantes :  [object Object],[object Object],[object Object],[object Object],[object Object],[object Object],[object Object],[object Object],[object Object],[object Object],[object Object],[object Object],[object Object],[object Object],[object Object],[object Object],[object Object][0m
[2025-03-11T19:13:49.191Z] [104m[CLIENT DISCORD] [49m[0m⚠️ Commandes déjà enregistrées pour ce serveur.[0m
[2025-03-11T19:13:58.125Z] [104m[CLIENT DISCORD] [49m[0m[94m[COMAND][39m [32mfrancois.piano[39m [0m[0ma éxécuté la commande [0m[0m [32mpex[39m [0m[0mdans[0m[0m [32mundefined[39m[0m
[2025-03-11T19:13:58.125Z] [104m[CLIENT DISCORD] [49m[0m[42m✅ Utilisateur 449432156595552257 bypass les permissions.[49m[0m
[2025-03-11T19:15:00.048Z] [104m[CLIENT DISCORD] [49m[0m[42m[31mChargement du fichier index.js[39m[49m[0m
[2025-03-11T19:15:01.081Z] [104m[CLIENT DISCORD] [49m[0m[34m[39m[0m
[0m[34m==============================[39m[0m
[2025-03-11T19:15:01.082Z] [104m[CLIENT DISCORD] [49m[0m[32m🚀 Démarrage du bot...[39m[0m
[2025-03-11T19:15:01.082Z] [104m[CLIENT DISCORD] [49m[0m[33m🔗 Connexion à Discord API...[39m[0m
[2025-03-11T19:15:01.083Z] [104m[CLIENT DISCORD] [49m[0m[36m✅ Bot RP en ligne ! Connecté en tant que LSSD Bot#8045[39m[0m
[2025-03-11T19:15:01.084Z] [104m[CLIENT DISCORD] [49m[0m[34m==============================[39m[0m
[0m[34m[39m[0m
[2025-03-11T19:15:01.085Z] [104m[CLIENT DISCORD] [49m[0mGuild récupéré :  Los Santos Sheriff Dept.[0m
[2025-03-11T19:15:01.336Z] [104m[CLIENT DISCORD] [49m[0mCommandes existantes :  [object Object],[object Object],[object Object],[object Object],[object Object],[object Object],[object Object],[object Object],[object Object],[object Object],[object Object],[object Object],[object Object],[object Object],[object Object],[object Object],[object Object][0m
[2025-03-11T19:15:01.337Z] [104m[CLIENT DISCORD] [49m[0m⚠️ Commandes déjà enregistrées pour ce serveur.[0m
[2025-03-11T19:15:35.770Z] [104m[CLIENT DISCORD] [49m[0m[42m[31mChargement du fichier index.js[39m[49m[0m
[2025-03-11T19:15:36.718Z] [104m[CLIENT DISCORD] [49m[0m[34m[39m[0m
[0m[34m==============================[39m[0m
[2025-03-11T19:15:36.718Z] [104m[CLIENT DISCORD] [49m[0m[32m🚀 Démarrage du bot...[39m[0m
[2025-03-11T19:15:36.719Z] [104m[CLIENT DISCORD] [49m[0m[33m🔗 Connexion à Discord API...[39m[0m
[2025-03-11T19:15:36.721Z] [104m[CLIENT DISCORD] [49m[0m[36m✅ Bot RP en ligne ! Connecté en tant que LSSD Bot#8045[39m[0m
[2025-03-11T19:15:36.722Z] [104m[CLIENT DISCORD] [49m[0m[34m==============================[39m[0m
[0m[34m[39m[0m
[2025-03-11T19:15:36.723Z] [104m[CLIENT DISCORD] [49m[0mGuild récupéré :  Los Santos Sheriff Dept.[0m
[2025-03-11T19:15:37.028Z] [104m[CLIENT DISCORD] [49m[0mCommandes existantes :  [object Object],[object Object],[object Object],[object Object],[object Object],[object Object],[object Object],[object Object],[object Object],[object Object],[object Object],[object Object],[object Object],[object Object],[object Object],[object Object],[object Object][0m
[2025-03-11T19:15:37.029Z] [104m[CLIENT DISCORD] [49m[0m⚠️ Commandes déjà enregistrées pour ce serveur.[0m
[2025-03-11T19:15:42.808Z] [104m[CLIENT DISCORD] [49m[0m[94m[COMAND][39m [32mfrancois.piano[39m [0m[0ma éxécuté la commande [0m[0m [32mpex[39m [0m[0mdans[0m[0m [32mundefined[39m[0m
[2025-03-11T19:15:42.809Z] [104m[CLIENT DISCORD] [49m[0m[42m✅ Utilisateur 449432156595552257 bypass les permissions.[49m[0m
[2025-03-11T19:15:42.812Z] [41m[ERROR] ❌ Erreur critique : ReferenceError: pexFile is not defined[49m
[2025-03-11T19:16:15.997Z] [104m[CLIENT DISCORD] [49m[0m[42m[31mChargement du fichier index.js[39m[49m[0m
[2025-03-11T19:16:17.007Z] [104m[CLIENT DISCORD] [49m[0m[34m[39m[0m
[0m[34m==============================[39m[0m
[2025-03-11T19:16:17.008Z] [104m[CLIENT DISCORD] [49m[0m[32m🚀 Démarrage du bot...[39m[0m
[2025-03-11T19:16:17.009Z] [104m[CLIENT DISCORD] [49m[0m[33m🔗 Connexion à Discord API...[39m[0m
[2025-03-11T19:16:17.009Z] [104m[CLIENT DISCORD] [49m[0m[36m✅ Bot RP en ligne ! Connecté en tant que LSSD Bot#8045[39m[0m
[2025-03-11T19:16:17.010Z] [104m[CLIENT DISCORD] [49m[0m[34m==============================[39m[0m
[0m[34m[39m[0m
[2025-03-11T19:16:17.011Z] [104m[CLIENT DISCORD] [49m[0mGuild récupéré :  Los Santos Sheriff Dept.[0m
[2025-03-11T19:16:17.358Z] [104m[CLIENT DISCORD] [49m[0mCommandes existantes :  [object Object],[object Object],[object Object],[object Object],[object Object],[object Object],[object Object],[object Object],[object Object],[object Object],[object Object],[object Object],[object Object],[object Object],[object Object],[object Object],[object Object][0m
[2025-03-11T19:16:17.358Z] [104m[CLIENT DISCORD] [49m[0m⚠️ Commandes déjà enregistrées pour ce serveur.[0m
[2025-03-11T19:16:28.163Z] [104m[CLIENT DISCORD] [49m[0m[94m[COMAND][39m [32mfrancois.piano[39m [0m[0ma éxécuté la commande [0m[0m [32mpex[39m [0m[0mdans[0m[0m [32mundefined[39m[0m
[2025-03-11T19:16:28.164Z] [104m[CLIENT DISCORD] [49m[0m[42m✅ Utilisateur 449432156595552257 bypass les permissions.[49m[0m
[2025-03-11T19:16:28.167Z] [41m[ERROR] ❌ Erreur critique : ReferenceError: pexFile is not defined[49m
[2025-03-11T19:16:52.249Z] [104m[CLIENT DISCORD] [49m[0m[42m[31mChargement du fichier index.js[39m[49m[0m
[2025-03-11T19:16:54.560Z] [104m[CLIENT DISCORD] [49m[0m[34m[39m[0m
[0m[34m==============================[39m[0m
[2025-03-11T19:16:54.560Z] [104m[CLIENT DISCORD] [49m[0m[32m🚀 Démarrage du bot...[39m[0m
[2025-03-11T19:16:54.561Z] [104m[CLIENT DISCORD] [49m[0m[33m🔗 Connexion à Discord API...[39m[0m
[2025-03-11T19:16:54.561Z] [104m[CLIENT DISCORD] [49m[0m[36m✅ Bot RP en ligne ! Connecté en tant que LSSD Bot#8045[39m[0m
[2025-03-11T19:16:54.562Z] [104m[CLIENT DISCORD] [49m[0m[34m==============================[39m[0m
[0m[34m[39m[0m
[2025-03-11T19:16:54.564Z] [104m[CLIENT DISCORD] [49m[0mGuild récupéré :  Los Santos Sheriff Dept.[0m
[2025-03-11T19:16:54.803Z] [104m[CLIENT DISCORD] [49m[0mCommandes existantes :  [object Object],[object Object],[object Object],[object Object],[object Object],[object Object],[object Object],[object Object],[object Object],[object Object],[object Object],[object Object],[object Object],[object Object],[object Object],[object Object],[object Object][0m
[2025-03-11T19:16:54.804Z] [104m[CLIENT DISCORD] [49m[0m⚠️ Commandes déjà enregistrées pour ce serveur.[0m
[2025-03-11T19:17:19.500Z] [104m[CLIENT DISCORD] [49m[0m[94m[COMAND][39m [32mfrancois.piano[39m [0m[0ma éxécuté la commande [0m[0m [32mpex[39m [0m[0mdans[0m[0m [32mundefined[39m[0m
[2025-03-11T19:17:19.501Z] [104m[CLIENT DISCORD] [49m[0m[42m✅ Utilisateur 449432156595552257 bypass les permissions.[49m[0m
[2025-03-11T19:17:19.507Z] [41m[ERROR] ❌ Erreur critique : TypeError [ERR_INVALID_ARG_TYPE]: The "path" argument must be of type string or an instance of Buffer or URL. Received an instance of Object[49m
[2025-03-11T19:18:47.973Z] [104m[CLIENT DISCORD] [49m[0m[42m[31mChargement du fichier index.js[39m[49m[0m
[2025-03-11T19:18:50.282Z] [104m[CLIENT DISCORD] [49m[0m[34m[39m[0m
[0m[34m==============================[39m[0m
[2025-03-11T19:18:50.283Z] [104m[CLIENT DISCORD] [49m[0m[32m🚀 Démarrage du bot...[39m[0m
[2025-03-11T19:18:50.284Z] [104m[CLIENT DISCORD] [49m[0m[33m🔗 Connexion à Discord API...[39m[0m
[2025-03-11T19:18:50.284Z] [104m[CLIENT DISCORD] [49m[0m[36m✅ Bot RP en ligne ! Connecté en tant que LSSD Bot#8045[39m[0m
[2025-03-11T19:18:50.285Z] [104m[CLIENT DISCORD] [49m[0m[34m==============================[39m[0m
[0m[34m[39m[0m
[2025-03-11T19:18:50.286Z] [104m[CLIENT DISCORD] [49m[0mGuild récupéré :  Los Santos Sheriff Dept.[0m
[2025-03-11T19:18:50.567Z] [104m[CLIENT DISCORD] [49m[0mCommandes existantes :  [object Object],[object Object],[object Object],[object Object],[object Object],[object Object],[object Object],[object Object],[object Object],[object Object],[object Object],[object Object],[object Object],[object Object],[object Object],[object Object],[object Object][0m
[2025-03-11T19:18:50.568Z] [104m[CLIENT DISCORD] [49m[0m⚠️ Commandes déjà enregistrées pour ce serveur.[0m
[2025-03-11T19:19:00.634Z] [104m[CLIENT DISCORD] [49m[0m[94m[COMAND][39m [32mfrancois.piano[39m [0m[0ma éxécuté la commande [0m[0m [32mpex[39m [0m[0mdans[0m[0m [32mundefined[39m[0m
[2025-03-11T19:19:00.635Z] [104m[CLIENT DISCORD] [49m[0m[42m✅ Utilisateur 449432156595552257 bypass les permissions.[49m[0m
[2025-03-11T19:19:00.639Z] [41m[ERROR] ❌ Erreur critique : TypeError [ERR_INVALID_ARG_TYPE]: The "path" argument must be of type string or an instance of Buffer or URL. Received an instance of Object[49m
[2025-03-11T19:21:08.315Z] [104m[CLIENT DISCORD] [49m[0m[42m[31mChargement du fichier index.js[39m[49m[0m
[2025-03-11T19:21:09.220Z] [104m[CLIENT DISCORD] [49m[0m[34m[39m[0m
[0m[34m==============================[39m[0m
[2025-03-11T19:21:09.222Z] [104m[CLIENT DISCORD] [49m[0m[32m🚀 Démarrage du bot...[39m[0m
[2025-03-11T19:21:09.222Z] [104m[CLIENT DISCORD] [49m[0m[33m🔗 Connexion à Discord API...[39m[0m
[2025-03-11T19:21:09.225Z] [104m[CLIENT DISCORD] [49m[0m[36m✅ Bot RP en ligne ! Connecté en tant que LSSD Bot#8045[39m[0m
[2025-03-11T19:21:09.226Z] [104m[CLIENT DISCORD] [49m[0m[34m==============================[39m[0m
[0m[34m[39m[0m
[2025-03-11T19:21:09.231Z] [104m[CLIENT DISCORD] [49m[0mGuild récupéré :  Los Santos Sheriff Dept.[0m
[2025-03-11T19:21:09.441Z] [104m[CLIENT DISCORD] [49m[0mCommandes existantes :  [object Object],[object Object],[object Object],[object Object],[object Object],[object Object],[object Object],[object Object],[object Object],[object Object],[object Object],[object Object],[object Object],[object Object],[object Object],[object Object],[object Object][0m
[2025-03-11T19:21:09.442Z] [104m[CLIENT DISCORD] [49m[0m⚠️ Commandes déjà enregistrées pour ce serveur.[0m
[2025-03-11T19:23:51.022Z] [104m[CLIENT DISCORD] [49m[0m[94m[COMAND][39m [32mfrancois.piano[39m [0m[0ma éxécuté la commande [0m[0m [32mpex[39m [0m[0mdans[0m[0m [32mundefined[39m[0m
[2025-03-11T19:23:51.023Z] [104m[CLIENT DISCORD] [49m[0m[42m✅ Utilisateur 449432156595552257 bypass les permissions.[49m[0m
[2025-03-11T19:24:10.070Z] [104m[CLIENT DISCORD] [49m[0m[94m[COMAND][39m [32mfrancois.piano[39m [0m[0ma éxécuté la commande [0m[0m [32mpex[39m [0m[0mdans[0m[0m [32mundefined[39m[0m
[2025-03-11T19:24:10.071Z] [104m[CLIENT DISCORD] [49m[0m[42m✅ Utilisateur 449432156595552257 bypass les permissions.[49m[0m
[2025-03-11T19:24:32.580Z] [104m[CLIENT DISCORD] [49m[0m[94m[COMAND][39m [32mfrancois.piano[39m [0m[0ma éxécuté la commande [0m[0m [32mpex[39m [0m[0mdans[0m[0m [32mundefined[39m[0m
[2025-03-11T19:24:32.581Z] [104m[CLIENT DISCORD] [49m[0m[42m✅ Utilisateur 449432156595552257 bypass les permissions.[49m[0m
[2025-03-11T19:27:21.924Z] [104m[CLIENT DISCORD] [49m[0m[42m[31mChargement du fichier index.js[39m[49m[0m
[2025-03-11T19:27:22.799Z] [104m[CLIENT DISCORD] [49m[0m[34m[39m[0m
[0m[34m==============================[39m[0m
[2025-03-11T19:27:22.799Z] [104m[CLIENT DISCORD] [49m[0m[32m🚀 Démarrage du bot...[39m[0m
[2025-03-11T19:27:22.800Z] [104m[CLIENT DISCORD] [49m[0m[33m🔗 Connexion à Discord API...[39m[0m
[2025-03-11T19:27:22.801Z] [104m[CLIENT DISCORD] [49m[0m[36m✅ Bot RP en ligne ! Connecté en tant que LSSD Bot#8045[39m[0m
[2025-03-11T19:27:22.802Z] [104m[CLIENT DISCORD] [49m[0m[34m==============================[39m[0m
[0m[34m[39m[0m
[2025-03-11T19:27:22.804Z] [104m[CLIENT DISCORD] [49m[0mGuild récupéré :  Los Santos Sheriff Dept.[0m
[2025-03-11T19:27:23.037Z] [104m[CLIENT DISCORD] [49m[0mCommandes existantes :  [object Object],[object Object],[object Object],[object Object],[object Object],[object Object],[object Object],[object Object],[object Object],[object Object],[object Object],[object Object],[object Object],[object Object],[object Object],[object Object],[object Object][0m
[2025-03-11T19:27:23.038Z] [104m[CLIENT DISCORD] [49m[0m⚠️ Commandes déjà enregistrées pour ce serveur.[0m
[2025-03-11T19:27:23.422Z] [104m[CLIENT DISCORD] [49m[0mCommande non trouvée.[0m
[2025-03-11T19:28:12.988Z] [104m[CLIENT DISCORD] [49m[0m[42m[31mChargement du fichier index.js[39m[49m[0m
[2025-03-11T19:28:13.996Z] [104m[CLIENT DISCORD] [49m[0m[34m[39m[0m
[0m[34m==============================[39m[0m
[2025-03-11T19:28:13.996Z] [104m[CLIENT DISCORD] [49m[0m[32m🚀 Démarrage du bot...[39m[0m
[2025-03-11T19:28:13.997Z] [104m[CLIENT DISCORD] [49m[0m[33m🔗 Connexion à Discord API...[39m[0m
[2025-03-11T19:28:13.998Z] [104m[CLIENT DISCORD] [49m[0m[36m✅ Bot RP en ligne ! Connecté en tant que LSSD Bot#8045[39m[0m
[2025-03-11T19:28:13.998Z] [104m[CLIENT DISCORD] [49m[0m[34m==============================[39m[0m
[0m[34m[39m[0m
[2025-03-11T19:28:14.000Z] [104m[CLIENT DISCORD] [49m[0mGuild récupéré :  Los Santos Sheriff Dept.[0m
[2025-03-11T19:28:14.238Z] [104m[CLIENT DISCORD] [49m[0mCommandes existantes :  [object Object],[object Object],[object Object],[object Object],[object Object],[object Object],[object Object],[object Object],[object Object],[object Object],[object Object],[object Object],[object Object],[object Object],[object Object],[object Object],[object Object][0m
[2025-03-11T19:28:14.239Z] [104m[CLIENT DISCORD] [49m[0m⚠️ Commandes déjà enregistrées pour ce serveur.[0m
[2025-03-11T19:28:14.501Z] [104m[CLIENT DISCORD] [49m[0mCommande non trouvée.[0m
[2025-03-11T19:29:17.039Z] [104m[CLIENT DISCORD] [49m[0m[42m[31mChargement du fichier index.js[39m[49m[0m
[2025-03-11T19:29:18.018Z] [104m[CLIENT DISCORD] [49m[0m[34m[39m[0m
[0m[34m==============================[39m[0m
[2025-03-11T19:29:18.019Z] [104m[CLIENT DISCORD] [49m[0m[32m🚀 Démarrage du bot...[39m[0m
[2025-03-11T19:29:18.020Z] [104m[CLIENT DISCORD] [49m[0m[33m🔗 Connexion à Discord API...[39m[0m
[2025-03-11T19:29:18.020Z] [104m[CLIENT DISCORD] [49m[0m[36m✅ Bot RP en ligne ! Connecté en tant que LSSD Bot#8045[39m[0m
[2025-03-11T19:29:18.021Z] [104m[CLIENT DISCORD] [49m[0m[34m==============================[39m[0m
[0m[34m[39m[0m
[2025-03-11T19:29:18.022Z] [104m[CLIENT DISCORD] [49m[0mGuild récupéré :  Los Santos Sheriff Dept.[0m
[2025-03-11T19:29:18.296Z] [104m[CLIENT DISCORD] [49m[0mCommandes existantes :  [object Object],[object Object],[object Object],[object Object],[object Object],[object Object],[object Object],[object Object],[object Object],[object Object],[object Object],[object Object],[object Object],[object Object],[object Object],[object Object],[object Object][0m
[2025-03-11T19:29:18.297Z] [104m[CLIENT DISCORD] [49m[0m⚠️ Commandes déjà enregistrées pour ce serveur.[0m
[2025-03-11T19:29:18.629Z] [104m[CLIENT DISCORD] [49m[0mToutes les commandes du serveur Los Santos Sheriff Dept. ont été supprimées.[0m
[2025-03-11T19:29:39.879Z] [104m[CLIENT DISCORD] [49m[0m[42m[31mChargement du fichier index.js[39m[49m[0m
[2025-03-11T19:29:40.813Z] [104m[CLIENT DISCORD] [49m[0m[34m[39m[0m
[0m[34m==============================[39m[0m
[2025-03-11T19:29:40.814Z] [104m[CLIENT DISCORD] [49m[0m[32m🚀 Démarrage du bot...[39m[0m
[2025-03-11T19:29:40.815Z] [104m[CLIENT DISCORD] [49m[0m[33m🔗 Connexion à Discord API...[39m[0m
[2025-03-11T19:29:40.816Z] [104m[CLIENT DISCORD] [49m[0m[36m✅ Bot RP en ligne ! Connecté en tant que LSSD Bot#8045[39m[0m
[2025-03-11T19:29:40.816Z] [104m[CLIENT DISCORD] [49m[0m[34m==============================[39m[0m
[0m[34m[39m[0m
[2025-03-11T19:29:40.818Z] [104m[CLIENT DISCORD] [49m[0mGuild récupéré :  Los Santos Sheriff Dept.[0m
[2025-03-11T19:29:41.031Z] [104m[CLIENT DISCORD] [49m[0mCommandes existantes :  [0m
[2025-03-11T19:29:41.031Z] [104m[CLIENT DISCORD] [49m[0mAucune commande trouvée. Enregistrement des commandes...[0m
[2025-03-11T19:29:41.033Z] [104m[CLIENT DISCORD] [49m[0mListe des commandes chargées :  [object Object],[object Object],[object Object],[object Object],[object Object],[object Object],[object Object],[object Object],[object Object],[object Object],[object Object],[object Object],[object Object],[object Object],[object Object],[object Object],[object Object][0m
[2025-03-11T19:29:41.513Z] [104m[CLIENT DISCORD] [49m[0m✅ Commandes enregistrées pour le serveur ![0m
[2025-03-11T19:31:57.464Z] [104m[CLIENT DISCORD] [49m[0m[42m[31mChargement du fichier index.js[39m[49m[0m
[2025-03-11T19:31:58.681Z] [104m[CLIENT DISCORD] [49m[0m[34m[39m[0m
[0m[34m==============================[39m[0m
[2025-03-11T19:31:58.681Z] [104m[CLIENT DISCORD] [49m[0m[32m🚀 Démarrage du bot...[39m[0m
[2025-03-11T19:31:58.682Z] [104m[CLIENT DISCORD] [49m[0m[33m🔗 Connexion à Discord API...[39m[0m
[2025-03-11T19:31:58.683Z] [104m[CLIENT DISCORD] [49m[0m[36m✅ Bot RP en ligne ! Connecté en tant que LSSD Bot#8045[39m[0m
[2025-03-11T19:31:58.683Z] [104m[CLIENT DISCORD] [49m[0m[34m==============================[39m[0m
[0m[34m[39m[0m
[2025-03-11T19:31:58.685Z] [104m[CLIENT DISCORD] [49m[0mGuild récupéré :  Los Santos Sheriff Dept.[0m
[2025-03-11T19:31:58.935Z] [104m[CLIENT DISCORD] [49m[0mCommandes existantes :  [object Object],[object Object],[object Object],[object Object],[object Object],[object Object],[object Object],[object Object],[object Object],[object Object],[object Object],[object Object],[object Object],[object Object],[object Object],[object Object],[object Object][0m
[2025-03-11T19:31:58.936Z] [104m[CLIENT DISCORD] [49m[0m⚠️ Commandes déjà enregistrées pour ce serveur.[0m
[2025-03-11T19:32:09.666Z] [104m[CLIENT DISCORD] [49m[0m[94m[COMAND][39m [32mfrancois.piano[39m [0m[0ma éxécuté la commande [0m[0m [32mpex[39m [0m[0mdans[0m[0m [32mundefined[39m[0m
[2025-03-11T19:32:09.667Z] [104m[CLIENT DISCORD] [49m[0m[42m✅ Utilisateur 449432156595552257 bypass les permissions.[49m[0m
[2025-03-11T19:32:09.670Z] [104m[CLIENT DISCORD] [49m[0m⚠️ Demande de modification de 'ADD_REMOVE_PEX' par francois.piano (449432156595552257)[0m
[2025-03-11T19:32:09.671Z] [104m[CLIENT DISCORD] [49m[0mConfirmer l'action en tapant 'oui' dans la console dans les 30 secondes.[0m
[2025-03-11T19:32:16.658Z] [104m[CLIENT DISCORD] [49m[0m⛔ Action annulée.[0m
[2025-03-11T19:32:18.110Z] [104m[CLIENT DISCORD] [49m[0m[42m[31mChargement du fichier index.js[39m[49m[0m
[2025-03-11T19:33:55.676Z] [104m[CLIENT DISCORD] [49m[0m[42m[31mChargement du fichier index.js[39m[49m[0m
[2025-03-11T19:33:56.792Z] [104m[CLIENT DISCORD] [49m[0m[34m[39m[0m
[0m[34m==============================[39m[0m
[2025-03-11T19:33:56.792Z] [104m[CLIENT DISCORD] [49m[0m[32m🚀 Démarrage du bot...[39m[0m
[2025-03-11T19:33:56.793Z] [104m[CLIENT DISCORD] [49m[0m[33m🔗 Connexion à Discord API...[39m[0m
[2025-03-11T19:33:56.794Z] [104m[CLIENT DISCORD] [49m[0m[36m✅ Bot RP en ligne ! Connecté en tant que LSSD Bot#8045[39m[0m
[2025-03-11T19:33:56.794Z] [104m[CLIENT DISCORD] [49m[0m[34m==============================[39m[0m
[0m[34m[39m[0m
[2025-03-11T19:33:56.796Z] [104m[CLIENT DISCORD] [49m[0mGuild récupéré :  Los Santos Sheriff Dept.[0m
[2025-03-11T19:33:57.091Z] [104m[CLIENT DISCORD] [49m[0mCommandes existantes :  [object Object],[object Object],[object Object],[object Object],[object Object],[object Object],[object Object],[object Object],[object Object],[object Object],[object Object],[object Object],[object Object],[object Object],[object Object],[object Object],[object Object][0m
[2025-03-11T19:33:57.092Z] [104m[CLIENT DISCORD] [49m[0m⚠️ Commandes déjà enregistrées pour ce serveur.[0m
[2025-03-11T19:34:16.674Z] [104m[CLIENT DISCORD] [49m[0m[94m[COMAND][39m [32mfrancois.piano[39m [0m[0ma éxécuté la commande [0m[0m [32mpex[39m [0m[0mdans[0m[0m [32mundefined[39m[0m
[2025-03-11T19:34:16.675Z] [104m[CLIENT DISCORD] [49m[0m[42m✅ Utilisateur 449432156595552257 bypass les permissions.[49m[0m
[2025-03-11T19:34:16.677Z] [104m[CLIENT DISCORD] [49m[0m⚠️ Demande de modification de 'ADD_REMOVE_PEX' par francois.piano (449432156595552257)[0m
[2025-03-11T19:34:16.678Z] [104m[CLIENT DISCORD] [49m[0mConfirmer l'action en tapant 'oui' dans la console dans les 30 secondes.[0m
[2025-03-11T19:34:20.645Z] [104m[CLIENT DISCORD] [49m[0m✅ Action confirmée. Exécution en cours...[0m
[2025-03-11T19:37:48.290Z] [104m[CLIENT DISCORD] [49m[0m[42m[31mChargement du fichier index.js[39m[49m[0m
[2025-03-11T19:37:49.264Z] [104m[CLIENT DISCORD] [49m[0m[34m[39m[0m
[0m[34m==============================[39m[0m
[2025-03-11T19:37:49.264Z] [104m[CLIENT DISCORD] [49m[0m[32m🚀 Démarrage du bot...[39m[0m
[2025-03-11T19:37:49.265Z] [104m[CLIENT DISCORD] [49m[0m[33m🔗 Connexion à Discord API...[39m[0m
[2025-03-11T19:37:49.266Z] [104m[CLIENT DISCORD] [49m[0m[36m✅ Bot RP en ligne ! Connecté en tant que LSSD Bot#8045[39m[0m
[2025-03-11T19:37:49.266Z] [104m[CLIENT DISCORD] [49m[0m[34m==============================[39m[0m
[0m[34m[39m[0m
[2025-03-11T19:37:49.268Z] [104m[CLIENT DISCORD] [49m[0mGuild récupéré :  Los Santos Sheriff Dept.[0m
[2025-03-11T19:37:49.502Z] [104m[CLIENT DISCORD] [49m[0mCommandes existantes :  [object Object],[object Object],[object Object],[object Object],[object Object],[object Object],[object Object],[object Object],[object Object],[object Object],[object Object],[object Object],[object Object],[object Object],[object Object],[object Object],[object Object][0m
[2025-03-11T19:37:49.503Z] [104m[CLIENT DISCORD] [49m[0m⚠️ Commandes déjà enregistrées pour ce serveur.[0m
[2025-03-11T19:38:01.532Z] [104m[CLIENT DISCORD] [49m[0m[94m[COMAND][39m [32mfrancois.piano[39m [0m[0ma éxécuté la commande [0m[0m [32mpex[39m [0m[0mdans[0m[0m [32mundefined[39m[0m
[2025-03-11T19:38:01.532Z] [104m[CLIENT DISCORD] [49m[0m[42m✅ Utilisateur 449432156595552257 bypass les permissions.[49m[0m
[2025-03-11T19:38:01.536Z] [104m[CLIENT DISCORD] [49m[0m⚠️ Demande de modification de 'ADD_REMOVE_PEX' par francois.piano (449432156595552257)[0m
[2025-03-11T19:38:01.536Z] [104m[CLIENT DISCORD] [49m[0mConfirmer l'action en tapant 'oui' dans la console dans les 30 secondes.[0m
[2025-03-11T19:38:04.887Z] [104m[CLIENT DISCORD] [49m[0m⛔ Action annulée.[0m
[2025-03-11T19:41:53.761Z] [104m[CLIENT DISCORD] [49m[0m[94m[MESSAGE_SENT][39m [32mfrancois.piano[39m [0m[0ma envoyé[0m[0m [32m# Patch Note Bot[39m[0m
[0m[32mAjout de la commande /pex.[39m[0m
[0m[32m[39m[0m
[0m[32m**/pex** `<user>` `<add|remove|check>` *`<perm>`*[39m[0m
[0m[32m[39m[0m
[0m[32mNote : [39m[0m
[0m[32mPermission nécessaire pour les actions `add et remove` est **`ADD_REMOVE_PEX`** et est protégé. Demandez là moi :)[39m[0m
[0m[32mPour check, seule la permission **`MANAGE_PEX`** est nécessaire mais n'est pas donnée automatique. Pensez à la demander :)[39m[0m
[0m[32m[39m[0m
[0m[32mBise.[39m [0m[0mdans[0m[0m [32mbots-implements[39m[0m
[2025-03-11T19:43:09.436Z] [104m[CLIENT DISCORD] [49m[0m$[MESSAGE UPTATED] null a été modifié par undefined francois.piano dans bots-implements[0m
[2025-03-11T19:48:13.422Z] [104m[CLIENT DISCORD] [49m[0m[42m[31mChargement du fichier index.js[39m[49m[0m
[2025-03-11T19:48:14.362Z] [104m[CLIENT DISCORD] [49m[0m[34m[39m[0m
[0m[34m==============================[39m[0m
[2025-03-11T19:48:14.363Z] [104m[CLIENT DISCORD] [49m[0m[32m🚀 Démarrage du bot...[39m[0m
[2025-03-11T19:48:14.364Z] [104m[CLIENT DISCORD] [49m[0m[33m🔗 Connexion à Discord API...[39m[0m
[2025-03-11T19:48:14.364Z] [104m[CLIENT DISCORD] [49m[0m[36m✅ Bot RP en ligne ! Connecté en tant que LSSD Bot#8045[39m[0m
[2025-03-11T19:48:14.365Z] [104m[CLIENT DISCORD] [49m[0m[34m==============================[39m[0m
[0m[34m[39m[0m
[2025-03-11T19:48:14.367Z] [104m[CLIENT DISCORD] [49m[0mGuild récupéré :  Los Santos Sheriff Dept.[0m
[2025-03-11T19:48:14.581Z] [104m[CLIENT DISCORD] [49m[0mCommandes existantes :  [object Object],[object Object],[object Object],[object Object],[object Object],[object Object],[object Object],[object Object],[object Object],[object Object],[object Object],[object Object],[object Object],[object Object],[object Object],[object Object],[object Object][0m
[2025-03-11T19:48:14.581Z] [104m[CLIENT DISCORD] [49m[0m⚠️ Commandes déjà enregistrées pour ce serveur.[0m
[2025-03-11T19:49:11.885Z] [104m[CLIENT DISCORD] [49m[0m[94m[COMAND][39m [32mfrancois.piano[39m [0m[0ma éxécuté la commande [0m[0m [32mticket[39m [0m[0mdans[0m[0m [32m⏰-prendre-rdv[39m[0m
[2025-03-11T19:49:11.886Z] [104m[CLIENT DISCORD] [49m[0m[42m✅ Utilisateur 449432156595552257 bypass les permissions.[49m[0m
[2025-03-11T19:49:11.889Z] [104m[CLIENT DISCORD] [49m[0m🎫 Ouverture de ticket demandée ![0m
[2025-03-11T19:49:11.891Z] [104m[CLIENT DISCORD] [49m[0mCOMMANDE Un /ticket (init) a été exécuté par François 🌺 🎫[0m
[2025-03-11T19:50:20.428Z] [104m[CLIENT DISCORD] [49m[0m[94m[COMAND][39m [32mfrancois.piano[39m [0m[0ma éxécuté la commande [0m[0m [32mticket[39m [0m[0mdans[0m[0m [32mcmd-_asobrab_[39m[0m
[2025-03-11T19:50:20.428Z] [104m[CLIENT DISCORD] [49m[0m[42m✅ Utilisateur 449432156595552257 bypass les permissions.[49m[0m
[2025-03-11T19:52:24.052Z] [104m[CLIENT DISCORD] [49m[0m[42m[31mChargement du fichier index.js[39m[49m[0m
[2025-03-11T19:52:25.033Z] [104m[CLIENT DISCORD] [49m[0m[34m[39m[0m
[0m[34m==============================[39m[0m
[2025-03-11T19:52:25.035Z] [104m[CLIENT DISCORD] [49m[0m[32m🚀 Démarrage du bot...[39m[0m
[2025-03-11T19:52:25.035Z] [104m[CLIENT DISCORD] [49m[0m[33m🔗 Connexion à Discord API...[39m[0m
[2025-03-11T19:52:25.036Z] [104m[CLIENT DISCORD] [49m[0m[36m✅ Bot RP en ligne ! Connecté en tant que LSSD Bot#8045[39m[0m
[2025-03-11T19:52:25.037Z] [104m[CLIENT DISCORD] [49m[0m[34m==============================[39m[0m
[0m[34m[39m[0m
[2025-03-11T19:52:25.038Z] [104m[CLIENT DISCORD] [49m[0mGuild récupéré :  Los Santos Sheriff Dept.[0m
[2025-03-11T19:52:25.286Z] [104m[CLIENT DISCORD] [49m[0mCommandes existantes :  [object Object],[object Object],[object Object],[object Object],[object Object],[object Object],[object Object],[object Object],[object Object],[object Object],[object Object],[object Object],[object Object],[object Object],[object Object],[object Object],[object Object][0m
[2025-03-11T19:52:25.287Z] [104m[CLIENT DISCORD] [49m[0m⚠️ Commandes déjà enregistrées pour ce serveur.[0m
[2025-03-11T19:52:27.517Z] [104m[CLIENT DISCORD] [49m[0m[94m[COMAND][39m [32mfrancois.piano[39m [0m[0ma éxécuté la commande [0m[0m [32mticket[39m [0m[0mdans[0m[0m [32mcmd-_asobrab_[39m[0m
[2025-03-11T19:52:27.518Z] [104m[CLIENT DISCORD] [49m[0m[42m✅ Utilisateur 449432156595552257 bypass les permissions.[49m[0m
[2025-03-11T19:52:27.522Z] [104m[CLIENT DISCORD] [49m[0mTicket ID 1348735507420549220 a été archivé dans la console.[0m
[2025-03-11T19:55:15.148Z] [104m[CLIENT DISCORD] [49m[0m[94m[COMAND][39m [32mfrancois.piano[39m [0m[0ma éxécuté la commande [0m[0m [32minfoshift[39m [0m[0mdans[0m[0m [32m📠-radio[39m[0m
[2025-03-11T19:55:15.149Z] [104m[CLIENT DISCORD] [49m[0m[42m✅ Utilisateur 449432156595552257 bypass les permissions.[49m[0m
[2025-03-11T20:04:36.986Z] [104m[CLIENT DISCORD] [49m[0m[94m[MESSAGE_SENT][39m [32mkhalil35[39m [0m[0ma envoyé[0m[0m [32mnon pourqoui[39m [0m[0mdans[0m[0m [32m🌆-photos-hrp[39m[0m
[2025-03-11T20:34:47.210Z] [104m[CLIENT DISCORD] [49m[0m[42m[31mChargement du fichier index.js[39m[49m[0m
[2025-03-11T20:34:48.138Z] [104m[CLIENT DISCORD] [49m[0m[34m[39m[0m
[0m[34m==============================[39m[0m
[2025-03-11T20:34:48.139Z] [104m[CLIENT DISCORD] [49m[0m[32m🚀 Démarrage du bot...[39m[0m
[2025-03-11T20:34:48.140Z] [104m[CLIENT DISCORD] [49m[0m[33m🔗 Connexion à Discord API...[39m[0m
[2025-03-11T20:34:48.141Z] [104m[CLIENT DISCORD] [49m[0m[36m✅ Bot RP en ligne ! Connecté en tant que LSSD Bot#8045[39m[0m
[2025-03-11T20:34:48.142Z] [104m[CLIENT DISCORD] [49m[0m[34m==============================[39m[0m
[0m[34m[39m[0m
[2025-03-11T20:34:48.143Z] [104m[CLIENT DISCORD] [49m[0mGuild récupéré :  Los Santos Sheriff Dept.[0m
[2025-03-11T20:34:48.366Z] [104m[CLIENT DISCORD] [49m[0mCommandes existantes :  [object Object],[object Object],[object Object],[object Object],[object Object],[object Object],[object Object],[object Object],[object Object],[object Object],[object Object],[object Object],[object Object],[object Object],[object Object],[object Object],[object Object][0m
[2025-03-11T20:34:48.367Z] [104m[CLIENT DISCORD] [49m[0m⚠️ Commandes déjà enregistrées pour ce serveur.[0m
[2025-03-11T20:36:37.514Z] [104m[CLIENT DISCORD] [49m[0m[42m[31mChargement du fichier index.js[39m[49m[0m
[2025-03-11T20:36:38.380Z] [104m[CLIENT DISCORD] [49m[0m[34m[39m[0m
[0m[34m==============================[39m[0m
[2025-03-11T20:36:38.380Z] [104m[CLIENT DISCORD] [49m[0m[32m🚀 Démarrage du bot...[39m[0m
[2025-03-11T20:36:38.380Z] [104m[CLIENT DISCORD] [49m[0m[33m🔗 Connexion à Discord API...[39m[0m
[2025-03-11T20:36:38.381Z] [104m[CLIENT DISCORD] [49m[0m[36m✅ Bot RP en ligne ! Connecté en tant que LSSD Bot#8045[39m[0m
[2025-03-11T20:36:38.382Z] [104m[CLIENT DISCORD] [49m[0m[34m==============================[39m[0m
[0m[34m[39m[0m
[2025-03-11T20:36:38.383Z] [104m[CLIENT DISCORD] [49m[0mGuild récupéré :  Los Santos Sheriff Dept.[0m
[2025-03-11T20:36:38.618Z] [104m[CLIENT DISCORD] [49m[0mCommandes existantes :  [object Object],[object Object],[object Object],[object Object],[object Object],[object Object],[object Object],[object Object],[object Object],[object Object],[object Object],[object Object],[object Object],[object Object],[object Object],[object Object],[object Object][0m
[2025-03-11T20:36:38.618Z] [104m[CLIENT DISCORD] [49m[0m⚠️ Commandes déjà enregistrées pour ce serveur.[0m
[2025-03-11T20:42:54.261Z] [104m[CLIENT DISCORD] [49m[0m[ACTION BUTTON] recruit of command /ticket has been used.[0m
[2025-03-11T20:42:54.262Z] [104m[CLIENT DISCORD] [49m[0m📩 Affichage du modal...[0m
[2025-03-11T20:42:54.611Z] [104m[CLIENT DISCORD] [49m[0m[BUTTON] francois.piano a exécuté l'interaction bouton recruit dans 1252239174610718782[0m
[2025-03-11T20:49:38.337Z] [104m[CLIENT DISCORD] [49m[0m[ACTION BUTTON] recruit of command /ticket has been used.[0m
[2025-03-11T20:49:38.338Z] [104m[CLIENT DISCORD] [49m[0m📩 Affichage du modal...[0m
[2025-03-11T20:49:38.605Z] [104m[CLIENT DISCORD] [49m[0m[BUTTON] francois.piano a exécuté l'interaction bouton recruit dans 1252239174610718782[0m
[2025-03-11T20:49:55.920Z] [104m[CLIENT DISCORD] [49m[0m📩 Formulaire soumis par : francois.piano[0m
[2025-03-11T20:49:55.921Z] [104m[CLIENT DISCORD] [49m[0m✅ Données reçues : [object Object][0m
[2025-03-11T20:49:55.921Z] [104m[CLIENT DISCORD] [49m[0m🛠️ Catégorie de ticket : 1345396814790135900[0m
[2025-03-11T20:49:55.922Z] [41m[ERROR] ❌ Erreur lors du traitement du formulaire : ReferenceError: nbTicket is not defined[49m
[2025-03-11T20:49:56.246Z] [104m[CLIENT DISCORD] [49m[0m[MODAL] francois.piano a exécuté l'interaction modal recruit_modal dans 1252239174610718782[0m
[2025-03-11T20:50:52.751Z] [104m[CLIENT DISCORD] [49m[0m[42m[31mChargement du fichier index.js[39m[49m[0m
[2025-03-11T20:50:53.696Z] [104m[CLIENT DISCORD] [49m[0m[34m[39m[0m
[0m[34m==============================[39m[0m
[2025-03-11T20:50:53.697Z] [104m[CLIENT DISCORD] [49m[0m[32m🚀 Démarrage du bot...[39m[0m
[2025-03-11T20:50:53.698Z] [104m[CLIENT DISCORD] [49m[0m[33m🔗 Connexion à Discord API...[39m[0m
[2025-03-11T20:50:53.699Z] [104m[CLIENT DISCORD] [49m[0m[36m✅ Bot RP en ligne ! Connecté en tant que LSSD Bot#8045[39m[0m
[2025-03-11T20:50:53.699Z] [104m[CLIENT DISCORD] [49m[0m[34m==============================[39m[0m
[0m[34m[39m[0m
[2025-03-11T20:50:53.701Z] [104m[CLIENT DISCORD] [49m[0mGuild récupéré :  Los Santos Sheriff Dept.[0m
[2025-03-11T20:50:54.036Z] [104m[CLIENT DISCORD] [49m[0mCommandes existantes :  [object Object],[object Object],[object Object],[object Object],[object Object],[object Object],[object Object],[object Object],[object Object],[object Object],[object Object],[object Object],[object Object],[object Object],[object Object],[object Object],[object Object][0m
[2025-03-11T20:50:54.038Z] [104m[CLIENT DISCORD] [49m[0m⚠️ Commandes déjà enregistrées pour ce serveur.[0m
[2025-03-11T20:50:56.355Z] [104m[CLIENT DISCORD] [49m[0m[ACTION BUTTON] recruit of command /ticket has been used.[0m
[2025-03-11T20:50:56.356Z] [104m[CLIENT DISCORD] [49m[0m📩 Affichage du modal...[0m
[2025-03-11T20:50:56.560Z] [104m[CLIENT DISCORD] [49m[0m[BUTTON] francois.piano a exécuté l'interaction bouton recruit dans 1252239174610718782[0m
[2025-03-11T20:51:09.065Z] [104m[CLIENT DISCORD] [49m[0m📩 Formulaire soumis par : francois.piano[0m
[2025-03-11T20:51:09.065Z] [104m[CLIENT DISCORD] [49m[0m✅ Données reçues : [object Object][0m
[2025-03-11T20:51:09.066Z] [104m[CLIENT DISCORD] [49m[0m🛠️ Catégorie de ticket : 1345396814790135900[0m
[2025-03-11T20:51:09.066Z] [41m[ERROR] ❌ Erreur lors du traitement du formulaire : TypeError: Assignment to constant variable.[49m
[2025-03-11T20:51:09.464Z] [104m[CLIENT DISCORD] [49m[0m[MODAL] francois.piano a exécuté l'interaction modal recruit_modal dans 1252239174610718782[0m
[2025-03-11T20:51:24.089Z] [104m[CLIENT DISCORD] [49m[0m[42m[31mChargement du fichier index.js[39m[49m[0m
[2025-03-11T20:51:25.244Z] [104m[CLIENT DISCORD] [49m[0m[34m[39m[0m
[0m[34m==============================[39m[0m
[2025-03-11T20:51:25.245Z] [104m[CLIENT DISCORD] [49m[0m[32m🚀 Démarrage du bot...[39m[0m
[2025-03-11T20:51:25.246Z] [104m[CLIENT DISCORD] [49m[0m[33m🔗 Connexion à Discord API...[39m[0m
[2025-03-11T20:51:25.246Z] [104m[CLIENT DISCORD] [49m[0m[36m✅ Bot RP en ligne ! Connecté en tant que LSSD Bot#8045[39m[0m
[2025-03-11T20:51:25.247Z] [104m[CLIENT DISCORD] [49m[0m[34m==============================[39m[0m
[0m[34m[39m[0m
[2025-03-11T20:51:25.249Z] [104m[CLIENT DISCORD] [49m[0mGuild récupéré :  Los Santos Sheriff Dept.[0m
[2025-03-11T20:51:25.487Z] [104m[CLIENT DISCORD] [49m[0mCommandes existantes :  [object Object],[object Object],[object Object],[object Object],[object Object],[object Object],[object Object],[object Object],[object Object],[object Object],[object Object],[object Object],[object Object],[object Object],[object Object],[object Object],[object Object][0m
[2025-03-11T20:51:25.488Z] [104m[CLIENT DISCORD] [49m[0m⚠️ Commandes déjà enregistrées pour ce serveur.[0m
[2025-03-11T20:51:27.549Z] [104m[CLIENT DISCORD] [49m[0m[ACTION BUTTON] recruit of command /ticket has been used.[0m
[2025-03-11T20:51:27.550Z] [104m[CLIENT DISCORD] [49m[0m📩 Affichage du modal...[0m
[2025-03-11T20:51:27.749Z] [104m[CLIENT DISCORD] [49m[0m[BUTTON] francois.piano a exécuté l'interaction bouton recruit dans 1252239174610718782[0m
[2025-03-11T20:51:38.871Z] [104m[CLIENT DISCORD] [49m[0m📩 Formulaire soumis par : francois.piano[0m
[2025-03-11T20:51:38.872Z] [104m[CLIENT DISCORD] [49m[0m✅ Données reçues : [object Object][0m
[2025-03-11T20:51:38.873Z] [104m[CLIENT DISCORD] [49m[0m🛠️ Catégorie de ticket : 1345396814790135900[0m
[2025-03-11T20:51:38.874Z] [104m[CLIENT DISCORD] [49m[0m📂 Création du salon en cours...[0m
[2025-03-11T20:51:39.696Z] [104m[CLIENT DISCORD] [49m[0m✅ Salon créé : recruit-francoispiano (1349122821648945246)[0m
[2025-03-11T20:51:40.308Z] [104m[CLIENT DISCORD] [49m[0m[MODAL] francois.piano a exécuté l'interaction modal recruit_modal dans 1252239174610718782[0m
[2025-03-11T20:52:46.742Z] [41m[ERROR] 🗑️ [ACTION BUTTON] : Ticket supprimé avec succès.[49m
[2025-03-11T20:52:46.743Z] [104m[CLIENT DISCORD] [49m[0m[BUTTON] francois.piano a exécuté l'interaction bouton close_but dans 1349122821648945246[0m
