[104m2025-03-26T11:12:23.374Z [CLIENT DISCORD] [49m[0mLes modules  [32mloggers[39m [0m[0m ont correctement été exporté.[0m[0m[0m
[104m2025-03-26T11:12:23.374Z [CLIENT DISCORD] [49m[0mLes modules  [32mutils.js[39m [0m[0m ont correctement été exporté.[0m[0m[0m
[104m2025-03-26T11:12:23.374Z [CLIENT DISCORD] [49m[0mL'interaction  [32mcommands.js[39m [0m[0m ont correctement été exporté.[0m[0m[0m
[104m2025-03-26T11:12:23.374Z [CLIENT DISCORD] [49m[0mL'interaction  [32mbuttons.js[39m [0m[0m ont correctement été exporté.[0m[0m[0m
[104m2025-03-26T11:12:23.374Z [CLIENT DISCORD] [49m[0mL'interaction  [32mmodals.js[39m [0m[0m ont correctement été exporté.[0m[0m[0m
[104m2025-03-26T11:12:23.374Z [CLIENT DISCORD] [49m[0m✅ Données rechargées depuis config.json : [object Object][0m
[45m2025-03-26T11:12:23.374Z [DEBUG] Hi !![49m
[104m2025-03-26T11:12:23.374Z [CLIENT DISCORD] [49m[0m[42m[30mChargement du fichier index.js[39m[49m[0m
[41m[30m🔔2025-03-26T11:12:24.948Z [🔴 CRITICAL NOTIFY]  Hey![39m[49m
[104m2025-03-26T11:12:23.374Z [CLIENT DISCORD] [49m[0m[42m[30mChargement des informations du package.[39m[49m[0m
[0m[42m[30m[39m[49m [46m[PACKAGE][49m [32mAuth. : François 🌺[39m[0m
[0m[32m[39m [46m[PACKAGE][49m [32mDepd. : @discordjs/voice, axios, chalk, discord.js, fs, play-dl, yt-search, ytdl-core, ytdl-core-discord[39m[0m
[0m[32m[39m [46m[PACKAGE][49m [32mDesc. : The official bot of LSSD.[39m[0m
[0m[32m[39m [46m[PACKAGE][49m [32mLisc. : ISC[39m[0m
[0m[32m[39m [46m[PACKAGE][49m [32mMain. : index.js[39m[0m
[0m[32m[39m [46m[PACKAGE][49m [32mName. : catherine[39m[0m
[0m[32m[39m [46m[PACKAGE][49m [32mScrp. : [object Object][39m[0m
[0m[32m[39m [46m[PACKAGE][49m [32mVers. : 1.2.1 - 1.2.09scho[39m[0m
[0m[32m[39m [46m[PACKAGE][49m [32mPatch Note. : **[PN_13-03-2025]** La version 1.2.01sc modifie les messages shift et patch la commande /clear.,[39m[0m
[0m[32m**[PN_14-03-2025]** La version 1.2.05sch modifie la commande /help pour ajouter des commandes spéciales.,[39m[0m
[0m[32m**[PN_19-03-2025]** La version 1.2.1 (1.2.09scho) patch la commande /openservice et modifie la commande /userinfo, ajoutant des informations.[39m[0m
[0m[32m[39m[0m
[104m2025-03-26T11:12:23.374Z [CLIENT DISCORD] [49m[0m[34m==============================[39m[0m
[104m2025-03-26T11:12:23.374Z [CLIENT DISCORD] [49m[0m[32m🚀 Démarrage du bot...[39m[0m
[104m2025-03-26T11:12:23.374Z [CLIENT DISCORD] [49m[0m[33m🔗 Connexion à Discord API...[39m[0m
[104m2025-03-26T11:12:23.374Z [CLIENT DISCORD] [49m[0m[36m✅ Bot RP en ligne ! Connect111é en tant que LSSD Bot#8045[39m[0m
[104m2025-03-26T11:12:23.374Z [CLIENT DISCORD] [49m[0m[34m==============================[39m[0m
[0m[34m[39m[0m
[104m2025-03-26T11:12:23.374Z [CLIENT DISCORD] [49m[0mGuild récupéré :  Los Santos Sheriff Dept.[0m
[104m2025-03-26T11:12:23.374Z [CLIENT DISCORD] [49m[0mCommandes existantes :  bypass, register, music, info, pex, openservice, infoshift, recruit, help, ban, ticket, shutdown, userinfo, send, clear, kick, warn, mute, rename, shift, promote[0m
[43m2025-03-26T11:12:23.374Z [WARN] ⚠️ Commandes déjà enregistrées pour ce serveur.[49m
[42m[30m🔔2025-03-26T11:12:26.363Z [🟢 SOFT NOTIFY]  Arguments passés : [33mAucun[39m[30m[39m[49m
[42m[30m🔔2025-03-26T11:12:26.363Z [🟢 SOFT NOTIFY]  Aucun mode de lancement spécifié.[39m[49m
[104m2025-03-26T11:12:23.374Z [CLIENT DISCORD] [49m[0m[94m[MESSAGE_SENT][39m [32mfrancois.piano[39m [0m[0ma envoyé[0m[0m [32m# <:lssd:1348069462317990028> Official statement from the Sandy Shore Station, Lieutenant Lennon.[39m[0m
[0m[32m> ## NOTE DE SERVICE • PORT D'ARME[39m[0m
[0m[32m> ## Los Santos Sherif Departement[39m[0m
[0m[32m[39m[0m
[0m[32m*A l'attention du corps d'application et de tous les officiers du LSSD.*[39m[0m
[0m[32m[39m[0m
[0m[32mDans un délai de deux semaines, je vous prierais de passer votre visite médiale afin de passer de **PPA**[39m[0m
[0m[32m[39m[0m
[0m[32mOr de ce délai, vous serais mis à pied jusqu'à ce que l'examen soit passé.[39m[0m
[0m[32m[39m[0m
[0m[32mBien à vous,[39m[0m
[0m[32m[39m[0m
[0m[32m<@449432156595552257>.[39m[0m
[0m[32mCC : <@794334752165330964>, <@&1342565895188254740>.[39m [0m[0mdans[0m[0m [32m📢-annonce[39m[0m
[104m2025-03-26T11:12:23.374Z [CLIENT DISCORD] [49m[0m[94m[MESSAGE_SENT][39m [32mfrancois.piano[39m [0m[0ma envoyé[0m[0m [32m@everyone[39m [0m[0mdans[0m[0m [32m📢-annonce[39m[0m
[104m2025-03-26T11:12:23.374Z [CLIENT DISCORD] [49m[0m[94m[MESSAGE_SENT][39m [32mfrancois.piano[39m [0m[0ma envoyé[0m[0m [32m# <:lssd:1348069462317990028>  RAPPEL SUR LES RAPORTS D'INTERVENTION <:lssd:1348069462317990028> [39m[0m
[0m[32m[39m[0m
[0m[32mVous mettrez en titre du poste : **Type de rapport** : Arrestation, Prise d'Otage, Contravention, Braquage... Vous pouvez cumuler les types.[39m[0m
[0m[32mVous mettrez ensuite le nom ou les noms des personnes civiles concernées puis ensuite la date du rapport.[39m[0m
[0m[32m[39m[0m
[0m[32m# <:lssd:1348069462317990028> ÉCRIRE UN RAPPORT D'INTERVENTION <:lssd:1348069462317990028>[39m[0m
[0m[32m[39m[0m
[0m[32m> Les rapports d'intervention sont essentielles lors de situation qui implique une plainte envers un civil ou un agent, ou situation critique (mort d'un agent etc...)[39m[0m
[0m[32m> [39m[0m
[0m[32m> Ces derniers doivent contenir toutes les informations nécessaires à la bonne compréhension des autoritées compétentes.[39m[0m
[0m[32m> [39m[0m
[0m[32m> Voici ce que vous devez présenter dans <#1342662138111721482>.[39m[0m
[0m[32m[39m[0m
[0m[32m# <:lssd:1348069462317990028> Official Intervention Report from Los Santos Sherif Departement[39m[0m
[0m[32m# <:lssd:1348069462317990028> Official statement from the Detective Division, Lieutenant Lennon.[39m[0m
[0m[32m[39m[0m
[0m[32m## Informations générales (en ...[39m [0m[0mdans[0m[0m [32m📜 Rappel sur les raports[39m[0m
[104m2025-03-26T11:12:23.374Z [CLIENT DISCORD] [49m[0m[94m[MESSAGE_REMOVE][39m [32mfrancois.piano[39m [0m[0ma supprimé[0m[0m [32m# <:lssd:1348069462317990028>  RAPPEL SUR LES RAPORTS D'INTERVENTION <:lssd:1348069462317990028> [39m[0m
[0m[32m[39m[0m
[0m[32mVous mettrez en titre du poste : **Type de rapport** : Arrestation, Prise d'Otage, Contravention, Braquage... Vous pouvez cumuler les types.[39m[0m
[0m[32mVous mettrez ensuite le nom ou les noms des personnes civiles concernées puis ensuite la date du rapport.[39m[0m
[0m[32m[39m[0m
[0m[32m# <:lssd:1348069462317990028> ÉCRIRE UN RAPPORT D'INTERVENTION <:lssd:1348069462317990028>[39m[0m
[0m[32m[39m[0m
[0m[32m> Les rapports d'intervention sont essentielles lors de situation qui implique une plainte envers un civil ou un agent, ou situation critique (mort d'un agent etc...)[39m[0m
[0m[32m> [39m[0m
[0m[32m> Ces derniers doivent contenir toutes les informations nécessaires à la bonne compréhension des autoritées compétentes.[39m[0m
[0m[32m> [39m[0m
[0m[32m> Voici ce que vous devez présenter dans <#1342662138111721482>.[39m[0m
[0m[32m[39m[0m
[0m[32m# <:lssd:1348069462317990028> Official Intervention Report from Los Santos Sherif Departement[39m[0m
[0m[32m# <:lssd:1348069462317990028> Official statement from the Detective Division, Lieutenant Lennon.[39m[0m
[0m[32m[39m[0m
[0m[32m## Informations générales (en ...[39m [0m[0mdans[0m[0m [32m📜 Rappel sur les raports[39m[0m
[104m2025-03-26T11:12:23.374Z [CLIENT DISCORD] [49m[0m[94m[MESSAGE_SENT][39m [32mfrancois.piano[39m [0m[0ma envoyé[0m[0m [32m# <:lssd:1348069462317990028>  RAPPEL SUR LES RAPORTS D'INTERVENTION <:lssd:1348069462317990028> [39m[0m
[0m[32m[39m[0m
[0m[32mVous mettrez en titre du poste : **Type de rapport** : Arrestation, Prise d'Otage, Contravention, Braquage... Vous pouvez cumuler les types.[39m[0m
[0m[32mVous mettrez ensuite le nom ou les noms des personnes civiles concernées puis ensuite la date du rapport.[39m[0m
[0m[32m[39m[0m
[0m[32m# <:lssd:1348069462317990028> ÉCRIRE UN RAPPORT D'INTERVENTION <:lssd:1348069462317990028>[39m[0m
[0m[32m[39m[0m
[0m[32m> Les rapports d'intervention sont essentielles lors de situation qui implique une plainte envers un civil ou un agent, ou situation critique (mort d'un agent etc...)[39m[0m
[0m[32m> [39m[0m
[0m[32m> Ces derniers doivent contenir toutes les informations nécessaires à la bonne compréhension des autoritées compétentes.[39m[0m
[0m[32m> [39m[0m
[0m[32m> Voici ce que vous devez présenter dans <#1342662138111721482>.[39m[0m
[0m[32m[39m[0m
[0m[32m```[39m[0m
[0m[32mExemple[39m[0m
[0m[32m```[39m[0m
[0m[32m[39m[0m
[0m[32m# <:lssd:1348069462317990028> Official Intervention Report from Los Santos Sherif Departement[39m[0m
[0m[32m# <:lssd:1348069462317990028> Official statement from the Detective Division, Lieutenant Lennon.[39m[0m
[0m[32m[39m[0m
[0m[32m## Informatio...[39m [0m[0mdans[0m[0m [32m📜 Rappel sur les raports[39m[0m
[104m2025-03-26T11:12:23.374Z [CLIENT DISCORD] [49m[0m$[MESSAGE UPTATED] null a été modifié par undefined francois.piano dans 📢-annonce[0m
[104m2025-03-26T11:12:23.374Z [CLIENT DISCORD] [49m[0m$[MESSAGE UPTATED] null a été modifié par undefined francois.piano dans 📢-annonce[0m
[104m2025-03-26T11:12:23.374Z [CLIENT DISCORD] [49m[0m$[MESSAGE UPTATED] null a été modifié par undefined francois.piano dans 📢-annonce[0m
[104m2025-03-26T11:12:23.374Z [CLIENT DISCORD] [49m[0m[94m[MESSAGE_SENT][39m [32mfrancois.piano[39m [0m[0ma envoyé[0m[0m [32mLe rapport est fait mister?[39m [0m[0mdans[0m[0m [32mDiscussion Enquête LSPD[39m[0m
[104m2025-03-26T11:12:23.374Z [CLIENT DISCORD] [49m[0m$[MESSAGE UPTATED] null a été modifié par undefined francois.piano dans Discussion Enquête LSPD[0m
[104m2025-03-26T11:12:23.374Z [CLIENT DISCORD] [49m[0m[94m[MESSAGE_SENT][39m [32mkhalil35[39m [0m[0ma envoyé[0m[0m [32mRapport d'Intervention - Sergent James Garcia[39m[0m
[0m[32m[39m[0m
[0m[32mDate de l'Intervention : 17 mars 2025[39m[0m
[0m[32mHeure de l'incident : Environ 21h00[39m[0m
[0m[32mLieu de l'incident : Hôpital [39m[0m
[0m[32mAgent impliqué : Sergent James Garcia, Sergent Matthew Lewis[39m[0m
[0m[32m[39m[0m
[0m[32mDétails de l'incident :[39m[0m
[0m[32m[39m[0m
[0m[32mLe 17 mars 2025, vers 21h00, j'ai été directement confronté à une fusillade à l'hôpital . Dès mon arrivée sur place, les échanges de tirs avaient déjà commencé entre moi et trois agents de sécurité. [39m[0m
[0m[32m[39m[0m
[0m[32mAlors que les tirs continuaient, j'ai reçu un appel téléphonique d'un citoyen qui m'a averti des coups de feu entendus à l'hôpital. L'appel a eu lieu en plein milieu des échanges de tirs, et j'ai dû répondre en toute urgence. J'ai informé le citoyen que j'étais déjà sur place, tout en lui demandant de rester à l'écart et de ne pas s'approcher de l'hôpital. J'ai également précisé que des forces d'intervention étaient déjà présentes[39m[0m
[0m[32mPendant cet appel, j'ai annoncé un Code 99 via radio, signalant un besoin urgent d'assistance et la présence d'une menace immédiate. Peu après, le ...[39m [0m[0mdans[0m[0m [32mFusillade du 17/03/25[39m[0m
[104m2025-03-26T11:12:23.374Z [CLIENT DISCORD] [49m[0m[94m[MESSAGE_SENT][39m [32mfrancois.piano[39m [0m[0ma envoyé[0m[0m [32mRapport d'Intervention - Sergent James Garcia[39m[0m
[0m[32m[39m[0m
[0m[32mDate de l'Intervention : 17 mars 2025[39m[0m
[0m[32mHeure de l'incident : Environ 21h00[39m[0m
[0m[32mLieu de l'incident : Hôpital [39m[0m
[0m[32mAgent impliqué : Sergent James Garcia, Sergent Matthew Lewis[39m[0m
[0m[32m[39m[0m
[0m[32mDétails de l'incident :[39m[0m
[0m[32m[39m[0m
[0m[32mLe 17 mars 2025, vers 21h00, j'ai été directement confronté à une fusillade à l'hôpital . Dès mon arrivée sur place, les échanges de tirs avaient déjà commencé entre moi et trois agents de sécurité. [39m[0m
[0m[32m[39m[0m
[0m[32mAlors que les tirs continuaient, j'ai reçu un appel téléphonique d'un citoyen qui m'a averti des coups de feu entendus à l'hôpital. L'appel a eu lieu en plein milieu des échanges de tirs, et j'ai dû répondre en toute urgence. J'ai informé le citoyen que j'étais déjà sur place, tout en lui demandant de rester à l'écart et de ne pas s'approcher de l'hôpital. J'ai également précisé que des forces d'intervention étaient déjà présentes[39m[0m
[0m[32mPendant cet appel, j'ai annoncé un Code 99 via radio, signalant un besoin urgent d'assistance et la présence d'une menace immédiate. Peu après, le ...[39m [0m[0mdans[0m[0m [32mincident-17-mars[39m[0m
[104m2025-03-26T11:12:23.374Z [CLIENT DISCORD] [49m[0m[94m[MESSAGE_REMOVE][39m [32mfrancois.piano[39m [0m[0ma supprimé[0m[0m [32mRapport d'Intervention - Sergent James Garcia[39m[0m
[0m[32m[39m[0m
[0m[32mDate de l'Intervention : 17 mars 2025[39m[0m
[0m[32mHeure de l'incident : Environ 21h00[39m[0m
[0m[32mLieu de l'incident : Hôpital [39m[0m
[0m[32mAgent impliqué : Sergent James Garcia, Sergent Matthew Lewis[39m[0m
[0m[32m[39m[0m
[0m[32mDétails de l'incident :[39m[0m
[0m[32m[39m[0m
[0m[32mLe 17 mars 2025, vers 21h00, j'ai été directement confronté à une fusillade à l'hôpital . Dès mon arrivée sur place, les échanges de tirs avaient déjà commencé entre moi et trois agents de sécurité. [39m[0m
[0m[32m[39m[0m
[0m[32mAlors que les tirs continuaient, j'ai reçu un appel téléphonique d'un citoyen qui m'a averti des coups de feu entendus à l'hôpital. L'appel a eu lieu en plein milieu des échanges de tirs, et j'ai dû répondre en toute urgence. J'ai informé le citoyen que j'étais déjà sur place, tout en lui demandant de rester à l'écart et de ne pas s'approcher de l'hôpital. J'ai également précisé que des forces d'intervention étaient déjà présentes[39m[0m
[0m[32mPendant cet appel, j'ai annoncé un Code 99 via radio, signalant un besoin urgent d'assistance et la présence d'une menace immédiate. Peu après, le ...[39m [0m[0mdans[0m[0m [32mincident-17-mars[39m[0m
[104m2025-03-26T11:12:23.374Z [CLIENT DISCORD] [49m[0m[94m[MESSAGE_SENT][39m [32mxkraashx[39m [0m[0ma envoyé[0m[0m [32moui je suis en train de le relire[39m [0m[0mdans[0m[0m [32mDiscussion Enquête LSPD[39m[0m
[104m2025-03-26T11:12:23.374Z [CLIENT DISCORD] [49m[0m[94m[MESSAGE_SENT][39m [32mfrancois.piano[39m [0m[0ma envoyé[0m[0m [32mOk vous pourrez l'envoyer juste après dans le channel principal enquête lspd victoria david[39m [0m[0mdans[0m[0m [32mDiscussion Enquête LSPD[39m[0m
[104m2025-03-26T11:12:23.374Z [CLIENT DISCORD] [49m[0m[94m[COMAND][39m [32mfrancois.piano[39m [0m[0ma éxécuté la commande [0m[0m [32mticket[39m [0m[0mdans[0m[0m [32menquete-lspd-victoria-davis[39m[0m
[104m2025-03-26T11:12:23.374Z [CLIENT DISCORD] [49m[0m[42m✅ Utilisateur 449432156595552257 bypass les permissions.[49m[0m
[104m2025-03-26T11:12:23.374Z [CLIENT DISCORD] [49m[0m[94m[MESSAGE_SENT][39m [32mxkraashx[39m [0m[0ma envoyé[0m[0m [32m***Rapport du  21/03/25***[39m[0m
[0m[32m[39m[0m
[0m[32m[39m[0m
[0m[32m*Ce soir là, j'ai arrêter madame DAVIS pour excès de vitesse sur l' autoroute vers Sandy Shores.[39m[0m
[0m[32mSans le vouloir, je suis rentré dans l'arrière de son véhicule. On a eu quelques soucis à communiquer l'un envers l'autre. J'ai du m'absenter quelques minutes pour essayer de régler le problème tout en avertissant Madame DAVIS que j'allais revenir. A mon retour, j'ai du retourner au commissariat. Je suis revenu quelques temps après, Madame DAVIS n'étais plu là. Je n’ai appelé aucun renfort ni de service de secours car à ce moment là Madame DAVIS n'avais pas besoin de secours, je lui est même demandé si elle allait bien, elle m'a répondu que "Oui je vais bien" en aucun cas j'aurais laissé une personne seul si elle avait été blessé car j'occupe aussi la fonction de médecin. Suite à cela, j'ai donc repris ma patrouille. Je me suis rendu à l'hôpital pour un certificat médical suite à des blessures. J'ai rencontré un sheriff là-bas sur place (je ne me souvient plus de son nom) et j' ai p...[39m [0m[0mdans[0m[0m [32menquete-lspd-victoria-davis[39m[0m
[104m2025-03-26T11:12:23.374Z [CLIENT DISCORD] [49m[0m$[MESSAGE UPTATED] null a été modifié par undefined xkraashx dans enquete-lspd-victoria-davis[0m
[104m2025-03-26T11:12:23.374Z [CLIENT DISCORD] [49m[0m[94m[MESSAGE_SENT][39m [32mfrancois.piano[39m [0m[0ma envoyé[0m[0m [32m# <:lssd:1348069462317990028> Official Intervention Report from Los Santos Sherif Departement[39m[0m
[0m[32m# <:lssd:1348069462317990028> Official statement from the Detective Division, Lieutenant Lennon.[39m[0m
[0m[32m[39m[0m
[0m[32m*Nous allons prendre connaissance du rapport puis convoquer les autorités compétentes*.[39m [0m[0mdans[0m[0m [32menquete-lspd-victoria-davis[39m[0m
[104m2025-03-26T11:12:23.374Z [CLIENT DISCORD] [49m[0m[94m[MESSAGE_SENT][39m [32mfrancois.piano[39m [0m[0ma envoyé[0m[0m [32m# <:lssd:1348069462317990028> Official Intervention Report from Los Santos Sherif Departement[39m[0m
[0m[32m# <:lssd:1348069462317990028> Official statement from the Detective Division, Lieutenant Lennon.[39m[0m
[0m[32m[39m[0m
[0m[32m## Rapport d'Intervention - Sergent James Garcia[39m[0m
[0m[32m[39m[0m
[0m[32m**Date de l'Intervention** : `17 mars 2025`[39m[0m
[0m[32m**Heure de l'incident **: `Environ 21h00`[39m[0m
[0m[32m**Lieu de l'incident** : `Hôpital `[39m[0m
[0m[32m**Agent impliqué** : `Sergent James Garcia, Sergent Matthew Lewis`[39m[0m
[0m[32m[39m[0m
[0m[32m## Détails de l'incident :[39m[0m
[0m[32m[39m[0m
[0m[32mLe 17 mars 2025, vers 21h00, j'ai été directement confronté à une fusillade à l'hôpital . Dès mon arrivée sur place, les échanges de tirs avaient déjà commencé entre moi et trois agents de sécurité. [39m[0m
[0m[32m[39m[0m
[0m[32m> Alors que les tirs continuaient, j'ai reçu un appel téléphonique d'un citoyen qui m'a averti des coups de feu entendus à l'hôpital. L'appel a eu lieu en plein milieu des échanges de tirs, et j'ai dû répondre en toute urgence. J'ai informé le citoyen que j'étais déjà sur place, tout en lui demandant de rester à l'écart et de ne pas s'approcher de l'hôpital....[39m [0m[0mdans[0m[0m [32mincident-17-mars[39m[0m
[104m2025-03-26T11:12:23.374Z [CLIENT DISCORD] [49m[0m[94m[MESSAGE_SENT][39m [32mfrancois.piano[39m [0m[0ma envoyé[0m[0m [32ml'arrivée du Sergent Matthew Lewis. de notifier  La fusillade a été rapidement maîtrisée grâce à notre intervention combinée. [39m[0m
[0m[32mFin du rapport.[39m[0m
[0m[32m[39m[0m
[0m[32mSergent James Garcia[39m[0m
[0m[32mLSSD[39m[0m
[0m[32m26/03/25[39m [0m[0mdans[0m[0m [32mincident-17-mars[39m[0m
[104m2025-03-26T11:12:23.374Z [CLIENT DISCORD] [49m[0m[94m[MESSAGE_SENT][39m [32mfrancois.piano[39m [0m[0ma envoyé[0m[0m [32m<@655472798851923970>[39m [0m[0mdans[0m[0m [32mincident-17-mars[39m[0m
[104m2025-03-26T11:12:23.374Z [CLIENT DISCORD] [49m[0m[94m[MESSAGE_SENT][39m [32mfrancois.piano[39m [0m[0ma envoyé[0m[0m [32mJe le convoquerais d'ici peu avec tout le monde, pendant ce temps, est-ce que vous l'autorisez à patrouiller ?[39m [0m[0mdans[0m[0m [32mDiscussion Enquête LSPD[39m[0m
[104m2025-03-26T11:12:23.374Z [CLIENT DISCORD] [49m[0m[94m[MESSAGE_SENT][39m [32mxkraashx[39m [0m[0ma envoyé[0m[0m [32mpour l'instant oui[39m [0m[0mdans[0m[0m [32mDiscussion Enquête LSPD[39m[0m
[104m2025-03-26T11:12:23.374Z [CLIENT DISCORD] [49m[0m[94m[MESSAGE_SENT][39m [32mfrancois.piano[39m [0m[0ma envoyé[0m[0m [32mok reçu[39m [0m[0mdans[0m[0m [32mDiscussion Enquête LSPD[39m[0m
[104m2025-03-26T11:12:23.374Z [CLIENT DISCORD] [49m[0m[94m[MESSAGE_SENT][39m [32mfrancois.piano[39m [0m[0ma envoyé[0m[0m [32m<@440113333018820610> Je vous rappel que la plainte n'est pas contre votre agent mais contre l'instituion LSPD, vous aviserez en conséquence :)[39m [0m[0mdans[0m[0m [32mDiscussion Enquête LSPD[39m[0m
[104m2025-03-26T18:24:36.959Z [CLIENT DISCORD] [49m[0mLes modules  [32mloggers[39m [0m[0m ont correctement été exporté.[0m[0m[0m
[104m2025-03-26T18:24:36.959Z [CLIENT DISCORD] [49m[0mLes modules  [32mutils.js[39m [0m[0m ont correctement été exporté.[0m[0m[0m
[104m2025-03-26T18:24:36.959Z [CLIENT DISCORD] [49m[0mL'interaction  [32mcommands.js[39m [0m[0m ont correctement été exporté.[0m[0m[0m
[104m2025-03-26T18:24:36.959Z [CLIENT DISCORD] [49m[0mL'interaction  [32mbuttons.js[39m [0m[0m ont correctement été exporté.[0m[0m[0m
[104m2025-03-26T18:24:36.959Z [CLIENT DISCORD] [49m[0mL'interaction  [32mmodals.js[39m [0m[0m ont correctement été exporté.[0m[0m[0m
[104m2025-03-26T18:24:36.959Z [CLIENT DISCORD] [49m[0m✅ Données rechargées depuis config.json : [object Object][0m
[45m2025-03-26T18:24:36.959Z [DEBUG] Hi !![49m
[104m2025-03-26T18:24:36.959Z [CLIENT DISCORD] [49m[0m[42m[30mChargement du fichier index.js[39m[49m[0m
[41m[30m🔔2025-03-26T18:24:37.668Z [🔴 CRITICAL NOTIFY]  Hey![39m[49m
[104m2025-03-26T18:24:36.959Z [CLIENT DISCORD] [49m[0m[42m[30mChargement des informations du package.[39m[49m[0m
[0m[42m[30m[39m[49m [46m[PACKAGE][49m [32mAuth. : François 🌺[39m[0m
[0m[32m[39m [46m[PACKAGE][49m [32mDepd. : @discordjs/voice, axios, chalk, discord.js, fs, play-dl, yt-search, ytdl-core, ytdl-core-discord[39m[0m
[0m[32m[39m [46m[PACKAGE][49m [32mDesc. : The official bot of LSSD.[39m[0m
[0m[32m[39m [46m[PACKAGE][49m [32mLisc. : ISC[39m[0m
[0m[32m[39m [46m[PACKAGE][49m [32mMain. : index.js[39m[0m
[0m[32m[39m [46m[PACKAGE][49m [32mName. : catherine[39m[0m
[0m[32m[39m [46m[PACKAGE][49m [32mScrp. : [object Object][39m[0m
[0m[32m[39m [46m[PACKAGE][49m [32mVers. : 1.2.1 - 1.2.09scho[39m[0m
[0m[32m[39m [46m[PACKAGE][49m [32mPatch Note. : **[PN_13-03-2025]** La version 1.2.01sc modifie les messages shift et patch la commande /clear.,[39m[0m
[0m[32m**[PN_14-03-2025]** La version 1.2.05sch modifie la commande /help pour ajouter des commandes spéciales.,[39m[0m
[0m[32m**[PN_19-03-2025]** La version 1.2.1 (1.2.09scho) patch la commande /openservice et modifie la commande /userinfo, ajoutant des informations.[39m[0m
[0m[32m[39m[0m
[104m2025-03-26T18:24:36.959Z [CLIENT DISCORD] [49m[0m[34m==============================[39m[0m
[104m2025-03-26T18:24:36.959Z [CLIENT DISCORD] [49m[0m[32m🚀 Démarrage du bot...[39m[0m
[104m2025-03-26T18:24:36.959Z [CLIENT DISCORD] [49m[0m[33m🔗 Connexion à Discord API...[39m[0m
[104m2025-03-26T18:24:36.959Z [CLIENT DISCORD] [49m[0m[36m✅ Bot RP en ligne ! Connect111é en tant que LSSD Bot#8045[39m[0m
[104m2025-03-26T18:24:36.959Z [CLIENT DISCORD] [49m[0m[34m==============================[39m[0m
[0m[34m[39m[0m
[104m2025-03-26T18:24:36.959Z [CLIENT DISCORD] [49m[0mGuild récupéré :  Los Santos Sheriff Dept.[0m
[104m2025-03-26T18:24:36.959Z [CLIENT DISCORD] [49m[0mCommandes existantes :  bypass, register, music, info, pex, openservice, infoshift, recruit, help, ban, ticket, shutdown, userinfo, send, clear, kick, warn, mute, rename, shift, promote[0m
[43m2025-03-26T18:24:36.959Z [WARN] ⚠️ Commandes déjà enregistrées pour ce serveur.[49m
[42m[30m🔔2025-03-26T18:24:38.863Z [🟢 SOFT NOTIFY]  Arguments passés : [33mAucun[39m[30m[39m[49m
[42m[30m🔔2025-03-26T18:24:38.864Z [🟢 SOFT NOTIFY]  Aucun mode de lancement spécifié.[39m[49m
[104m2025-03-26T18:24:36.959Z [CLIENT DISCORD] [49m[0m[94m[COMAND][39m [32mfrancois.piano[39m [0m[0ma éxécuté la commande [0m[0m [32mticket[39m [0m[0mdans[0m[0m [32menquete-lspd-victoria-davis[39m[0m
[104m2025-03-26T18:24:36.959Z [CLIENT DISCORD] [49m[0m[42m✅ Utilisateur 449432156595552257 bypass les permissions.[49m[0m
[104m2025-03-26T18:24:36.959Z [CLIENT DISCORD] [49m[0m[DEBUG] ticket.json avant modification: [object Object][0m
[104m2025-03-26T18:24:36.959Z [CLIENT DISCORD] [49m[0m[DEBUG] Ajout de l'utilisateur 1193327017320534020...[0m
[104m2025-03-26T18:24:36.959Z [CLIENT DISCORD] [49m[0m[DEBUG] ticket.json après modification: [object Object][0m
[41m2025-03-26T18:24:36.959Z [ERROR] (node:34216) Warning: Supplying "ephemeral" for interaction response options is deprecated. Utilize flags instead.[49m
[41m(Use `node --trace-warnings ...` to show where the warning was created)[49m
[104m2025-03-26T18:24:36.959Z [CLIENT DISCORD] [49m[0m[94m[MESSAGE_SENT][39m [32mxkraashx[39m [0m[0ma envoyé[0m[0m [32mAucun soucis merci[39m [0m[0mdans[0m[0m [32mDiscussion Enquête LSPD[39m[0m
[104m2025-03-26T18:24:36.959Z [CLIENT DISCORD] [49m[0m[94m[COMAND][39m [32mfrancois.piano[39m [0m[0ma éxécuté la commande [0m[0m [32mrecruit[39m [0m[0mdans[0m[0m [32mbot-dev-test[39m[0m
[104m2025-03-26T18:24:36.959Z [CLIENT DISCORD] [49m[0m[42m✅ Utilisateur 449432156595552257 bypass les permissions.[49m[0m
[41m2025-03-26T18:24:36.959Z [ERROR] ❌ Erreur critique : DiscordAPIError[50013]: Missing Permissions[49m
[104m2025-03-26T18:24:36.959Z [CLIENT DISCORD] [49m[0m[94m[COMAND][39m [32mfrancois.piano[39m [0m[0ma éxécuté la commande [0m[0m [32mrecruit[39m [0m[0mdans[0m[0m [32mbot-dev-test[39m[0m
[104m2025-03-26T18:24:36.959Z [CLIENT DISCORD] [49m[0m[42m✅ Utilisateur 449432156595552257 bypass les permissions.[49m[0m
[104m2025-03-26T18:24:36.959Z [CLIENT DISCORD] [49m[0m[94m[COMAND][39m [32mfrancois.piano[39m [0m[0ma éxécuté la commande [0m[0m [32mrecruit[39m [0m[0mdans[0m[0m [32mbot-dev-test[39m[0m
[104m2025-03-26T18:24:36.959Z [CLIENT DISCORD] [49m[0m[42m✅ Utilisateur 449432156595552257 bypass les permissions.[49m[0m
[104m2025-03-26T18:24:36.959Z [CLIENT DISCORD] [49m[0m[94m213 | Dpt. Shane Walsh a été recruté au sein du LSSD avec les rôles [object Object][39m[0m
[104m2025-03-26T18:24:36.959Z [CLIENT DISCORD] [49m[0m[94m[COMAND][39m [32mfrancois.piano[39m [0m[0ma éxécuté la commande [0m[0m [32mrecruit[39m [0m[0mdans[0m[0m [32mbot-dev-test[39m[0m
[104m2025-03-26T18:24:36.959Z [CLIENT DISCORD] [49m[0m[42m✅ Utilisateur 449432156595552257 bypass les permissions.[49m[0m
[104m2025-03-26T18:24:36.959Z [CLIENT DISCORD] [49m[0m[94m274 | Dpt. Shane Walsh a été recruté au sein du LSSD avec les rôles [object Object][39m[0m
[104m2025-03-26T18:24:36.959Z [CLIENT DISCORD] [49m[0m[94m[MESSAGE_SENT][39m [32m.darkodin92[39m [0m[0ma envoyé[0m[0m [32msuce[39m [0m[0mdans[0m[0m [32m🗯 Général[39m[0m
[104m2025-03-26T18:24:36.959Z [CLIENT DISCORD] [49m[0m[94m[MESSAGE_SENT][39m [32mfrancois.piano[39m [0m[0ma envoyé[0m[0m [32m<@729389796270800948> Walsh[39m [0m[0mdans[0m[0m [32m📌-hiérarchie[39m[0m
[104m2025-03-26T18:24:36.959Z [CLIENT DISCORD] [49m[0m$[MESSAGE UPTATED] null a été modifié par undefined francois.piano dans 📌-hiérarchie[0m
[104m2025-03-26T18:24:36.959Z [CLIENT DISCORD] [49m[0m[94m[MESSAGE_REMOVE][39m [32mfrancois.piano[39m [0m[0ma supprimé[0m[0m [32m<@729389796270800948> Shane Walsh[39m [0m[0mdans[0m[0m [32m📌-hiérarchie[39m[0m
[104m2025-03-26T18:24:36.959Z [CLIENT DISCORD] [49m[0m[94m[MESSAGE_SENT][39m [32mfrancois.piano[39m [0m[0ma envoyé[0m[0m [32m@everyone <@729389796270800948> <@978315768271880272> <@754646844046311454> <@439425425131962368> [39m[0m
[0m[32mvous venez ?[39m [0m[0mdans[0m[0m [32m💬-discussion-hrp[39m[0m
[104m2025-03-26T18:24:36.959Z [CLIENT DISCORD] [49m[0m[94m[MESSAGE_SENT][39m [32mfrancois.piano[39m [0m[0ma envoyé[0m[0m [32m(sous ordre du shériff)[39m [0m[0mdans[0m[0m [32m💬-discussion-hrp[39m[0m
[104m2025-03-26T18:24:36.959Z [CLIENT DISCORD] [49m[0m[94m[MESSAGE_SENT][39m [32mfrancois.piano[39m [0m[0ma envoyé[0m[0m [32m# <:lssd:1348069462317990028> Official statement from the Sandy Shore Station, Lieutenant Lennon.[39m[0m
[0m[32m> ## NOTE DE SERVICE • MODIFICATION DE LA HIERARCHIE[39m[0m
[0m[32m> ## Los Santos Sherif Departement[39m[0m
[0m[32m*A l'attention du corps d'application et de tous les officiers du LSSD.*[39m[0m
[0m[32m[39m[0m
[0m[32m> Nous vous prions de bien vouloir accueillir chaleureusement notre nouvelle agent fraîchement muté <@754646844046311454>.[39m[0m
[0m[32m[39m[0m
[0m[32mBien à vous,[39m[0m
[0m[32m[39m[0m
[0m[32m<@449432156595552257>.[39m [0m[0mdans[0m[0m [32m📢-annonce[39m[0m
[104m2025-03-26T18:24:36.959Z [CLIENT DISCORD] [49m[0m[94m[MESSAGE_SENT][39m [32mmathiieeuu[39m [0m[0ma envoyé[0m[0m [32mfinalament je ne viens pas perso[39m [0m[0mdans[0m[0m [32m💬-discussion-hrp[39m[0m
[104m2025-03-26T18:24:36.959Z [CLIENT DISCORD] [49m[0m$[MESSAGE UPTATED] null a été modifié par undefined mathiieeuu dans 💬-discussion-hrp[0m
