[104m2025-04-16T11:00:07.463Z [CLIENT DISCORD] [49m[0mLes modules  [32mloggers[39m [0m[0m ont correctement été exporté.[0m[0m[0m
[104m2025-04-16T11:00:07.463Z [CLIENT DISCORD] [49m[0mLes modules  [32mutils.js[39m [0m[0m ont correctement été exporté.[0m[0m[0m
[104m2025-04-16T11:00:07.463Z [CLIENT DISCORD] [49m[0mL'interaction  [32mcommands.js[39m [0m[0m ont correctement été exporté.[0m[0m[0m
[104m2025-04-16T11:00:07.463Z [CLIENT DISCORD] [49m[0mL'interaction  [32mbuttons.js[39m [0m[0m ont correctement été exporté.[0m[0m[0m
[104m2025-04-16T11:00:07.463Z [CLIENT DISCORD] [49m[0mL'interaction  [32mmodals.js[39m [0m[0m ont correctement été exporté.[0m[0m[0m
[42m[30m🔔2025-04-16T11:00:11.110Z [🟢 SOFT NOTIFY]  guildBanAdd.js,guildBanRemove.js,guildMemberAdd.js,guildMemberRemove.js,interactionCreate.js,messageCreate.js,messageDelete.js,messageUpdate.js,ready.js[39m[49m
[104m2025-04-16T11:00:07.463Z [CLIENT DISCORD] [49m[0m✅ Données rechargées depuis config.json : [object Object][0m
[45m2025-04-16T11:00:07.463Z [DEBUG] Hi !![49m
[104m2025-04-16T11:00:07.463Z [CLIENT DISCORD] [49m[0m[42m[30mChargement du fichier index.js[39m[49m[0m
[41m[30m🔔2025-04-16T11:00:11.113Z [🔴 CRITICAL NOTIFY]  Hey![39m[49m
[104m2025-04-16T11:00:07.463Z [CLIENT DISCORD] [49m[0m[42m[30mChargement des informations du package.[39m[49m[0m
[0m[42m[30m[39m[49m [46m[PACKAGE][49m [32mAuth. : François 🌺[39m[0m
[0m[32m[39m [46m[PACKAGE][49m [32mDepd. : @discordjs/voice, axios, chalk, discord.js, fs, play-dl, yt-search, ytdl-core, ytdl-core-discord[39m[0m
[0m[32m[39m [46m[PACKAGE][49m [32mDesc. : The official bot of LSSD.[39m[0m
[0m[32m[39m [46m[PACKAGE][49m [32mLisc. : ISC[39m[0m
[0m[32m[39m [46m[PACKAGE][49m [32mMain. : index.js[39m[0m
[0m[32m[39m [46m[PACKAGE][49m [32mName. : catherine[39m[0m
[0m[32m[39m [46m[PACKAGE][49m [32mScrp. : [object Object][39m[0m
[0m[32m[39m [46m[PACKAGE][49m [32mVers. : 1.2.1 - 1.2.09scho[39m[0m
[0m[32m[39m [46m[PACKAGE][49m [32mPatch Note. : **[PN_13-03-2025]** La version 1.2.01sc modifie les messages shift et patch la commande /clear.,[39m[0m
[0m[32m**[PN_14-03-2025]** La version 1.2.05sch modifie la commande /help pour ajouter des commandes spéciales.,[39m[0m
[0m[32m**[PN_19-03-2025]** La version 1.2.1 (1.2.09scho) patch la commande /openservice et modifie la commande /userinfo, ajoutant des informations.[39m[0m
[0m[32m[39m[0m
[104m2025-04-16T11:00:07.463Z [CLIENT DISCORD] [49m[0m[34m==============================[39m[0m
[104m2025-04-16T11:00:07.463Z [CLIENT DISCORD] [49m[0m[32m🚀 Démarrage du bot...[39m[0m
[104m2025-04-16T11:00:07.463Z [CLIENT DISCORD] [49m[0m[33m🔗 Connexion à Discord API...[39m[0m
[104m2025-04-16T11:00:07.463Z [CLIENT DISCORD] [49m[0m[36m✅ Bot RP en ligne ! Connect111é en tant que LSSD Bot#8045[39m[0m
[104m2025-04-16T11:00:07.463Z [CLIENT DISCORD] [49m[0m[34m==============================[39m[0m
[0m[34m[39m[0m
[104m2025-04-16T11:00:07.463Z [CLIENT DISCORD] [49m[0mGuild récupéré :  Los Santos Sheriff Dept.[0m
[104m2025-04-16T11:00:07.463Z [CLIENT DISCORD] [49m[0mCommandes existantes :  div, role, checklog, viewdata, cleardata, requestroleinit, bypass, register, music, info, pex, openservice, infoshift, recruit, help, ban, ticket, shutdown, userinfo, send, clear, kick, warn, mute, rename, shift, promote[0m
[43m2025-04-16T11:00:07.463Z [WARN] ⚠️ Commandes déjà enregistrées pour ce serveur.[49m
[42m[30m🔔2025-04-16T11:00:12.774Z [🟢 SOFT NOTIFY]  Arguments passés : [33mAucun[39m[30m[39m[49m
[42m[30m🔔2025-04-16T11:00:12.775Z [🟢 SOFT NOTIFY]  Aucun mode de lancement spécifié.[39m[49m
[104m2025-04-16T11:00:07.463Z [CLIENT DISCORD] [49m[0m[94m[MESSAGE_SENT][39m [32mfrancois.piano[39m [0m[0ma envoyé[0m[0m [32ml'état major j'imagine[39m [0m[0mdans[0m[0m [32m🚔-watch-commandement[39m[0m
[104m2025-04-16T11:00:07.463Z [CLIENT DISCORD] [49m[0m[94m[COMAND][39m [32mfrancois.piano[39m [0m[0ma éxécuté la commande [0m[0m [32mticket[39m [0m[0mdans[0m[0m [32mrapport-150425-travis-spencer[39m[0m
[104m2025-04-16T11:00:07.463Z [CLIENT DISCORD] [49m[0m[42m✅ Utilisateur 449432156595552257 bypass les permissions.[49m[0m
[45m2025-04-16T11:00:07.463Z [DEBUG] ticket.json avant modification: [object Object][49m
[45m2025-04-16T11:00:07.463Z [DEBUG] Ticket non trouvé, création...[49m
[45m2025-04-16T11:00:07.463Z [DEBUG] Ajout de l'utilisateur 1347944146496917505...[49m
[45m2025-04-16T11:00:07.463Z [DEBUG] ticket.json après modification: [object Object][49m
[41m2025-04-16T11:00:07.463Z [ERROR] (node:4556) Warning: Supplying "ephemeral" for interaction response options is deprecated. Utilize flags instead.[49m
[41m(Use `node --trace-warnings ...` to show where the warning was created)[49m
[104m2025-04-16T11:00:07.463Z [CLIENT DISCORD] [49m[0m[94m[MESSAGE_SENT][39m [32mfrancois.piano[39m [0m[0ma envoyé[0m[0m [32mnull[39m [0m[0mdans[0m[0m [32m⏰-prendre-rdv[39m[0m
[104m2025-04-16T11:00:07.463Z [CLIENT DISCORD] [49m[0m[94m[MESSAGE_REMOVE][39m [32mfrancois.piano[39m [0m[0ma supprimé[0m[0m [32mnull[39m [0m[0mdans[0m[0m [32m⏰-prendre-rdv[39m[0m
[104m2025-04-16T11:00:07.463Z [CLIENT DISCORD] [49m[0m[94m[MESSAGE_SENT][39m [32mkeegan_rp[39m [0m[0ma envoyé[0m[0m [32mBonjour,[39m[0m
[0m[32m[39m[0m
[0m[32mPour faciliter le traitement de votre rapport, pourriez-vous me lister les infractions relevées avec les codes correspondant aux articles, s'il vous plaît ? [39m[0m
[0m[32m[39m[0m
[0m[32m[39m[0m
[0m[32mBien cordialement,[39m [0m[0mdans[0m[0m [32mrapport-150425-travis-spencer[39m[0m
[104m2025-04-16T11:00:07.463Z [CLIENT DISCORD] [49m[0m[94m[MESSAGE_SENT][39m [32mkeegan_rp[39m [0m[0ma envoyé[0m[0m [32mConformément au rapport de police, les infractions retenues pour le plaider-coupable sont les suivantes : [39m[0m
[0m[32m[39m[0m
[0m[32m- Braquage de supérette ; [39m[0m
[0m[32m- Conduite sans permis ; [39m[0m
[0m[32m- Vol de véhicule ; [39m[0m
[0m[32m- Refus d'obtempérer. [39m[0m
[0m[32m[39m[0m
[0m[32mCordialement,[39m[0m
[0m[32m[39m[0m
[0m[32mA. Keegan • Procureur Général.[39m [0m[0mdans[0m[0m [32mrapport-150425-travis-spencer[39m[0m
[104m2025-04-16T11:00:07.463Z [CLIENT DISCORD] [49m[0m[94m[MESSAGE_SENT][39m [32mfrancois.piano[39m [0m[0ma envoyé[0m[0m [32mJe confirme ces dire. C'est une personne assz hautaine voulant absolument parvenir à ses fins.[39m [0m[0mdans[0m[0m [32mprocureur-général-keegan[39m[0m
[104m2025-04-16T11:00:07.463Z [CLIENT DISCORD] [49m[0m[94m[MESSAGE_SENT][39m [32mkeegan_rp[39m [0m[0ma envoyé[0m[0m [32mMerci de la confirmation. [39m[0m
[0m[32m[39m[0m
[0m[32mJ'aurais un peu de retard jeudi soir. J'atterris à 23h, le temps d'arriver avec mon chauffeur, il sera 23h20-30. [39m[0m
[0m[32m[39m[0m
[0m[32mLes individus pourront patienter.[39m [0m[0mdans[0m[0m [32mprocureur-général-keegan[39m[0m
[104m2025-04-16T11:00:07.463Z [CLIENT DISCORD] [49m[0m[94m[MESSAGE_SENT][39m [32mfrancois.piano[39m [0m[0ma envoyé[0m[0m [32mBien reçu, vous pensez tenir une audiance jeudi soir vers 23h30 ?[39m [0m[0mdans[0m[0m [32mprocureur-général-keegan[39m[0m
[104m2025-04-16T11:00:07.463Z [CLIENT DISCORD] [49m[0m[94m[MESSAGE_SENT][39m [32mkeegan_rp[39m [0m[0ma envoyé[0m[0m [32mOui, pour le plaider-coupable de M. Horde justement[39m [0m[0mdans[0m[0m [32mprocureur-général-keegan[39m[0m
[104m2025-04-16T11:00:07.463Z [CLIENT DISCORD] [49m[0m[94m[MESSAGE_SENT][39m [32mfrancois.piano[39m [0m[0ma envoyé[0m[0m [32mTrès bien, désirez vouq que l'on fasse un ordre de convocation à endroit précis pour 23h30 ?[39m [0m[0mdans[0m[0m [32mprocureur-général-keegan[39m[0m
[104m2025-04-16T11:00:07.463Z [CLIENT DISCORD] [49m[0m[94m[MESSAGE_SENT][39m [32mkeegan_rp[39m [0m[0ma envoyé[0m[0m [32mJe l'ai fait sur l'intranet principal. [39m[0m
[0m[32mÇa sera mieux fait quand j'aurais accès à mon outil informatique[39m [0m[0mdans[0m[0m [32mprocureur-général-keegan[39m[0m
[104m2025-04-16T14:36:17.008Z [CLIENT DISCORD] [49m[0mLes modules  [32mloggers[39m [0m[0m ont correctement été exporté.[0m[0m[0m
[104m2025-04-16T14:36:17.008Z [CLIENT DISCORD] [49m[0mLes modules  [32mutils.js[39m [0m[0m ont correctement été exporté.[0m[0m[0m
[104m2025-04-16T14:36:17.008Z [CLIENT DISCORD] [49m[0mL'interaction  [32mcommands.js[39m [0m[0m ont correctement été exporté.[0m[0m[0m
[104m2025-04-16T14:36:17.008Z [CLIENT DISCORD] [49m[0mL'interaction  [32mbuttons.js[39m [0m[0m ont correctement été exporté.[0m[0m[0m
[104m2025-04-16T14:36:17.008Z [CLIENT DISCORD] [49m[0mL'interaction  [32mmodals.js[39m [0m[0m ont correctement été exporté.[0m[0m[0m
[42m[30m🔔2025-04-16T14:36:17.466Z [🟢 SOFT NOTIFY]  guildBanAdd.js,guildBanRemove.js,guildMemberAdd.js,guildMemberRemove.js,interactionCreate.js,messageCreate.js,messageDelete.js,messageUpdate.js,ready.js[39m[49m
[104m2025-04-16T14:36:17.008Z [CLIENT DISCORD] [49m[0m✅ Données rechargées depuis config.json : [object Object][0m
[45m2025-04-16T14:36:17.008Z [DEBUG] Hi !![49m
[104m2025-04-16T14:36:17.008Z [CLIENT DISCORD] [49m[0m[42m[30mChargement du fichier index.js[39m[49m[0m
[41m[30m🔔2025-04-16T14:36:17.469Z [🔴 CRITICAL NOTIFY]  Hey![39m[49m
[104m2025-04-16T14:36:17.008Z [CLIENT DISCORD] [49m[0m[42m[30mChargement des informations du package.[39m[49m[0m
[0m[42m[30m[39m[49m [46m[PACKAGE][49m [32mAuth. : François 🌺[39m[0m
[0m[32m[39m [46m[PACKAGE][49m [32mDepd. : @discordjs/voice, axios, chalk, discord.js, fs, play-dl, yt-search, ytdl-core, ytdl-core-discord[39m[0m
[0m[32m[39m [46m[PACKAGE][49m [32mDesc. : The official bot of LSSD.[39m[0m
[0m[32m[39m [46m[PACKAGE][49m [32mLisc. : ISC[39m[0m
[0m[32m[39m [46m[PACKAGE][49m [32mMain. : index.js[39m[0m
[0m[32m[39m [46m[PACKAGE][49m [32mName. : catherine[39m[0m
[0m[32m[39m [46m[PACKAGE][49m [32mScrp. : [object Object][39m[0m
[0m[32m[39m [46m[PACKAGE][49m [32mVers. : 1.2.1 - 1.2.09scho[39m[0m
[0m[32m[39m [46m[PACKAGE][49m [32mPatch Note. : **[PN_13-03-2025]** La version 1.2.01sc modifie les messages shift et patch la commande /clear.,[39m[0m
[0m[32m**[PN_14-03-2025]** La version 1.2.05sch modifie la commande /help pour ajouter des commandes spéciales.,[39m[0m
[0m[32m**[PN_19-03-2025]** La version 1.2.1 (1.2.09scho) patch la commande /openservice et modifie la commande /userinfo, ajoutant des informations.[39m[0m
[0m[32m[39m[0m
[104m2025-04-16T14:36:17.008Z [CLIENT DISCORD] [49m[0m[34m==============================[39m[0m
[104m2025-04-16T14:36:17.008Z [CLIENT DISCORD] [49m[0m[32m🚀 Démarrage du bot...[39m[0m
[104m2025-04-16T14:36:17.008Z [CLIENT DISCORD] [49m[0m[33m🔗 Connexion à Discord API...[39m[0m
[104m2025-04-16T14:36:17.008Z [CLIENT DISCORD] [49m[0m[36m✅ Bot RP en ligne ! Connect111é en tant que LSSD Bot#8045[39m[0m
[104m2025-04-16T14:36:17.008Z [CLIENT DISCORD] [49m[0m[34m==============================[39m[0m
[0m[34m[39m[0m
[104m2025-04-16T14:36:17.008Z [CLIENT DISCORD] [49m[0mGuild récupéré :  Los Santos Sheriff Dept.[0m
[104m2025-04-16T14:36:17.008Z [CLIENT DISCORD] [49m[0mCommandes existantes :  div, role, checklog, viewdata, cleardata, requestroleinit, bypass, register, music, info, pex, openservice, infoshift, recruit, help, ban, ticket, shutdown, userinfo, send, clear, kick, warn, mute, rename, shift, promote[0m
[43m2025-04-16T14:36:17.008Z [WARN] ⚠️ Commandes déjà enregistrées pour ce serveur.[49m
[42m[30m🔔2025-04-16T14:36:18.587Z [🟢 SOFT NOTIFY]  Arguments passés : clearcommand[39m[49m
[42m[30m🔔2025-04-16T14:36:18.588Z [🟢 SOFT NOTIFY]  Le mode 'clearcommand' est activé.[39m[49m
[104m2025-04-16T14:36:17.008Z [CLIENT DISCORD] [49m[0mToutes les commandes du serveur Los Santos Sheriff Dept. ont été supprimées.[0m
[104m2025-04-16T14:36:17.008Z [CLIENT DISCORD] [49m[0m[94m[MESSAGE_SENT][39m [32mfrancois.piano[39m [0m[0ma envoyé[0m[0m [32mOui ok, je parlais de l'intranet.[39m [0m[0mdans[0m[0m [32mprocureur-général-keegan[39m[0m
[104m2025-04-16T14:36:38.180Z [CLIENT DISCORD] [49m[0mLes modules  [32mloggers[39m [0m[0m ont correctement été exporté.[0m[0m[0m
[104m2025-04-16T14:36:38.180Z [CLIENT DISCORD] [49m[0mLes modules  [32mutils.js[39m [0m[0m ont correctement été exporté.[0m[0m[0m
[104m2025-04-16T14:36:38.180Z [CLIENT DISCORD] [49m[0mL'interaction  [32mcommands.js[39m [0m[0m ont correctement été exporté.[0m[0m[0m
[104m2025-04-16T14:36:38.180Z [CLIENT DISCORD] [49m[0mL'interaction  [32mbuttons.js[39m [0m[0m ont correctement été exporté.[0m[0m[0m
[104m2025-04-16T14:36:38.180Z [CLIENT DISCORD] [49m[0mL'interaction  [32mmodals.js[39m [0m[0m ont correctement été exporté.[0m[0m[0m
[42m[30m🔔2025-04-16T14:36:38.266Z [🟢 SOFT NOTIFY]  guildBanAdd.js,guildBanRemove.js,guildMemberAdd.js,guildMemberRemove.js,interactionCreate.js,messageCreate.js,messageDelete.js,messageUpdate.js,ready.js[39m[49m
[104m2025-04-16T14:36:38.180Z [CLIENT DISCORD] [49m[0m✅ Données rechargées depuis config.json : [object Object][0m
[45m2025-04-16T14:36:38.180Z [DEBUG] Hi !![49m
[104m2025-04-16T14:36:38.180Z [CLIENT DISCORD] [49m[0m[42m[30mChargement du fichier index.js[39m[49m[0m
[41m[30m🔔2025-04-16T14:36:38.268Z [🔴 CRITICAL NOTIFY]  Hey![39m[49m
[104m2025-04-16T14:36:38.180Z [CLIENT DISCORD] [49m[0m[42m[30mChargement des informations du package.[39m[49m[0m
[0m[42m[30m[39m[49m [46m[PACKAGE][49m [32mAuth. : François 🌺[39m[0m
[0m[32m[39m [46m[PACKAGE][49m [32mDepd. : @discordjs/voice, axios, chalk, discord.js, fs, play-dl, yt-search, ytdl-core, ytdl-core-discord[39m[0m
[0m[32m[39m [46m[PACKAGE][49m [32mDesc. : The official bot of LSSD.[39m[0m
[0m[32m[39m [46m[PACKAGE][49m [32mLisc. : ISC[39m[0m
[0m[32m[39m [46m[PACKAGE][49m [32mMain. : index.js[39m[0m
[0m[32m[39m [46m[PACKAGE][49m [32mName. : catherine[39m[0m
[0m[32m[39m [46m[PACKAGE][49m [32mScrp. : [object Object][39m[0m
[0m[32m[39m [46m[PACKAGE][49m [32mVers. : 1.2.1 - 1.2.09scho[39m[0m
[0m[32m[39m [46m[PACKAGE][49m [32mPatch Note. : **[PN_13-03-2025]** La version 1.2.01sc modifie les messages shift et patch la commande /clear.,[39m[0m
[0m[32m**[PN_14-03-2025]** La version 1.2.05sch modifie la commande /help pour ajouter des commandes spéciales.,[39m[0m
[0m[32m**[PN_19-03-2025]** La version 1.2.1 (1.2.09scho) patch la commande /openservice et modifie la commande /userinfo, ajoutant des informations.[39m[0m
[0m[32m[39m[0m
[104m2025-04-16T14:36:38.180Z [CLIENT DISCORD] [49m[0m[34m==============================[39m[0m
[104m2025-04-16T14:36:38.180Z [CLIENT DISCORD] [49m[0m[32m🚀 Démarrage du bot...[39m[0m
[104m2025-04-16T14:36:38.180Z [CLIENT DISCORD] [49m[0m[33m🔗 Connexion à Discord API...[39m[0m
[104m2025-04-16T14:36:38.180Z [CLIENT DISCORD] [49m[0m[36m✅ Bot RP en ligne ! Connect111é en tant que LSSD Bot#8045[39m[0m
[104m2025-04-16T14:36:38.180Z [CLIENT DISCORD] [49m[0m[34m==============================[39m[0m
[0m[34m[39m[0m
[104m2025-04-16T14:36:38.180Z [CLIENT DISCORD] [49m[0mGuild récupéré :  Los Santos Sheriff Dept.[0m
[104m2025-04-16T14:36:38.180Z [CLIENT DISCORD] [49m[0mCommandes existantes :  [0m
[104m2025-04-16T14:36:38.180Z [CLIENT DISCORD] [49m[0mAucune commande trouvée. Enregistrement des commandes...[0m
[104m2025-04-16T14:36:38.180Z [CLIENT DISCORD] [49m[0mListe des commandes chargées :  0, 1, 2, 3, 4, 5, 6, 7, 8, 9, 10, 11, 12, 13, 14, 15, 16, 17, 18, 19, 20, 21, 22, 23, 24, 25, 26, 27[0m
[42m[30m🔔2025-04-16T14:36:39.877Z [🟢 SOFT NOTIFY]  ✅ Commandes enregistrées pour le serveur ![39m[49m
[42m[30m🔔2025-04-16T14:36:39.877Z [🟢 SOFT NOTIFY]  Arguments passés : [33mAucun[39m[30m[39m[49m
[42m[30m🔔2025-04-16T14:36:39.878Z [🟢 SOFT NOTIFY]  Aucun mode de lancement spécifié.[39m[49m
[104m2025-04-16T14:36:41.147Z [CLIENT DISCORD] [49m[0mLes modules  [32mloggers[39m [0m[0m ont correctement été exporté.[0m[0m[0m
[104m2025-04-16T14:36:41.147Z [CLIENT DISCORD] [49m[0mLes modules  [32mutils.js[39m [0m[0m ont correctement été exporté.[0m[0m[0m
[104m2025-04-16T14:36:41.147Z [CLIENT DISCORD] [49m[0mL'interaction  [32mcommands.js[39m [0m[0m ont correctement été exporté.[0m[0m[0m
[104m2025-04-16T14:36:41.147Z [CLIENT DISCORD] [49m[0mL'interaction  [32mbuttons.js[39m [0m[0m ont correctement été exporté.[0m[0m[0m
[104m2025-04-16T14:36:41.147Z [CLIENT DISCORD] [49m[0mL'interaction  [32mmodals.js[39m [0m[0m ont correctement été exporté.[0m[0m[0m
[42m[30m🔔2025-04-16T14:36:41.227Z [🟢 SOFT NOTIFY]  guildBanAdd.js,guildBanRemove.js,guildMemberAdd.js,guildMemberRemove.js,interactionCreate.js,messageCreate.js,messageDelete.js,messageUpdate.js,ready.js[39m[49m
[104m2025-04-16T14:36:41.147Z [CLIENT DISCORD] [49m[0m✅ Données rechargées depuis config.json : [object Object][0m
[45m2025-04-16T14:36:41.147Z [DEBUG] Hi !![49m
[104m2025-04-16T14:36:41.147Z [CLIENT DISCORD] [49m[0m[42m[30mChargement du fichier index.js[39m[49m[0m
[41m[30m🔔2025-04-16T14:36:41.228Z [🔴 CRITICAL NOTIFY]  Hey![39m[49m
[104m2025-04-16T14:36:41.147Z [CLIENT DISCORD] [49m[0m[42m[30mChargement des informations du package.[39m[49m[0m
[0m[42m[30m[39m[49m [46m[PACKAGE][49m [32mAuth. : François 🌺[39m[0m
[0m[32m[39m [46m[PACKAGE][49m [32mDepd. : @discordjs/voice, axios, chalk, discord.js, fs, play-dl, yt-search, ytdl-core, ytdl-core-discord[39m[0m
[0m[32m[39m [46m[PACKAGE][49m [32mDesc. : The official bot of LSSD.[39m[0m
[0m[32m[39m [46m[PACKAGE][49m [32mLisc. : ISC[39m[0m
[0m[32m[39m [46m[PACKAGE][49m [32mMain. : index.js[39m[0m
[0m[32m[39m [46m[PACKAGE][49m [32mName. : catherine[39m[0m
[0m[32m[39m [46m[PACKAGE][49m [32mScrp. : [object Object][39m[0m
[0m[32m[39m [46m[PACKAGE][49m [32mVers. : 1.2.1 - 1.2.09scho[39m[0m
[0m[32m[39m [46m[PACKAGE][49m [32mPatch Note. : **[PN_13-03-2025]** La version 1.2.01sc modifie les messages shift et patch la commande /clear.,[39m[0m
[0m[32m**[PN_14-03-2025]** La version 1.2.05sch modifie la commande /help pour ajouter des commandes spéciales.,[39m[0m
[0m[32m**[PN_19-03-2025]** La version 1.2.1 (1.2.09scho) patch la commande /openservice et modifie la commande /userinfo, ajoutant des informations.[39m[0m
[0m[32m[39m[0m
[104m2025-04-16T14:36:41.147Z [CLIENT DISCORD] [49m[0m[34m==============================[39m[0m
[104m2025-04-16T14:36:41.147Z [CLIENT DISCORD] [49m[0m[32m🚀 Démarrage du bot...[39m[0m
[104m2025-04-16T14:36:41.147Z [CLIENT DISCORD] [49m[0m[33m🔗 Connexion à Discord API...[39m[0m
[104m2025-04-16T14:36:41.147Z [CLIENT DISCORD] [49m[0m[36m✅ Bot RP en ligne ! Connect111é en tant que LSSD Bot#8045[39m[0m
[104m2025-04-16T14:36:41.147Z [CLIENT DISCORD] [49m[0m[34m==============================[39m[0m
[0m[34m[39m[0m
[104m2025-04-16T14:36:41.147Z [CLIENT DISCORD] [49m[0mGuild récupéré :  Los Santos Sheriff Dept.[0m
[104m2025-04-16T14:36:41.147Z [CLIENT DISCORD] [49m[0mCommandes existantes :  createreport, div, role, checklog, viewdata, cleardata, requestroleinit, bypass, register, music, info, pex, openservice, infoshift, recruit, help, ban, ticket, shutdown, userinfo, send, clear, kick, warn, mute, rename, shift, promote[0m
[43m2025-04-16T14:36:41.147Z [WARN] ⚠️ Commandes déjà enregistrées pour ce serveur.[49m
[42m[30m🔔2025-04-16T14:36:42.677Z [🟢 SOFT NOTIFY]  Arguments passés : [33mAucun[39m[30m[39m[49m
[42m[30m🔔2025-04-16T14:36:42.677Z [🟢 SOFT NOTIFY]  Aucun mode de lancement spécifié.[39m[49m
[104m2025-04-16T14:36:41.147Z [CLIENT DISCORD] [49m[0m[94m[COMAND][39m [32mfrancois.piano[39m [0m[0ma éxécuté la commande [0m[0m [32mrole[39m [0m[0mdans[0m[0m [32mbot-dev-2[39m[0m
[104m2025-04-16T14:36:41.147Z [CLIENT DISCORD] [49m[0m[42m✅ Utilisateur 449432156595552257 bypass les permissions.[49m[0m
[104m2025-04-16T14:36:41.147Z [CLIENT DISCORD] [49m[0m[94m[COMAND][39m [32mfrancois.piano[39m [0m[0ma éxécuté la commande [0m[0m [32mcreatereport[39m [0m[0mdans[0m[0m [32mbot-dev-2[39m[0m
[104m2025-04-16T14:36:41.147Z [CLIENT DISCORD] [49m[0m[42m✅ Utilisateur 449432156595552257 bypass les permissions.[49m[0m
[104m2025-04-16T14:37:59.530Z [CLIENT DISCORD] [49m[0mLes modules  [32mloggers[39m [0m[0m ont correctement été exporté.[0m[0m[0m
[104m2025-04-16T14:37:59.530Z [CLIENT DISCORD] [49m[0mLes modules  [32mutils.js[39m [0m[0m ont correctement été exporté.[0m[0m[0m
[104m2025-04-16T14:37:59.530Z [CLIENT DISCORD] [49m[0mL'interaction  [32mcommands.js[39m [0m[0m ont correctement été exporté.[0m[0m[0m
[104m2025-04-16T14:37:59.530Z [CLIENT DISCORD] [49m[0mL'interaction  [32mbuttons.js[39m [0m[0m ont correctement été exporté.[0m[0m[0m
[104m2025-04-16T14:37:59.530Z [CLIENT DISCORD] [49m[0mL'interaction  [32mmodals.js[39m [0m[0m ont correctement été exporté.[0m[0m[0m
[42m[30m🔔2025-04-16T14:37:59.621Z [🟢 SOFT NOTIFY]  guildBanAdd.js,guildBanRemove.js,guildMemberAdd.js,guildMemberRemove.js,interactionCreate.js,messageCreate.js,messageDelete.js,messageUpdate.js,ready.js[39m[49m
[104m2025-04-16T14:37:59.530Z [CLIENT DISCORD] [49m[0m✅ Données rechargées depuis config.json : [object Object][0m
[45m2025-04-16T14:37:59.530Z [DEBUG] Hi !![49m
[104m2025-04-16T14:37:59.530Z [CLIENT DISCORD] [49m[0m[42m[30mChargement du fichier index.js[39m[49m[0m
[41m[30m🔔2025-04-16T14:37:59.623Z [🔴 CRITICAL NOTIFY]  Hey![39m[49m
[104m2025-04-16T14:37:59.530Z [CLIENT DISCORD] [49m[0m[42m[30mChargement des informations du package.[39m[49m[0m
[0m[42m[30m[39m[49m [46m[PACKAGE][49m [32mAuth. : François 🌺[39m[0m
[0m[32m[39m [46m[PACKAGE][49m [32mDepd. : @discordjs/voice, axios, chalk, discord.js, fs, play-dl, yt-search, ytdl-core, ytdl-core-discord[39m[0m
[0m[32m[39m [46m[PACKAGE][49m [32mDesc. : The official bot of LSSD.[39m[0m
[0m[32m[39m [46m[PACKAGE][49m [32mLisc. : ISC[39m[0m
[0m[32m[39m [46m[PACKAGE][49m [32mMain. : index.js[39m[0m
[0m[32m[39m [46m[PACKAGE][49m [32mName. : catherine[39m[0m
[0m[32m[39m [46m[PACKAGE][49m [32mScrp. : [object Object][39m[0m
[0m[32m[39m [46m[PACKAGE][49m [32mVers. : 1.2.1 - 1.2.09scho[39m[0m
[0m[32m[39m [46m[PACKAGE][49m [32mPatch Note. : **[PN_13-03-2025]** La version 1.2.01sc modifie les messages shift et patch la commande /clear.,[39m[0m
[0m[32m**[PN_14-03-2025]** La version 1.2.05sch modifie la commande /help pour ajouter des commandes spéciales.,[39m[0m
[0m[32m**[PN_19-03-2025]** La version 1.2.1 (1.2.09scho) patch la commande /openservice et modifie la commande /userinfo, ajoutant des informations.[39m[0m
[0m[32m[39m[0m
[104m2025-04-16T14:37:59.530Z [CLIENT DISCORD] [49m[0m[34m==============================[39m[0m
[104m2025-04-16T14:37:59.530Z [CLIENT DISCORD] [49m[0m[32m🚀 Démarrage du bot...[39m[0m
[104m2025-04-16T14:37:59.530Z [CLIENT DISCORD] [49m[0m[33m🔗 Connexion à Discord API...[39m[0m
[104m2025-04-16T14:37:59.530Z [CLIENT DISCORD] [49m[0m[36m✅ Bot RP en ligne ! Connect111é en tant que LSSD Bot#8045[39m[0m
[104m2025-04-16T14:37:59.530Z [CLIENT DISCORD] [49m[0m[34m==============================[39m[0m
[0m[34m[39m[0m
[104m2025-04-16T14:37:59.530Z [CLIENT DISCORD] [49m[0mGuild récupéré :  Los Santos Sheriff Dept.[0m
[104m2025-04-16T14:37:59.530Z [CLIENT DISCORD] [49m[0mCommandes existantes :  createreport, div, role, checklog, viewdata, cleardata, requestroleinit, bypass, register, music, info, pex, openservice, infoshift, recruit, help, ban, ticket, shutdown, userinfo, send, clear, kick, warn, mute, rename, shift, promote[0m
[43m2025-04-16T14:37:59.530Z [WARN] ⚠️ Commandes déjà enregistrées pour ce serveur.[49m
[42m[30m🔔2025-04-16T14:38:00.786Z [🟢 SOFT NOTIFY]  Arguments passés : [33mAucun[39m[30m[39m[49m
[42m[30m🔔2025-04-16T14:38:00.787Z [🟢 SOFT NOTIFY]  Aucun mode de lancement spécifié.[39m[49m
[104m2025-04-16T14:37:59.530Z [CLIENT DISCORD] [49m[0m[94m[MESSAGE_SENT][39m [32mfrancois.piano[39m [0m[0ma envoyé[0m[0m [32mEn effet je me suis trompé, je vous prie de bien vouloir m'excuser.[39m [0m[0mdans[0m[0m [32mrapport-140425-tigrane-horde[39m[0m
[104m2025-04-16T14:37:59.530Z [CLIENT DISCORD] [49m[0m$[MEMBER REMOVE] romrom123 est parti à function timeStamp() { [native code] }[0m
[104m2025-04-16T14:37:59.530Z [CLIENT DISCORD] [49m[0m[ACTION BUTTON] dir of command /ticket has been used.[0m
[104m2025-04-16T14:37:59.530Z [CLIENT DISCORD] [49m[0m[BUTTON] clemloige a exécuté l'interaction bouton dir dans 1252239174610718782[0m
[104m2025-04-16T14:37:59.530Z [CLIENT DISCORD] [49m[0m[ACTION BUTTON] New channel create[0m
[41m2025-04-16T14:37:59.530Z [ERROR] (node:22080) Warning: Supplying "ephemeral" for interaction response options is deprecated. Utilize flags instead.[49m
[41m(Use `node --trace-warnings ...` to show where the warning was created)[49m
[104m2025-04-16T14:37:59.530Z [CLIENT DISCORD] [49m[0m[94m[MESSAGE_SENT][39m [32mclemloige[39m [0m[0ma envoyé[0m[0m [32mBonjour, suite à ma convocation je souhaite avoir mon dossier, merci[39m [0m[0mdans[0m[0m [32mdir-clemloige[39m[0m
[104m2025-04-16T14:37:59.530Z [CLIENT DISCORD] [49m[0m[94m[MESSAGE_SENT][39m [32mmathiieeuu[39m [0m[0ma envoyé[0m[0m [32mMonsieur Travis SPENCER, à cause de la prise d'otage, n'a pas pu être ramené au Bureau de la division 11 du LSSD, son identité n'a donc pas pu être vérifié.[39m [0m[0mdans[0m[0m [32mrapport-150425-travis-spencer[39m[0m
[104m2025-04-16T14:37:59.530Z [CLIENT DISCORD] [49m[0m[94m[MESSAGE_SENT][39m [32mmathiieeuu[39m [0m[0ma envoyé[0m[0m [32mRésumé des faits reprochés :[39m[0m
[0m[32m[39m[0m
[0m[32mL’individu nommé Travis SPENCER,[39m[0m
[0m[32mNée le 11/03/2000,[39m[0m
[0m[32m[39m[0m
[0m[32mA le 15 avril 2025 à 16h20, omis sciemment d'obtempérer à une sommation de s'arrêter émanant d'un[39m[0m
[0m[32mfonctionnaire ou agent chargé de constater les infractions, et muni des insignes extérieurs et apparents[39m[0m
[0m[32mde sa qualité, en l'espèce en 2 véhicules du Los Santos Sheriff Department avec gyrophares et sirènes. Article B-4 Code Pénal[39m[0m
[0m[32m[39m[0m
[0m[32mA le 15 avril 2025 à 16h20, exposé directement autrui, en l'espèce les usagers de la route et les[39m[0m
[0m[32mvéhicules en stationnements, à un risque immédiat de mort ou blessures de nature à entraîner une[39m[0m
[0m[32mmutilation ou une infirmité permanente, par violation manifestent délibérée d'une obligation[39m[0m
[0m[32mparticulière de prudence ou de sécurité prévue par la loi ou le règlement, en l'espèce avoir conduit un[39m[0m
[0m[32mvéhicule Mesa Grande immatriculé IGYEY439 à des vitesses excessives. Article B-3 Code Pénal[39m[0m
[0m[32m[39m[0m
[0m[32mA le 15 avril 2025 à 16h20, conduit un véhicule sans être titulaire du permis de conduire valable pour[39m[0m
[0m[32mcette catégorie de v...[39m [0m[0mdans[0m[0m [32mrapport-150425-travis-spencer[39m[0m
[104m2025-04-16T14:37:59.530Z [CLIENT DISCORD] [49m[0m[94m[MESSAGE_SENT][39m [32mmathiieeuu[39m [0m[0ma envoyé[0m[0m [32mMonsieur Travis SPENCER souhaite se défendre sois même et donc avoir accès à son dossier, dois-je l'ajouter ici ?[39m [0m[0mdans[0m[0m [32mrapport-150425-travis-spencer[39m[0m
[104m2025-04-16T14:37:59.530Z [CLIENT DISCORD] [49m[0m[94m[MESSAGE_SENT][39m [32mkeegan_rp[39m [0m[0ma envoyé[0m[0m [32mOui, vous pouvez.[39m [0m[0mdans[0m[0m [32mrapport-150425-travis-spencer[39m[0m
[104m2025-04-16T14:37:59.530Z [CLIENT DISCORD] [49m[0m[94m[MESSAGE_SENT][39m [32mfrancois.piano[39m [0m[0ma envoyé[0m[0m [32mBonsoir, votre demande a été transmise aux autorités responsable. Vous allez avoir une réponse incéssamment sous peu.[39m [0m[0mdans[0m[0m [32mdir-clemloige[39m[0m
[104m2025-04-16T14:37:59.530Z [CLIENT DISCORD] [49m[0m[94m[MESSAGE_SENT][39m [32mclemloige[39m [0m[0ma envoyé[0m[0m [32mDaccord merci[39m [0m[0mdans[0m[0m [32mdir-clemloige[39m[0m
[104m2025-04-16T14:37:59.530Z [CLIENT DISCORD] [49m[0m[94m[COMAND][39m [32mfrancois.piano[39m [0m[0ma éxécuté la commande [0m[0m [32mopenservice[39m [0m[0mdans[0m[0m [32m👥-présence[39m[0m
[104m2025-04-16T14:37:59.530Z [CLIENT DISCORD] [49m[0m[42m✅ Utilisateur 449432156595552257 bypass les permissions.[49m[0m
[41m2025-04-16T14:37:59.530Z [ERROR] (node:22080) Warning: Supplying "fetchReply" for interaction response options is deprecated. Utilize "withResponse" instead or fetch the response after using the method.[49m
[104m2025-04-16T14:37:59.530Z [CLIENT DISCORD] [49m[0m✅ Données stockées : [object Object][0m
[104m2025-04-16T14:37:59.530Z [CLIENT DISCORD] [49m[0m✅ Données écrites dans config.json : {[0m
[0m    "messageId": "1362130951601258551",[0m
[0m    "participants": {[0m
[0m        "yes": [],[0m
[0m        "no": [],[0m
[0m        "maybe": [][0m
[0m    }[0m
[0m}[0m
[104m2025-04-16T14:37:59.530Z [CLIENT DISCORD] [49m[0m🔵 Interaction détectée : yes[0m
[104m2025-04-16T14:37:59.530Z [CLIENT DISCORD] [49m[0m🟢 clientData trouvé : [object Object][0m
[104m2025-04-16T14:37:59.530Z [CLIENT DISCORD] [49m[0m📌 ID du message enregistré : 1362130951601258551[0m
[104m2025-04-16T14:37:59.530Z [CLIENT DISCORD] [49m[0m📌 ID du message de l'interaction : 1362130951601258551[0m
[104m2025-04-16T14:37:59.530Z [CLIENT DISCORD] [49m[0m🟢 Avant modification des participants : [object Object][0m
[104m2025-04-16T14:37:59.530Z [CLIENT DISCORD] [49m[0m🟢 Après modification des participants : [object Object][0m
[104m2025-04-16T14:37:59.530Z [CLIENT DISCORD] [49m[0m🟢 Embed mis à jour : [object Object][0m
[104m2025-04-16T14:37:59.530Z [CLIENT DISCORD] [49m[0m[BUTTON] francois.piano a exécuté l'interaction bouton yes dans 1347963262892904469[0m
[104m2025-04-16T14:37:59.530Z [CLIENT DISCORD] [49m[0m🔵 Interaction détectée : yes[0m
[104m2025-04-16T14:37:59.530Z [CLIENT DISCORD] [49m[0m🟢 clientData trouvé : [object Object][0m
[104m2025-04-16T14:37:59.530Z [CLIENT DISCORD] [49m[0m📌 ID du message enregistré : 1362130951601258551[0m
[104m2025-04-16T14:37:59.530Z [CLIENT DISCORD] [49m[0m📌 ID du message de l'interaction : 1362130951601258551[0m
[104m2025-04-16T14:37:59.530Z [CLIENT DISCORD] [49m[0m🟢 Avant modification des participants : [object Object][0m
[104m2025-04-16T14:37:59.530Z [CLIENT DISCORD] [49m[0m🟢 Après modification des participants : [object Object][0m
[104m2025-04-16T14:37:59.530Z [CLIENT DISCORD] [49m[0m🟢 Embed mis à jour : [object Object][0m
[104m2025-04-16T14:37:59.530Z [CLIENT DISCORD] [49m[0m[BUTTON] .darkodin92 a exécuté l'interaction bouton yes dans 1347963262892904469[0m
[104m2025-04-16T14:37:59.530Z [CLIENT DISCORD] [49m[0m[94m[COMAND][39m [32mfrancois.piano[39m [0m[0ma éxécuté la commande [0m[0m [32mticket[39m [0m[0mdans[0m[0m [32mdir-clemloige[39m[0m
[104m2025-04-16T14:37:59.530Z [CLIENT DISCORD] [49m[0m[42m✅ Utilisateur 449432156595552257 bypass les permissions.[49m[0m
[104m2025-04-16T14:37:59.530Z [CLIENT DISCORD] [49m[0m🔵 Interaction détectée : maybe[0m
[104m2025-04-16T14:37:59.530Z [CLIENT DISCORD] [49m[0m🟢 clientData trouvé : [object Object][0m
[104m2025-04-16T14:37:59.530Z [CLIENT DISCORD] [49m[0m📌 ID du message enregistré : 1362130951601258551[0m
[104m2025-04-16T14:37:59.530Z [CLIENT DISCORD] [49m[0m📌 ID du message de l'interaction : 1362130951601258551[0m
[104m2025-04-16T14:37:59.530Z [CLIENT DISCORD] [49m[0m🟢 Avant modification des participants : [object Object][0m
[104m2025-04-16T14:37:59.530Z [CLIENT DISCORD] [49m[0m🟢 Après modification des participants : [object Object][0m
[104m2025-04-16T14:37:59.530Z [CLIENT DISCORD] [49m[0m🟢 Embed mis à jour : [object Object][0m
[104m2025-04-16T14:37:59.530Z [CLIENT DISCORD] [49m[0m[BUTTON] julinox a exécuté l'interaction bouton maybe dans 1347963262892904469[0m
[104m2025-04-16T14:37:59.530Z [CLIENT DISCORD] [49m[0m🔵 Interaction détectée : yes[0m
[104m2025-04-16T14:37:59.530Z [CLIENT DISCORD] [49m[0m🟢 clientData trouvé : [object Object][0m
[104m2025-04-16T14:37:59.530Z [CLIENT DISCORD] [49m[0m📌 ID du message enregistré : 1362130951601258551[0m
[104m2025-04-16T14:37:59.530Z [CLIENT DISCORD] [49m[0m📌 ID du message de l'interaction : 1362130951601258551[0m
[104m2025-04-16T14:37:59.530Z [CLIENT DISCORD] [49m[0m🟢 Avant modification des participants : [object Object][0m
[104m2025-04-16T14:37:59.530Z [CLIENT DISCORD] [49m[0m🟢 Après modification des participants : [object Object][0m
[104m2025-04-16T14:37:59.530Z [CLIENT DISCORD] [49m[0m🟢 Embed mis à jour : [object Object][0m
[104m2025-04-16T14:37:59.530Z [CLIENT DISCORD] [49m[0m[BUTTON] mathiieeuu a exécuté l'interaction bouton yes dans 1347963262892904469[0m
[104m2025-04-16T14:37:59.530Z [CLIENT DISCORD] [49m[0m[94m[MESSAGE_SENT][39m [32mmathiieeuu[39m [0m[0ma envoyé[0m[0m [32mJe mange et j’arrive[39m [0m[0mdans[0m[0m [32mPrésents - 4/16/2025[39m[0m
[104m2025-04-16T14:37:59.530Z [CLIENT DISCORD] [49m[0m[94m[MESSAGE_SENT][39m [32mfrancois.piano[39m [0m[0ma envoyé[0m[0m [32mok[39m [0m[0mdans[0m[0m [32mPrésents - 4/16/2025[39m[0m
[104m2025-04-16T14:37:59.530Z [CLIENT DISCORD] [49m[0m[94m[COMAND][39m [32mmathiieeuu[39m [0m[0ma éxécuté la commande [0m[0m [32mticket[39m [0m[0mdans[0m[0m [32mrapport-150425-travis-spencer[39m[0m
[104m2025-04-16T14:37:59.530Z [CLIENT DISCORD] [49m[0m✅ Permission accordée à 729389796270800948 pour la commande "ticket".[0m
[45m2025-04-16T14:37:59.530Z [DEBUG] ticket.json avant modification: [object Object][49m
[45m2025-04-16T14:37:59.530Z [DEBUG] Ajout de l'utilisateur 939422057270239232...[49m
[45m2025-04-16T14:37:59.530Z [DEBUG] ticket.json après modification: [object Object][49m
[104m2025-04-16T14:37:59.530Z [CLIENT DISCORD] [49m[0m[94m[MESSAGE_SENT][39m [32mmathiieeuu[39m [0m[0ma envoyé[0m[0m [32mMonsieur <@939422057270239232> [39m[0m
[0m[32m[39m[0m
[0m[32mVous avez désormais accès au dossier d'arrestation résumant les faits qui vous sont reprochés.[39m [0m[0mdans[0m[0m [32mrapport-150425-travis-spencer[39m[0m
[104m2025-04-16T14:37:59.530Z [CLIENT DISCORD] [49m[0m[94m[MESSAGE_SENT][39m [32mclemloige[39m [0m[0ma envoyé[0m[0m [32mMerci[39m [0m[0mdans[0m[0m [32mrapport-150425-travis-spencer[39m[0m
[104m2025-04-16T14:37:59.530Z [CLIENT DISCORD] [49m[0m[94m[MESSAGE_SENT][39m [32mkeegan_rp[39m [0m[0ma envoyé[0m[0m [32mMonsieur <@939422057270239232> [39m[0m
[0m[32m[39m[0m
[0m[32mCet accès vous donne droit à la consultation de votre dossier pour préparer votre défense. [39m[0m
[0m[32m[39m[0m
[0m[32mEn revanche et à travers ce support informatique, il ne sera pas possible de débattre des faits reprochés. [39m[0m
[0m[32m[39m[0m
[0m[32mNous ne prendrons aucune contestation, vous devrez vous en exprimer lors du plaider-coupable. [39m[0m
[0m[32m[39m[0m
[0m[32mCordialement,[39m [0m[0mdans[0m[0m [32mrapport-150425-travis-spencer[39m[0m
[104m2025-04-16T14:37:59.530Z [CLIENT DISCORD] [49m[0m[94m[MESSAGE_SENT][39m [32mclemloige[39m [0m[0ma envoyé[0m[0m [32mD'accord merci[39m [0m[0mdans[0m[0m [32mrapport-150425-travis-spencer[39m[0m
[104m2025-04-16T14:37:59.530Z [CLIENT DISCORD] [49m[0m🔵 Interaction détectée : no[0m
[104m2025-04-16T14:37:59.530Z [CLIENT DISCORD] [49m[0m🟢 clientData trouvé : [object Object][0m
[104m2025-04-16T14:37:59.530Z [CLIENT DISCORD] [49m[0m📌 ID du message enregistré : 1362130951601258551[0m
[104m2025-04-16T14:37:59.530Z [CLIENT DISCORD] [49m[0m📌 ID du message de l'interaction : 1362130951601258551[0m
[104m2025-04-16T14:37:59.530Z [CLIENT DISCORD] [49m[0m🟢 Avant modification des participants : [object Object][0m
[104m2025-04-16T14:37:59.530Z [CLIENT DISCORD] [49m[0m🟢 Après modification des participants : [object Object][0m
[104m2025-04-16T14:37:59.530Z [CLIENT DISCORD] [49m[0m🟢 Embed mis à jour : [object Object][0m
[104m2025-04-16T14:37:59.530Z [CLIENT DISCORD] [49m[0m[BUTTON] rory.p71 a exécuté l'interaction bouton no dans 1347963262892904469[0m
[104m2025-04-16T14:37:59.530Z [CLIENT DISCORD] [49m[0m[94m[MESSAGE_SENT][39m [32mmathiieeuu[39m [0m[0ma envoyé[0m[0m [32m@here braquage à la chaine, on est trop peu on a besoin de monde là ![39m [0m[0mdans[0m[0m [32m💬-discussion-hrp[39m[0m
[104m2025-04-16T14:37:59.530Z [CLIENT DISCORD] [49m[0m[94m[MESSAGE_SENT][39m [32mfrancois.piano[39m [0m[0ma envoyé[0m[0m [32mpas possible pour ma part, uniquement présent pour lire vos futurs rapport 😂[39m [0m[0mdans[0m[0m [32m💬-discussion-hrp[39m[0m
[104m2025-04-16T14:37:59.530Z [CLIENT DISCORD] [49m[0mTicket ID 1362113856176128021 a été vérouillé dans la console.[0m
[104m2025-04-16T14:37:59.530Z [CLIENT DISCORD] [49m[0m[TICKET] Ticket Vérouillé[0m
[104m2025-04-16T14:37:59.530Z [CLIENT DISCORD] [49m[0m[BUTTON] francois.piano a exécuté l'interaction bouton lock dans 1362113856176128021[0m
[104m2025-04-16T21:02:59.825Z [CLIENT DISCORD] [49m[0mLes modules  [32mloggers[39m [0m[0m ont correctement été exporté.[0m[0m[0m
[104m2025-04-16T21:02:59.825Z [CLIENT DISCORD] [49m[0mLes modules  [32mutils.js[39m [0m[0m ont correctement été exporté.[0m[0m[0m
[104m2025-04-16T21:02:59.825Z [CLIENT DISCORD] [49m[0mL'interaction  [32mcommands.js[39m [0m[0m ont correctement été exporté.[0m[0m[0m
[104m2025-04-16T21:02:59.825Z [CLIENT DISCORD] [49m[0mL'interaction  [32mbuttons.js[39m [0m[0m ont correctement été exporté.[0m[0m[0m
[104m2025-04-16T21:02:59.825Z [CLIENT DISCORD] [49m[0mL'interaction  [32mmodals.js[39m [0m[0m ont correctement été exporté.[0m[0m[0m
[42m[30m🔔2025-04-16T21:03:00.096Z [🟢 SOFT NOTIFY]  guildBanAdd.js,guildBanRemove.js,guildMemberAdd.js,guildMemberRemove.js,interactionCreate.js,messageCreate.js,messageDelete.js,messageUpdate.js,ready.js[39m[49m
[104m2025-04-16T21:02:59.825Z [CLIENT DISCORD] [49m[0m✅ Données rechargées depuis config.json : [object Object][0m
[45m2025-04-16T21:02:59.825Z [DEBUG] Hi !![49m
[104m2025-04-16T21:02:59.825Z [CLIENT DISCORD] [49m[0m[42m[30mChargement du fichier index.js[39m[49m[0m
[41m[30m🔔2025-04-16T21:03:00.098Z [🔴 CRITICAL NOTIFY]  Hey![39m[49m
[104m2025-04-16T21:02:59.825Z [CLIENT DISCORD] [49m[0m[42m[30mChargement des informations du package.[39m[49m[0m
[0m[42m[30m[39m[49m [46m[PACKAGE][49m [32mAuth. : François 🌺[39m[0m
[0m[32m[39m [46m[PACKAGE][49m [32mDepd. : @discordjs/voice, axios, chalk, discord.js, fs, play-dl, yt-search, ytdl-core, ytdl-core-discord[39m[0m
[0m[32m[39m [46m[PACKAGE][49m [32mDesc. : The official bot of LSSD.[39m[0m
[0m[32m[39m [46m[PACKAGE][49m [32mLisc. : ISC[39m[0m
[0m[32m[39m [46m[PACKAGE][49m [32mMain. : index.js[39m[0m
[0m[32m[39m [46m[PACKAGE][49m [32mName. : catherine[39m[0m
[0m[32m[39m [46m[PACKAGE][49m [32mScrp. : [object Object][39m[0m
[0m[32m[39m [46m[PACKAGE][49m [32mVers. : 1.2.1 - 1.2.09scho[39m[0m
[0m[32m[39m [46m[PACKAGE][49m [32mPatch Note. : **[PN_13-03-2025]** La version 1.2.01sc modifie les messages shift et patch la commande /clear.,[39m[0m
[0m[32m**[PN_14-03-2025]** La version 1.2.05sch modifie la commande /help pour ajouter des commandes spéciales.,[39m[0m
[0m[32m**[PN_19-03-2025]** La version 1.2.1 (1.2.09scho) patch la commande /openservice et modifie la commande /userinfo, ajoutant des informations.[39m[0m
[0m[32m[39m[0m
[104m2025-04-16T21:02:59.825Z [CLIENT DISCORD] [49m[0m[34m==============================[39m[0m
[104m2025-04-16T21:02:59.825Z [CLIENT DISCORD] [49m[0m[32m🚀 Démarrage du bot...[39m[0m
[104m2025-04-16T21:02:59.825Z [CLIENT DISCORD] [49m[0m[33m🔗 Connexion à Discord API...[39m[0m
[104m2025-04-16T21:02:59.825Z [CLIENT DISCORD] [49m[0m[36m✅ Bot RP en ligne ! Connect111é en tant que LSSD Bot#8045[39m[0m
[104m2025-04-16T21:02:59.825Z [CLIENT DISCORD] [49m[0m[34m==============================[39m[0m
[0m[34m[39m[0m
[104m2025-04-16T21:02:59.825Z [CLIENT DISCORD] [49m[0mGuild récupéré :  Los Santos Sheriff Dept.[0m
[104m2025-04-16T21:02:59.825Z [CLIENT DISCORD] [49m[0mCommandes existantes :  createreport, div, role, checklog, viewdata, cleardata, requestroleinit, bypass, register, music, info, pex, openservice, infoshift, recruit, help, ban, ticket, shutdown, userinfo, send, clear, kick, warn, mute, rename, shift, promote[0m
[43m2025-04-16T21:02:59.825Z [WARN] ⚠️ Commandes déjà enregistrées pour ce serveur.[49m
[42m[30m🔔2025-04-16T21:03:02.492Z [🟢 SOFT NOTIFY]  Arguments passés : [33mAucun[39m[30m[39m[49m
[42m[30m🔔2025-04-16T21:03:02.499Z [🟢 SOFT NOTIFY]  Aucun mode de lancement spécifié.[39m[49m
[104m2025-04-16T21:02:59.825Z [CLIENT DISCORD] [49m[0m[94m[MESSAGE_SENT][39m [32mfrancois.piano[39m [0m[0ma envoyé[0m[0m [32m<@1195085032281346151>[39m [0m[0mdans[0m[0m [32m# 📥 Matthew Lewis Mailbox[39m[0m
[104m2025-04-16T21:02:59.825Z [CLIENT DISCORD] [49m[0m[94m[MESSAGE_REMOVE][39m [32mfrancois.piano[39m [0m[0ma supprimé[0m[0m [32m<@1195085032281346151>[39m [0m[0mdans[0m[0m [32m# 📥 Matthew Lewis Mailbox[39m[0m
[42m[30m🔔2025-04-16T21:12:52.231Z [🟢 SOFT NOTIFY]  🗑️ [ACTION BUTTON] : Ticket supprimé avec succès.[39m[49m
[104m2025-04-16T21:02:59.825Z [CLIENT DISCORD] [49m[0m[BUTTON] clemloige a exécuté l'interaction bouton close_but dans 1362113856176128021[0m
