[104m2025-04-04T07:47:16.767Z [CLIENT DISCORD] [49m[0mLes modules  [32mloggers[39m [0m[0m ont correctement été exporté.[0m[0m[0m
[104m2025-04-04T07:47:16.767Z [CLIENT DISCORD] [49m[0mLes modules  [32mutils.js[39m [0m[0m ont correctement été exporté.[0m[0m[0m
[104m2025-04-04T07:47:16.767Z [CLIENT DISCORD] [49m[0mL'interaction  [32mcommands.js[39m [0m[0m ont correctement été exporté.[0m[0m[0m
[104m2025-04-04T07:47:16.767Z [CLIENT DISCORD] [49m[0mL'interaction  [32mbuttons.js[39m [0m[0m ont correctement été exporté.[0m[0m[0m
[104m2025-04-04T07:47:16.767Z [CLIENT DISCORD] [49m[0mL'interaction  [32mmodals.js[39m [0m[0m ont correctement été exporté.[0m[0m[0m
[42m[30m🔔2025-04-04T07:47:19.149Z [🟢 SOFT NOTIFY]  guildBanAdd.js,guildBanRemove.js,guildMemberAdd.js,guildMemberRemove.js,interactionCreate.js,messageCreate.js,messageDelete.js,messageUpdate.js,ready.js[39m[49m
[104m2025-04-04T07:47:16.767Z [CLIENT DISCORD] [49m[0m✅ Données rechargées depuis config.json : [object Object][0m
[45m2025-04-04T07:47:16.767Z [DEBUG] Hi !![49m
[104m2025-04-04T07:47:16.767Z [CLIENT DISCORD] [49m[0m[42m[30mChargement du fichier index.js[39m[49m[0m
[41m[30m🔔2025-04-04T07:47:19.151Z [🔴 CRITICAL NOTIFY]  Hey![39m[49m
[104m2025-04-04T07:47:16.767Z [CLIENT DISCORD] [49m[0m[42m[30mChargement des informations du package.[39m[49m[0m
[0m[42m[30m[39m[49m [46m[PACKAGE][49m [32mAuth. : François 🌺[39m[0m
[0m[32m[39m [46m[PACKAGE][49m [32mDepd. : @discordjs/voice, axios, chalk, discord.js, fs, play-dl, yt-search, ytdl-core, ytdl-core-discord[39m[0m
[0m[32m[39m [46m[PACKAGE][49m [32mDesc. : The official bot of LSSD.[39m[0m
[0m[32m[39m [46m[PACKAGE][49m [32mLisc. : ISC[39m[0m
[0m[32m[39m [46m[PACKAGE][49m [32mMain. : index.js[39m[0m
[0m[32m[39m [46m[PACKAGE][49m [32mName. : catherine[39m[0m
[0m[32m[39m [46m[PACKAGE][49m [32mScrp. : [object Object][39m[0m
[0m[32m[39m [46m[PACKAGE][49m [32mVers. : 1.2.1 - 1.2.09scho[39m[0m
[0m[32m[39m [46m[PACKAGE][49m [32mPatch Note. : **[PN_13-03-2025]** La version 1.2.01sc modifie les messages shift et patch la commande /clear.,[39m[0m
[0m[32m**[PN_14-03-2025]** La version 1.2.05sch modifie la commande /help pour ajouter des commandes spéciales.,[39m[0m
[0m[32m**[PN_19-03-2025]** La version 1.2.1 (1.2.09scho) patch la commande /openservice et modifie la commande /userinfo, ajoutant des informations.[39m[0m
[0m[32m[39m[0m
[104m2025-04-04T07:47:16.767Z [CLIENT DISCORD] [49m[0m[34m==============================[39m[0m
[104m2025-04-04T07:47:16.767Z [CLIENT DISCORD] [49m[0m[32m🚀 Démarrage du bot...[39m[0m
[104m2025-04-04T07:47:16.767Z [CLIENT DISCORD] [49m[0m[33m🔗 Connexion à Discord API...[39m[0m
[104m2025-04-04T07:47:16.767Z [CLIENT DISCORD] [49m[0m[36m✅ Bot RP en ligne ! Connect111é en tant que LSSD Bot#8045[39m[0m
[104m2025-04-04T07:47:16.767Z [CLIENT DISCORD] [49m[0m[34m==============================[39m[0m
[0m[34m[39m[0m
[104m2025-04-04T07:47:16.767Z [CLIENT DISCORD] [49m[0mGuild récupéré :  Los Santos Sheriff Dept.[0m
[104m2025-04-04T07:47:16.767Z [CLIENT DISCORD] [49m[0mCommandes existantes :  requestroleinit, bypass, register, music, info, pex, openservice, infoshift, recruit, help, ban, ticket, shutdown, userinfo, send, clear, kick, warn, mute, rename, shift, promote[0m
[43m2025-04-04T07:47:16.767Z [WARN] ⚠️ Commandes déjà enregistrées pour ce serveur.[49m
[42m[30m🔔2025-04-04T07:47:20.402Z [🟢 SOFT NOTIFY]  Arguments passés : [33mAucun[39m[30m[39m[49m
[42m[30m🔔2025-04-04T07:47:20.402Z [🟢 SOFT NOTIFY]  Aucun mode de lancement spécifié.[39m[49m
[104m2025-04-04T07:47:16.767Z [CLIENT DISCORD] [49m[0m[94m[MESSAGE_SENT][39m [32mbadbunnysixnueve[39m [0m[0ma envoyé[0m[0m [32m109775243356522921[39m [0m[0mdans[0m[0m [32m🗯 Général[39m[0m
[104m2025-04-04T07:47:16.767Z [CLIENT DISCORD] [49m[0m[94m[MESSAGE_SENT][39m [32mfrancois.piano[39m [0m[0ma envoyé[0m[0m [32mCi joint un exemple de comment remplir le **Google Docs** ci dessus.[39m [0m[0mdans[0m[0m [32m📜 Rappel sur les raports[39m[0m
[104m2025-04-04T07:47:16.767Z [CLIENT DISCORD] [49m[0m$[MESSAGE UPTATED] null a été modifié par undefined francois.piano dans 📜 Rappel sur les raports[0m
[104m2025-04-04T17:08:14.359Z [CLIENT DISCORD] [49m[0mLes modules  [32mloggers[39m [0m[0m ont correctement été exporté.[0m[0m[0m
[104m2025-04-04T17:08:14.359Z [CLIENT DISCORD] [49m[0mLes modules  [32mutils.js[39m [0m[0m ont correctement été exporté.[0m[0m[0m
[104m2025-04-04T17:08:14.359Z [CLIENT DISCORD] [49m[0mL'interaction  [32mcommands.js[39m [0m[0m ont correctement été exporté.[0m[0m[0m
[104m2025-04-04T17:08:14.359Z [CLIENT DISCORD] [49m[0mL'interaction  [32mbuttons.js[39m [0m[0m ont correctement été exporté.[0m[0m[0m
[104m2025-04-04T17:08:14.359Z [CLIENT DISCORD] [49m[0mL'interaction  [32mmodals.js[39m [0m[0m ont correctement été exporté.[0m[0m[0m
[42m[30m🔔2025-04-04T17:08:15.027Z [🟢 SOFT NOTIFY]  guildBanAdd.js,guildBanRemove.js,guildMemberAdd.js,guildMemberRemove.js,interactionCreate.js,messageCreate.js,messageDelete.js,messageUpdate.js,ready.js[39m[49m
[104m2025-04-04T17:08:14.359Z [CLIENT DISCORD] [49m[0m✅ Données rechargées depuis config.json : [object Object][0m
[45m2025-04-04T17:08:14.359Z [DEBUG] Hi !![49m
[104m2025-04-04T17:08:14.359Z [CLIENT DISCORD] [49m[0m[42m[30mChargement du fichier index.js[39m[49m[0m
[41m[30m🔔2025-04-04T17:08:15.028Z [🔴 CRITICAL NOTIFY]  Hey![39m[49m
[104m2025-04-04T17:08:14.359Z [CLIENT DISCORD] [49m[0m[42m[30mChargement des informations du package.[39m[49m[0m
[0m[42m[30m[39m[49m [46m[PACKAGE][49m [32mAuth. : François 🌺[39m[0m
[0m[32m[39m [46m[PACKAGE][49m [32mDepd. : @discordjs/voice, axios, chalk, discord.js, fs, play-dl, yt-search, ytdl-core, ytdl-core-discord[39m[0m
[0m[32m[39m [46m[PACKAGE][49m [32mDesc. : The official bot of LSSD.[39m[0m
[0m[32m[39m [46m[PACKAGE][49m [32mLisc. : ISC[39m[0m
[0m[32m[39m [46m[PACKAGE][49m [32mMain. : index.js[39m[0m
[0m[32m[39m [46m[PACKAGE][49m [32mName. : catherine[39m[0m
[0m[32m[39m [46m[PACKAGE][49m [32mScrp. : [object Object][39m[0m
[0m[32m[39m [46m[PACKAGE][49m [32mVers. : 1.2.1 - 1.2.09scho[39m[0m
[0m[32m[39m [46m[PACKAGE][49m [32mPatch Note. : **[PN_13-03-2025]** La version 1.2.01sc modifie les messages shift et patch la commande /clear.,[39m[0m
[0m[32m**[PN_14-03-2025]** La version 1.2.05sch modifie la commande /help pour ajouter des commandes spéciales.,[39m[0m
[0m[32m**[PN_19-03-2025]** La version 1.2.1 (1.2.09scho) patch la commande /openservice et modifie la commande /userinfo, ajoutant des informations.[39m[0m
[0m[32m[39m[0m
[104m2025-04-04T17:08:14.359Z [CLIENT DISCORD] [49m[0m[34m==============================[39m[0m
[104m2025-04-04T17:08:14.359Z [CLIENT DISCORD] [49m[0m[32m🚀 Démarrage du bot...[39m[0m
[104m2025-04-04T17:08:14.359Z [CLIENT DISCORD] [49m[0m[33m🔗 Connexion à Discord API...[39m[0m
[104m2025-04-04T17:08:14.359Z [CLIENT DISCORD] [49m[0m[36m✅ Bot RP en ligne ! Connect111é en tant que LSSD Bot#8045[39m[0m
[104m2025-04-04T17:08:14.359Z [CLIENT DISCORD] [49m[0m[34m==============================[39m[0m
[0m[34m[39m[0m
[104m2025-04-04T17:08:14.359Z [CLIENT DISCORD] [49m[0mGuild récupéré :  Los Santos Sheriff Dept.[0m
[104m2025-04-04T17:08:14.359Z [CLIENT DISCORD] [49m[0mCommandes existantes :  requestroleinit, bypass, register, music, info, pex, openservice, infoshift, recruit, help, ban, ticket, shutdown, userinfo, send, clear, kick, warn, mute, rename, shift, promote[0m
[43m2025-04-04T17:08:14.359Z [WARN] ⚠️ Commandes déjà enregistrées pour ce serveur.[49m
[42m[30m🔔2025-04-04T17:08:16.581Z [🟢 SOFT NOTIFY]  Arguments passés : [33mAucun[39m[30m[39m[49m
[42m[30m🔔2025-04-04T17:08:16.582Z [🟢 SOFT NOTIFY]  Aucun mode de lancement spécifié.[39m[49m
[104m2025-04-04T17:08:14.359Z [CLIENT DISCORD] [49m[0m[94m[MESSAGE_SENT][39m [32mfrancois.piano[39m [0m[0ma envoyé[0m[0m [32m**MAIL AFFAIRES INTERNES[39m [0m[0mdans[0m[0m [32m📥-mail[39m[0m
[104m2025-04-04T17:08:14.359Z [CLIENT DISCORD] [49m[0m$[MESSAGE UPTATED] null a été modifié par undefined francois.piano dans 📥-mail[0m
[104m2025-04-04T17:08:14.359Z [CLIENT DISCORD] [49m[0m[94m[MESSAGE_SENT][39m [32mfrancois.piano[39m [0m[0ma envoyé[0m[0m [32mnull[39m [0m[0mdans[0m[0m [32mGarcia To Interne Affairs[39m[0m
[104m2025-04-04T17:08:14.359Z [CLIENT DISCORD] [49m[0m[94m[MESSAGE_SENT][39m [32mfrancois.piano[39m [0m[0ma envoyé[0m[0m [32m<@978315768271880272>[39m [0m[0mdans[0m[0m [32mGarcia To Interne Affairs[39m[0m
[104m2025-04-04T17:08:14.359Z [CLIENT DISCORD] [49m[0m[94m[MESSAGE_SENT][39m [32mfrancois.piano[39m [0m[0ma envoyé[0m[0m [32m<@767703415413014579>[39m [0m[0mdans[0m[0m [32mGarcia To Interne Affairs[39m[0m
[104m2025-04-04T17:08:14.359Z [CLIENT DISCORD] [49m[0m[94m[MESSAGE_REMOVE][39m [32mfrancois.piano[39m [0m[0ma supprimé[0m[0m [32m<@767703415413014579>[39m [0m[0mdans[0m[0m [32mGarcia To Interne Affairs[39m[0m
[104m2025-04-04T17:08:14.359Z [CLIENT DISCORD] [49m[0m[94m[MESSAGE_SENT][39m [32mfrancois.piano[39m [0m[0ma envoyé[0m[0m [32mnull[39m [0m[0mdans[0m[0m [32mGarcia To Interne Affairs[39m[0m
[104m2025-04-04T17:08:14.359Z [CLIENT DISCORD] [49m[0m[94m[MESSAGE_SENT][39m [32mfrancois.piano[39m [0m[0ma envoyé[0m[0m [32m<@439425425131962368>[39m [0m[0mdans[0m[0m [32mGarcia To Interne Affairs[39m[0m
[104m2025-04-04T17:08:14.359Z [CLIENT DISCORD] [49m[0m🔵 Interaction détectée : maybe[0m
[104m2025-04-04T17:08:14.359Z [CLIENT DISCORD] [49m[0m🔴 Pas de clientData trouvé, utilisation de config ![0m
[104m2025-04-04T17:08:14.359Z [CLIENT DISCORD] [49m[0m📌 ID du message enregistré : 1356588392023986356[0m
[104m2025-04-04T17:08:14.359Z [CLIENT DISCORD] [49m[0m📌 ID du message de l'interaction : 1356588392023986356[0m
[104m2025-04-04T17:08:14.359Z [CLIENT DISCORD] [49m[0m🟢 Avant modification des participants : [object Object][0m
[104m2025-04-04T17:08:14.359Z [CLIENT DISCORD] [49m[0m🟢 Après modification des participants : [object Object][0m
[104m2025-04-04T17:08:14.359Z [CLIENT DISCORD] [49m[0m🟢 Embed mis à jour : [object Object][0m
[104m2025-04-04T17:08:14.359Z [CLIENT DISCORD] [49m[0m[BUTTON] francois.piano a exécuté l'interaction bouton maybe dans 1347963262892904469[0m
[104m2025-04-04T17:08:14.359Z [CLIENT DISCORD] [49m[0m🔵 Interaction détectée : maybe[0m
[104m2025-04-04T17:08:14.359Z [CLIENT DISCORD] [49m[0m🔴 Pas de clientData trouvé, utilisation de config ![0m
[104m2025-04-04T17:08:14.359Z [CLIENT DISCORD] [49m[0m📌 ID du message enregistré : 1356588392023986356[0m
[104m2025-04-04T17:08:14.359Z [CLIENT DISCORD] [49m[0m📌 ID du message de l'interaction : 1356588392023986356[0m
[104m2025-04-04T17:08:14.359Z [CLIENT DISCORD] [49m[0m🟢 Avant modification des participants : [object Object][0m
[104m2025-04-04T17:08:14.359Z [CLIENT DISCORD] [49m[0m🟢 Après modification des participants : [object Object][0m
[104m2025-04-04T17:08:14.359Z [CLIENT DISCORD] [49m[0m🟢 Embed mis à jour : [object Object][0m
[104m2025-04-04T17:08:14.359Z [CLIENT DISCORD] [49m[0m[BUTTON] francois.piano a exécuté l'interaction bouton maybe dans 1347963262892904469[0m
[104m2025-04-04T17:08:14.359Z [CLIENT DISCORD] [49m[0m[94m[COMAND][39m [32mfrancois.piano[39m [0m[0ma éxécuté la commande [0m[0m [32mwarn[39m [0m[0mdans[0m[0m [32m💬-discussion-hrp[39m[0m
[104m2025-04-04T17:08:14.359Z [CLIENT DISCORD] [49m[0m[42m✅ Utilisateur 449432156595552257 bypass les permissions.[49m[0m
[45m2025-04-04T17:08:14.359Z [DEBUG] Avertissement: 449432156595552257, 729389796270800948, Blâme RP : Incident de l'Hopital[49m
[104m2025-04-04T17:08:14.359Z [CLIENT DISCORD] [49m[0m[DEBUG] Membre averti[0m
[41m2025-04-04T17:08:14.359Z [ERROR] (node:39896) Warning: Supplying "ephemeral" for interaction response options is deprecated. Utilize flags instead.[49m
[41m(Use `node --trace-warnings ...` to show where the warning was created)[49m
[104m2025-04-04T17:08:14.359Z [CLIENT DISCORD] [49m[0m[94m[COMAND][39m [32mfrancois.piano[39m [0m[0ma éxécuté la commande [0m[0m [32mwarn[39m [0m[0mdans[0m[0m [32m💬-discussion-hrp[39m[0m
[104m2025-04-04T17:08:14.359Z [CLIENT DISCORD] [49m[0m[42m✅ Utilisateur 449432156595552257 bypass les permissions.[49m[0m
[45m2025-04-04T17:08:14.359Z [DEBUG] Avertissement: 449432156595552257, 978315768271880272, Blâme RP : Incident de l'Hopital[49m
[104m2025-04-04T17:08:14.359Z [CLIENT DISCORD] [49m[0m[DEBUG] Membre averti[0m
