[104m2025-04-02T12:04:09.614Z [CLIENT DISCORD] [49m[0mLes modules  [32mloggers[39m [0m[0m ont correctement été exporté.[0m[0m[0m
[104m2025-04-02T12:04:09.614Z [CLIENT DISCORD] [49m[0mLes modules  [32mutils.js[39m [0m[0m ont correctement été exporté.[0m[0m[0m
[104m2025-04-02T12:04:09.614Z [CLIENT DISCORD] [49m[0mL'interaction  [32mcommands.js[39m [0m[0m ont correctement été exporté.[0m[0m[0m
[104m2025-04-02T12:04:09.614Z [CLIENT DISCORD] [49m[0mL'interaction  [32mbuttons.js[39m [0m[0m ont correctement été exporté.[0m[0m[0m
[104m2025-04-02T12:04:09.614Z [CLIENT DISCORD] [49m[0mL'interaction  [32mmodals.js[39m [0m[0m ont correctement été exporté.[0m[0m[0m
[104m2025-04-02T12:04:09.614Z [CLIENT DISCORD] [49m[0m✅ Données rechargées depuis config.json : [object Object][0m
[45m2025-04-02T12:04:09.614Z [DEBUG] Hi !![49m
[104m2025-04-02T12:04:09.614Z [CLIENT DISCORD] [49m[0m[42m[30mChargement du fichier index.js[39m[49m[0m
[41m[30m🔔2025-04-02T12:04:11.494Z [🔴 CRITICAL NOTIFY]  Hey![39m[49m
[104m2025-04-02T12:04:09.614Z [CLIENT DISCORD] [49m[0m[42m[30mChargement des informations du package.[39m[49m[0m
[0m[42m[30m[39m[49m [46m[PACKAGE][49m [32mAuth. : François 🌺[39m[0m
[0m[32m[39m [46m[PACKAGE][49m [32mDepd. : @discordjs/voice, axios, chalk, discord.js, fs, play-dl, yt-search, ytdl-core, ytdl-core-discord[39m[0m
[0m[32m[39m [46m[PACKAGE][49m [32mDesc. : The official bot of LSSD.[39m[0m
[0m[32m[39m [46m[PACKAGE][49m [32mLisc. : ISC[39m[0m
[0m[32m[39m [46m[PACKAGE][49m [32mMain. : index.js[39m[0m
[0m[32m[39m [46m[PACKAGE][49m [32mName. : catherine[39m[0m
[0m[32m[39m [46m[PACKAGE][49m [32mScrp. : [object Object][39m[0m
[0m[32m[39m [46m[PACKAGE][49m [32mVers. : 1.2.1 - 1.2.09scho[39m[0m
[0m[32m[39m [46m[PACKAGE][49m [32mPatch Note. : **[PN_13-03-2025]** La version 1.2.01sc modifie les messages shift et patch la commande /clear.,[39m[0m
[0m[32m**[PN_14-03-2025]** La version 1.2.05sch modifie la commande /help pour ajouter des commandes spéciales.,[39m[0m
[0m[32m**[PN_19-03-2025]** La version 1.2.1 (1.2.09scho) patch la commande /openservice et modifie la commande /userinfo, ajoutant des informations.[39m[0m
[0m[32m[39m[0m
[104m2025-04-02T12:04:09.614Z [CLIENT DISCORD] [49m[0m[34m==============================[39m[0m
[104m2025-04-02T12:04:09.614Z [CLIENT DISCORD] [49m[0m[32m🚀 Démarrage du bot...[39m[0m
[104m2025-04-02T12:04:09.614Z [CLIENT DISCORD] [49m[0m[33m🔗 Connexion à Discord API...[39m[0m
[104m2025-04-02T12:04:09.614Z [CLIENT DISCORD] [49m[0m[36m✅ Bot RP en ligne ! Connect111é en tant que LSSD Bot#8045[39m[0m
[104m2025-04-02T12:04:09.614Z [CLIENT DISCORD] [49m[0m[34m==============================[39m[0m
[0m[34m[39m[0m
[104m2025-04-02T12:04:09.614Z [CLIENT DISCORD] [49m[0mGuild récupéré :  Los Santos Sheriff Dept.[0m
[104m2025-04-02T12:04:09.614Z [CLIENT DISCORD] [49m[0mCommandes existantes :  requestroleinit, bypass, register, music, info, pex, openservice, infoshift, recruit, help, ban, ticket, shutdown, userinfo, send, clear, kick, warn, mute, rename, shift, promote[0m
[43m2025-04-02T12:04:09.614Z [WARN] ⚠️ Commandes déjà enregistrées pour ce serveur.[49m
[42m[30m🔔2025-04-02T12:04:14.220Z [🟢 SOFT NOTIFY]  Arguments passés : [33mAucun[39m[30m[39m[49m
[42m[30m🔔2025-04-02T12:04:14.222Z [🟢 SOFT NOTIFY]  Aucun mode de lancement spécifié.[39m[49m
[104m2025-04-02T12:04:09.614Z [CLIENT DISCORD] [49m[0m[94m[MESSAGE_SENT][39m [32mfrancois.piano[39m [0m[0ma envoyé[0m[0m [32mLe 31/03, aux l'alentour de 19h40, nous sommes arrivés au BLOC 66 chez les SOA à la suite d'une poursuite d'une moto type BIKERS SOA.[39m[0m
[0m[32m[39m[0m
[0m[32mCelui ci étant rentré à l'intérieur de l'espace privé, nous avons patienté à l'extérieur. Ayant vu un délit en flagrant délit, nous sommes rentrée. Nous avons interpellé Mr. SANTOS (conducteur de la moto) puis nous nous sommes fait agressé par une femme (Mr. Wiolet).[39m[0m
[0m[32m[39m[0m
[0m[32mAprès plusieurs sommations, nous avons utilisé le PIE à leurs encontre puis avons interpellée une troisième personne (Mr. Ouille) pour obstruction. Nous avons ensuite constaté une fuite de Mrs. Wiolet. Avec le Capitaine Crowner, nous l'avons TASEE puis arrêter. Les deux individues Wiolet & Ouille ont été transporté à Sandy Shore puis placé en détention provisoire.[39m[0m
[0m[32m[39m[0m
[0m[32mSantos à quant à lui été transposé à l'Hopital de Del Perro puis s'est enfuit. Un avis de recherche est actif.[39m [0m[0mdans[0m[0m [32mDélit de fuite / Refus Op 31/03 (R2)[39m[0m
[104m2025-04-02T12:04:09.614Z [CLIENT DISCORD] [49m[0m[94m[MESSAGE_SENT][39m [32mfrancois.piano[39m [0m[0ma envoyé[0m[0m [32m```[39m[0m
[0m[32mRapport du Lieutenant Lennon du 31/03[39m[0m
[0m[32m```[39m [0m[0mdans[0m[0m [32mdelit-de-fuite-31-mars[39m[0m
[104m2025-04-02T12:04:09.614Z [CLIENT DISCORD] [49m[0m[94m[MESSAGE_SENT][39m [32mfrancois.piano[39m [0m[0ma envoyé[0m[0m [32mLe 31/03, aux l'alentour de 19h40, nous sommes arrivés au BLOC 66 chez les SOA à la suite d'une poursuite d'une moto type BIKERS SOA.[39m[0m
[0m[32m[39m[0m
[0m[32mCelui ci étant rentré à l'intérieur de l'espace privé, nous avons patienté à l'extérieur. Ayant vu un délit en flagrant délit, nous sommes rentrée. Nous avons interpellé Mr. SANTOS (conducteur de la moto) puis nous nous sommes fait agressé par une femme (Mr. Wiolet).[39m[0m
[0m[32m[39m[0m
[0m[32mAprès plusieurs sommations, nous avons utilisé le PIE à leurs encontre puis avons interpellée une troisième personne (Mr. Ouille) pour obstruction. Nous avons ensuite constaté une fuite de Mrs. Wiolet. Avec le Capitaine Crowner, nous l'avons TASEE puis arrêter. Les deux individues Wiolet & Ouille ont été transporté à Sandy Shore puis placé en détention provisoire.[39m[0m
[0m[32m[39m[0m
[0m[32mSantos à quant à lui été transposé à l'Hopital de Del Perro puis s'est enfuit. Un avis de recherche est actif.[39m [0m[0mdans[0m[0m [32mdelit-de-fuite-31-mars[39m[0m
[104m2025-04-02T12:04:09.614Z [CLIENT DISCORD] [49m[0m[94m[MESSAGE_SENT][39m [32mfrancois.piano[39m [0m[0ma envoyé[0m[0m [32mnull[39m [0m[0mdans[0m[0m [32mdelit-de-fuite-31-mars[39m[0m
[104m2025-04-02T12:04:09.614Z [CLIENT DISCORD] [49m[0m[94m[MESSAGE_SENT][39m [32mfrancois.piano[39m [0m[0ma envoyé[0m[0m [32m@everyone[39m [0m[0mdans[0m[0m [32mdelit-de-fuite-31-mars[39m[0m
[104m2025-04-02T12:04:09.614Z [CLIENT DISCORD] [49m[0m[94m[MESSAGE_REMOVE][39m [32mfrancois.piano[39m [0m[0ma supprimé[0m[0m [32m@everyone[39m [0m[0mdans[0m[0m [32mdelit-de-fuite-31-mars[39m[0m
[104m2025-04-02T12:04:09.614Z [CLIENT DISCORD] [49m[0m[94m[MESSAGE_SENT][39m [32mmathiieeuu[39m [0m[0ma envoyé[0m[0m [32mon va sur le serv[39m [0m[0mdans[0m[0m [32m💬-discussion-hrp[39m[0m
[104m2025-04-02T12:04:09.614Z [CLIENT DISCORD] [49m[0m[94m[MESSAGE_SENT][39m [32mmathiieeuu[39m [0m[0ma envoyé[0m[0m [32m<@767703415413014579> <@767703415413014579> <@767703415413014579> <@767703415413014579> <@767703415413014579> <@767703415413014579> <@767703415413014579> <@767703415413014579> <@767703415413014579> <@767703415413014579> <@767703415413014579> <@767703415413014579> <@767703415413014579> <@767703415413014579> <@767703415413014579> <@767703415413014579> <@767703415413014579> <@767703415413014579> <@767703415413014579> <@767703415413014579> <@767703415413014579> <@767703415413014579> <@767703415413014579> <@767703415413014579> <@767703415413014579> <@767703415413014579> <@767703415413014579> <@767703415413014579> <@767703415413014579> <@767703415413014579> <@767703415413014579> <@767703415413014579> <@767703415413014579> <@767703415413014579> <@767703415413014579> <@767703415413014579> <@767703415413014579> <@767703415413014579> <@767703415413014579> <@767703415413014579> <@767703415413014579> <@767703415413014579> <@767703415413014579> <@767703415413014579> <@767703415413014579> <@767703415413014579> <@7677034...[39m [0m[0mdans[0m[0m [32m💬-discussion-hrp[39m[0m
[104m2025-04-02T12:04:09.614Z [CLIENT DISCORD] [49m[0m[94m[MESSAGE_REMOVE][39m [32mmathiieeuu[39m [0m[0ma supprimé[0m[0m [32m<@767703415413014579> <@767703415413014579> <@767703415413014579> <@767703415413014579> <@767703415413014579> <@767703415413014579> <@767703415413014579> <@767703415413014579> <@767703415413014579> <@767703415413014579> <@767703415413014579> <@767703415413014579> <@767703415413014579> <@767703415413014579> <@767703415413014579> <@767703415413014579> <@767703415413014579> <@767703415413014579> <@767703415413014579> <@767703415413014579> <@767703415413014579> <@767703415413014579> <@767703415413014579> <@767703415413014579> <@767703415413014579> <@767703415413014579> <@767703415413014579> <@767703415413014579> <@767703415413014579> <@767703415413014579> <@767703415413014579> <@767703415413014579> <@767703415413014579> <@767703415413014579> <@767703415413014579> <@767703415413014579> <@767703415413014579> <@767703415413014579> <@767703415413014579> <@767703415413014579> <@767703415413014579> <@767703415413014579> <@767703415413014579> <@767703415413014579> <@767703415413014579> <@767703415413014579> <@7677034...[39m [0m[0mdans[0m[0m [32m💬-discussion-hrp[39m[0m
[104m2025-04-02T12:04:09.614Z [CLIENT DISCORD] [49m[0m[94m[MESSAGE_SENT][39m [32mmathiieeuu[39m [0m[0ma envoyé[0m[0m [32m<@767703415413014579> <@767703415413014579> <@767703415413014579> <@767703415413014579> <@767703415413014579> <@767703415413014579> <@767703415413014579> <@767703415413014579> <@767703415413014579> <@767703415413014579> <@767703415413014579> <@767703415413014579> <@767703415413014579> <@767703415413014579> <@767703415413014579> <@767703415413014579> <@767703415413014579> <@767703415413014579> <@767703415413014579> <@767703415413014579> <@767703415413014579> <@767703415413014579> <@767703415413014579> <@767703415413014579> <@767703415413014579>[39m [0m[0mdans[0m[0m [32m💬-discussion-hrp[39m[0m
[104m2025-04-02T12:04:09.614Z [CLIENT DISCORD] [49m[0m[94m[MESSAGE_REMOVE][39m [32mmathiieeuu[39m [0m[0ma supprimé[0m[0m [32m<@767703415413014579> <@767703415413014579> <@767703415413014579> <@767703415413014579> <@767703415413014579> <@767703415413014579> <@767703415413014579> <@767703415413014579> <@767703415413014579> <@767703415413014579> <@767703415413014579> <@767703415413014579> <@767703415413014579> <@767703415413014579> <@767703415413014579> <@767703415413014579> <@767703415413014579> <@767703415413014579> <@767703415413014579> <@767703415413014579> <@767703415413014579> <@767703415413014579> <@767703415413014579> <@767703415413014579> <@767703415413014579>[39m [0m[0mdans[0m[0m [32m💬-discussion-hrp[39m[0m
[104m2025-04-02T12:04:09.614Z [CLIENT DISCORD] [49m[0m[94m[MESSAGE_SENT][39m [32mmathiieeuu[39m [0m[0ma envoyé[0m[0m [32m<@767703415413014579> <@767703415413014579> <@767703415413014579> <@767703415413014579> <@767703415413014579> <@767703415413014579> <@767703415413014579> <@767703415413014579> <@767703415413014579> <@767703415413014579> <@767703415413014579> <@767703415413014579> <@767703415413014579> <@767703415413014579> <@767703415413014579> <@767703415413014579> <@767703415413014579> <@767703415413014579> <@767703415413014579> <@767703415413014579> <@767703415413014579> <@767703415413014579> <@767703415413014579> <@767703415413014579> <@767703415413014579> <@767703415413014579> <@767703415413014579> <@767703415413014579> <@767703415413014579> <@767703415413014579> <@767703415413014579> <@767703415413014579> <@767703415413014579> <@767703415413014579> <@767703415413014579> <@767703415413014579> <@767703415413014579> <@767703415413014579> <@767703415413014579> <@767703415413014579> <@767703415413014579> <@767703415413014579> <@767703415413014579> <@767703415413014579> <@767703415413014579> <@767703415413014579> <@7677034...[39m [0m[0mdans[0m[0m [32m🌆-photos-rp[39m[0m
[104m2025-04-02T12:04:09.614Z [CLIENT DISCORD] [49m[0m[94m[MESSAGE_SENT][39m [32mmathiieeuu[39m [0m[0ma envoyé[0m[0m [32m<@767703415413014579> <@767703415413014579> <@767703415413014579> <@767703415413014579> <@767703415413014579> <@767703415413014579> <@767703415413014579> <@767703415413014579> <@767703415413014579> <@767703415413014579> <@767703415413014579> <@767703415413014579> <@767703415413014579> <@767703415413014579> <@767703415413014579> <@767703415413014579> <@767703415413014579> <@767703415413014579> <@767703415413014579> <@767703415413014579> <@767703415413014579> <@767703415413014579> <@767703415413014579> <@767703415413014579> <@767703415413014579> <@767703415413014579> <@767703415413014579> <@767703415413014579> <@767703415413014579> <@767703415413014579> <@767703415413014579> <@767703415413014579> <@767703415413014579> <@767703415413014579> <@767703415413014579> <@767703415413014579> <@767703415413014579> <@767703415413014579> <@767703415413014579> <@767703415413014579> <@767703415413014579> <@767703415413014579> <@767703415413014579> <@767703415413014579> <@767703415413014579> <@767703415413014579> <@7677034...[39m [0m[0mdans[0m[0m [32m🌆-photos-rp[39m[0m
[104m2025-04-02T12:04:09.614Z [CLIENT DISCORD] [49m[0m[94m[MESSAGE_REMOVE][39m [32mmathiieeuu[39m [0m[0ma supprimé[0m[0m [32m<@767703415413014579> <@767703415413014579> <@767703415413014579> <@767703415413014579> <@767703415413014579> <@767703415413014579> <@767703415413014579> <@767703415413014579> <@767703415413014579> <@767703415413014579> <@767703415413014579> <@767703415413014579> <@767703415413014579> <@767703415413014579> <@767703415413014579> <@767703415413014579> <@767703415413014579> <@767703415413014579> <@767703415413014579> <@767703415413014579> <@767703415413014579> <@767703415413014579> <@767703415413014579> <@767703415413014579> <@767703415413014579> <@767703415413014579> <@767703415413014579> <@767703415413014579> <@767703415413014579> <@767703415413014579> <@767703415413014579> <@767703415413014579> <@767703415413014579> <@767703415413014579> <@767703415413014579> <@767703415413014579> <@767703415413014579> <@767703415413014579> <@767703415413014579> <@767703415413014579> <@767703415413014579> <@767703415413014579> <@767703415413014579> <@767703415413014579> <@767703415413014579> <@767703415413014579> <@7677034...[39m [0m[0mdans[0m[0m [32m🌆-photos-rp[39m[0m
[104m2025-04-02T12:04:09.614Z [CLIENT DISCORD] [49m[0m[94m[MESSAGE_REMOVE][39m [32mmathiieeuu[39m [0m[0ma supprimé[0m[0m [32m<@767703415413014579> <@767703415413014579> <@767703415413014579> <@767703415413014579> <@767703415413014579> <@767703415413014579> <@767703415413014579> <@767703415413014579> <@767703415413014579> <@767703415413014579> <@767703415413014579> <@767703415413014579> <@767703415413014579> <@767703415413014579> <@767703415413014579> <@767703415413014579> <@767703415413014579> <@767703415413014579> <@767703415413014579> <@767703415413014579> <@767703415413014579> <@767703415413014579> <@767703415413014579> <@767703415413014579> <@767703415413014579> <@767703415413014579> <@767703415413014579> <@767703415413014579> <@767703415413014579> <@767703415413014579> <@767703415413014579> <@767703415413014579> <@767703415413014579> <@767703415413014579> <@767703415413014579> <@767703415413014579> <@767703415413014579> <@767703415413014579> <@767703415413014579> <@767703415413014579> <@767703415413014579> <@767703415413014579> <@767703415413014579> <@767703415413014579> <@767703415413014579> <@767703415413014579> <@7677034...[39m [0m[0mdans[0m[0m [32m🌆-photos-rp[39m[0m
[104m2025-04-02T12:04:09.614Z [CLIENT DISCORD] [49m[0m[94m[MESSAGE_SENT][39m [32mmathiieeuu[39m [0m[0ma envoyé[0m[0m [32m<@767703415413014579>[39m [0m[0mdans[0m[0m [32m🌆-photos-rp[39m[0m
[104m2025-04-02T12:04:09.614Z [CLIENT DISCORD] [49m[0m[94m[MESSAGE_REMOVE][39m [32mmathiieeuu[39m [0m[0ma supprimé[0m[0m [32m<@767703415413014579>[39m [0m[0mdans[0m[0m [32m🌆-photos-rp[39m[0m
[104m2025-04-02T12:04:09.614Z [CLIENT DISCORD] [49m[0m[94m[MESSAGE_SENT][39m [32mfrancois.piano[39m [0m[0ma envoyé[0m[0m [32m<@729389796270800948>[39m [0m[0mdans[0m[0m [32m💬-discussion-hrp[39m[0m
[104m2025-04-02T12:04:09.614Z [CLIENT DISCORD] [49m[0m[94m[MESSAGE_SENT][39m [32mfrancois.piano[39m [0m[0ma envoyé[0m[0m [32mtu fou quoi mdr ? 😂[39m [0m[0mdans[0m[0m [32m💬-discussion-hrp[39m[0m
[104m2025-04-02T12:04:09.614Z [CLIENT DISCORD] [49m[0m[94m[MESSAGE_SENT][39m [32mmathiieeuu[39m [0m[0ma envoyé[0m[0m [32mtkt mdrr[39m [0m[0mdans[0m[0m [32m💬-discussion-hrp[39m[0m
[104m2025-04-02T12:04:09.614Z [CLIENT DISCORD] [49m[0m[94m[MESSAGE_SENT][39m [32mfrancois.piano[39m [0m[0ma envoyé[0m[0m [32mil devait être content darko ptdr[39m [0m[0mdans[0m[0m [32m💬-discussion-hrp[39m[0m
[104m2025-04-02T12:04:09.614Z [CLIENT DISCORD] [49m[0m[94m[MESSAGE_SENT][39m [32mmathiieeuu[39m [0m[0ma envoyé[0m[0m [32moauis bahaha[39m [0m[0mdans[0m[0m [32m💬-discussion-hrp[39m[0m
[104m2025-04-02T12:04:09.614Z [CLIENT DISCORD] [49m[0m[94m[MESSAGE_SENT][39m [32mmathiieeuu[39m [0m[0ma envoyé[0m[0m [32m@here Je rappelle que toute les unité en véhicule et tenue LSSD ont l'obligation formelle d'être présent sur la fréquence 911.03.[39m [0m[0mdans[0m[0m [32m💬-discussion-rp[39m[0m
