[104m2025-04-15T17:21:33.354Z [CLIENT DISCORD] [49m[0mLes modules  [32mloggers[39m [0m[0m ont correctement été exporté.[0m[0m[0m
[104m2025-04-15T17:21:33.354Z [CLIENT DISCORD] [49m[0mLes modules  [32mutils.js[39m [0m[0m ont correctement été exporté.[0m[0m[0m
[104m2025-04-15T17:21:33.354Z [CLIENT DISCORD] [49m[0mL'interaction  [32mcommands.js[39m [0m[0m ont correctement été exporté.[0m[0m[0m
[104m2025-04-15T17:21:33.354Z [CLIENT DISCORD] [49m[0mL'interaction  [32mbuttons.js[39m [0m[0m ont correctement été exporté.[0m[0m[0m
[104m2025-04-15T17:21:33.354Z [CLIENT DISCORD] [49m[0mL'interaction  [32mmodals.js[39m [0m[0m ont correctement été exporté.[0m[0m[0m
[42m[30m🔔2025-04-15T17:21:35.107Z [🟢 SOFT NOTIFY]  guildBanAdd.js,guildBanRemove.js,guildMemberAdd.js,guildMemberRemove.js,interactionCreate.js,messageCreate.js,messageDelete.js,messageUpdate.js,ready.js[39m[49m
[104m2025-04-15T17:21:33.354Z [CLIENT DISCORD] [49m[0m✅ Données rechargées depuis config.json : [object Object][0m
[45m2025-04-15T17:21:33.354Z [DEBUG] Hi !![49m
[104m2025-04-15T17:21:33.354Z [CLIENT DISCORD] [49m[0m[42m[30mChargement du fichier index.js[39m[49m[0m
[41m[30m🔔2025-04-15T17:21:35.108Z [🔴 CRITICAL NOTIFY]  Hey![39m[49m
[104m2025-04-15T17:21:33.354Z [CLIENT DISCORD] [49m[0m[42m[30mChargement des informations du package.[39m[49m[0m
[0m[42m[30m[39m[49m [46m[PACKAGE][49m [32mAuth. : François 🌺[39m[0m
[0m[32m[39m [46m[PACKAGE][49m [32mDepd. : @discordjs/voice, axios, chalk, discord.js, fs, play-dl, yt-search, ytdl-core, ytdl-core-discord[39m[0m
[0m[32m[39m [46m[PACKAGE][49m [32mDesc. : The official bot of LSSD.[39m[0m
[0m[32m[39m [46m[PACKAGE][49m [32mLisc. : ISC[39m[0m
[0m[32m[39m [46m[PACKAGE][49m [32mMain. : index.js[39m[0m
[0m[32m[39m [46m[PACKAGE][49m [32mName. : catherine[39m[0m
[0m[32m[39m [46m[PACKAGE][49m [32mScrp. : [object Object][39m[0m
[0m[32m[39m [46m[PACKAGE][49m [32mVers. : 1.2.1 - 1.2.09scho[39m[0m
[0m[32m[39m [46m[PACKAGE][49m [32mPatch Note. : **[PN_13-03-2025]** La version 1.2.01sc modifie les messages shift et patch la commande /clear.,[39m[0m
[0m[32m**[PN_14-03-2025]** La version 1.2.05sch modifie la commande /help pour ajouter des commandes spéciales.,[39m[0m
[0m[32m**[PN_19-03-2025]** La version 1.2.1 (1.2.09scho) patch la commande /openservice et modifie la commande /userinfo, ajoutant des informations.[39m[0m
[0m[32m[39m[0m
[104m2025-04-15T17:21:33.354Z [CLIENT DISCORD] [49m[0m[34m==============================[39m[0m
[104m2025-04-15T17:21:33.354Z [CLIENT DISCORD] [49m[0m[32m🚀 Démarrage du bot...[39m[0m
[104m2025-04-15T17:21:33.354Z [CLIENT DISCORD] [49m[0m[33m🔗 Connexion à Discord API...[39m[0m
[104m2025-04-15T17:21:33.354Z [CLIENT DISCORD] [49m[0m[36m✅ Bot RP en ligne ! Connect111é en tant que LSSD Bot#8045[39m[0m
[104m2025-04-15T17:21:33.354Z [CLIENT DISCORD] [49m[0m[34m==============================[39m[0m
[0m[34m[39m[0m
[104m2025-04-15T17:21:33.354Z [CLIENT DISCORD] [49m[0mGuild récupéré :  Los Santos Sheriff Dept.[0m
[104m2025-04-15T17:21:33.354Z [CLIENT DISCORD] [49m[0mCommandes existantes :  checklog, viewdata, cleardata, requestroleinit, bypass, register, music, info, pex, openservice, infoshift, recruit, help, ban, ticket, shutdown, userinfo, send, clear, kick, warn, mute, rename, shift, promote[0m
[43m2025-04-15T17:21:33.354Z [WARN] ⚠️ Commandes déjà enregistrées pour ce serveur.[49m
[42m[30m🔔2025-04-15T17:21:36.351Z [🟢 SOFT NOTIFY]  Arguments passés : [33mAucun[39m[30m[39m[49m
[42m[30m🔔2025-04-15T17:21:36.351Z [🟢 SOFT NOTIFY]  Aucun mode de lancement spécifié.[39m[49m
[104m2025-04-15T17:21:33.354Z [CLIENT DISCORD] [49m[0m[94m[COMAND][39m [32mfrancois.piano[39m [0m[0ma éxécuté la commande [0m[0m [32mticket[39m [0m[0mdans[0m[0m [32mrapport-140425-tigrane-horde[39m[0m
[104m2025-04-15T17:21:33.354Z [CLIENT DISCORD] [49m[0m[42m✅ Utilisateur 449432156595552257 bypass les permissions.[49m[0m
[45m2025-04-15T17:21:33.354Z [DEBUG] ticket.json avant modification: [object Object][49m
[45m2025-04-15T17:21:33.354Z [DEBUG] Ajout de l'utilisateur 1347944146496917505...[49m
[45m2025-04-15T17:21:33.354Z [DEBUG] ticket.json après modification: [object Object][49m
[41m2025-04-15T17:21:33.354Z [ERROR] (node:12516) Warning: Supplying "ephemeral" for interaction response options is deprecated. Utilize flags instead.[49m
[41m(Use `node --trace-warnings ...` to show where the warning was created)[49m
[104m2025-04-15T17:21:33.354Z [CLIENT DISCORD] [49m[0m[94m[MESSAGE_SENT][39m [32mkhalil35[39m [0m[0ma envoyé[0m[0m [32mBesoin de monde de dispo  Braquage en cours[39m [0m[0mdans[0m[0m [32m💬-discussion-rp[39m[0m
[104m2025-04-15T17:21:33.354Z [CLIENT DISCORD] [49m[0m[94m[MESSAGE_SENT][39m [32mkeegan_rp[39m [0m[0ma envoyé[0m[0m [32mBonsoir, [39m[0m
[0m[32m[39m[0m
[0m[32mJe vais faire un plaider-coupable pour les délits suivants : [39m[0m
[0m[32m[39m[0m
[0m[32m- Braquage de supérette ;[39m[0m
[0m[32m- Refus d'obtempérer ; [39m[0m
[0m[32m- Délit de fuite ;[39m[0m
[0m[32m- Conduite sans permis. [39m[0m
[0m[32m[39m[0m
[0m[32mIl lui sera proposé une peine de prison et une amende pour l'ensemble des délits constatés par vos services ainsi qu'une ou plusieurs mesures obligatoires supplémentaires. [39m[0m
[0m[32m[39m[0m
[0m[32mJe ne retiendrais pas la mise en danger de la vie d'autrui puisque par défaut, lors d'un refus d'obtempérer, il met la vie des autres en danger. [39m[0m
[0m[32m[39m[0m
[0m[32mJe m'en occupe, également, jeudi soir lors de mon retour. [39m[0m
[0m[32m[39m[0m
[0m[32mCordialement,[39m [0m[0mdans[0m[0m [32mrapport-140425-tigrane-horde[39m[0m
[104m2025-04-15T17:21:33.354Z [CLIENT DISCORD] [49m[0m[94m[MESSAGE_SENT][39m [32mkeegan_rp[39m [0m[0ma envoyé[0m[0m [32mBonsoir,[39m[0m
[0m[32m[39m[0m
[0m[32mIl semblerait que l'individu ait quitté le territoire mais son procès aura bien lieu, si jamais, il refait surface. [39m[0m
[0m[32m[39m[0m
[0m[32mCordialement,[39m [0m[0mdans[0m[0m [32mrapport-110425-maki-black[39m[0m
[104m2025-04-15T17:21:33.354Z [CLIENT DISCORD] [49m[0m[94m[MESSAGE_SENT][39m [32mfrancois.piano[39m [0m[0ma envoyé[0m[0m [32mBonsoir,[39m[0m
[0m[32m[39m[0m
[0m[32mJe tiens à rajouter que le Sergent Lewis, durant la lecture des droits Miranda, a omis la lecture des droits "Boissons et nourriture".[39m[0m
[0m[32m[39m[0m
[0m[32mCet oubli n'est selon moi pas une faute grave. A vous de voir.[39m[0m
[0m[32m[39m[0m
[0m[32mLt. Lennon.[39m [0m[0mdans[0m[0m [32mrapport-140425-tigrane-horde[39m[0m
[104m2025-04-15T17:21:33.354Z [CLIENT DISCORD] [49m[0m[94m[MESSAGE_REMOVE][39m [32mfrancois.piano[39m [0m[0ma supprimé[0m[0m [32mBonsoir,[39m[0m
[0m[32m[39m[0m
[0m[32mJe tiens à rajouter que le Sergent Lewis, durant la lecture des droits Miranda, a omis la lecture des droits "Boissons et nourriture".[39m[0m
[0m[32m[39m[0m
[0m[32mCet oubli n'est selon moi pas une faute grave. A vous de voir.[39m[0m
[0m[32m[39m[0m
[0m[32mLt. Lennon.[39m [0m[0mdans[0m[0m [32mrapport-140425-tigrane-horde[39m[0m
[104m2025-04-15T17:21:33.354Z [CLIENT DISCORD] [49m[0m[94m[MESSAGE_SENT][39m [32mfrancois.piano[39m [0m[0ma envoyé[0m[0m [32mLe véhicule à été confisqué pour ces même mesfaits.[39m [0m[0mdans[0m[0m [32mrapport-140425-tigrane-horde[39m[0m
[104m2025-04-15T17:21:33.354Z [CLIENT DISCORD] [49m[0m[94m[MESSAGE_SENT][39m [32mkeegan_rp[39m [0m[0ma envoyé[0m[0m [32mReçu, merci de l'info. Gardez-le en confiscation jusqu'à la date du plaider-coupable.[39m [0m[0mdans[0m[0m [32mrapport-140425-tigrane-horde[39m[0m
[104m2025-04-15T17:21:33.354Z [CLIENT DISCORD] [49m[0m[94m[MESSAGE_SENT][39m [32mfrancois.piano[39m [0m[0ma envoyé[0m[0m [32mBien reçu.[39m [0m[0mdans[0m[0m [32mrapport-140425-tigrane-horde[39m[0m
[104m2025-04-15T18:49:08.143Z [CLIENT DISCORD] [49m[0mLes modules  [32mloggers[39m [0m[0m ont correctement été exporté.[0m[0m[0m
[104m2025-04-15T18:49:08.143Z [CLIENT DISCORD] [49m[0mLes modules  [32mutils.js[39m [0m[0m ont correctement été exporté.[0m[0m[0m
[104m2025-04-15T18:49:08.143Z [CLIENT DISCORD] [49m[0mL'interaction  [32mcommands.js[39m [0m[0m ont correctement été exporté.[0m[0m[0m
[104m2025-04-15T18:49:08.143Z [CLIENT DISCORD] [49m[0mL'interaction  [32mbuttons.js[39m [0m[0m ont correctement été exporté.[0m[0m[0m
[104m2025-04-15T18:49:08.143Z [CLIENT DISCORD] [49m[0mL'interaction  [32mmodals.js[39m [0m[0m ont correctement été exporté.[0m[0m[0m
[42m[30m🔔2025-04-15T18:49:08.837Z [🟢 SOFT NOTIFY]  guildBanAdd.js,guildBanRemove.js,guildMemberAdd.js,guildMemberRemove.js,interactionCreate.js,messageCreate.js,messageDelete.js,messageUpdate.js,ready.js[39m[49m
[104m2025-04-15T18:49:08.143Z [CLIENT DISCORD] [49m[0m✅ Données rechargées depuis config.json : [object Object][0m
[45m2025-04-15T18:49:08.143Z [DEBUG] Hi !![49m
[104m2025-04-15T18:49:08.143Z [CLIENT DISCORD] [49m[0m[42m[30mChargement du fichier index.js[39m[49m[0m
[41m[30m🔔2025-04-15T18:49:08.839Z [🔴 CRITICAL NOTIFY]  Hey![39m[49m
[104m2025-04-15T18:49:08.143Z [CLIENT DISCORD] [49m[0m[42m[30mChargement des informations du package.[39m[49m[0m
[0m[42m[30m[39m[49m [46m[PACKAGE][49m [32mAuth. : François 🌺[39m[0m
[0m[32m[39m [46m[PACKAGE][49m [32mDepd. : @discordjs/voice, axios, chalk, discord.js, fs, play-dl, yt-search, ytdl-core, ytdl-core-discord[39m[0m
[0m[32m[39m [46m[PACKAGE][49m [32mDesc. : The official bot of LSSD.[39m[0m
[0m[32m[39m [46m[PACKAGE][49m [32mLisc. : ISC[39m[0m
[0m[32m[39m [46m[PACKAGE][49m [32mMain. : index.js[39m[0m
[0m[32m[39m [46m[PACKAGE][49m [32mName. : catherine[39m[0m
[0m[32m[39m [46m[PACKAGE][49m [32mScrp. : [object Object][39m[0m
[0m[32m[39m [46m[PACKAGE][49m [32mVers. : 1.2.1 - 1.2.09scho[39m[0m
[0m[32m[39m [46m[PACKAGE][49m [32mPatch Note. : **[PN_13-03-2025]** La version 1.2.01sc modifie les messages shift et patch la commande /clear.,[39m[0m
[0m[32m**[PN_14-03-2025]** La version 1.2.05sch modifie la commande /help pour ajouter des commandes spéciales.,[39m[0m
[0m[32m**[PN_19-03-2025]** La version 1.2.1 (1.2.09scho) patch la commande /openservice et modifie la commande /userinfo, ajoutant des informations.[39m[0m
[0m[32m[39m[0m
[104m2025-04-15T18:49:08.143Z [CLIENT DISCORD] [49m[0m[34m==============================[39m[0m
[104m2025-04-15T18:49:08.143Z [CLIENT DISCORD] [49m[0m[32m🚀 Démarrage du bot...[39m[0m
[104m2025-04-15T18:49:08.143Z [CLIENT DISCORD] [49m[0m[33m🔗 Connexion à Discord API...[39m[0m
[104m2025-04-15T18:49:08.143Z [CLIENT DISCORD] [49m[0m[36m✅ Bot RP en ligne ! Connect111é en tant que LSSD Bot#8045[39m[0m
[104m2025-04-15T18:49:08.143Z [CLIENT DISCORD] [49m[0m[34m==============================[39m[0m
[0m[34m[39m[0m
[104m2025-04-15T18:49:08.143Z [CLIENT DISCORD] [49m[0mGuild récupéré :  Los Santos Sheriff Dept.[0m
[104m2025-04-15T18:49:08.143Z [CLIENT DISCORD] [49m[0mCommandes existantes :  checklog, viewdata, cleardata, requestroleinit, bypass, register, music, info, pex, openservice, infoshift, recruit, help, ban, ticket, shutdown, userinfo, send, clear, kick, warn, mute, rename, shift, promote[0m
[43m2025-04-15T18:49:08.143Z [WARN] ⚠️ Commandes déjà enregistrées pour ce serveur.[49m
[42m[30m🔔2025-04-15T18:49:10.087Z [🟢 SOFT NOTIFY]  Arguments passés : [33mAucun[39m[30m[39m[49m
[42m[30m🔔2025-04-15T18:49:10.088Z [🟢 SOFT NOTIFY]  Aucun mode de lancement spécifié.[39m[49m
[104m2025-04-15T18:49:08.143Z [CLIENT DISCORD] [49m[0m[94m[MESSAGE_SENT][39m [32mkeegan_rp[39m [0m[0ma envoyé[0m[0m [32mIl connaît son dossier, non ?[39m [0m[0mdans[0m[0m [32mrapport-140425-tigrane-horde[39m[0m
[104m2025-04-15T18:49:08.143Z [CLIENT DISCORD] [49m[0m[94m[MESSAGE_SENT][39m [32mfrancois.piano[39m [0m[0ma envoyé[0m[0m [32mIl souhaite avoir les rapports transmis ici.[39m [0m[0mdans[0m[0m [32mrapport-140425-tigrane-horde[39m[0m
[104m2025-04-15T18:49:08.143Z [CLIENT DISCORD] [49m[0m[94m[MESSAGE_SENT][39m [32mkeegan_rp[39m [0m[0ma envoyé[0m[0m [32mEst-ce que l'agent ayant procédé à l'arrestation souhaite être protégé ?[39m [0m[0mdans[0m[0m [32mrapport-140425-tigrane-horde[39m[0m
[104m2025-04-15T18:49:08.143Z [CLIENT DISCORD] [49m[0m[94m[MESSAGE_SENT][39m [32mfrancois.piano[39m [0m[0ma envoyé[0m[0m [32mJe suis en communication avec lui, non.[39m [0m[0mdans[0m[0m [32mrapport-140425-tigrane-horde[39m[0m
[104m2025-04-15T18:49:08.143Z [CLIENT DISCORD] [49m[0m[94m[MESSAGE_SENT][39m [32mfrancois.piano[39m [0m[0ma envoyé[0m[0m [32mJe l'ajoute au ticket ? M. Horde ?[39m [0m[0mdans[0m[0m [32mrapport-140425-tigrane-horde[39m[0m
[104m2025-04-15T18:49:08.143Z [CLIENT DISCORD] [49m[0m[94m[MESSAGE_SENT][39m [32mkeegan_rp[39m [0m[0ma envoyé[0m[0m [32mVous pouvez, alors.[39m [0m[0mdans[0m[0m [32mrapport-140425-tigrane-horde[39m[0m
[104m2025-04-15T18:49:08.143Z [CLIENT DISCORD] [49m[0m[94m[COMAND][39m [32mfrancois.piano[39m [0m[0ma éxécuté la commande [0m[0m [32mticket[39m [0m[0mdans[0m[0m [32mrapport-140425-tigrane-horde[39m[0m
[104m2025-04-15T18:49:08.143Z [CLIENT DISCORD] [49m[0m[42m✅ Utilisateur 449432156595552257 bypass les permissions.[49m[0m
[45m2025-04-15T18:49:08.143Z [DEBUG] ticket.json avant modification: [object Object][49m
[45m2025-04-15T18:49:08.143Z [DEBUG] Ajout de l'utilisateur 1277723811776696342...[49m
[45m2025-04-15T18:49:08.143Z [DEBUG] ticket.json après modification: [object Object][49m
[41m2025-04-15T18:49:08.143Z [ERROR] (node:6592) Warning: Supplying "ephemeral" for interaction response options is deprecated. Utilize flags instead.[49m
[41m(Use `node --trace-warnings ...` to show where the warning was created)[49m
[104m2025-04-15T18:49:08.143Z [CLIENT DISCORD] [49m[0m[94m[MESSAGE_SENT][39m [32mkeegan_rp[39m [0m[0ma envoyé[0m[0m [32mMonsieur <@1277723811776696342>,[39m[0m
[0m[32m[39m[0m
[0m[32mVous avez accès au dossier d'arrestation résumant les faits qui vous sont reprochés. [39m[0m
[0m[32m[39m[0m
[0m[32mJe vous recommande vivement d'être présent à la date et heure indiquée, à la Sheriff Station afin d'effectuer le plaider-coupable prévu, conformément au code de procédure pénal. [39m[0m
[0m[32m[39m[0m
[0m[32mCordialement,[39m [0m[0mdans[0m[0m [32mrapport-140425-tigrane-horde[39m[0m
[104m2025-04-15T18:49:08.143Z [CLIENT DISCORD] [49m[0m[94m[MESSAGE_SENT][39m [32mfrancois.piano[39m [0m[0ma envoyé[0m[0m [32mL'Attestation de M. Horde[39m [0m[0mdans[0m[0m [32mrapport-140425-tigrane-horde[39m[0m
[104m2025-04-15T18:49:08.143Z [CLIENT DISCORD] [49m[0m[94m[MESSAGE_SENT][39m [32mkeegan_rp[39m [0m[0ma envoyé[0m[0m [32mJe crois que Monsieur <@1277723811776696342> n'a pas tout à fait compris comment fonctionne le Département de Justice. [39m[0m
[0m[32m[39m[0m
[0m[32mPremièrement, vous êtes dans l'État de San Andreas, votre attestation n'a strictement aucune valeur et vous n'êtes pas inscrit au barreau de San Andreas ;[39m[0m
[0m[32m[39m[0m
[0m[32mDeuxièmement, pour vous défendre, vous n'avez pas besoin d'être avocat et vous pouvez décider de vous défendre seul et avec vos propres moyens ; [39m[0m
[0m[32m[39m[0m
[0m[32mTroisièmement, je vous annonce officiellement que votre attestation est rejetée et n'a aucune valeur dans l'État de San Andreas. [39m[0m
[0m[32m[39m[0m
[0m[32mCordialement,[39m[0m
[0m[32m[39m[0m
[0m[32mArthur Keegan • **Procureur Général des États-Unis**[39m [0m[0mdans[0m[0m [32mrapport-140425-tigrane-horde[39m[0m
[104m2025-04-15T18:49:08.143Z [CLIENT DISCORD] [49m[0m[94m[MESSAGE_SENT][39m [32mkazut.0[39m [0m[0ma envoyé[0m[0m [32mBonsoir, [39m[0m
[0m[32m[39m[0m
[0m[32mJe vous réponds a votre message l'agent 93 ma dit que sans barrot nous ne pouvons pas nous représenté. [39m[0m
[0m[32mJ'ai donc demander devant lui au téléphone un document dans l'urgence. [39m[0m
[0m[32m[39m[0m
[0m[32mJe vous souhaites une bonne soirée. [39m[0m
[0m[32mEt désoler de la gène occasion.[39m [0m[0mdans[0m[0m [32mrapport-140425-tigrane-horde[39m[0m
[104m2025-04-15T18:49:08.143Z [CLIENT DISCORD] [49m[0m[94m[MESSAGE_SENT][39m [32mkeegan_rp[39m [0m[0ma envoyé[0m[0m [32mVous pouvez vous représenter vous-même, seul, sans avocat.[39m[0m
[0m[32m[39m[0m
[0m[32mCordialement,[39m [0m[0mdans[0m[0m [32mrapport-140425-tigrane-horde[39m[0m
[104m2025-04-15T18:49:08.143Z [CLIENT DISCORD] [49m[0m[94m[MESSAGE_SENT][39m [32mkeegan_rp[39m [0m[0ma envoyé[0m[0m [32mPourriez-vous me décrire le profil de Monsieur Horde ?[39m[0m
[0m[32m[39m[0m
[0m[32mIl m'a l'air spécial...[39m [0m[0mdans[0m[0m [32mprocureur-général-keegan[39m[0m
[104m2025-04-15T18:49:08.143Z [CLIENT DISCORD] [49m[0m[94m[MESSAGE_SENT][39m [32mkazut.0[39m [0m[0ma envoyé[0m[0m [32mParfais je vous en remercie d'avoir confirmé ma version. [39m[0m
[0m[32mEn vous souhaitent une agréable soirée. [39m[0m
[0m[32m[39m[0m
[0m[32mM Tigrane HORDE[39m [0m[0mdans[0m[0m [32mrapport-140425-tigrane-horde[39m[0m
[104m2025-04-15T18:49:08.143Z [CLIENT DISCORD] [49m[0m[94m[MESSAGE_SENT][39m [32m.darkodin92[39m [0m[0ma envoyé[0m[0m [32mBonsoir Monsieur le Procureur. Alors Monsieur Hordès est un citoyen très engagé, qui sait tout mieux que tout le monde, y compris les textes de loi en vigueur. Monsieur Hordès a la fâcheuse tendance à dire à la police comment elle doit faire son métier et comment, il nous explique comment fonctionnent les procédures et comment fonctionnent les textes de loi. Sauf que Monsieur Hordès se perd souvent entre la loi fédérale et les lois propres à chaque état.  Voici sont profil. Monsieur le Procureur.[39m [0m[0mdans[0m[0m [32mprocureur-général-keegan[39m[0m
[104m2025-04-15T18:49:08.143Z [CLIENT DISCORD] [49m[0m$[MESSAGE UPTATED] null a été modifié par undefined .darkodin92 dans procureur-général-keegan[0m
[104m2025-04-15T18:49:08.143Z [CLIENT DISCORD] [49m[0m[94m[MESSAGE_SENT][39m [32mkeegan_rp[39m [0m[0ma envoyé[0m[0m [32mBonsoir Shérif,[39m[0m
[0m[32m[39m[0m
[0m[32mJe vous remercie de cette belle description de profil. [39m[0m
[0m[32m[39m[0m
[0m[32mJe sens que ça va être sympa jeudi soir. Je pense qu'il ne sait pas encore comment je fonctionne... Et qu'il va vite le découvrir.[39m [0m[0mdans[0m[0m [32mprocureur-général-keegan[39m[0m
[104m2025-04-15T18:49:08.143Z [CLIENT DISCORD] [49m[0m[94m[MESSAGE_SENT][39m [32mfrancois.piano[39m [0m[0ma envoyé[0m[0m [32m# <:lssd:1348069462317990028> Official statement from the Sandy Shore Station, Lieutenant Lennon.[39m[0m
[0m[32m> ## NOTE DE SERVICE • PROMOTION[39m[0m
[0m[32m> ## Los Santos Sherif Departement[39m[0m
[0m[32m*A l'attention de tous les officiers du LSSD.*[39m[0m
[0m[32m[39m[0m
[0m[32mSous ordre direct de la <@&1272253157577064478>, le **Corporal Garcia** est promu **Sergent**.[39m[0m
[0m[32m[39m[0m
[0m[32mFélicitation Sergent.[39m[0m
[0m[32m[39m[0m
[0m[32m-# <@449432156595552257>,[39m[0m
[0m[32m-# 🇺🇸 Lieutenant  of Los Santos Sherif Dpt.[39m[0m
[0m[32m-# <:lssd:1348069462317990028> Commander of Detective Division.[39m[0m
[0m[32m-# <:IABavatar:1358757637772280001> Lieutenant of Internal Investigation Affairs[39m [0m[0mdans[0m[0m [32m📢-annonce[39m[0m
[104m2025-04-15T18:49:08.143Z [CLIENT DISCORD] [49m[0m[94m[COMAND][39m [32mfrancois.piano[39m [0m[0ma éxécuté la commande [0m[0m [32mpromote[39m [0m[0mdans[0m[0m [32m📢-annonce[39m[0m
[104m2025-04-15T18:49:08.143Z [CLIENT DISCORD] [49m[0m[42m✅ Utilisateur 449432156595552257 bypass les permissions.[49m[0m
[104m2025-04-15T19:24:24.725Z [CLIENT DISCORD] [49m[0mLes modules  [32mloggers[39m [0m[0m ont correctement été exporté.[0m[0m[0m
[104m2025-04-15T19:24:24.725Z [CLIENT DISCORD] [49m[0mLes modules  [32mutils.js[39m [0m[0m ont correctement été exporté.[0m[0m[0m
[104m2025-04-15T19:24:24.725Z [CLIENT DISCORD] [49m[0mL'interaction  [32mcommands.js[39m [0m[0m ont correctement été exporté.[0m[0m[0m
[104m2025-04-15T19:24:24.725Z [CLIENT DISCORD] [49m[0mL'interaction  [32mbuttons.js[39m [0m[0m ont correctement été exporté.[0m[0m[0m
[104m2025-04-15T19:24:24.725Z [CLIENT DISCORD] [49m[0mL'interaction  [32mmodals.js[39m [0m[0m ont correctement été exporté.[0m[0m[0m
[42m[30m🔔2025-04-15T19:24:25.435Z [🟢 SOFT NOTIFY]  guildBanAdd.js,guildBanRemove.js,guildMemberAdd.js,guildMemberRemove.js,interactionCreate.js,messageCreate.js,messageDelete.js,messageUpdate.js,ready.js[39m[49m
[104m2025-04-15T19:24:24.725Z [CLIENT DISCORD] [49m[0m✅ Données rechargées depuis config.json : [object Object][0m
[45m2025-04-15T19:24:24.725Z [DEBUG] Hi !![49m
[104m2025-04-15T19:24:24.725Z [CLIENT DISCORD] [49m[0m[42m[30mChargement du fichier index.js[39m[49m[0m
[41m[30m🔔2025-04-15T19:24:25.437Z [🔴 CRITICAL NOTIFY]  Hey![39m[49m
[104m2025-04-15T19:24:24.725Z [CLIENT DISCORD] [49m[0m[42m[30mChargement des informations du package.[39m[49m[0m
[0m[42m[30m[39m[49m [46m[PACKAGE][49m [32mAuth. : François 🌺[39m[0m
[0m[32m[39m [46m[PACKAGE][49m [32mDepd. : @discordjs/voice, axios, chalk, discord.js, fs, play-dl, yt-search, ytdl-core, ytdl-core-discord[39m[0m
[0m[32m[39m [46m[PACKAGE][49m [32mDesc. : The official bot of LSSD.[39m[0m
[0m[32m[39m [46m[PACKAGE][49m [32mLisc. : ISC[39m[0m
[0m[32m[39m [46m[PACKAGE][49m [32mMain. : index.js[39m[0m
[0m[32m[39m [46m[PACKAGE][49m [32mName. : catherine[39m[0m
[0m[32m[39m [46m[PACKAGE][49m [32mScrp. : [object Object][39m[0m
[0m[32m[39m [46m[PACKAGE][49m [32mVers. : 1.2.1 - 1.2.09scho[39m[0m
[0m[32m[39m [46m[PACKAGE][49m [32mPatch Note. : **[PN_13-03-2025]** La version 1.2.01sc modifie les messages shift et patch la commande /clear.,[39m[0m
[0m[32m**[PN_14-03-2025]** La version 1.2.05sch modifie la commande /help pour ajouter des commandes spéciales.,[39m[0m
[0m[32m**[PN_19-03-2025]** La version 1.2.1 (1.2.09scho) patch la commande /openservice et modifie la commande /userinfo, ajoutant des informations.[39m[0m
[0m[32m[39m[0m
[104m2025-04-15T19:24:24.725Z [CLIENT DISCORD] [49m[0m[34m==============================[39m[0m
[104m2025-04-15T19:24:24.725Z [CLIENT DISCORD] [49m[0m[32m🚀 Démarrage du bot...[39m[0m
[104m2025-04-15T19:24:24.725Z [CLIENT DISCORD] [49m[0m[33m🔗 Connexion à Discord API...[39m[0m
[104m2025-04-15T19:24:24.725Z [CLIENT DISCORD] [49m[0m[36m✅ Bot RP en ligne ! Connect111é en tant que LSSD Bot#8045[39m[0m
[104m2025-04-15T19:24:24.725Z [CLIENT DISCORD] [49m[0m[34m==============================[39m[0m
[0m[34m[39m[0m
[104m2025-04-15T19:24:24.725Z [CLIENT DISCORD] [49m[0mGuild récupéré :  Los Santos Sheriff Dept.[0m
[104m2025-04-15T19:24:24.725Z [CLIENT DISCORD] [49m[0mCommandes existantes :  checklog, viewdata, cleardata, requestroleinit, bypass, register, music, info, pex, openservice, infoshift, recruit, help, ban, ticket, shutdown, userinfo, send, clear, kick, warn, mute, rename, shift, promote[0m
[43m2025-04-15T19:24:24.725Z [WARN] ⚠️ Commandes déjà enregistrées pour ce serveur.[49m
[42m[30m🔔2025-04-15T19:24:26.637Z [🟢 SOFT NOTIFY]  Arguments passés : [33mAucun[39m[30m[39m[49m
[42m[30m🔔2025-04-15T19:24:26.637Z [🟢 SOFT NOTIFY]  Aucun mode de lancement spécifié.[39m[49m
[104m2025-04-15T19:24:24.725Z [CLIENT DISCORD] [49m[0m[94m[COMAND][39m [32mfrancois.piano[39m [0m[0ma éxécuté la commande [0m[0m [32mpromote[39m [0m[0mdans[0m[0m [32m📢-annonce[39m[0m
[104m2025-04-15T19:24:24.725Z [CLIENT DISCORD] [49m[0m[42m✅ Utilisateur 449432156595552257 bypass les permissions.[49m[0m
[104m2025-04-15T20:03:29.276Z [CLIENT DISCORD] [49m[0mLes modules  [32mloggers[39m [0m[0m ont correctement été exporté.[0m[0m[0m
[104m2025-04-15T20:03:29.276Z [CLIENT DISCORD] [49m[0mLes modules  [32mutils.js[39m [0m[0m ont correctement été exporté.[0m[0m[0m
[104m2025-04-15T20:03:29.276Z [CLIENT DISCORD] [49m[0mL'interaction  [32mcommands.js[39m [0m[0m ont correctement été exporté.[0m[0m[0m
[104m2025-04-15T20:03:29.276Z [CLIENT DISCORD] [49m[0mL'interaction  [32mbuttons.js[39m [0m[0m ont correctement été exporté.[0m[0m[0m
[104m2025-04-15T20:03:29.276Z [CLIENT DISCORD] [49m[0mL'interaction  [32mmodals.js[39m [0m[0m ont correctement été exporté.[0m[0m[0m
[42m[30m🔔2025-04-15T20:03:29.369Z [🟢 SOFT NOTIFY]  guildBanAdd.js,guildBanRemove.js,guildMemberAdd.js,guildMemberRemove.js,interactionCreate.js,messageCreate.js,messageDelete.js,messageUpdate.js,ready.js[39m[49m
[104m2025-04-15T20:03:29.276Z [CLIENT DISCORD] [49m[0m✅ Données rechargées depuis config.json : [object Object][0m
[45m2025-04-15T20:03:29.276Z [DEBUG] Hi !![49m
[104m2025-04-15T20:03:29.276Z [CLIENT DISCORD] [49m[0m[42m[30mChargement du fichier index.js[39m[49m[0m
[41m[30m🔔2025-04-15T20:03:29.371Z [🔴 CRITICAL NOTIFY]  Hey![39m[49m
[104m2025-04-15T20:03:29.276Z [CLIENT DISCORD] [49m[0m[42m[30mChargement des informations du package.[39m[49m[0m
[0m[42m[30m[39m[49m [46m[PACKAGE][49m [32mAuth. : François 🌺[39m[0m
[0m[32m[39m [46m[PACKAGE][49m [32mDepd. : @discordjs/voice, axios, chalk, discord.js, fs, play-dl, yt-search, ytdl-core, ytdl-core-discord[39m[0m
[0m[32m[39m [46m[PACKAGE][49m [32mDesc. : The official bot of LSSD.[39m[0m
[0m[32m[39m [46m[PACKAGE][49m [32mLisc. : ISC[39m[0m
[0m[32m[39m [46m[PACKAGE][49m [32mMain. : index.js[39m[0m
[0m[32m[39m [46m[PACKAGE][49m [32mName. : catherine[39m[0m
[0m[32m[39m [46m[PACKAGE][49m [32mScrp. : [object Object][39m[0m
[0m[32m[39m [46m[PACKAGE][49m [32mVers. : 1.2.1 - 1.2.09scho[39m[0m
[0m[32m[39m [46m[PACKAGE][49m [32mPatch Note. : **[PN_13-03-2025]** La version 1.2.01sc modifie les messages shift et patch la commande /clear.,[39m[0m
[0m[32m**[PN_14-03-2025]** La version 1.2.05sch modifie la commande /help pour ajouter des commandes spéciales.,[39m[0m
[0m[32m**[PN_19-03-2025]** La version 1.2.1 (1.2.09scho) patch la commande /openservice et modifie la commande /userinfo, ajoutant des informations.[39m[0m
[0m[32m[39m[0m
[104m2025-04-15T20:03:29.276Z [CLIENT DISCORD] [49m[0m[34m==============================[39m[0m
[104m2025-04-15T20:03:29.276Z [CLIENT DISCORD] [49m[0m[32m🚀 Démarrage du bot...[39m[0m
[104m2025-04-15T20:03:29.276Z [CLIENT DISCORD] [49m[0m[33m🔗 Connexion à Discord API...[39m[0m
[104m2025-04-15T20:03:29.276Z [CLIENT DISCORD] [49m[0m[36m✅ Bot RP en ligne ! Connect111é en tant que LSSD Bot#8045[39m[0m
[104m2025-04-15T20:03:29.276Z [CLIENT DISCORD] [49m[0m[34m==============================[39m[0m
[0m[34m[39m[0m
[104m2025-04-15T20:03:29.276Z [CLIENT DISCORD] [49m[0mGuild récupéré :  Los Santos Sheriff Dept.[0m
[104m2025-04-15T20:03:29.276Z [CLIENT DISCORD] [49m[0mCommandes existantes :  checklog, viewdata, cleardata, requestroleinit, bypass, register, music, info, pex, openservice, infoshift, recruit, help, ban, ticket, shutdown, userinfo, send, clear, kick, warn, mute, rename, shift, promote[0m
[43m2025-04-15T20:03:29.276Z [WARN] ⚠️ Commandes déjà enregistrées pour ce serveur.[49m
[42m[30m🔔2025-04-15T20:03:30.568Z [🟢 SOFT NOTIFY]  Arguments passés : [33mAucun[39m[30m[39m[49m
[42m[30m🔔2025-04-15T20:03:30.569Z [🟢 SOFT NOTIFY]  Aucun mode de lancement spécifié.[39m[49m
[104m2025-04-15T20:30:06.037Z [CLIENT DISCORD] [49m[0mLes modules  [32mloggers[39m [0m[0m ont correctement été exporté.[0m[0m[0m
[104m2025-04-15T20:30:58.393Z [CLIENT DISCORD] [49m[0mLes modules  [32mloggers[39m [0m[0m ont correctement été exporté.[0m[0m[0m
[104m2025-04-15T20:30:58.393Z [CLIENT DISCORD] [49m[0mLes modules  [32mutils.js[39m [0m[0m ont correctement été exporté.[0m[0m[0m
[104m2025-04-15T20:30:58.393Z [CLIENT DISCORD] [49m[0mL'interaction  [32mcommands.js[39m [0m[0m ont correctement été exporté.[0m[0m[0m
[104m2025-04-15T20:30:58.393Z [CLIENT DISCORD] [49m[0mL'interaction  [32mbuttons.js[39m [0m[0m ont correctement été exporté.[0m[0m[0m
[104m2025-04-15T20:30:58.393Z [CLIENT DISCORD] [49m[0mL'interaction  [32mmodals.js[39m [0m[0m ont correctement été exporté.[0m[0m[0m
[42m[30m🔔2025-04-15T20:30:58.479Z [🟢 SOFT NOTIFY]  guildBanAdd.js,guildBanRemove.js,guildMemberAdd.js,guildMemberRemove.js,interactionCreate.js,messageCreate.js,messageDelete.js,messageUpdate.js,ready.js[39m[49m
[104m2025-04-15T20:30:58.393Z [CLIENT DISCORD] [49m[0m✅ Données rechargées depuis config.json : [object Object][0m
[45m2025-04-15T20:30:58.393Z [DEBUG] Hi !![49m
[104m2025-04-15T20:30:58.393Z [CLIENT DISCORD] [49m[0m[42m[30mChargement du fichier index.js[39m[49m[0m
[41m[30m🔔2025-04-15T20:30:58.481Z [🔴 CRITICAL NOTIFY]  Hey![39m[49m
[104m2025-04-15T20:30:58.393Z [CLIENT DISCORD] [49m[0m[42m[30mChargement des informations du package.[39m[49m[0m
[0m[42m[30m[39m[49m [46m[PACKAGE][49m [32mAuth. : François 🌺[39m[0m
[0m[32m[39m [46m[PACKAGE][49m [32mDepd. : @discordjs/voice, axios, chalk, discord.js, fs, play-dl, yt-search, ytdl-core, ytdl-core-discord[39m[0m
[0m[32m[39m [46m[PACKAGE][49m [32mDesc. : The official bot of LSSD.[39m[0m
[0m[32m[39m [46m[PACKAGE][49m [32mLisc. : ISC[39m[0m
[0m[32m[39m [46m[PACKAGE][49m [32mMain. : index.js[39m[0m
[0m[32m[39m [46m[PACKAGE][49m [32mName. : catherine[39m[0m
[0m[32m[39m [46m[PACKAGE][49m [32mScrp. : [object Object][39m[0m
[0m[32m[39m [46m[PACKAGE][49m [32mVers. : 1.2.1 - 1.2.09scho[39m[0m
[0m[32m[39m [46m[PACKAGE][49m [32mPatch Note. : **[PN_13-03-2025]** La version 1.2.01sc modifie les messages shift et patch la commande /clear.,[39m[0m
[0m[32m**[PN_14-03-2025]** La version 1.2.05sch modifie la commande /help pour ajouter des commandes spéciales.,[39m[0m
[0m[32m**[PN_19-03-2025]** La version 1.2.1 (1.2.09scho) patch la commande /openservice et modifie la commande /userinfo, ajoutant des informations.[39m[0m
[0m[32m[39m[0m
[104m2025-04-15T20:30:58.393Z [CLIENT DISCORD] [49m[0m[34m==============================[39m[0m
[104m2025-04-15T20:30:58.393Z [CLIENT DISCORD] [49m[0m[32m🚀 Démarrage du bot...[39m[0m
[104m2025-04-15T20:30:58.393Z [CLIENT DISCORD] [49m[0m[33m🔗 Connexion à Discord API...[39m[0m
[104m2025-04-15T20:30:58.393Z [CLIENT DISCORD] [49m[0m[36m✅ Bot RP en ligne ! Connect111é en tant que LSSD Bot#8045[39m[0m
[104m2025-04-15T20:30:58.393Z [CLIENT DISCORD] [49m[0m[34m==============================[39m[0m
[0m[34m[39m[0m
[104m2025-04-15T20:30:58.393Z [CLIENT DISCORD] [49m[0mGuild récupéré :  Los Santos Sheriff Dept.[0m
[104m2025-04-15T20:30:58.393Z [CLIENT DISCORD] [49m[0mCommandes existantes :  checklog, viewdata, cleardata, requestroleinit, bypass, register, music, info, pex, openservice, infoshift, recruit, help, ban, ticket, shutdown, userinfo, send, clear, kick, warn, mute, rename, shift, promote[0m
[43m2025-04-15T20:30:58.393Z [WARN] ⚠️ Commandes déjà enregistrées pour ce serveur.[49m
[42m[30m🔔2025-04-15T20:30:59.670Z [🟢 SOFT NOTIFY]  Arguments passés : clearcommand[39m[49m
[42m[30m🔔2025-04-15T20:30:59.671Z [🟢 SOFT NOTIFY]  Le mode 'clearcommand' est activé.[39m[49m
[104m2025-04-15T20:30:58.393Z [CLIENT DISCORD] [49m[0mToutes les commandes du serveur Los Santos Sheriff Dept. ont été supprimées.[0m
[104m2025-04-15T20:31:04.513Z [CLIENT DISCORD] [49m[0mLes modules  [32mloggers[39m [0m[0m ont correctement été exporté.[0m[0m[0m
[104m2025-04-15T20:31:04.513Z [CLIENT DISCORD] [49m[0mLes modules  [32mutils.js[39m [0m[0m ont correctement été exporté.[0m[0m[0m
[104m2025-04-15T20:31:04.513Z [CLIENT DISCORD] [49m[0mL'interaction  [32mcommands.js[39m [0m[0m ont correctement été exporté.[0m[0m[0m
[104m2025-04-15T20:31:04.513Z [CLIENT DISCORD] [49m[0mL'interaction  [32mbuttons.js[39m [0m[0m ont correctement été exporté.[0m[0m[0m
[104m2025-04-15T20:31:04.513Z [CLIENT DISCORD] [49m[0mL'interaction  [32mmodals.js[39m [0m[0m ont correctement été exporté.[0m[0m[0m
[42m[30m🔔2025-04-15T20:31:04.598Z [🟢 SOFT NOTIFY]  guildBanAdd.js,guildBanRemove.js,guildMemberAdd.js,guildMemberRemove.js,interactionCreate.js,messageCreate.js,messageDelete.js,messageUpdate.js,ready.js[39m[49m
[104m2025-04-15T20:31:04.513Z [CLIENT DISCORD] [49m[0m✅ Données rechargées depuis config.json : [object Object][0m
[45m2025-04-15T20:31:04.513Z [DEBUG] Hi !![49m
[104m2025-04-15T20:31:04.513Z [CLIENT DISCORD] [49m[0m[42m[30mChargement du fichier index.js[39m[49m[0m
[41m[30m🔔2025-04-15T20:31:04.600Z [🔴 CRITICAL NOTIFY]  Hey![39m[49m
[104m2025-04-15T20:31:04.513Z [CLIENT DISCORD] [49m[0m[42m[30mChargement des informations du package.[39m[49m[0m
[0m[42m[30m[39m[49m [46m[PACKAGE][49m [32mAuth. : François 🌺[39m[0m
[0m[32m[39m [46m[PACKAGE][49m [32mDepd. : @discordjs/voice, axios, chalk, discord.js, fs, play-dl, yt-search, ytdl-core, ytdl-core-discord[39m[0m
[0m[32m[39m [46m[PACKAGE][49m [32mDesc. : The official bot of LSSD.[39m[0m
[0m[32m[39m [46m[PACKAGE][49m [32mLisc. : ISC[39m[0m
[0m[32m[39m [46m[PACKAGE][49m [32mMain. : index.js[39m[0m
[0m[32m[39m [46m[PACKAGE][49m [32mName. : catherine[39m[0m
[0m[32m[39m [46m[PACKAGE][49m [32mScrp. : [object Object][39m[0m
[0m[32m[39m [46m[PACKAGE][49m [32mVers. : 1.2.1 - 1.2.09scho[39m[0m
[0m[32m[39m [46m[PACKAGE][49m [32mPatch Note. : **[PN_13-03-2025]** La version 1.2.01sc modifie les messages shift et patch la commande /clear.,[39m[0m
[0m[32m**[PN_14-03-2025]** La version 1.2.05sch modifie la commande /help pour ajouter des commandes spéciales.,[39m[0m
[0m[32m**[PN_19-03-2025]** La version 1.2.1 (1.2.09scho) patch la commande /openservice et modifie la commande /userinfo, ajoutant des informations.[39m[0m
[0m[32m[39m[0m
[104m2025-04-15T20:31:04.513Z [CLIENT DISCORD] [49m[0m[34m==============================[39m[0m
[104m2025-04-15T20:31:04.513Z [CLIENT DISCORD] [49m[0m[32m🚀 Démarrage du bot...[39m[0m
[104m2025-04-15T20:31:04.513Z [CLIENT DISCORD] [49m[0m[33m🔗 Connexion à Discord API...[39m[0m
[104m2025-04-15T20:31:04.513Z [CLIENT DISCORD] [49m[0m[36m✅ Bot RP en ligne ! Connect111é en tant que LSSD Bot#8045[39m[0m
[104m2025-04-15T20:31:04.513Z [CLIENT DISCORD] [49m[0m[34m==============================[39m[0m
[0m[34m[39m[0m
[104m2025-04-15T20:31:04.513Z [CLIENT DISCORD] [49m[0mGuild récupéré :  Los Santos Sheriff Dept.[0m
[104m2025-04-15T20:31:04.513Z [CLIENT DISCORD] [49m[0mCommandes existantes :  [0m
[104m2025-04-15T20:31:04.513Z [CLIENT DISCORD] [49m[0mAucune commande trouvée. Enregistrement des commandes...[0m
[104m2025-04-15T20:31:04.513Z [CLIENT DISCORD] [49m[0mListe des commandes chargées :  0, 1, 2, 3, 4, 5, 6, 7, 8, 9, 10, 11, 12, 13, 14, 15, 16, 17, 18, 19, 20, 21, 22, 23, 24, 25, 26[0m
[42m[30m🔔2025-04-15T20:31:06.412Z [🟢 SOFT NOTIFY]  ✅ Commandes enregistrées pour le serveur ![39m[49m
[42m[30m🔔2025-04-15T20:31:06.412Z [🟢 SOFT NOTIFY]  Arguments passés : [33mAucun[39m[30m[39m[49m
[42m[30m🔔2025-04-15T20:31:06.413Z [🟢 SOFT NOTIFY]  Aucun mode de lancement spécifié.[39m[49m
[104m2025-04-15T20:31:07.834Z [CLIENT DISCORD] [49m[0mLes modules  [32mloggers[39m [0m[0m ont correctement été exporté.[0m[0m[0m
[104m2025-04-15T20:31:07.834Z [CLIENT DISCORD] [49m[0mLes modules  [32mutils.js[39m [0m[0m ont correctement été exporté.[0m[0m[0m
[104m2025-04-15T20:31:07.834Z [CLIENT DISCORD] [49m[0mL'interaction  [32mcommands.js[39m [0m[0m ont correctement été exporté.[0m[0m[0m
[104m2025-04-15T20:31:07.834Z [CLIENT DISCORD] [49m[0mL'interaction  [32mbuttons.js[39m [0m[0m ont correctement été exporté.[0m[0m[0m
[104m2025-04-15T20:31:07.834Z [CLIENT DISCORD] [49m[0mL'interaction  [32mmodals.js[39m [0m[0m ont correctement été exporté.[0m[0m[0m
[42m[30m🔔2025-04-15T20:31:07.925Z [🟢 SOFT NOTIFY]  guildBanAdd.js,guildBanRemove.js,guildMemberAdd.js,guildMemberRemove.js,interactionCreate.js,messageCreate.js,messageDelete.js,messageUpdate.js,ready.js[39m[49m
[104m2025-04-15T20:31:07.834Z [CLIENT DISCORD] [49m[0m✅ Données rechargées depuis config.json : [object Object][0m
[45m2025-04-15T20:31:07.834Z [DEBUG] Hi !![49m
[104m2025-04-15T20:31:07.834Z [CLIENT DISCORD] [49m[0m[42m[30mChargement du fichier index.js[39m[49m[0m
[41m[30m🔔2025-04-15T20:31:07.927Z [🔴 CRITICAL NOTIFY]  Hey![39m[49m
[104m2025-04-15T20:31:07.834Z [CLIENT DISCORD] [49m[0m[42m[30mChargement des informations du package.[39m[49m[0m
[0m[42m[30m[39m[49m [46m[PACKAGE][49m [32mAuth. : François 🌺[39m[0m
[0m[32m[39m [46m[PACKAGE][49m [32mDepd. : @discordjs/voice, axios, chalk, discord.js, fs, play-dl, yt-search, ytdl-core, ytdl-core-discord[39m[0m
[0m[32m[39m [46m[PACKAGE][49m [32mDesc. : The official bot of LSSD.[39m[0m
[0m[32m[39m [46m[PACKAGE][49m [32mLisc. : ISC[39m[0m
[0m[32m[39m [46m[PACKAGE][49m [32mMain. : index.js[39m[0m
[0m[32m[39m [46m[PACKAGE][49m [32mName. : catherine[39m[0m
[0m[32m[39m [46m[PACKAGE][49m [32mScrp. : [object Object][39m[0m
[0m[32m[39m [46m[PACKAGE][49m [32mVers. : 1.2.1 - 1.2.09scho[39m[0m
[0m[32m[39m [46m[PACKAGE][49m [32mPatch Note. : **[PN_13-03-2025]** La version 1.2.01sc modifie les messages shift et patch la commande /clear.,[39m[0m
[0m[32m**[PN_14-03-2025]** La version 1.2.05sch modifie la commande /help pour ajouter des commandes spéciales.,[39m[0m
[0m[32m**[PN_19-03-2025]** La version 1.2.1 (1.2.09scho) patch la commande /openservice et modifie la commande /userinfo, ajoutant des informations.[39m[0m
[0m[32m[39m[0m
[104m2025-04-15T20:31:07.834Z [CLIENT DISCORD] [49m[0m[34m==============================[39m[0m
[104m2025-04-15T20:31:07.834Z [CLIENT DISCORD] [49m[0m[32m🚀 Démarrage du bot...[39m[0m
[104m2025-04-15T20:31:07.834Z [CLIENT DISCORD] [49m[0m[33m🔗 Connexion à Discord API...[39m[0m
[104m2025-04-15T20:31:07.834Z [CLIENT DISCORD] [49m[0m[36m✅ Bot RP en ligne ! Connect111é en tant que LSSD Bot#8045[39m[0m
[104m2025-04-15T20:31:07.834Z [CLIENT DISCORD] [49m[0m[34m==============================[39m[0m
[0m[34m[39m[0m
[104m2025-04-15T20:31:07.834Z [CLIENT DISCORD] [49m[0mGuild récupéré :  Los Santos Sheriff Dept.[0m
[104m2025-04-15T20:31:07.834Z [CLIENT DISCORD] [49m[0mCommandes existantes :  div, role, checklog, viewdata, cleardata, requestroleinit, bypass, register, music, info, pex, openservice, infoshift, recruit, help, ban, ticket, shutdown, userinfo, send, clear, kick, warn, mute, rename, shift, promote[0m
[43m2025-04-15T20:31:07.834Z [WARN] ⚠️ Commandes déjà enregistrées pour ce serveur.[49m
[42m[30m🔔2025-04-15T20:31:09.139Z [🟢 SOFT NOTIFY]  Arguments passés : [33mAucun[39m[30m[39m[49m
[42m[30m🔔2025-04-15T20:31:09.139Z [🟢 SOFT NOTIFY]  Aucun mode de lancement spécifié.[39m[49m
[104m2025-04-15T20:31:07.834Z [CLIENT DISCORD] [49m[0m[94m[COMAND][39m [32mfrancois.piano[39m [0m[0ma éxécuté la commande [0m[0m [32mrole[39m [0m[0mdans[0m[0m [32mbot-dev-2[39m[0m
[104m2025-04-15T20:31:07.834Z [CLIENT DISCORD] [49m[0m[42m✅ Utilisateur 449432156595552257 bypass les permissions.[49m[0m
[41m2025-04-15T20:31:07.834Z [ERROR] ❌ Erreur critique : ReferenceError: ROLE_MAP is not defined[49m
[104m2025-04-15T20:32:10.593Z [CLIENT DISCORD] [49m[0mLes modules  [32mloggers[39m [0m[0m ont correctement été exporté.[0m[0m[0m
[104m2025-04-15T20:32:10.593Z [CLIENT DISCORD] [49m[0mLes modules  [32mutils.js[39m [0m[0m ont correctement été exporté.[0m[0m[0m
[104m2025-04-15T20:32:10.593Z [CLIENT DISCORD] [49m[0mL'interaction  [32mcommands.js[39m [0m[0m ont correctement été exporté.[0m[0m[0m
[104m2025-04-15T20:32:10.593Z [CLIENT DISCORD] [49m[0mL'interaction  [32mbuttons.js[39m [0m[0m ont correctement été exporté.[0m[0m[0m
[104m2025-04-15T20:32:10.593Z [CLIENT DISCORD] [49m[0mL'interaction  [32mmodals.js[39m [0m[0m ont correctement été exporté.[0m[0m[0m
[42m[30m🔔2025-04-15T20:32:10.685Z [🟢 SOFT NOTIFY]  guildBanAdd.js,guildBanRemove.js,guildMemberAdd.js,guildMemberRemove.js,interactionCreate.js,messageCreate.js,messageDelete.js,messageUpdate.js,ready.js[39m[49m
[104m2025-04-15T20:32:10.593Z [CLIENT DISCORD] [49m[0m✅ Données rechargées depuis config.json : [object Object][0m
[45m2025-04-15T20:32:10.593Z [DEBUG] Hi !![49m
[104m2025-04-15T20:32:10.593Z [CLIENT DISCORD] [49m[0m[42m[30mChargement du fichier index.js[39m[49m[0m
[41m[30m🔔2025-04-15T20:32:10.687Z [🔴 CRITICAL NOTIFY]  Hey![39m[49m
[104m2025-04-15T20:32:10.593Z [CLIENT DISCORD] [49m[0m[42m[30mChargement des informations du package.[39m[49m[0m
[0m[42m[30m[39m[49m [46m[PACKAGE][49m [32mAuth. : François 🌺[39m[0m
[0m[32m[39m [46m[PACKAGE][49m [32mDepd. : @discordjs/voice, axios, chalk, discord.js, fs, play-dl, yt-search, ytdl-core, ytdl-core-discord[39m[0m
[0m[32m[39m [46m[PACKAGE][49m [32mDesc. : The official bot of LSSD.[39m[0m
[0m[32m[39m [46m[PACKAGE][49m [32mLisc. : ISC[39m[0m
[0m[32m[39m [46m[PACKAGE][49m [32mMain. : index.js[39m[0m
[0m[32m[39m [46m[PACKAGE][49m [32mName. : catherine[39m[0m
[0m[32m[39m [46m[PACKAGE][49m [32mScrp. : [object Object][39m[0m
[0m[32m[39m [46m[PACKAGE][49m [32mVers. : 1.2.1 - 1.2.09scho[39m[0m
[0m[32m[39m [46m[PACKAGE][49m [32mPatch Note. : **[PN_13-03-2025]** La version 1.2.01sc modifie les messages shift et patch la commande /clear.,[39m[0m
[0m[32m**[PN_14-03-2025]** La version 1.2.05sch modifie la commande /help pour ajouter des commandes spéciales.,[39m[0m
[0m[32m**[PN_19-03-2025]** La version 1.2.1 (1.2.09scho) patch la commande /openservice et modifie la commande /userinfo, ajoutant des informations.[39m[0m
[0m[32m[39m[0m
[104m2025-04-15T20:32:10.593Z [CLIENT DISCORD] [49m[0m[34m==============================[39m[0m
[104m2025-04-15T20:32:10.593Z [CLIENT DISCORD] [49m[0m[32m🚀 Démarrage du bot...[39m[0m
[104m2025-04-15T20:32:10.593Z [CLIENT DISCORD] [49m[0m[33m🔗 Connexion à Discord API...[39m[0m
[104m2025-04-15T20:32:10.593Z [CLIENT DISCORD] [49m[0m[36m✅ Bot RP en ligne ! Connect111é en tant que LSSD Bot#8045[39m[0m
[104m2025-04-15T20:32:10.593Z [CLIENT DISCORD] [49m[0m[34m==============================[39m[0m
[0m[34m[39m[0m
[104m2025-04-15T20:32:10.593Z [CLIENT DISCORD] [49m[0mGuild récupéré :  Los Santos Sheriff Dept.[0m
[104m2025-04-15T20:32:10.593Z [CLIENT DISCORD] [49m[0mCommandes existantes :  div, role, checklog, viewdata, cleardata, requestroleinit, bypass, register, music, info, pex, openservice, infoshift, recruit, help, ban, ticket, shutdown, userinfo, send, clear, kick, warn, mute, rename, shift, promote[0m
[43m2025-04-15T20:32:10.593Z [WARN] ⚠️ Commandes déjà enregistrées pour ce serveur.[49m
[42m[30m🔔2025-04-15T20:32:11.839Z [🟢 SOFT NOTIFY]  Arguments passés : [33mAucun[39m[30m[39m[49m
[42m[30m🔔2025-04-15T20:32:11.840Z [🟢 SOFT NOTIFY]  Aucun mode de lancement spécifié.[39m[49m
[104m2025-04-15T20:32:10.593Z [CLIENT DISCORD] [49m[0m[94m[COMAND][39m [32mfrancois.piano[39m [0m[0ma éxécuté la commande [0m[0m [32mrole[39m [0m[0mdans[0m[0m [32mbot-dev-2[39m[0m
[104m2025-04-15T20:32:10.593Z [CLIENT DISCORD] [49m[0m[42m✅ Utilisateur 449432156595552257 bypass les permissions.[49m[0m
[41m2025-04-15T20:32:10.593Z [ERROR] ❌ Erreur critique : TypeError: Cannot read properties of undefined (reading 'FED')[49m
[104m2025-04-15T20:33:27.328Z [CLIENT DISCORD] [49m[0mLes modules  [32mloggers[39m [0m[0m ont correctement été exporté.[0m[0m[0m
[104m2025-04-15T20:33:27.328Z [CLIENT DISCORD] [49m[0mLes modules  [32mutils.js[39m [0m[0m ont correctement été exporté.[0m[0m[0m
[104m2025-04-15T20:33:27.328Z [CLIENT DISCORD] [49m[0mL'interaction  [32mcommands.js[39m [0m[0m ont correctement été exporté.[0m[0m[0m
[104m2025-04-15T20:33:27.328Z [CLIENT DISCORD] [49m[0mL'interaction  [32mbuttons.js[39m [0m[0m ont correctement été exporté.[0m[0m[0m
[104m2025-04-15T20:33:27.328Z [CLIENT DISCORD] [49m[0mL'interaction  [32mmodals.js[39m [0m[0m ont correctement été exporté.[0m[0m[0m
[42m[30m🔔2025-04-15T20:33:27.415Z [🟢 SOFT NOTIFY]  guildBanAdd.js,guildBanRemove.js,guildMemberAdd.js,guildMemberRemove.js,interactionCreate.js,messageCreate.js,messageDelete.js,messageUpdate.js,ready.js[39m[49m
[104m2025-04-15T20:33:27.328Z [CLIENT DISCORD] [49m[0m✅ Données rechargées depuis config.json : [object Object][0m
[45m2025-04-15T20:33:27.328Z [DEBUG] Hi !![49m
[104m2025-04-15T20:33:27.328Z [CLIENT DISCORD] [49m[0m[42m[30mChargement du fichier index.js[39m[49m[0m
[41m[30m🔔2025-04-15T20:33:27.417Z [🔴 CRITICAL NOTIFY]  Hey![39m[49m
[104m2025-04-15T20:33:27.328Z [CLIENT DISCORD] [49m[0m[42m[30mChargement des informations du package.[39m[49m[0m
[0m[42m[30m[39m[49m [46m[PACKAGE][49m [32mAuth. : François 🌺[39m[0m
[0m[32m[39m [46m[PACKAGE][49m [32mDepd. : @discordjs/voice, axios, chalk, discord.js, fs, play-dl, yt-search, ytdl-core, ytdl-core-discord[39m[0m
[0m[32m[39m [46m[PACKAGE][49m [32mDesc. : The official bot of LSSD.[39m[0m
[0m[32m[39m [46m[PACKAGE][49m [32mLisc. : ISC[39m[0m
[0m[32m[39m [46m[PACKAGE][49m [32mMain. : index.js[39m[0m
[0m[32m[39m [46m[PACKAGE][49m [32mName. : catherine[39m[0m
[0m[32m[39m [46m[PACKAGE][49m [32mScrp. : [object Object][39m[0m
[0m[32m[39m [46m[PACKAGE][49m [32mVers. : 1.2.1 - 1.2.09scho[39m[0m
[0m[32m[39m [46m[PACKAGE][49m [32mPatch Note. : **[PN_13-03-2025]** La version 1.2.01sc modifie les messages shift et patch la commande /clear.,[39m[0m
[0m[32m**[PN_14-03-2025]** La version 1.2.05sch modifie la commande /help pour ajouter des commandes spéciales.,[39m[0m
[0m[32m**[PN_19-03-2025]** La version 1.2.1 (1.2.09scho) patch la commande /openservice et modifie la commande /userinfo, ajoutant des informations.[39m[0m
[0m[32m[39m[0m
[104m2025-04-15T20:33:27.328Z [CLIENT DISCORD] [49m[0m[34m==============================[39m[0m
[104m2025-04-15T20:33:27.328Z [CLIENT DISCORD] [49m[0m[32m🚀 Démarrage du bot...[39m[0m
[104m2025-04-15T20:33:27.328Z [CLIENT DISCORD] [49m[0m[33m🔗 Connexion à Discord API...[39m[0m
[104m2025-04-15T20:33:27.328Z [CLIENT DISCORD] [49m[0m[36m✅ Bot RP en ligne ! Connect111é en tant que LSSD Bot#8045[39m[0m
[104m2025-04-15T20:33:27.328Z [CLIENT DISCORD] [49m[0m[34m==============================[39m[0m
[0m[34m[39m[0m
[104m2025-04-15T20:33:27.328Z [CLIENT DISCORD] [49m[0mGuild récupéré :  Los Santos Sheriff Dept.[0m
[104m2025-04-15T20:33:27.328Z [CLIENT DISCORD] [49m[0mCommandes existantes :  div, role, checklog, viewdata, cleardata, requestroleinit, bypass, register, music, info, pex, openservice, infoshift, recruit, help, ban, ticket, shutdown, userinfo, send, clear, kick, warn, mute, rename, shift, promote[0m
[43m2025-04-15T20:33:27.328Z [WARN] ⚠️ Commandes déjà enregistrées pour ce serveur.[49m
[42m[30m🔔2025-04-15T20:33:28.586Z [🟢 SOFT NOTIFY]  Arguments passés : clearcommand[39m[49m
[42m[30m🔔2025-04-15T20:33:28.587Z [🟢 SOFT NOTIFY]  Le mode 'clearcommand' est activé.[39m[49m
[104m2025-04-15T20:33:27.328Z [CLIENT DISCORD] [49m[0mToutes les commandes du serveur Los Santos Sheriff Dept. ont été supprimées.[0m
[104m2025-04-15T20:33:33.247Z [CLIENT DISCORD] [49m[0mLes modules  [32mloggers[39m [0m[0m ont correctement été exporté.[0m[0m[0m
[104m2025-04-15T20:33:33.247Z [CLIENT DISCORD] [49m[0mLes modules  [32mutils.js[39m [0m[0m ont correctement été exporté.[0m[0m[0m
[104m2025-04-15T20:33:33.247Z [CLIENT DISCORD] [49m[0mL'interaction  [32mcommands.js[39m [0m[0m ont correctement été exporté.[0m[0m[0m
[104m2025-04-15T20:33:33.247Z [CLIENT DISCORD] [49m[0mL'interaction  [32mbuttons.js[39m [0m[0m ont correctement été exporté.[0m[0m[0m
[104m2025-04-15T20:33:33.247Z [CLIENT DISCORD] [49m[0mL'interaction  [32mmodals.js[39m [0m[0m ont correctement été exporté.[0m[0m[0m
[42m[30m🔔2025-04-15T20:33:33.336Z [🟢 SOFT NOTIFY]  guildBanAdd.js,guildBanRemove.js,guildMemberAdd.js,guildMemberRemove.js,interactionCreate.js,messageCreate.js,messageDelete.js,messageUpdate.js,ready.js[39m[49m
[104m2025-04-15T20:33:33.247Z [CLIENT DISCORD] [49m[0m✅ Données rechargées depuis config.json : [object Object][0m
[45m2025-04-15T20:33:33.247Z [DEBUG] Hi !![49m
[104m2025-04-15T20:33:33.247Z [CLIENT DISCORD] [49m[0m[42m[30mChargement du fichier index.js[39m[49m[0m
[41m[30m🔔2025-04-15T20:33:33.338Z [🔴 CRITICAL NOTIFY]  Hey![39m[49m
[104m2025-04-15T20:33:33.247Z [CLIENT DISCORD] [49m[0m[42m[30mChargement des informations du package.[39m[49m[0m
[0m[42m[30m[39m[49m [46m[PACKAGE][49m [32mAuth. : François 🌺[39m[0m
[0m[32m[39m [46m[PACKAGE][49m [32mDepd. : @discordjs/voice, axios, chalk, discord.js, fs, play-dl, yt-search, ytdl-core, ytdl-core-discord[39m[0m
[0m[32m[39m [46m[PACKAGE][49m [32mDesc. : The official bot of LSSD.[39m[0m
[0m[32m[39m [46m[PACKAGE][49m [32mLisc. : ISC[39m[0m
[0m[32m[39m [46m[PACKAGE][49m [32mMain. : index.js[39m[0m
[0m[32m[39m [46m[PACKAGE][49m [32mName. : catherine[39m[0m
[0m[32m[39m [46m[PACKAGE][49m [32mScrp. : [object Object][39m[0m
[0m[32m[39m [46m[PACKAGE][49m [32mVers. : 1.2.1 - 1.2.09scho[39m[0m
[0m[32m[39m [46m[PACKAGE][49m [32mPatch Note. : **[PN_13-03-2025]** La version 1.2.01sc modifie les messages shift et patch la commande /clear.,[39m[0m
[0m[32m**[PN_14-03-2025]** La version 1.2.05sch modifie la commande /help pour ajouter des commandes spéciales.,[39m[0m
[0m[32m**[PN_19-03-2025]** La version 1.2.1 (1.2.09scho) patch la commande /openservice et modifie la commande /userinfo, ajoutant des informations.[39m[0m
[0m[32m[39m[0m
[104m2025-04-15T20:33:33.247Z [CLIENT DISCORD] [49m[0m[34m==============================[39m[0m
[104m2025-04-15T20:33:33.247Z [CLIENT DISCORD] [49m[0m[32m🚀 Démarrage du bot...[39m[0m
[104m2025-04-15T20:33:33.247Z [CLIENT DISCORD] [49m[0m[33m🔗 Connexion à Discord API...[39m[0m
[104m2025-04-15T20:33:33.247Z [CLIENT DISCORD] [49m[0m[36m✅ Bot RP en ligne ! Connect111é en tant que LSSD Bot#8045[39m[0m
[104m2025-04-15T20:33:33.247Z [CLIENT DISCORD] [49m[0m[34m==============================[39m[0m
[0m[34m[39m[0m
[104m2025-04-15T20:33:33.247Z [CLIENT DISCORD] [49m[0mGuild récupéré :  Los Santos Sheriff Dept.[0m
[104m2025-04-15T20:33:36.956Z [CLIENT DISCORD] [49m[0mLes modules  [32mloggers[39m [0m[0m ont correctement été exporté.[0m[0m[0m
[104m2025-04-15T20:33:36.956Z [CLIENT DISCORD] [49m[0mLes modules  [32mutils.js[39m [0m[0m ont correctement été exporté.[0m[0m[0m
[104m2025-04-15T20:33:36.956Z [CLIENT DISCORD] [49m[0mL'interaction  [32mcommands.js[39m [0m[0m ont correctement été exporté.[0m[0m[0m
[104m2025-04-15T20:33:36.956Z [CLIENT DISCORD] [49m[0mL'interaction  [32mbuttons.js[39m [0m[0m ont correctement été exporté.[0m[0m[0m
[104m2025-04-15T20:33:36.956Z [CLIENT DISCORD] [49m[0mL'interaction  [32mmodals.js[39m [0m[0m ont correctement été exporté.[0m[0m[0m
[42m[30m🔔2025-04-15T20:33:37.043Z [🟢 SOFT NOTIFY]  guildBanAdd.js,guildBanRemove.js,guildMemberAdd.js,guildMemberRemove.js,interactionCreate.js,messageCreate.js,messageDelete.js,messageUpdate.js,ready.js[39m[49m
[104m2025-04-15T20:33:36.956Z [CLIENT DISCORD] [49m[0m✅ Données rechargées depuis config.json : [object Object][0m
[45m2025-04-15T20:33:36.956Z [DEBUG] Hi !![49m
[104m2025-04-15T20:33:36.956Z [CLIENT DISCORD] [49m[0m[42m[30mChargement du fichier index.js[39m[49m[0m
[41m[30m🔔2025-04-15T20:33:37.044Z [🔴 CRITICAL NOTIFY]  Hey![39m[49m
[104m2025-04-15T20:33:36.956Z [CLIENT DISCORD] [49m[0m[42m[30mChargement des informations du package.[39m[49m[0m
[0m[42m[30m[39m[49m [46m[PACKAGE][49m [32mAuth. : François 🌺[39m[0m
[0m[32m[39m [46m[PACKAGE][49m [32mDepd. : @discordjs/voice, axios, chalk, discord.js, fs, play-dl, yt-search, ytdl-core, ytdl-core-discord[39m[0m
[0m[32m[39m [46m[PACKAGE][49m [32mDesc. : The official bot of LSSD.[39m[0m
[0m[32m[39m [46m[PACKAGE][49m [32mLisc. : ISC[39m[0m
[0m[32m[39m [46m[PACKAGE][49m [32mMain. : index.js[39m[0m
[0m[32m[39m [46m[PACKAGE][49m [32mName. : catherine[39m[0m
[0m[32m[39m [46m[PACKAGE][49m [32mScrp. : [object Object][39m[0m
[0m[32m[39m [46m[PACKAGE][49m [32mVers. : 1.2.1 - 1.2.09scho[39m[0m
[0m[32m[39m [46m[PACKAGE][49m [32mPatch Note. : **[PN_13-03-2025]** La version 1.2.01sc modifie les messages shift et patch la commande /clear.,[39m[0m
[0m[32m**[PN_14-03-2025]** La version 1.2.05sch modifie la commande /help pour ajouter des commandes spéciales.,[39m[0m
[0m[32m**[PN_19-03-2025]** La version 1.2.1 (1.2.09scho) patch la commande /openservice et modifie la commande /userinfo, ajoutant des informations.[39m[0m
[0m[32m[39m[0m
[104m2025-04-15T20:33:36.956Z [CLIENT DISCORD] [49m[0m[34m==============================[39m[0m
[104m2025-04-15T20:33:36.956Z [CLIENT DISCORD] [49m[0m[32m🚀 Démarrage du bot...[39m[0m
[104m2025-04-15T20:33:36.956Z [CLIENT DISCORD] [49m[0m[33m🔗 Connexion à Discord API...[39m[0m
[104m2025-04-15T20:33:36.956Z [CLIENT DISCORD] [49m[0m[36m✅ Bot RP en ligne ! Connect111é en tant que LSSD Bot#8045[39m[0m
[104m2025-04-15T20:33:36.956Z [CLIENT DISCORD] [49m[0m[34m==============================[39m[0m
[0m[34m[39m[0m
[104m2025-04-15T20:33:36.956Z [CLIENT DISCORD] [49m[0mGuild récupéré :  Los Santos Sheriff Dept.[0m
[104m2025-04-15T20:33:36.956Z [CLIENT DISCORD] [49m[0mCommandes existantes :  [0m
[104m2025-04-15T20:33:36.956Z [CLIENT DISCORD] [49m[0mAucune commande trouvée. Enregistrement des commandes...[0m
[104m2025-04-15T20:33:36.956Z [CLIENT DISCORD] [49m[0mListe des commandes chargées :  0, 1, 2, 3, 4, 5, 6, 7, 8, 9, 10, 11, 12, 13, 14, 15, 16, 17, 18, 19, 20, 21, 22, 23, 24, 25, 26[0m
[42m[30m🔔2025-04-15T20:33:38.788Z [🟢 SOFT NOTIFY]  ✅ Commandes enregistrées pour le serveur ![39m[49m
[42m[30m🔔2025-04-15T20:33:38.789Z [🟢 SOFT NOTIFY]  Arguments passés : [33mAucun[39m[30m[39m[49m
[42m[30m🔔2025-04-15T20:33:38.789Z [🟢 SOFT NOTIFY]  Aucun mode de lancement spécifié.[39m[49m
[104m2025-04-15T20:33:40.210Z [CLIENT DISCORD] [49m[0mLes modules  [32mloggers[39m [0m[0m ont correctement été exporté.[0m[0m[0m
[104m2025-04-15T20:33:40.210Z [CLIENT DISCORD] [49m[0mLes modules  [32mutils.js[39m [0m[0m ont correctement été exporté.[0m[0m[0m
[104m2025-04-15T20:33:40.210Z [CLIENT DISCORD] [49m[0mL'interaction  [32mcommands.js[39m [0m[0m ont correctement été exporté.[0m[0m[0m
[104m2025-04-15T20:33:40.210Z [CLIENT DISCORD] [49m[0mL'interaction  [32mbuttons.js[39m [0m[0m ont correctement été exporté.[0m[0m[0m
[104m2025-04-15T20:33:40.210Z [CLIENT DISCORD] [49m[0mL'interaction  [32mmodals.js[39m [0m[0m ont correctement été exporté.[0m[0m[0m
[42m[30m🔔2025-04-15T20:33:40.295Z [🟢 SOFT NOTIFY]  guildBanAdd.js,guildBanRemove.js,guildMemberAdd.js,guildMemberRemove.js,interactionCreate.js,messageCreate.js,messageDelete.js,messageUpdate.js,ready.js[39m[49m
[104m2025-04-15T20:33:40.210Z [CLIENT DISCORD] [49m[0m✅ Données rechargées depuis config.json : [object Object][0m
[45m2025-04-15T20:33:40.210Z [DEBUG] Hi !![49m
[104m2025-04-15T20:33:40.210Z [CLIENT DISCORD] [49m[0m[42m[30mChargement du fichier index.js[39m[49m[0m
[41m[30m🔔2025-04-15T20:33:40.297Z [🔴 CRITICAL NOTIFY]  Hey![39m[49m
[104m2025-04-15T20:33:40.210Z [CLIENT DISCORD] [49m[0m[42m[30mChargement des informations du package.[39m[49m[0m
[0m[42m[30m[39m[49m [46m[PACKAGE][49m [32mAuth. : François 🌺[39m[0m
[0m[32m[39m [46m[PACKAGE][49m [32mDepd. : @discordjs/voice, axios, chalk, discord.js, fs, play-dl, yt-search, ytdl-core, ytdl-core-discord[39m[0m
[0m[32m[39m [46m[PACKAGE][49m [32mDesc. : The official bot of LSSD.[39m[0m
[0m[32m[39m [46m[PACKAGE][49m [32mLisc. : ISC[39m[0m
[0m[32m[39m [46m[PACKAGE][49m [32mMain. : index.js[39m[0m
[0m[32m[39m [46m[PACKAGE][49m [32mName. : catherine[39m[0m
[0m[32m[39m [46m[PACKAGE][49m [32mScrp. : [object Object][39m[0m
[0m[32m[39m [46m[PACKAGE][49m [32mVers. : 1.2.1 - 1.2.09scho[39m[0m
[0m[32m[39m [46m[PACKAGE][49m [32mPatch Note. : **[PN_13-03-2025]** La version 1.2.01sc modifie les messages shift et patch la commande /clear.,[39m[0m
[0m[32m**[PN_14-03-2025]** La version 1.2.05sch modifie la commande /help pour ajouter des commandes spéciales.,[39m[0m
[0m[32m**[PN_19-03-2025]** La version 1.2.1 (1.2.09scho) patch la commande /openservice et modifie la commande /userinfo, ajoutant des informations.[39m[0m
[0m[32m[39m[0m
[104m2025-04-15T20:33:40.210Z [CLIENT DISCORD] [49m[0m[34m==============================[39m[0m
[104m2025-04-15T20:33:40.210Z [CLIENT DISCORD] [49m[0m[32m🚀 Démarrage du bot...[39m[0m
[104m2025-04-15T20:33:40.210Z [CLIENT DISCORD] [49m[0m[33m🔗 Connexion à Discord API...[39m[0m
[104m2025-04-15T20:33:40.210Z [CLIENT DISCORD] [49m[0m[36m✅ Bot RP en ligne ! Connect111é en tant que LSSD Bot#8045[39m[0m
[104m2025-04-15T20:33:40.210Z [CLIENT DISCORD] [49m[0m[34m==============================[39m[0m
[0m[34m[39m[0m
[104m2025-04-15T20:33:40.210Z [CLIENT DISCORD] [49m[0mGuild récupéré :  Los Santos Sheriff Dept.[0m
[104m2025-04-15T20:33:40.210Z [CLIENT DISCORD] [49m[0mCommandes existantes :  div, role, checklog, viewdata, cleardata, requestroleinit, bypass, register, music, info, pex, openservice, infoshift, recruit, help, ban, ticket, shutdown, userinfo, send, clear, kick, warn, mute, rename, shift, promote[0m
[43m2025-04-15T20:33:40.210Z [WARN] ⚠️ Commandes déjà enregistrées pour ce serveur.[49m
[42m[30m🔔2025-04-15T20:33:41.439Z [🟢 SOFT NOTIFY]  Arguments passés : [33mAucun[39m[30m[39m[49m
[42m[30m🔔2025-04-15T20:33:41.440Z [🟢 SOFT NOTIFY]  Aucun mode de lancement spécifié.[39m[49m
[104m2025-04-15T20:34:47.319Z [CLIENT DISCORD] [49m[0mLes modules  [32mloggers[39m [0m[0m ont correctement été exporté.[0m[0m[0m
[104m2025-04-15T20:34:47.319Z [CLIENT DISCORD] [49m[0mLes modules  [32mutils.js[39m [0m[0m ont correctement été exporté.[0m[0m[0m
[104m2025-04-15T20:34:47.319Z [CLIENT DISCORD] [49m[0mL'interaction  [32mcommands.js[39m [0m[0m ont correctement été exporté.[0m[0m[0m
[104m2025-04-15T20:34:47.319Z [CLIENT DISCORD] [49m[0mL'interaction  [32mbuttons.js[39m [0m[0m ont correctement été exporté.[0m[0m[0m
[104m2025-04-15T20:34:47.319Z [CLIENT DISCORD] [49m[0mL'interaction  [32mmodals.js[39m [0m[0m ont correctement été exporté.[0m[0m[0m
[42m[30m🔔2025-04-15T20:34:47.402Z [🟢 SOFT NOTIFY]  guildBanAdd.js,guildBanRemove.js,guildMemberAdd.js,guildMemberRemove.js,interactionCreate.js,messageCreate.js,messageDelete.js,messageUpdate.js,ready.js[39m[49m
[104m2025-04-15T20:34:47.319Z [CLIENT DISCORD] [49m[0m✅ Données rechargées depuis config.json : [object Object][0m
[45m2025-04-15T20:34:47.319Z [DEBUG] Hi !![49m
[104m2025-04-15T20:34:47.319Z [CLIENT DISCORD] [49m[0m[42m[30mChargement du fichier index.js[39m[49m[0m
[41m[30m🔔2025-04-15T20:34:47.405Z [🔴 CRITICAL NOTIFY]  Hey![39m[49m
[104m2025-04-15T20:34:47.319Z [CLIENT DISCORD] [49m[0m[42m[30mChargement des informations du package.[39m[49m[0m
[0m[42m[30m[39m[49m [46m[PACKAGE][49m [32mAuth. : François 🌺[39m[0m
[0m[32m[39m [46m[PACKAGE][49m [32mDepd. : @discordjs/voice, axios, chalk, discord.js, fs, play-dl, yt-search, ytdl-core, ytdl-core-discord[39m[0m
[0m[32m[39m [46m[PACKAGE][49m [32mDesc. : The official bot of LSSD.[39m[0m
[0m[32m[39m [46m[PACKAGE][49m [32mLisc. : ISC[39m[0m
[0m[32m[39m [46m[PACKAGE][49m [32mMain. : index.js[39m[0m
[0m[32m[39m [46m[PACKAGE][49m [32mName. : catherine[39m[0m
[0m[32m[39m [46m[PACKAGE][49m [32mScrp. : [object Object][39m[0m
[0m[32m[39m [46m[PACKAGE][49m [32mVers. : 1.2.1 - 1.2.09scho[39m[0m
[0m[32m[39m [46m[PACKAGE][49m [32mPatch Note. : **[PN_13-03-2025]** La version 1.2.01sc modifie les messages shift et patch la commande /clear.,[39m[0m
[0m[32m**[PN_14-03-2025]** La version 1.2.05sch modifie la commande /help pour ajouter des commandes spéciales.,[39m[0m
[0m[32m**[PN_19-03-2025]** La version 1.2.1 (1.2.09scho) patch la commande /openservice et modifie la commande /userinfo, ajoutant des informations.[39m[0m
[0m[32m[39m[0m
[104m2025-04-15T20:34:47.319Z [CLIENT DISCORD] [49m[0m[34m==============================[39m[0m
[104m2025-04-15T20:34:47.319Z [CLIENT DISCORD] [49m[0m[32m🚀 Démarrage du bot...[39m[0m
[104m2025-04-15T20:34:47.319Z [CLIENT DISCORD] [49m[0m[33m🔗 Connexion à Discord API...[39m[0m
[104m2025-04-15T20:34:47.319Z [CLIENT DISCORD] [49m[0m[36m✅ Bot RP en ligne ! Connect111é en tant que LSSD Bot#8045[39m[0m
[104m2025-04-15T20:34:47.319Z [CLIENT DISCORD] [49m[0m[34m==============================[39m[0m
[0m[34m[39m[0m
[104m2025-04-15T20:34:47.319Z [CLIENT DISCORD] [49m[0mGuild récupéré :  Los Santos Sheriff Dept.[0m
[104m2025-04-15T20:34:47.319Z [CLIENT DISCORD] [49m[0mCommandes existantes :  div, role, checklog, viewdata, cleardata, requestroleinit, bypass, register, music, info, pex, openservice, infoshift, recruit, help, ban, ticket, shutdown, userinfo, send, clear, kick, warn, mute, rename, shift, promote[0m
[43m2025-04-15T20:34:47.319Z [WARN] ⚠️ Commandes déjà enregistrées pour ce serveur.[49m
[42m[30m🔔2025-04-15T20:34:48.835Z [🟢 SOFT NOTIFY]  Arguments passés : [33mAucun[39m[30m[39m[49m
[42m[30m🔔2025-04-15T20:34:48.835Z [🟢 SOFT NOTIFY]  Aucun mode de lancement spécifié.[39m[49m
[104m2025-04-15T20:34:47.319Z [CLIENT DISCORD] [49m[0m[94m[COMAND][39m [32mfrancois.piano[39m [0m[0ma éxécuté la commande [0m[0m [32mhelp[39m [0m[0mdans[0m[0m [32mbot-dev-2[39m[0m
[104m2025-04-15T20:34:47.319Z [CLIENT DISCORD] [49m[0m[42m✅ Utilisateur 449432156595552257 bypass les permissions.[49m[0m
[104m2025-04-15T20:34:47.319Z [CLIENT DISCORD] [49m[0mCommande demandée: [0m
[104m2025-04-15T20:34:47.319Z [CLIENT DISCORD] [49m[0mCommande normalisée: [0m
[104m2025-04-15T20:34:47.319Z [CLIENT DISCORD] [49m[0mClés disponibles: ban,kick,warn,mute,ticket,shutdown,userinfo,send,clear,ping,rename,shift,infoshift,promote,recruit,pex,openservice,info,music,register,bypass[0m
[41m2025-04-15T20:34:47.319Z [ERROR] (node:18568) Warning: Supplying "ephemeral" for interaction response options is deprecated. Utilize flags instead.[49m
[41m(Use `node --trace-warnings ...` to show where the warning was created)[49m
[104m2025-04-15T20:34:47.319Z [CLIENT DISCORD] [49m[0m[94m[COMAND][39m [32mfrancois.piano[39m [0m[0ma éxécuté la commande [0m[0m [32mrole[39m [0m[0mdans[0m[0m [32mbot-dev-2[39m[0m
[104m2025-04-15T20:34:47.319Z [CLIENT DISCORD] [49m[0m[42m✅ Utilisateur 449432156595552257 bypass les permissions.[49m[0m
[41m2025-04-15T20:34:47.319Z [ERROR] ❌ Erreur critique : TypeError: Cannot read properties of undefined (reading 'FED')[49m
[104m2025-04-15T20:37:01.462Z [CLIENT DISCORD] [49m[0mLes modules  [32mloggers[39m [0m[0m ont correctement été exporté.[0m[0m[0m
[104m2025-04-15T20:37:01.462Z [CLIENT DISCORD] [49m[0mLes modules  [32mutils.js[39m [0m[0m ont correctement été exporté.[0m[0m[0m
[104m2025-04-15T20:37:01.462Z [CLIENT DISCORD] [49m[0mL'interaction  [32mcommands.js[39m [0m[0m ont correctement été exporté.[0m[0m[0m
[104m2025-04-15T20:37:01.462Z [CLIENT DISCORD] [49m[0mL'interaction  [32mbuttons.js[39m [0m[0m ont correctement été exporté.[0m[0m[0m
[104m2025-04-15T20:37:01.462Z [CLIENT DISCORD] [49m[0mL'interaction  [32mmodals.js[39m [0m[0m ont correctement été exporté.[0m[0m[0m
[42m[30m🔔2025-04-15T20:37:01.546Z [🟢 SOFT NOTIFY]  guildBanAdd.js,guildBanRemove.js,guildMemberAdd.js,guildMemberRemove.js,interactionCreate.js,messageCreate.js,messageDelete.js,messageUpdate.js,ready.js[39m[49m
[104m2025-04-15T20:37:01.462Z [CLIENT DISCORD] [49m[0m✅ Données rechargées depuis config.json : [object Object][0m
[45m2025-04-15T20:37:01.462Z [DEBUG] Hi !![49m
[104m2025-04-15T20:37:01.462Z [CLIENT DISCORD] [49m[0m[42m[30mChargement du fichier index.js[39m[49m[0m
[41m[30m🔔2025-04-15T20:37:01.548Z [🔴 CRITICAL NOTIFY]  Hey![39m[49m
[104m2025-04-15T20:37:01.462Z [CLIENT DISCORD] [49m[0m[42m[30mChargement des informations du package.[39m[49m[0m
[0m[42m[30m[39m[49m [46m[PACKAGE][49m [32mAuth. : François 🌺[39m[0m
[0m[32m[39m [46m[PACKAGE][49m [32mDepd. : @discordjs/voice, axios, chalk, discord.js, fs, play-dl, yt-search, ytdl-core, ytdl-core-discord[39m[0m
[0m[32m[39m [46m[PACKAGE][49m [32mDesc. : The official bot of LSSD.[39m[0m
[0m[32m[39m [46m[PACKAGE][49m [32mLisc. : ISC[39m[0m
[0m[32m[39m [46m[PACKAGE][49m [32mMain. : index.js[39m[0m
[0m[32m[39m [46m[PACKAGE][49m [32mName. : catherine[39m[0m
[0m[32m[39m [46m[PACKAGE][49m [32mScrp. : [object Object][39m[0m
[0m[32m[39m [46m[PACKAGE][49m [32mVers. : 1.2.1 - 1.2.09scho[39m[0m
[0m[32m[39m [46m[PACKAGE][49m [32mPatch Note. : **[PN_13-03-2025]** La version 1.2.01sc modifie les messages shift et patch la commande /clear.,[39m[0m
[0m[32m**[PN_14-03-2025]** La version 1.2.05sch modifie la commande /help pour ajouter des commandes spéciales.,[39m[0m
[0m[32m**[PN_19-03-2025]** La version 1.2.1 (1.2.09scho) patch la commande /openservice et modifie la commande /userinfo, ajoutant des informations.[39m[0m
[0m[32m[39m[0m
[104m2025-04-15T20:37:01.462Z [CLIENT DISCORD] [49m[0m[34m==============================[39m[0m
[104m2025-04-15T20:37:01.462Z [CLIENT DISCORD] [49m[0m[32m🚀 Démarrage du bot...[39m[0m
[104m2025-04-15T20:37:01.462Z [CLIENT DISCORD] [49m[0m[33m🔗 Connexion à Discord API...[39m[0m
[104m2025-04-15T20:37:01.462Z [CLIENT DISCORD] [49m[0m[36m✅ Bot RP en ligne ! Connect111é en tant que LSSD Bot#8045[39m[0m
[104m2025-04-15T20:37:01.462Z [CLIENT DISCORD] [49m[0m[34m==============================[39m[0m
[0m[34m[39m[0m
[104m2025-04-15T20:37:01.462Z [CLIENT DISCORD] [49m[0mGuild récupéré :  Los Santos Sheriff Dept.[0m
[104m2025-04-15T20:37:01.462Z [CLIENT DISCORD] [49m[0mCommandes existantes :  div, role, checklog, viewdata, cleardata, requestroleinit, bypass, register, music, info, pex, openservice, infoshift, recruit, help, ban, ticket, shutdown, userinfo, send, clear, kick, warn, mute, rename, shift, promote[0m
[43m2025-04-15T20:37:01.462Z [WARN] ⚠️ Commandes déjà enregistrées pour ce serveur.[49m
[42m[30m🔔2025-04-15T20:37:02.806Z [🟢 SOFT NOTIFY]  Arguments passés : [33mAucun[39m[30m[39m[49m
[42m[30m🔔2025-04-15T20:37:02.806Z [🟢 SOFT NOTIFY]  Aucun mode de lancement spécifié.[39m[49m
[104m2025-04-15T20:37:01.462Z [CLIENT DISCORD] [49m[0m[94m[COMAND][39m [32mfrancois.piano[39m [0m[0ma éxécuté la commande [0m[0m [32mrole[39m [0m[0mdans[0m[0m [32mbot-dev-2[39m[0m
[104m2025-04-15T20:37:01.462Z [CLIENT DISCORD] [49m[0m[42m✅ Utilisateur 449432156595552257 bypass les permissions.[49m[0m
[104m2025-04-15T20:37:01.462Z [CLIENT DISCORD] [49m[0m[94m[COMAND][39m [32mfrancois.piano[39m [0m[0ma éxécuté la commande [0m[0m [32mrole[39m [0m[0mdans[0m[0m [32mbot-dev-2[39m[0m
[104m2025-04-15T20:37:01.462Z [CLIENT DISCORD] [49m[0m[42m✅ Utilisateur 449432156595552257 bypass les permissions.[49m[0m
[104m2025-04-15T20:37:01.462Z [CLIENT DISCORD] [49m[0m[94m[MESSAGE_SENT][39m [32mfrancois.piano[39m [0m[0ma envoyé[0m[0m [32myoupi joie[39m [0m[0mdans[0m[0m [32mbot-dev-2[39m[0m
[104m2025-04-15T20:37:01.462Z [CLIENT DISCORD] [49m[0m[94m[COMAND][39m [32mfrancois.piano[39m [0m[0ma éxécuté la commande [0m[0m [32mdiv[39m [0m[0mdans[0m[0m [32mbot-dev-2[39m[0m
[104m2025-04-15T20:37:01.462Z [CLIENT DISCORD] [49m[0m[42m✅ Utilisateur 449432156595552257 bypass les permissions.[49m[0m
[104m2025-04-15T20:37:01.462Z [CLIENT DISCORD] [49m[0m[94m[COMAND][39m [32mfrancois.piano[39m [0m[0ma éxécuté la commande [0m[0m [32mdiv[39m [0m[0mdans[0m[0m [32mbot-dev-2[39m[0m
[104m2025-04-15T20:37:01.462Z [CLIENT DISCORD] [49m[0m[42m✅ Utilisateur 449432156595552257 bypass les permissions.[49m[0m
[41m2025-04-15T20:37:01.462Z [ERROR] (node:20532) Warning: Supplying "ephemeral" for interaction response options is deprecated. Utilize flags instead.[49m
[41m(Use `node --trace-warnings ...` to show where the warning was created)[49m
[104m2025-04-15T20:37:01.462Z [CLIENT DISCORD] [49m[0m[94m[COMAND][39m [32mfrancois.piano[39m [0m[0ma éxécuté la commande [0m[0m [32mclear[39m [0m[0mdans[0m[0m [32mbot-dev-2[39m[0m
[104m2025-04-15T20:37:01.462Z [CLIENT DISCORD] [49m[0m[42m✅ Utilisateur 449432156595552257 bypass les permissions.[49m[0m
[104m2025-04-15T20:37:01.462Z [CLIENT DISCORD] [49m[0m[94m[MESSAGE_SENT][39m [32mfrancois.piano[39m [0m[0ma envoyé[0m[0m [32m# Patch Note Bot[39m[0m
[0m[32m-# v1.2.1scho - Shift, Clear, Help, Openservice & Userinfo  mini update[39m[0m
[0m[32m[39m[0m
[0m[32mAjout des commandes /role <add:remove> <role> & /div <add:remove> <div>[39m[0m
[0m[32m[39m[0m
[0m[32mBise.[39m [0m[0mdans[0m[0m [32mbots-implements[39m[0m
[104m2025-04-15T20:37:01.462Z [CLIENT DISCORD] [49m[0m[94m[COMAND][39m [32mfrancois.piano[39m [0m[0ma éxécuté la commande [0m[0m [32mticket[39m [0m[0mdans[0m[0m [32mrapport-140425-tigrane-horde[39m[0m
[104m2025-04-15T20:37:01.462Z [CLIENT DISCORD] [49m[0m[42m✅ Utilisateur 449432156595552257 bypass les permissions.[49m[0m
[104m2025-04-15T20:37:01.462Z [CLIENT DISCORD] [49m[0m[94m[COMAND][39m [32mfrancois.piano[39m [0m[0ma éxécuté la commande [0m[0m [32mticket[39m [0m[0mdans[0m[0m [32mrapport-100425-maki-black[39m[0m
[104m2025-04-15T20:37:01.462Z [CLIENT DISCORD] [49m[0m[42m✅ Utilisateur 449432156595552257 bypass les permissions.[49m[0m
