[104m2025-03-25T09:27:48.504Z [CLIENT DISCORD] [49m[0mLes modules  [32mloggers[39m [0m[0m ont correctement été exporté.[0m[0m[0m
[104m2025-03-25T09:27:48.504Z [CLIENT DISCORD] [49m[0mLes modules  [32mutils.js[39m [0m[0m ont correctement été exporté.[0m[0m[0m
[104m2025-03-25T09:27:48.504Z [CLIENT DISCORD] [49m[0mL'interaction  [32mcommands.js[39m [0m[0m ont correctement été exporté.[0m[0m[0m
[104m2025-03-25T09:27:48.504Z [CLIENT DISCORD] [49m[0mL'interaction  [32mbuttons.js[39m [0m[0m ont correctement été exporté.[0m[0m[0m
[104m2025-03-25T09:27:48.504Z [CLIENT DISCORD] [49m[0mL'interaction  [32mmodals.js[39m [0m[0m ont correctement été exporté.[0m[0m[0m
[104m2025-03-25T09:27:48.504Z [CLIENT DISCORD] [49m[0m✅ Données rechargées depuis config.json : [object Object][0m
[45m2025-03-25T09:27:48.504Z [DEBUG] Hi !![49m
[104m2025-03-25T09:27:48.504Z [CLIENT DISCORD] [49m[0m[42m[30mChargement du fichier index.js[39m[49m[0m
[41m[30m🔔2025-03-25T09:27:48.687Z [🔴 CRITICAL NOTIFY]  Hey![39m[49m
[104m2025-03-25T09:27:48.504Z [CLIENT DISCORD] [49m[0m[42m[30mChargement des informations du package.[39m[49m[0m
[0m[42m[30m[39m[49m [46m[PACKAGE][49m [32mAuth. : François 🌺[39m[0m
[0m[32m[39m [46m[PACKAGE][49m [32mDepd. : @discordjs/voice, axios, chalk, discord.js, fs, play-dl, yt-search, ytdl-core, ytdl-core-discord[39m[0m
[0m[32m[39m [46m[PACKAGE][49m [32mDesc. : The official bot of LSSD.[39m[0m
[0m[32m[39m [46m[PACKAGE][49m [32mLisc. : ISC[39m[0m
[0m[32m[39m [46m[PACKAGE][49m [32mMain. : index.js[39m[0m
[0m[32m[39m [46m[PACKAGE][49m [32mName. : catherine[39m[0m
[0m[32m[39m [46m[PACKAGE][49m [32mScrp. : [object Object][39m[0m
[0m[32m[39m [46m[PACKAGE][49m [32mVers. : 1.2.1 - 1.2.09scho[39m[0m
[0m[32m[39m [46m[PACKAGE][49m [32mPatch Note. : **[PN_13-03-2025]** La version 1.2.01sc modifie les messages shift et patch la commande /clear.,[39m[0m
[0m[32m**[PN_14-03-2025]** La version 1.2.05sch modifie la commande /help pour ajouter des commandes spéciales.,[39m[0m
[0m[32m**[PN_19-03-2025]** La version 1.2.1 (1.2.09scho) patch la commande /openservice et modifie la commande /userinfo, ajoutant des informations.[39m[0m
[0m[32m[39m[0m
[104m2025-03-25T09:27:48.504Z [CLIENT DISCORD] [49m[0m[34m==============================[39m[0m
[104m2025-03-25T09:27:48.504Z [CLIENT DISCORD] [49m[0m[32m🚀 Démarrage du bot...[39m[0m
[104m2025-03-25T09:27:48.504Z [CLIENT DISCORD] [49m[0m[33m🔗 Connexion à Discord API...[39m[0m
[104m2025-03-25T09:27:48.504Z [CLIENT DISCORD] [49m[0m[36m✅ Bot RP en ligne ! Connect111é en tant que LSSD Bot#8045[39m[0m
[104m2025-03-25T09:27:48.504Z [CLIENT DISCORD] [49m[0m[34m==============================[39m[0m
[0m[34m[39m[0m
[104m2025-03-25T09:27:48.504Z [CLIENT DISCORD] [49m[0mGuild récupéré :  Los Santos Sheriff Dept.[0m
[104m2025-03-25T09:27:48.504Z [CLIENT DISCORD] [49m[0mCommandes existantes :  bypass, register, music, info, pex, openservice, infoshift, recruit, help, ban, ticket, shutdown, userinfo, send, clear, kick, warn, mute, rename, shift, promote[0m
[43m2025-03-25T09:27:48.504Z [WARN] ⚠️ Commandes déjà enregistrées pour ce serveur.[49m
[42m[30m🔔2025-03-25T09:27:50.203Z [🟢 SOFT NOTIFY]  Arguments passés : [33mAucun[39m[30m[39m[49m
[42m[30m🔔2025-03-25T09:27:50.203Z [🟢 SOFT NOTIFY]  Aucun mode de lancement spécifié.[39m[49m
[104m2025-03-25T09:27:48.504Z [CLIENT DISCORD] [49m[0m[94m[COMAND][39m [32mfrancois.piano[39m [0m[0ma éxécuté la commande [0m[0m [32mshift[39m [0m[0mdans[0m[0m [32m📠-radio[39m[0m
[104m2025-03-25T09:27:48.504Z [CLIENT DISCORD] [49m[0m[42m✅ Utilisateur 449432156595552257 bypass les permissions.[49m[0m
[104m2025-03-25T09:27:48.504Z [CLIENT DISCORD] [49m[0m[94m[COMAND][39m [32mfrancois.piano[39m [0m[0ma éxécuté la commande [0m[0m [32mrename[39m [0m[0mdans[0m[0m [32mcmd-marie76610[39m[0m
[104m2025-03-25T09:27:48.504Z [CLIENT DISCORD] [49m[0m[42m✅ Utilisateur 449432156595552257 bypass les permissions.[49m[0m
[41m2025-03-25T09:27:48.504Z [ERROR] (node:3100) Warning: Supplying "ephemeral" for interaction response options is deprecated. Utilize flags instead.[49m
[41m(Use `node --trace-warnings ...` to show where the warning was created)[49m
[104m2025-03-25T09:27:48.504Z [CLIENT DISCORD] [49m[0m[94m[COMAND][39m [32mfrancois.piano[39m [0m[0ma éxécuté la commande [0m[0m [32mticket[39m [0m[0mdans[0m[0m [32menquete-lspd-victoria-davis[39m[0m
[104m2025-03-25T09:27:48.504Z [CLIENT DISCORD] [49m[0m[42m✅ Utilisateur 449432156595552257 bypass les permissions.[49m[0m
[104m2025-03-25T09:36:38.344Z [CLIENT DISCORD] [49m[0mLes modules  [32mloggers[39m [0m[0m ont correctement été exporté.[0m[0m[0m
[104m2025-03-25T09:36:38.344Z [CLIENT DISCORD] [49m[0mLes modules  [32mutils.js[39m [0m[0m ont correctement été exporté.[0m[0m[0m
[104m2025-03-25T09:36:38.344Z [CLIENT DISCORD] [49m[0mL'interaction  [32mcommands.js[39m [0m[0m ont correctement été exporté.[0m[0m[0m
[104m2025-03-25T09:36:38.344Z [CLIENT DISCORD] [49m[0mL'interaction  [32mbuttons.js[39m [0m[0m ont correctement été exporté.[0m[0m[0m
[104m2025-03-25T09:36:38.344Z [CLIENT DISCORD] [49m[0mL'interaction  [32mmodals.js[39m [0m[0m ont correctement été exporté.[0m[0m[0m
[104m2025-03-25T09:36:38.344Z [CLIENT DISCORD] [49m[0m✅ Données rechargées depuis config.json : [object Object][0m
[45m2025-03-25T09:36:38.344Z [DEBUG] Hi !![49m
[104m2025-03-25T09:36:38.344Z [CLIENT DISCORD] [49m[0m[42m[30mChargement du fichier index.js[39m[49m[0m
[41m[30m🔔2025-03-25T09:36:38.927Z [🔴 CRITICAL NOTIFY]  Hey![39m[49m
[104m2025-03-25T09:36:38.344Z [CLIENT DISCORD] [49m[0m[42m[30mChargement des informations du package.[39m[49m[0m
[0m[42m[30m[39m[49m [46m[PACKAGE][49m [32mAuth. : François 🌺[39m[0m
[0m[32m[39m [46m[PACKAGE][49m [32mDepd. : @discordjs/voice, axios, chalk, discord.js, fs, play-dl, yt-search, ytdl-core, ytdl-core-discord[39m[0m
[0m[32m[39m [46m[PACKAGE][49m [32mDesc. : The official bot of LSSD.[39m[0m
[0m[32m[39m [46m[PACKAGE][49m [32mLisc. : ISC[39m[0m
[0m[32m[39m [46m[PACKAGE][49m [32mMain. : index.js[39m[0m
[0m[32m[39m [46m[PACKAGE][49m [32mName. : catherine[39m[0m
[0m[32m[39m [46m[PACKAGE][49m [32mScrp. : [object Object][39m[0m
[0m[32m[39m [46m[PACKAGE][49m [32mVers. : 1.2.1 - 1.2.09scho[39m[0m
[0m[32m[39m [46m[PACKAGE][49m [32mPatch Note. : **[PN_13-03-2025]** La version 1.2.01sc modifie les messages shift et patch la commande /clear.,[39m[0m
[0m[32m**[PN_14-03-2025]** La version 1.2.05sch modifie la commande /help pour ajouter des commandes spéciales.,[39m[0m
[0m[32m**[PN_19-03-2025]** La version 1.2.1 (1.2.09scho) patch la commande /openservice et modifie la commande /userinfo, ajoutant des informations.[39m[0m
[0m[32m[39m[0m
[104m2025-03-25T09:36:38.344Z [CLIENT DISCORD] [49m[0m[34m==============================[39m[0m
[104m2025-03-25T09:36:38.344Z [CLIENT DISCORD] [49m[0m[32m🚀 Démarrage du bot...[39m[0m
[104m2025-03-25T09:36:38.344Z [CLIENT DISCORD] [49m[0m[33m🔗 Connexion à Discord API...[39m[0m
[104m2025-03-25T09:36:38.344Z [CLIENT DISCORD] [49m[0m[36m✅ Bot RP en ligne ! Connect111é en tant que LSSD Bot#8045[39m[0m
[104m2025-03-25T09:36:38.344Z [CLIENT DISCORD] [49m[0m[34m==============================[39m[0m
[0m[34m[39m[0m
[104m2025-03-25T09:36:38.344Z [CLIENT DISCORD] [49m[0mGuild récupéré :  Los Santos Sheriff Dept.[0m
[104m2025-03-25T09:36:38.344Z [CLIENT DISCORD] [49m[0mCommandes existantes :  bypass, register, music, info, pex, openservice, infoshift, recruit, help, ban, ticket, shutdown, userinfo, send, clear, kick, warn, mute, rename, shift, promote[0m
[43m2025-03-25T09:36:38.344Z [WARN] ⚠️ Commandes déjà enregistrées pour ce serveur.[49m
[42m[30m🔔2025-03-25T09:36:40.205Z [🟢 SOFT NOTIFY]  Arguments passés : [33mAucun[39m[30m[39m[49m
[42m[30m🔔2025-03-25T09:36:40.206Z [🟢 SOFT NOTIFY]  Aucun mode de lancement spécifié.[39m[49m
[104m2025-03-25T09:36:38.344Z [CLIENT DISCORD] [49m[0m[94m[COMAND][39m [32mfrancois.piano[39m [0m[0ma éxécuté la commande [0m[0m [32mticket[39m [0m[0mdans[0m[0m [32menquete-lspd-victoria-davis[39m[0m
[104m2025-03-25T09:36:38.344Z [CLIENT DISCORD] [49m[0m[42m✅ Utilisateur 449432156595552257 bypass les permissions.[49m[0m
[104m2025-03-25T09:36:38.344Z [CLIENT DISCORD] [49m[0m[94m[MESSAGE_SENT][39m [32mfrancois.piano[39m [0m[0ma envoyé[0m[0m [32m# Information sur le Ticket.[39m[0m
[0m[32m[39m[0m
[0m[32mAfin de faciliter la lecture, j'ouvre ici un Thread pour pouvoir discuter plus simplement et ne laisser que dans ce Channel les compte rendus de nos entretients respectifs.[39m[0m
[0m[32m[39m[0m
[0m[32mMerci[39m [0m[0mdans[0m[0m [32menquete-lspd-victoria-davis[39m[0m
[104m2025-03-25T09:36:38.344Z [CLIENT DISCORD] [49m[0m[94m[MESSAGE_SENT][39m [32mfrancois.piano[39m [0m[0ma envoyé[0m[0m [32mnull[39m [0m[0mdans[0m[0m [32mDiscussion Enquête LSPD[39m[0m
[104m2025-03-25T09:36:38.344Z [CLIENT DISCORD] [49m[0m[94m[MESSAGE_SENT][39m [32mfrancois.piano[39m [0m[0ma envoyé[0m[0m [32m# Discussion[39m [0m[0mdans[0m[0m [32mDiscussion Enquête LSPD[39m[0m
[104m2025-03-25T09:36:38.344Z [CLIENT DISCORD] [49m[0m[94m[COMAND][39m [32mfrancois.piano[39m [0m[0ma éxécuté la commande [0m[0m [32mshift[39m [0m[0mdans[0m[0m [32m📠-radio[39m[0m
[104m2025-03-25T09:36:38.344Z [CLIENT DISCORD] [49m[0m[42m✅ Utilisateur 449432156595552257 bypass les permissions.[49m[0m
[104m2025-03-25T09:36:38.344Z [CLIENT DISCORD] [49m[0m[94m[COMAND][39m [32mfrancois.piano[39m [0m[0ma éxécuté la commande [0m[0m [32mshift[39m [0m[0mdans[0m[0m [32m📠-radio[39m[0m
[104m2025-03-25T09:36:38.344Z [CLIENT DISCORD] [49m[0m[42m✅ Utilisateur 449432156595552257 bypass les permissions.[49m[0m
[104m2025-03-25T09:36:38.344Z [CLIENT DISCORD] [49m[0m[94m[COMAND][39m [32mfrancois.piano[39m [0m[0ma éxécuté la commande [0m[0m [32minfoshift[39m [0m[0mdans[0m[0m [32m📠-radio[39m[0m
[104m2025-03-25T09:36:38.344Z [CLIENT DISCORD] [49m[0m[42m✅ Utilisateur 449432156595552257 bypass les permissions.[49m[0m
[104m2025-03-25T09:36:38.344Z [CLIENT DISCORD] [49m[0m[94m[MESSAGE_SENT][39m [32mfrancois.piano[39m [0m[0ma envoyé[0m[0m [32m# Pour envoyer un mail (en attendant une commande), faites ouvrir un Thread.[39m [0m[0mdans[0m[0m [32m📥-mail[39m[0m
[104m2025-03-25T09:36:38.344Z [CLIENT DISCORD] [49m[0m[94m[MESSAGE_SENT][39m [32mfrancois.piano[39m [0m[0ma envoyé[0m[0m [32mnull[39m [0m[0mdans[0m[0m [32mÀ **AFFAIRES INTERNES**[39m[0m
[104m2025-03-25T09:36:38.344Z [CLIENT DISCORD] [49m[0m[94m[MESSAGE_SENT][39m [32mfrancois.piano[39m [0m[0ma envoyé[0m[0m [32m📤 For `Rodriguez DaSilva, Ben Bolt`[39m[0m
[0m[32m📥 From `Sean Lennon`[39m[0m
[0m[32m[39m[0m
[0m[32m`OBJET` : **Rapport d'enquête & Incident 17 mars**[39m[0m
[0m[32m[39m[0m
[0m[32m<@767703415413014579>, <@439425425131962368>,[39m[0m
[0m[32m[39m[0m
[0m[32mBonjour,[39m[0m
[0m[32m[39m[0m
[0m[32m> Je vous transmetterais dans un premier temps mon rapport d'enquête conernant l'agent du LSPD et Mrs. Victoria Davis une fois celle ci clôse.[39m[0m
[0m[32m[39m[0m
[0m[32m> Ensuite, conernant l'incident du 17 mars impliquant les agents Lewis et Garcia, j'attends leurs rapport d'incicent / d'intervention ainsi qu'un entretient oral avec le gouverneur ou un subalterne. D'après lui, ce serait nos agents qui aurait ouvert le feu dans un premier temps. J'aviserais après l'entretient que j'aurais eu.[39m[0m
[0m[32m[39m[0m
[0m[32mCordialement,[39m[0m
[0m[32m[39m[0m
[0m[32m> Lieutenant Sean Lennon, Sandy Shore Station 1009th.[39m[0m
[0m[32m> Commander of Detective Division, Paleto Station.[39m[0m
[0m[32m> <@449432156595552257>.[39m [0m[0mdans[0m[0m [32mÀ **AFFAIRES INTERNES**[39m[0m
[104m2025-03-25T09:36:38.344Z [CLIENT DISCORD] [49m[0m[94m[COMAND][39m [32mfrancois.piano[39m [0m[0ma éxécuté la commande [0m[0m [32mopenservice[39m [0m[0mdans[0m[0m [32m👥-présence[39m[0m
[104m2025-03-25T09:36:38.344Z [CLIENT DISCORD] [49m[0m[42m✅ Utilisateur 449432156595552257 bypass les permissions.[49m[0m
[41m2025-03-25T09:36:38.344Z [ERROR] (node:12244) Warning: Supplying "fetchReply" for interaction response options is deprecated. Utilize "withResponse" instead or fetch the response after using the method.[49m
[41m(Use `node --trace-warnings ...` to show where the warning was created)[49m
[104m2025-03-25T09:36:38.344Z [CLIENT DISCORD] [49m[0m✅ Données stockées : [object Object][0m
[104m2025-03-25T09:36:38.344Z [CLIENT DISCORD] [49m[0m✅ Données écrites dans config.json : {[0m
[0m    "messageId": "1354069292362104943",[0m
[0m    "participants": {[0m
[0m        "yes": [],[0m
[0m        "no": [],[0m
[0m        "maybe": [][0m
[0m    }[0m
[0m}[0m
[104m2025-03-25T09:36:38.344Z [CLIENT DISCORD] [49m[0m[94m[COMAND][39m [32mfrancois.piano[39m [0m[0ma éxécuté la commande [0m[0m [32mticket[39m [0m[0mdans[0m[0m [32mtemplate-convoq[39m[0m
[104m2025-03-25T09:36:38.344Z [CLIENT DISCORD] [49m[0m[42m✅ Utilisateur 449432156595552257 bypass les permissions.[49m[0m
[104m2025-03-25T09:36:38.344Z [CLIENT DISCORD] [49m[0m🔵 Interaction détectée : maybe[0m
[104m2025-03-25T09:36:38.344Z [CLIENT DISCORD] [49m[0m🟢 clientData trouvé : [object Object][0m
[104m2025-03-25T09:36:38.344Z [CLIENT DISCORD] [49m[0m📌 ID du message enregistré : 1354069292362104943[0m
[104m2025-03-25T09:36:38.344Z [CLIENT DISCORD] [49m[0m📌 ID du message de l'interaction : 1354069292362104943[0m
[104m2025-03-25T09:36:38.344Z [CLIENT DISCORD] [49m[0m🟢 Avant modification des participants : [object Object][0m
[104m2025-03-25T09:36:38.344Z [CLIENT DISCORD] [49m[0m🟢 Après modification des participants : [object Object][0m
[104m2025-03-25T09:36:38.344Z [CLIENT DISCORD] [49m[0m🟢 Embed mis à jour : [object Object][0m
[104m2025-03-25T09:36:38.344Z [CLIENT DISCORD] [49m[0m[BUTTON] francois.piano a exécuté l'interaction bouton maybe dans 1347963262892904469[0m
[104m2025-03-25T09:36:38.344Z [CLIENT DISCORD] [49m[0m[94m[MESSAGE_SENT][39m [32mfrancois.piano[39m [0m[0ma envoyé[0m[0m [32ma faire :[39m[0m
[0m[32m[39m[0m
[0m[32mintégration dans ticket.json de plus d'info (nom etc)[39m[0m
[0m[32mlors de l'ouverture d'un ticket, faire un modal pour demander le motif[39m[0m
[0m[32mFaire un /mail[39m [0m[0mdans[0m[0m [32mbot-dev-test[39m[0m
[104m2025-03-25T09:36:38.344Z [CLIENT DISCORD] [49m[0m[94m[MESSAGE_SENT][39m [32mfrancois.piano[39m [0m[0ma envoyé[0m[0m [32mfaire /ticket rename[39m [0m[0mdans[0m[0m [32mbot-dev-test[39m[0m
[104m2025-03-25T09:36:38.344Z [CLIENT DISCORD] [49m[0m[94m[MESSAGE_SENT][39m [32mmathiieeuu[39m [0m[0ma envoyé[0m[0m [32mDeux agent de sécurité de l'hôpital nous on tirés dessus, nous avons riposté et abattu les tireurs, Garcia c'est fait touché et est rentré dans l'hôpital se faire prendre en charge par un médecin.[39m [0m[0mdans[0m[0m [32mconvoc-lewis[39m[0m
[104m2025-03-25T09:36:38.344Z [CLIENT DISCORD] [49m[0m[94m[MESSAGE_SENT][39m [32mmathiieeuu[39m [0m[0ma envoyé[0m[0m [32m<@449432156595552257> il n'y a rien d'autre à dire <:zhecker:1003598197161213982>[39m [0m[0mdans[0m[0m [32mconvoc-lewis[39m[0m
[104m2025-03-25T09:36:38.344Z [CLIENT DISCORD] [49m[0m🔵 Interaction détectée : yes[0m
[104m2025-03-25T09:36:38.344Z [CLIENT DISCORD] [49m[0m🟢 clientData trouvé : [object Object][0m
[104m2025-03-25T09:36:38.344Z [CLIENT DISCORD] [49m[0m📌 ID du message enregistré : 1354069292362104943[0m
[104m2025-03-25T09:36:38.344Z [CLIENT DISCORD] [49m[0m📌 ID du message de l'interaction : 1354069292362104943[0m
[104m2025-03-25T09:36:38.344Z [CLIENT DISCORD] [49m[0m🟢 Avant modification des participants : [object Object][0m
[104m2025-03-25T09:36:38.344Z [CLIENT DISCORD] [49m[0m🟢 Après modification des participants : [object Object][0m
[104m2025-03-25T09:36:38.344Z [CLIENT DISCORD] [49m[0m🟢 Embed mis à jour : [object Object][0m
[104m2025-03-25T09:36:38.344Z [CLIENT DISCORD] [49m[0m[BUTTON] .darkodin92 a exécuté l'interaction bouton yes dans 1347963262892904469[0m
[104m2025-03-25T09:36:38.344Z [CLIENT DISCORD] [49m[0m[94m[MESSAGE_SENT][39m [32mfrancois.piano[39m [0m[0ma envoyé[0m[0m [32mUn rapport clean.... sur discord a la limite mais quelque chose de propre[39m [0m[0mdans[0m[0m [32mconvoc-lewis[39m[0m
[104m2025-03-25T09:36:38.344Z [CLIENT DISCORD] [49m[0m[94m[MESSAGE_SENT][39m [32mfrancois.piano[39m [0m[0ma envoyé[0m[0m [32met <@978315768271880272> zussi[39m [0m[0mdans[0m[0m [32mconvoc-lewis[39m[0m
[104m2025-03-25T09:36:38.344Z [CLIENT DISCORD] [49m[0m[94m[MESSAGE_SENT][39m [32mfrancois.piano[39m [0m[0ma envoyé[0m[0m [32mde TOUTES l'intervention[39m [0m[0mdans[0m[0m [32mconvoc-lewis[39m[0m
[104m2025-03-25T09:36:38.344Z [CLIENT DISCORD] [49m[0m[94m[MESSAGE_SENT][39m [32mfrancois.piano[39m [0m[0ma envoyé[0m[0m [32my compris ce qu'il s'est passé avec les SOA[39m [0m[0mdans[0m[0m [32mconvoc-lewis[39m[0m
[104m2025-03-25T09:36:38.344Z [CLIENT DISCORD] [49m[0m[94m[MESSAGE_SENT][39m [32mmathiieeuu[39m [0m[0ma envoyé[0m[0m [32mrohh[39m [0m[0mdans[0m[0m [32mconvoc-lewis[39m[0m
[104m2025-03-25T09:36:38.344Z [CLIENT DISCORD] [49m[0m[94m[MESSAGE_SENT][39m [32mmathiieeuu[39m [0m[0ma envoyé[0m[0m [32mpour les soa j'étais pas sur place[39m [0m[0mdans[0m[0m [32mconvoc-lewis[39m[0m
[104m2025-03-25T09:36:38.344Z [CLIENT DISCORD] [49m[0m[94m[MESSAGE_SENT][39m [32mfrancois.piano[39m [0m[0ma envoyé[0m[0m [32mun rapport digne de ce nom[39m [0m[0mdans[0m[0m [32mconvoc-lewis[39m[0m
[104m2025-03-25T09:36:38.344Z [CLIENT DISCORD] [49m[0m[94m[MESSAGE_SENT][39m [32mfrancois.piano[39m [0m[0ma envoyé[0m[0m [32mmets ce que tu as constaté radio, le code 99 de Khalil par exemple[39m [0m[0mdans[0m[0m [32mconvoc-lewis[39m[0m
[104m2025-03-25T09:36:38.344Z [CLIENT DISCORD] [49m[0m[94m[MESSAGE_SENT][39m [32mmathiieeuu[39m [0m[0ma envoyé[0m[0m [32mLe 17 mars 2025 les deux sergents <@729389796270800948> et <@978315768271880272> sont en patrouille à l'hôpital de Del Pero. Au alentours de 21h trois agents de sécurité chargé de la surveillance de l'hôpital sortent leurs armes et commence à ouvrir le feux sur les deux agents du LSSD encore dans leurs véhicules. Les deux sergent sortent de leurs véhicules et riposte contre les agents de sécurité. Durant l'échange de feux, le sergent <@978315768271880272> se fait touché par les assaillants, le sergent <@729389796270800948> se porte à son secours et l'extrait vers l'intérieur de l'hôpital pour qu'il se fasse prendre en charge par un médecin suite à ses blessures. Les trois agents de sécurité se font abattre par le sergent Lewis et le sergent Garcia.[39m [0m[0mdans[0m[0m [32mRapport Fusillade 17/03/25[39m[0m
[104m2025-03-25T09:36:38.344Z [CLIENT DISCORD] [49m[0m$[MESSAGE UPTATED] null a été modifié par undefined mathiieeuu dans Rapport Fusillade 17/03/25[0m
[104m2025-03-25T09:36:38.344Z [CLIENT DISCORD] [49m[0m[94m[MESSAGE_SENT][39m [32mmarie76610.[39m [0m[0ma envoyé[0m[0m [32mbonjour je suis dispo maintenant si vous voulais[39m [0m[0mdans[0m[0m [32mcmd-marie[39m[0m
[104m2025-03-25T09:36:38.344Z [CLIENT DISCORD] [49m[0m[94m[COMAND][39m [32mfrancois.piano[39m [0m[0ma éxécuté la commande [0m[0m [32mticket[39m [0m[0mdans[0m[0m [32mconvoc-lewis[39m[0m
[104m2025-03-25T09:36:38.344Z [CLIENT DISCORD] [49m[0m[42m✅ Utilisateur 449432156595552257 bypass les permissions.[49m[0m
[104m2025-03-25T09:36:38.344Z [CLIENT DISCORD] [49m[0m[TICKET] Ticket ID 1353784617412329502 verrouillé.[0m
[41m2025-03-25T09:36:38.344Z [ERROR] (node:12244) Warning: Supplying "ephemeral" for interaction response options is deprecated. Utilize flags instead.[49m
[104m2025-03-25T09:36:38.344Z [CLIENT DISCORD] [49m[0m[94m[MESSAGE_SENT][39m [32mfrancois.piano[39m [0m[0ma envoyé[0m[0m [32mLe 17 mars 2025 les deux sergents <@729389796270800948> et <@978315768271880272> sont en patrouille à l'hôpital de Del Pero. Au alentours de 21h trois agents de sécurité chargé de la surveillance de l'hôpital sortent leurs armes et commence à ouvrir le feux sur les deux agents du LSSD encore dans leurs véhicules. Les deux sergent sortent de leurs véhicules et riposte contre les agents de sécurité. Durant l'échange de feux, le sergent <@978315768271880272> se fait touché par les assaillants, le sergent <@729389796270800948> se porte à son secours et l'extrait vers l'intérieur de l'hôpital pour qu'il se fasse prendre en charge. Les trois agents de sécurité se font abattre par le sergent Lewis et le sergent Garcia.[39m[0m
[0m[32m[39m[0m
[0m[32m(a vérifier)[39m [0m[0mdans[0m[0m [32mconvoc-lewis[39m[0m
[104m2025-03-25T09:36:38.344Z [CLIENT DISCORD] [49m[0m[94m[MESSAGE_SENT][39m [32mfrancois.piano[39m [0m[0ma envoyé[0m[0m [32mBonjour, d'ici 30 minutes / 1 heure[39m [0m[0mdans[0m[0m [32mcmd-marie[39m[0m
[104m2025-03-25T09:36:38.344Z [CLIENT DISCORD] [49m[0m[94m[MESSAGE_SENT][39m [32mmarie76610.[39m [0m[0ma envoyé[0m[0m [32mok dac pas de soucis[39m [0m[0mdans[0m[0m [32mcmd-marie[39m[0m
[104m2025-03-25T09:36:38.344Z [CLIENT DISCORD] [49m[0m[94m[MESSAGE_SENT][39m [32mmathiieeuu[39m [0m[0ma envoyé[0m[0m [32mComment ça à vérifier ?[39m [0m[0mdans[0m[0m [32mconvoc-lewis[39m[0m
[104m2025-03-25T09:36:38.344Z [CLIENT DISCORD] [49m[0m[94m[MESSAGE_SENT][39m [32mfrancois.piano[39m [0m[0ma envoyé[0m[0m [32mque je regarde si le gouv est en accord ou non[39m [0m[0mdans[0m[0m [32mconvoc-lewis[39m[0m
[104m2025-03-25T09:36:38.344Z [CLIENT DISCORD] [49m[0m[94m[MESSAGE_SENT][39m [32mfrancois.piano[39m [0m[0ma envoyé[0m[0m [32met moi je le lis aussi[39m [0m[0mdans[0m[0m [32mconvoc-lewis[39m[0m
[104m2025-03-25T09:36:38.344Z [CLIENT DISCORD] [49m[0m[94m[MESSAGE_SENT][39m [32mfrancois.piano[39m [0m[0ma envoyé[0m[0m [32mJe me teins à votre dispo.[39m [0m[0mdans[0m[0m [32mcmd-marie[39m[0m
[104m2025-03-25T09:36:38.344Z [CLIENT DISCORD] [49m[0m[94m[MESSAGE_REMOVE][39m [32mmathiieeuu[39m [0m[0ma supprimé[0m[0m [32mComment ça à vérifier ?[39m [0m[0mdans[0m[0m [32mconvoc-lewis[39m[0m
[104m2025-03-25T09:36:38.344Z [CLIENT DISCORD] [49m[0m[94m[MESSAGE_REMOVE][39m [32mfrancois.piano[39m [0m[0ma supprimé[0m[0m [32mque je regarde si le gouv est en accord ou non[39m [0m[0mdans[0m[0m [32mconvoc-lewis[39m[0m
[104m2025-03-25T09:36:38.344Z [CLIENT DISCORD] [49m[0m[94m[MESSAGE_REMOVE][39m [32mfrancois.piano[39m [0m[0ma supprimé[0m[0m [32met moi je le lis aussi[39m [0m[0mdans[0m[0m [32mconvoc-lewis[39m[0m
[104m2025-03-25T09:36:38.344Z [CLIENT DISCORD] [49m[0m[94m[MESSAGE_SENT][39m [32mmarie76610.[39m [0m[0ma envoyé[0m[0m [32mvous me ditent[39m [0m[0mdans[0m[0m [32mcmd-marie[39m[0m
[104m2025-03-25T09:36:38.344Z [CLIENT DISCORD] [49m[0m[94m[MESSAGE_SENT][39m [32mfrancois.piano[39m [0m[0ma envoyé[0m[0m [32m<#1252637467991998524>[39m [0m[0mdans[0m[0m [32mcmd-marie[39m[0m
[104m2025-03-25T09:36:38.344Z [CLIENT DISCORD] [49m[0m[94m[MESSAGE_SENT][39m [32mfrancois.piano[39m [0m[0ma envoyé[0m[0m [32m# <:lssd:1348069462317990028> Official Intervention Report from Los Santos Sherif Departement[39m[0m
[0m[32m# <:lssd:1348069462317990028> Official statement from the Detective Division, Lieutenant Lennon.[39m[0m
[0m[32m[39m[0m
[0m[32m## A la suite mon de l'entretient avec l'Interne Marie Castelanos[39m[0m
[0m[32m[39m[0m
[0m[32m## Résumé des faits[39m[0m
[0m[32mPb yeux en arrivant.[39m[0m
[0m[32mL'interne a effectué les premiers secours sur Mrs. Davis Victoria.[39m[0m
[0m[32mConstate un pb sur l'ambulance (doit attendre sa cheffe).[39m[0m
[0m[32mN'a constaté aucun véhicule ou personnelle de police.[39m[0m
[0m[32m[39m[0m
[0m[32m[39m[0m
[0m[32m## Suite de la procédure[39m[0m
[0m[32m> - ⚠️ ENTRETIENT AVEC MRS VICTORIA DAVIS[39m[0m
[0m[32m> - Entretient LSPD // Max Durant[39m[0m
[0m[32m> - Convocation LSPD, Mrs. David, Mr. Durant, *Gouvernement*[39m[0m
[0m[32m> (Si un membre du gouvenement est présent, l'audiance tiendra compte de tribunal)[39m[0m
[0m[32m[39m[0m
[0m[32mSignature : Lt Lennon.[39m[0m
[0m[32m[39m[0m
[0m[32m`CC: Davis Victoria, Eric Lassard, Rodriguez DaSilva, Alayana Smith`[39m[0m
[0m[32m<@429714598988480522>, <@440113333018820610>, <@767703415413014579>, <@294162398028365824>[39m [0m[0mdans[0m[0m [32menquete-lspd-victoria-davis[39m[0m
[104m2025-03-25T09:36:38.344Z [CLIENT DISCORD] [49m[0m[94m[MESSAGE_SENT][39m [32mfrancois.piano[39m [0m[0ma envoyé[0m[0m [32m# <:lssd:1348069462317990028> Official Intervention Report from Los Santos Sherif Departement[39m[0m
[0m[32m# <:lssd:1348069462317990028> Official statement from the Detective Division, Lieutenant Lennon.[39m[0m
[0m[32m[39m[0m
[0m[32m## Résumé des faits[39m[0m
[0m[32mLe 17 mars 2025 les deux sergents **Lewis** et **Garcia** sont en patrouille à l'hôpital de Del Perro. Aux alentours de 21h trois agents de sécurité chargé de la surveillance de l'hôpital sortent leurs armes et commence à ouvrir le feux sur les deux agents du LSSD encore dans leurs véhicules. Les deux sergent sortent de leurs véhicules et riposte contre les agents de sécurité. Durant l'échange de feux, le sergent **Garcia** se fait touché par les assaillants, le sergent **Lewis** se porte à son secours et l'extrait vers l'intérieur de l'hôpital pour qu'il se fasse prendre en charge. Les trois agents de sécurité se font abattre par le sergent **Lewis **et le sergent **Garcia**.[39m[0m
[0m[32m[39m[0m
[0m[32m## Du côté du Gouverneur[39m[0m
[0m[32m> Le gouvernement aurait vu les deux agents tiré sur l'agent de sécurité.[39m[0m
[0m[32m[39m[0m
[0m[32mConclusion[39m[0m
[0m[32m[39m[0m
[0m[32mFait par :...[39m [0m[0mdans[0m[0m [32mconvoc-lewis[39m[0m
[104m2025-03-25T09:36:38.344Z [CLIENT DISCORD] [49m[0m[94m[MESSAGE_REMOVE][39m [32mfrancois.piano[39m [0m[0ma supprimé[0m[0m [32mLe 17 mars 2025 les deux sergents <@729389796270800948> et <@978315768271880272> sont en patrouille à l'hôpital de Del Pero. Au alentours de 21h trois agents de sécurité chargé de la surveillance de l'hôpital sortent leurs armes et commence à ouvrir le feux sur les deux agents du LSSD encore dans leurs véhicules. Les deux sergent sortent de leurs véhicules et riposte contre les agents de sécurité. Durant l'échange de feux, le sergent <@978315768271880272> se fait touché par les assaillants, le sergent <@729389796270800948> se porte à son secours et l'extrait vers l'intérieur de l'hôpital pour qu'il se fasse prendre en charge. Les trois agents de sécurité se font abattre par le sergent Lewis et le sergent Garcia.[39m[0m
[0m[32m[39m[0m
[0m[32m(a vérifier)[39m [0m[0mdans[0m[0m [32mconvoc-lewis[39m[0m
[104m2025-03-25T09:36:38.344Z [CLIENT DISCORD] [49m[0mTicket ID 1353784617412329502 a été dévérouillé dans la console.[0m
[104m2025-03-25T09:36:38.344Z [CLIENT DISCORD] [49m[0m[TICKET] Ticket dévérouillé[0m
[104m2025-03-25T09:36:38.344Z [CLIENT DISCORD] [49m[0m[BUTTON] francois.piano a exécuté l'interaction bouton unlock dans 1353784617412329502[0m
[104m2025-03-25T09:36:38.344Z [CLIENT DISCORD] [49m[0m[94m[MESSAGE_REMOVE][39m [32mfrancois.piano[39m [0m[0ma supprimé[0m[0m [32mmets ce que tu as constaté radio, le code 99 de Khalil par exemple[39m [0m[0mdans[0m[0m [32mconvoc-lewis[39m[0m
[104m2025-03-25T09:36:38.344Z [CLIENT DISCORD] [49m[0m[94m[MESSAGE_SENT][39m [32mfrancois.piano[39m [0m[0ma envoyé[0m[0m [32m<@978315768271880272>[39m [0m[0mdans[0m[0m [32mconvoc-lewis[39m[0m
[42m[30m🔔2025-03-25T16:31:31.685Z [🟢 SOFT NOTIFY]  🗑️ [ACTION BUTTON] : Ticket supprimé avec succès.[39m[49m
[104m2025-03-25T09:36:38.344Z [CLIENT DISCORD] [49m[0m[BUTTON] francois.piano a exécuté l'interaction bouton close_but dans 1353787198159458457[0m
[42m[30m🔔2025-03-25T16:31:35.563Z [🟢 SOFT NOTIFY]  🗑️ [ACTION BUTTON] : Ticket supprimé avec succès.[39m[49m
[104m2025-03-25T09:36:38.344Z [CLIENT DISCORD] [49m[0m[BUTTON] francois.piano a exécuté l'interaction bouton close_but dans 1353811107428433990[0m
[104m2025-03-25T09:36:38.344Z [CLIENT DISCORD] [49m[0m$[MESSAGE UPTATED] null a été modifié par undefined francois.piano dans enquete-lspd-victoria-davis[0m
[104m2025-03-25T16:55:21.172Z [CLIENT DISCORD] [49m[0mLes modules  [32mloggers[39m [0m[0m ont correctement été exporté.[0m[0m[0m
[104m2025-03-25T16:55:21.172Z [CLIENT DISCORD] [49m[0mLes modules  [32mutils.js[39m [0m[0m ont correctement été exporté.[0m[0m[0m
[104m2025-03-25T16:55:21.172Z [CLIENT DISCORD] [49m[0mL'interaction  [32mcommands.js[39m [0m[0m ont correctement été exporté.[0m[0m[0m
[104m2025-03-25T16:55:21.172Z [CLIENT DISCORD] [49m[0mL'interaction  [32mbuttons.js[39m [0m[0m ont correctement été exporté.[0m[0m[0m
[104m2025-03-25T16:55:21.172Z [CLIENT DISCORD] [49m[0mL'interaction  [32mmodals.js[39m [0m[0m ont correctement été exporté.[0m[0m[0m
[104m2025-03-25T16:55:21.172Z [CLIENT DISCORD] [49m[0m✅ Données rechargées depuis config.json : [object Object][0m
[45m2025-03-25T16:55:21.172Z [DEBUG] Hi !![49m
[104m2025-03-25T16:55:21.172Z [CLIENT DISCORD] [49m[0m[42m[30mChargement du fichier index.js[39m[49m[0m
[41m[30m🔔2025-03-25T16:55:21.522Z [🔴 CRITICAL NOTIFY]  Hey![39m[49m
[104m2025-03-25T16:55:21.172Z [CLIENT DISCORD] [49m[0m[42m[30mChargement des informations du package.[39m[49m[0m
[0m[42m[30m[39m[49m [46m[PACKAGE][49m [32mAuth. : François 🌺[39m[0m
[0m[32m[39m [46m[PACKAGE][49m [32mDepd. : @discordjs/voice, axios, chalk, discord.js, fs, play-dl, yt-search, ytdl-core, ytdl-core-discord[39m[0m
[0m[32m[39m [46m[PACKAGE][49m [32mDesc. : The official bot of LSSD.[39m[0m
[0m[32m[39m [46m[PACKAGE][49m [32mLisc. : ISC[39m[0m
[0m[32m[39m [46m[PACKAGE][49m [32mMain. : index.js[39m[0m
[0m[32m[39m [46m[PACKAGE][49m [32mName. : catherine[39m[0m
[0m[32m[39m [46m[PACKAGE][49m [32mScrp. : [object Object][39m[0m
[0m[32m[39m [46m[PACKAGE][49m [32mVers. : 1.2.1 - 1.2.09scho[39m[0m
[0m[32m[39m [46m[PACKAGE][49m [32mPatch Note. : **[PN_13-03-2025]** La version 1.2.01sc modifie les messages shift et patch la commande /clear.,[39m[0m
[0m[32m**[PN_14-03-2025]** La version 1.2.05sch modifie la commande /help pour ajouter des commandes spéciales.,[39m[0m
[0m[32m**[PN_19-03-2025]** La version 1.2.1 (1.2.09scho) patch la commande /openservice et modifie la commande /userinfo, ajoutant des informations.[39m[0m
[0m[32m[39m[0m
[104m2025-03-25T16:55:21.172Z [CLIENT DISCORD] [49m[0m[34m==============================[39m[0m
[104m2025-03-25T16:55:21.172Z [CLIENT DISCORD] [49m[0m[32m🚀 Démarrage du bot...[39m[0m
[104m2025-03-25T16:55:21.172Z [CLIENT DISCORD] [49m[0m[33m🔗 Connexion à Discord API...[39m[0m
[104m2025-03-25T16:55:21.172Z [CLIENT DISCORD] [49m[0m[36m✅ Bot RP en ligne ! Connect111é en tant que LSSD Bot#8045[39m[0m
[104m2025-03-25T16:55:21.172Z [CLIENT DISCORD] [49m[0m[34m==============================[39m[0m
[0m[34m[39m[0m
[104m2025-03-25T16:55:21.172Z [CLIENT DISCORD] [49m[0mGuild récupéré :  Los Santos Sheriff Dept.[0m
[104m2025-03-25T16:55:21.172Z [CLIENT DISCORD] [49m[0mCommandes existantes :  bypass, register, music, info, pex, openservice, infoshift, recruit, help, ban, ticket, shutdown, userinfo, send, clear, kick, warn, mute, rename, shift, promote[0m
[43m2025-03-25T16:55:21.172Z [WARN] ⚠️ Commandes déjà enregistrées pour ce serveur.[49m
[42m[30m🔔2025-03-25T16:55:22.828Z [🟢 SOFT NOTIFY]  Arguments passés : clearcommand[39m[49m
[42m[30m🔔2025-03-25T16:55:22.828Z [🟢 SOFT NOTIFY]  Le mode 'clearcommand' est activé.[39m[49m
[104m2025-03-25T16:55:21.172Z [CLIENT DISCORD] [49m[0mToutes les commandes du serveur Los Santos Sheriff Dept. ont été supprimées.[0m
[104m2025-03-25T16:55:31.284Z [CLIENT DISCORD] [49m[0mLes modules  [32mloggers[39m [0m[0m ont correctement été exporté.[0m[0m[0m
[104m2025-03-25T16:55:31.284Z [CLIENT DISCORD] [49m[0mLes modules  [32mutils.js[39m [0m[0m ont correctement été exporté.[0m[0m[0m
[104m2025-03-25T16:55:31.284Z [CLIENT DISCORD] [49m[0mL'interaction  [32mcommands.js[39m [0m[0m ont correctement été exporté.[0m[0m[0m
[104m2025-03-25T16:55:31.284Z [CLIENT DISCORD] [49m[0mL'interaction  [32mbuttons.js[39m [0m[0m ont correctement été exporté.[0m[0m[0m
[104m2025-03-25T16:55:31.284Z [CLIENT DISCORD] [49m[0mL'interaction  [32mmodals.js[39m [0m[0m ont correctement été exporté.[0m[0m[0m
[104m2025-03-25T16:55:31.284Z [CLIENT DISCORD] [49m[0m✅ Données rechargées depuis config.json : [object Object][0m
[45m2025-03-25T16:55:31.284Z [DEBUG] Hi !![49m
[104m2025-03-25T16:55:31.284Z [CLIENT DISCORD] [49m[0m[42m[30mChargement du fichier index.js[39m[49m[0m
[41m[30m🔔2025-03-25T16:55:31.358Z [🔴 CRITICAL NOTIFY]  Hey![39m[49m
[104m2025-03-25T16:55:31.284Z [CLIENT DISCORD] [49m[0m[42m[30mChargement des informations du package.[39m[49m[0m
[0m[42m[30m[39m[49m [46m[PACKAGE][49m [32mAuth. : François 🌺[39m[0m
[0m[32m[39m [46m[PACKAGE][49m [32mDepd. : @discordjs/voice, axios, chalk, discord.js, fs, play-dl, yt-search, ytdl-core, ytdl-core-discord[39m[0m
[0m[32m[39m [46m[PACKAGE][49m [32mDesc. : The official bot of LSSD.[39m[0m
[0m[32m[39m [46m[PACKAGE][49m [32mLisc. : ISC[39m[0m
[0m[32m[39m [46m[PACKAGE][49m [32mMain. : index.js[39m[0m
[0m[32m[39m [46m[PACKAGE][49m [32mName. : catherine[39m[0m
[0m[32m[39m [46m[PACKAGE][49m [32mScrp. : [object Object][39m[0m
[0m[32m[39m [46m[PACKAGE][49m [32mVers. : 1.2.1 - 1.2.09scho[39m[0m
[0m[32m[39m [46m[PACKAGE][49m [32mPatch Note. : **[PN_13-03-2025]** La version 1.2.01sc modifie les messages shift et patch la commande /clear.,[39m[0m
[0m[32m**[PN_14-03-2025]** La version 1.2.05sch modifie la commande /help pour ajouter des commandes spéciales.,[39m[0m
[0m[32m**[PN_19-03-2025]** La version 1.2.1 (1.2.09scho) patch la commande /openservice et modifie la commande /userinfo, ajoutant des informations.[39m[0m
[0m[32m[39m[0m
[104m2025-03-25T16:55:31.284Z [CLIENT DISCORD] [49m[0m[34m==============================[39m[0m
[104m2025-03-25T16:55:31.284Z [CLIENT DISCORD] [49m[0m[32m🚀 Démarrage du bot...[39m[0m
[104m2025-03-25T16:55:31.284Z [CLIENT DISCORD] [49m[0m[33m🔗 Connexion à Discord API...[39m[0m
[104m2025-03-25T16:55:31.284Z [CLIENT DISCORD] [49m[0m[36m✅ Bot RP en ligne ! Connect111é en tant que LSSD Bot#8045[39m[0m
[104m2025-03-25T16:55:31.284Z [CLIENT DISCORD] [49m[0m[34m==============================[39m[0m
[0m[34m[39m[0m
[104m2025-03-25T16:55:31.284Z [CLIENT DISCORD] [49m[0mGuild récupéré :  Los Santos Sheriff Dept.[0m
[104m2025-03-25T16:55:31.284Z [CLIENT DISCORD] [49m[0mCommandes existantes :  [0m
[104m2025-03-25T16:55:31.284Z [CLIENT DISCORD] [49m[0mAucune commande trouvée. Enregistrement des commandes...[0m
[104m2025-03-25T16:55:31.284Z [CLIENT DISCORD] [49m[0mListe des commandes chargées :  0, 1, 2, 3, 4, 5, 6, 7, 8, 9, 10, 11, 12, 13, 14, 15, 16, 17, 18, 19, 20[0m
[42m[30m🔔2025-03-25T16:55:34.338Z [🟢 SOFT NOTIFY]  ✅ Commandes enregistrées pour le serveur ![39m[49m
[42m[30m🔔2025-03-25T16:55:34.339Z [🟢 SOFT NOTIFY]  Arguments passés : [33mAucun[39m[30m[39m[49m
[42m[30m🔔2025-03-25T16:55:34.339Z [🟢 SOFT NOTIFY]  Aucun mode de lancement spécifié.[39m[49m
[104m2025-03-25T16:55:37.152Z [CLIENT DISCORD] [49m[0mLes modules  [32mloggers[39m [0m[0m ont correctement été exporté.[0m[0m[0m
[104m2025-03-25T16:55:37.152Z [CLIENT DISCORD] [49m[0mLes modules  [32mutils.js[39m [0m[0m ont correctement été exporté.[0m[0m[0m
[104m2025-03-25T16:55:37.152Z [CLIENT DISCORD] [49m[0mL'interaction  [32mcommands.js[39m [0m[0m ont correctement été exporté.[0m[0m[0m
[104m2025-03-25T16:55:37.152Z [CLIENT DISCORD] [49m[0mL'interaction  [32mbuttons.js[39m [0m[0m ont correctement été exporté.[0m[0m[0m
[104m2025-03-25T16:55:37.152Z [CLIENT DISCORD] [49m[0mL'interaction  [32mmodals.js[39m [0m[0m ont correctement été exporté.[0m[0m[0m
[104m2025-03-25T16:55:37.152Z [CLIENT DISCORD] [49m[0m✅ Données rechargées depuis config.json : [object Object][0m
[45m2025-03-25T16:55:37.152Z [DEBUG] Hi !![49m
[104m2025-03-25T16:55:37.152Z [CLIENT DISCORD] [49m[0m[42m[30mChargement du fichier index.js[39m[49m[0m
[41m[30m🔔2025-03-25T16:55:37.226Z [🔴 CRITICAL NOTIFY]  Hey![39m[49m
[104m2025-03-25T16:55:37.152Z [CLIENT DISCORD] [49m[0m[42m[30mChargement des informations du package.[39m[49m[0m
[0m[42m[30m[39m[49m [46m[PACKAGE][49m [32mAuth. : François 🌺[39m[0m
[0m[32m[39m [46m[PACKAGE][49m [32mDepd. : @discordjs/voice, axios, chalk, discord.js, fs, play-dl, yt-search, ytdl-core, ytdl-core-discord[39m[0m
[0m[32m[39m [46m[PACKAGE][49m [32mDesc. : The official bot of LSSD.[39m[0m
[0m[32m[39m [46m[PACKAGE][49m [32mLisc. : ISC[39m[0m
[0m[32m[39m [46m[PACKAGE][49m [32mMain. : index.js[39m[0m
[0m[32m[39m [46m[PACKAGE][49m [32mName. : catherine[39m[0m
[0m[32m[39m [46m[PACKAGE][49m [32mScrp. : [object Object][39m[0m
[0m[32m[39m [46m[PACKAGE][49m [32mVers. : 1.2.1 - 1.2.09scho[39m[0m
[0m[32m[39m [46m[PACKAGE][49m [32mPatch Note. : **[PN_13-03-2025]** La version 1.2.01sc modifie les messages shift et patch la commande /clear.,[39m[0m
[0m[32m**[PN_14-03-2025]** La version 1.2.05sch modifie la commande /help pour ajouter des commandes spéciales.,[39m[0m
[0m[32m**[PN_19-03-2025]** La version 1.2.1 (1.2.09scho) patch la commande /openservice et modifie la commande /userinfo, ajoutant des informations.[39m[0m
[0m[32m[39m[0m
[104m2025-03-25T16:55:37.152Z [CLIENT DISCORD] [49m[0m[34m==============================[39m[0m
[104m2025-03-25T16:55:37.152Z [CLIENT DISCORD] [49m[0m[32m🚀 Démarrage du bot...[39m[0m
[104m2025-03-25T16:55:37.152Z [CLIENT DISCORD] [49m[0m[33m🔗 Connexion à Discord API...[39m[0m
[104m2025-03-25T16:55:37.152Z [CLIENT DISCORD] [49m[0m[36m✅ Bot RP en ligne ! Connect111é en tant que LSSD Bot#8045[39m[0m
[104m2025-03-25T16:55:37.152Z [CLIENT DISCORD] [49m[0m[34m==============================[39m[0m
[0m[34m[39m[0m
[104m2025-03-25T16:55:37.152Z [CLIENT DISCORD] [49m[0mGuild récupéré :  Los Santos Sheriff Dept.[0m
[104m2025-03-25T16:55:37.152Z [CLIENT DISCORD] [49m[0mCommandes existantes :  bypass, register, music, info, pex, openservice, infoshift, recruit, help, ban, ticket, shutdown, userinfo, send, clear, kick, warn, mute, rename, shift, promote[0m
[43m2025-03-25T16:55:37.152Z [WARN] ⚠️ Commandes déjà enregistrées pour ce serveur.[49m
[42m[30m🔔2025-03-25T16:55:38.615Z [🟢 SOFT NOTIFY]  Arguments passés : [33mAucun[39m[30m[39m[49m
[42m[30m🔔2025-03-25T16:55:38.615Z [🟢 SOFT NOTIFY]  Aucun mode de lancement spécifié.[39m[49m
[104m2025-03-25T16:55:37.152Z [CLIENT DISCORD] [49m[0m[ACTION BUTTON] cmd of command /ticket has been used.[0m
[104m2025-03-25T16:55:37.152Z [CLIENT DISCORD] [49m[0m55[0m
[104m2025-03-25T16:55:37.152Z [CLIENT DISCORD] [49m[0m[BUTTON] francois.piano a exécuté l'interaction bouton cmd dans 1252239174610718782[0m
[104m2025-03-25T16:55:37.152Z [CLIENT DISCORD] [49m[0m[ACTION BUTTON] New channel create[0m
[41m2025-03-25T16:55:37.152Z [ERROR] (node:34956) Warning: Supplying "ephemeral" for interaction response options is deprecated. Utilize flags instead.[49m
[41m(Use `node --trace-warnings ...` to show where the warning was created)[49m
[104m2025-03-25T16:55:37.152Z [CLIENT DISCORD] [49m[0m[94m[COMAND][39m [32mfrancois.piano[39m [0m[0ma éxécuté la commande [0m[0m [32mticket[39m [0m[0mdans[0m[0m [32mcmd-francoispiano[39m[0m
[104m2025-03-25T16:55:37.152Z [CLIENT DISCORD] [49m[0m[42m✅ Utilisateur 449432156595552257 bypass les permissions.[49m[0m
[104m2025-03-25T17:01:58.525Z [CLIENT DISCORD] [49m[0mLes modules  [32mloggers[39m [0m[0m ont correctement été exporté.[0m[0m[0m
[104m2025-03-25T17:01:58.525Z [CLIENT DISCORD] [49m[0mLes modules  [32mutils.js[39m [0m[0m ont correctement été exporté.[0m[0m[0m
[104m2025-03-25T17:01:58.525Z [CLIENT DISCORD] [49m[0mL'interaction  [32mcommands.js[39m [0m[0m ont correctement été exporté.[0m[0m[0m
[104m2025-03-25T17:01:58.525Z [CLIENT DISCORD] [49m[0mL'interaction  [32mbuttons.js[39m [0m[0m ont correctement été exporté.[0m[0m[0m
[104m2025-03-25T17:01:58.525Z [CLIENT DISCORD] [49m[0mL'interaction  [32mmodals.js[39m [0m[0m ont correctement été exporté.[0m[0m[0m
[104m2025-03-25T17:01:58.525Z [CLIENT DISCORD] [49m[0m✅ Données rechargées depuis config.json : [object Object][0m
[45m2025-03-25T17:01:58.525Z [DEBUG] Hi !![49m
[104m2025-03-25T17:01:58.525Z [CLIENT DISCORD] [49m[0m[42m[30mChargement du fichier index.js[39m[49m[0m
[41m[30m🔔2025-03-25T17:01:58.602Z [🔴 CRITICAL NOTIFY]  Hey![39m[49m
[104m2025-03-25T17:01:58.525Z [CLIENT DISCORD] [49m[0m[42m[30mChargement des informations du package.[39m[49m[0m
[0m[42m[30m[39m[49m [46m[PACKAGE][49m [32mAuth. : François 🌺[39m[0m
[0m[32m[39m [46m[PACKAGE][49m [32mDepd. : @discordjs/voice, axios, chalk, discord.js, fs, play-dl, yt-search, ytdl-core, ytdl-core-discord[39m[0m
[0m[32m[39m [46m[PACKAGE][49m [32mDesc. : The official bot of LSSD.[39m[0m
[0m[32m[39m [46m[PACKAGE][49m [32mLisc. : ISC[39m[0m
[0m[32m[39m [46m[PACKAGE][49m [32mMain. : index.js[39m[0m
[0m[32m[39m [46m[PACKAGE][49m [32mName. : catherine[39m[0m
[0m[32m[39m [46m[PACKAGE][49m [32mScrp. : [object Object][39m[0m
[0m[32m[39m [46m[PACKAGE][49m [32mVers. : 1.2.1 - 1.2.09scho[39m[0m
[0m[32m[39m [46m[PACKAGE][49m [32mPatch Note. : **[PN_13-03-2025]** La version 1.2.01sc modifie les messages shift et patch la commande /clear.,[39m[0m
[0m[32m**[PN_14-03-2025]** La version 1.2.05sch modifie la commande /help pour ajouter des commandes spéciales.,[39m[0m
[0m[32m**[PN_19-03-2025]** La version 1.2.1 (1.2.09scho) patch la commande /openservice et modifie la commande /userinfo, ajoutant des informations.[39m[0m
[0m[32m[39m[0m
[104m2025-03-25T17:24:40.443Z [CLIENT DISCORD] [49m[0mLes modules  [32mloggers[39m [0m[0m ont correctement été exporté.[0m[0m[0m
[104m2025-03-25T17:24:40.443Z [CLIENT DISCORD] [49m[0mLes modules  [32mutils.js[39m [0m[0m ont correctement été exporté.[0m[0m[0m
[104m2025-03-25T17:24:40.443Z [CLIENT DISCORD] [49m[0mL'interaction  [32mcommands.js[39m [0m[0m ont correctement été exporté.[0m[0m[0m
[104m2025-03-25T17:24:40.443Z [CLIENT DISCORD] [49m[0mL'interaction  [32mbuttons.js[39m [0m[0m ont correctement été exporté.[0m[0m[0m
[104m2025-03-25T17:24:40.443Z [CLIENT DISCORD] [49m[0mL'interaction  [32mmodals.js[39m [0m[0m ont correctement été exporté.[0m[0m[0m
[104m2025-03-25T17:24:40.443Z [CLIENT DISCORD] [49m[0m✅ Données rechargées depuis config.json : [object Object][0m
[45m2025-03-25T17:24:40.443Z [DEBUG] Hi !![49m
[104m2025-03-25T17:24:40.443Z [CLIENT DISCORD] [49m[0m[42m[30mChargement du fichier index.js[39m[49m[0m
[41m[30m🔔2025-03-25T17:24:40.520Z [🔴 CRITICAL NOTIFY]  Hey![39m[49m
[104m2025-03-25T17:24:40.443Z [CLIENT DISCORD] [49m[0m[42m[30mChargement des informations du package.[39m[49m[0m
[0m[42m[30m[39m[49m [46m[PACKAGE][49m [32mAuth. : François 🌺[39m[0m
[0m[32m[39m [46m[PACKAGE][49m [32mDepd. : @discordjs/voice, axios, chalk, discord.js, fs, play-dl, yt-search, ytdl-core, ytdl-core-discord[39m[0m
[0m[32m[39m [46m[PACKAGE][49m [32mDesc. : The official bot of LSSD.[39m[0m
[0m[32m[39m [46m[PACKAGE][49m [32mLisc. : ISC[39m[0m
[0m[32m[39m [46m[PACKAGE][49m [32mMain. : index.js[39m[0m
[0m[32m[39m [46m[PACKAGE][49m [32mName. : catherine[39m[0m
[0m[32m[39m [46m[PACKAGE][49m [32mScrp. : [object Object][39m[0m
[0m[32m[39m [46m[PACKAGE][49m [32mVers. : 1.2.1 - 1.2.09scho[39m[0m
[0m[32m[39m [46m[PACKAGE][49m [32mPatch Note. : **[PN_13-03-2025]** La version 1.2.01sc modifie les messages shift et patch la commande /clear.,[39m[0m
[0m[32m**[PN_14-03-2025]** La version 1.2.05sch modifie la commande /help pour ajouter des commandes spéciales.,[39m[0m
[0m[32m**[PN_19-03-2025]** La version 1.2.1 (1.2.09scho) patch la commande /openservice et modifie la commande /userinfo, ajoutant des informations.[39m[0m
[0m[32m[39m[0m
[104m2025-03-25T17:24:40.443Z [CLIENT DISCORD] [49m[0m[34m==============================[39m[0m
[104m2025-03-25T17:24:40.443Z [CLIENT DISCORD] [49m[0m[32m🚀 Démarrage du bot...[39m[0m
[104m2025-03-25T17:24:40.443Z [CLIENT DISCORD] [49m[0m[33m🔗 Connexion à Discord API...[39m[0m
[104m2025-03-25T17:24:40.443Z [CLIENT DISCORD] [49m[0m[36m✅ Bot RP en ligne ! Connect111é en tant que LSSD Bot#8045[39m[0m
[104m2025-03-25T17:24:40.443Z [CLIENT DISCORD] [49m[0m[34m==============================[39m[0m
[0m[34m[39m[0m
[104m2025-03-25T17:24:40.443Z [CLIENT DISCORD] [49m[0mGuild récupéré :  Los Santos Sheriff Dept.[0m
[104m2025-03-25T17:24:40.443Z [CLIENT DISCORD] [49m[0mCommandes existantes :  bypass, register, music, info, pex, openservice, infoshift, recruit, help, ban, ticket, shutdown, userinfo, send, clear, kick, warn, mute, rename, shift, promote[0m
[43m2025-03-25T17:24:40.443Z [WARN] ⚠️ Commandes déjà enregistrées pour ce serveur.[49m
[42m[30m🔔2025-03-25T17:24:41.660Z [🟢 SOFT NOTIFY]  Arguments passés : [33mAucun[39m[30m[39m[49m
[42m[30m🔔2025-03-25T17:24:41.661Z [🟢 SOFT NOTIFY]  Aucun mode de lancement spécifié.[39m[49m
[104m2025-03-25T17:25:03.532Z [CLIENT DISCORD] [49m[0mLes modules  [32mloggers[39m [0m[0m ont correctement été exporté.[0m[0m[0m
[104m2025-03-25T17:25:03.532Z [CLIENT DISCORD] [49m[0mLes modules  [32mutils.js[39m [0m[0m ont correctement été exporté.[0m[0m[0m
[104m2025-03-25T17:25:03.532Z [CLIENT DISCORD] [49m[0mL'interaction  [32mcommands.js[39m [0m[0m ont correctement été exporté.[0m[0m[0m
[104m2025-03-25T17:25:03.532Z [CLIENT DISCORD] [49m[0mL'interaction  [32mbuttons.js[39m [0m[0m ont correctement été exporté.[0m[0m[0m
[104m2025-03-25T17:25:03.532Z [CLIENT DISCORD] [49m[0mL'interaction  [32mmodals.js[39m [0m[0m ont correctement été exporté.[0m[0m[0m
[104m2025-03-25T17:25:03.532Z [CLIENT DISCORD] [49m[0m✅ Données rechargées depuis config.json : [object Object][0m
[45m2025-03-25T17:25:03.532Z [DEBUG] Hi !![49m
[104m2025-03-25T17:25:03.532Z [CLIENT DISCORD] [49m[0m[42m[30mChargement du fichier index.js[39m[49m[0m
[41m[30m🔔2025-03-25T17:25:03.608Z [🔴 CRITICAL NOTIFY]  Hey![39m[49m
[104m2025-03-25T17:25:03.532Z [CLIENT DISCORD] [49m[0m[42m[30mChargement des informations du package.[39m[49m[0m
[0m[42m[30m[39m[49m [46m[PACKAGE][49m [32mAuth. : François 🌺[39m[0m
[0m[32m[39m [46m[PACKAGE][49m [32mDepd. : @discordjs/voice, axios, chalk, discord.js, fs, play-dl, yt-search, ytdl-core, ytdl-core-discord[39m[0m
[0m[32m[39m [46m[PACKAGE][49m [32mDesc. : The official bot of LSSD.[39m[0m
[0m[32m[39m [46m[PACKAGE][49m [32mLisc. : ISC[39m[0m
[0m[32m[39m [46m[PACKAGE][49m [32mMain. : index.js[39m[0m
[0m[32m[39m [46m[PACKAGE][49m [32mName. : catherine[39m[0m
[0m[32m[39m [46m[PACKAGE][49m [32mScrp. : [object Object][39m[0m
[0m[32m[39m [46m[PACKAGE][49m [32mVers. : 1.2.1 - 1.2.09scho[39m[0m
[0m[32m[39m [46m[PACKAGE][49m [32mPatch Note. : **[PN_13-03-2025]** La version 1.2.01sc modifie les messages shift et patch la commande /clear.,[39m[0m
[0m[32m**[PN_14-03-2025]** La version 1.2.05sch modifie la commande /help pour ajouter des commandes spéciales.,[39m[0m
[0m[32m**[PN_19-03-2025]** La version 1.2.1 (1.2.09scho) patch la commande /openservice et modifie la commande /userinfo, ajoutant des informations.[39m[0m
[0m[32m[39m[0m
[104m2025-03-25T17:25:03.532Z [CLIENT DISCORD] [49m[0m[34m==============================[39m[0m
[104m2025-03-25T17:25:03.532Z [CLIENT DISCORD] [49m[0m[32m🚀 Démarrage du bot...[39m[0m
[104m2025-03-25T17:25:03.532Z [CLIENT DISCORD] [49m[0m[33m🔗 Connexion à Discord API...[39m[0m
[104m2025-03-25T17:25:03.532Z [CLIENT DISCORD] [49m[0m[36m✅ Bot RP en ligne ! Connect111é en tant que LSSD Bot#8045[39m[0m
[104m2025-03-25T17:25:03.532Z [CLIENT DISCORD] [49m[0m[34m==============================[39m[0m
[0m[34m[39m[0m
[104m2025-03-25T17:25:03.532Z [CLIENT DISCORD] [49m[0mGuild récupéré :  Los Santos Sheriff Dept.[0m
[104m2025-03-25T17:25:03.532Z [CLIENT DISCORD] [49m[0mCommandes existantes :  bypass, register, music, info, pex, openservice, infoshift, recruit, help, ban, ticket, shutdown, userinfo, send, clear, kick, warn, mute, rename, shift, promote[0m
[43m2025-03-25T17:25:03.532Z [WARN] ⚠️ Commandes déjà enregistrées pour ce serveur.[49m
[42m[30m🔔2025-03-25T17:25:04.762Z [🟢 SOFT NOTIFY]  Arguments passés : clearcommand[39m[49m
[42m[30m🔔2025-03-25T17:25:04.762Z [🟢 SOFT NOTIFY]  Le mode 'clearcommand' est activé.[39m[49m
[104m2025-03-25T17:25:03.532Z [CLIENT DISCORD] [49m[0mToutes les commandes du serveur Los Santos Sheriff Dept. ont été supprimées.[0m
[104m2025-03-25T17:25:10.051Z [CLIENT DISCORD] [49m[0mLes modules  [32mloggers[39m [0m[0m ont correctement été exporté.[0m[0m[0m
[104m2025-03-25T17:25:10.051Z [CLIENT DISCORD] [49m[0mLes modules  [32mutils.js[39m [0m[0m ont correctement été exporté.[0m[0m[0m
[104m2025-03-25T17:25:10.051Z [CLIENT DISCORD] [49m[0mL'interaction  [32mcommands.js[39m [0m[0m ont correctement été exporté.[0m[0m[0m
[104m2025-03-25T17:25:10.051Z [CLIENT DISCORD] [49m[0mL'interaction  [32mbuttons.js[39m [0m[0m ont correctement été exporté.[0m[0m[0m
[104m2025-03-25T17:25:10.051Z [CLIENT DISCORD] [49m[0mL'interaction  [32mmodals.js[39m [0m[0m ont correctement été exporté.[0m[0m[0m
[104m2025-03-25T17:25:10.051Z [CLIENT DISCORD] [49m[0m✅ Données rechargées depuis config.json : [object Object][0m
[45m2025-03-25T17:25:10.051Z [DEBUG] Hi !![49m
[104m2025-03-25T17:25:10.051Z [CLIENT DISCORD] [49m[0m[42m[30mChargement du fichier index.js[39m[49m[0m
[41m[30m🔔2025-03-25T17:25:10.128Z [🔴 CRITICAL NOTIFY]  Hey![39m[49m
[104m2025-03-25T17:25:10.051Z [CLIENT DISCORD] [49m[0m[42m[30mChargement des informations du package.[39m[49m[0m
[0m[42m[30m[39m[49m [46m[PACKAGE][49m [32mAuth. : François 🌺[39m[0m
[0m[32m[39m [46m[PACKAGE][49m [32mDepd. : @discordjs/voice, axios, chalk, discord.js, fs, play-dl, yt-search, ytdl-core, ytdl-core-discord[39m[0m
[0m[32m[39m [46m[PACKAGE][49m [32mDesc. : The official bot of LSSD.[39m[0m
[0m[32m[39m [46m[PACKAGE][49m [32mLisc. : ISC[39m[0m
[0m[32m[39m [46m[PACKAGE][49m [32mMain. : index.js[39m[0m
[0m[32m[39m [46m[PACKAGE][49m [32mName. : catherine[39m[0m
[0m[32m[39m [46m[PACKAGE][49m [32mScrp. : [object Object][39m[0m
[0m[32m[39m [46m[PACKAGE][49m [32mVers. : 1.2.1 - 1.2.09scho[39m[0m
[0m[32m[39m [46m[PACKAGE][49m [32mPatch Note. : **[PN_13-03-2025]** La version 1.2.01sc modifie les messages shift et patch la commande /clear.,[39m[0m
[0m[32m**[PN_14-03-2025]** La version 1.2.05sch modifie la commande /help pour ajouter des commandes spéciales.,[39m[0m
[0m[32m**[PN_19-03-2025]** La version 1.2.1 (1.2.09scho) patch la commande /openservice et modifie la commande /userinfo, ajoutant des informations.[39m[0m
[0m[32m[39m[0m
[104m2025-03-25T17:25:10.051Z [CLIENT DISCORD] [49m[0m[34m==============================[39m[0m
[104m2025-03-25T17:25:10.051Z [CLIENT DISCORD] [49m[0m[32m🚀 Démarrage du bot...[39m[0m
[104m2025-03-25T17:25:10.051Z [CLIENT DISCORD] [49m[0m[33m🔗 Connexion à Discord API...[39m[0m
[104m2025-03-25T17:25:10.051Z [CLIENT DISCORD] [49m[0m[36m✅ Bot RP en ligne ! Connect111é en tant que LSSD Bot#8045[39m[0m
[104m2025-03-25T17:25:10.051Z [CLIENT DISCORD] [49m[0m[34m==============================[39m[0m
[0m[34m[39m[0m
[104m2025-03-25T17:25:10.051Z [CLIENT DISCORD] [49m[0mGuild récupéré :  Los Santos Sheriff Dept.[0m
[104m2025-03-25T17:25:10.051Z [CLIENT DISCORD] [49m[0mCommandes existantes :  [0m
[104m2025-03-25T17:25:10.051Z [CLIENT DISCORD] [49m[0mAucune commande trouvée. Enregistrement des commandes...[0m
[104m2025-03-25T17:25:10.051Z [CLIENT DISCORD] [49m[0mListe des commandes chargées :  0, 1, 2, 3, 4, 5, 6, 7, 8, 9, 10, 11, 12, 13, 14, 15, 16, 17, 18, 19, 20[0m
[42m[30m🔔2025-03-25T17:25:12.072Z [🟢 SOFT NOTIFY]  ✅ Commandes enregistrées pour le serveur ![39m[49m
[42m[30m🔔2025-03-25T17:25:12.073Z [🟢 SOFT NOTIFY]  Arguments passés : [33mAucun[39m[30m[39m[49m
[42m[30m🔔2025-03-25T17:25:12.073Z [🟢 SOFT NOTIFY]  Aucun mode de lancement spécifié.[39m[49m
[104m2025-03-25T17:25:14.991Z [CLIENT DISCORD] [49m[0mLes modules  [32mloggers[39m [0m[0m ont correctement été exporté.[0m[0m[0m
[104m2025-03-25T17:25:14.991Z [CLIENT DISCORD] [49m[0mLes modules  [32mutils.js[39m [0m[0m ont correctement été exporté.[0m[0m[0m
[104m2025-03-25T17:25:14.991Z [CLIENT DISCORD] [49m[0mL'interaction  [32mcommands.js[39m [0m[0m ont correctement été exporté.[0m[0m[0m
[104m2025-03-25T17:25:14.991Z [CLIENT DISCORD] [49m[0mL'interaction  [32mbuttons.js[39m [0m[0m ont correctement été exporté.[0m[0m[0m
[104m2025-03-25T17:25:14.991Z [CLIENT DISCORD] [49m[0mL'interaction  [32mmodals.js[39m [0m[0m ont correctement été exporté.[0m[0m[0m
[104m2025-03-25T17:25:14.991Z [CLIENT DISCORD] [49m[0m✅ Données rechargées depuis config.json : [object Object][0m
[45m2025-03-25T17:25:14.991Z [DEBUG] Hi !![49m
[104m2025-03-25T17:25:14.991Z [CLIENT DISCORD] [49m[0m[42m[30mChargement du fichier index.js[39m[49m[0m
[41m[30m🔔2025-03-25T17:25:15.069Z [🔴 CRITICAL NOTIFY]  Hey![39m[49m
[104m2025-03-25T17:25:14.991Z [CLIENT DISCORD] [49m[0m[42m[30mChargement des informations du package.[39m[49m[0m
[0m[42m[30m[39m[49m [46m[PACKAGE][49m [32mAuth. : François 🌺[39m[0m
[0m[32m[39m [46m[PACKAGE][49m [32mDepd. : @discordjs/voice, axios, chalk, discord.js, fs, play-dl, yt-search, ytdl-core, ytdl-core-discord[39m[0m
[0m[32m[39m [46m[PACKAGE][49m [32mDesc. : The official bot of LSSD.[39m[0m
[0m[32m[39m [46m[PACKAGE][49m [32mLisc. : ISC[39m[0m
[0m[32m[39m [46m[PACKAGE][49m [32mMain. : index.js[39m[0m
[0m[32m[39m [46m[PACKAGE][49m [32mName. : catherine[39m[0m
[0m[32m[39m [46m[PACKAGE][49m [32mScrp. : [object Object][39m[0m
[0m[32m[39m [46m[PACKAGE][49m [32mVers. : 1.2.1 - 1.2.09scho[39m[0m
[0m[32m[39m [46m[PACKAGE][49m [32mPatch Note. : **[PN_13-03-2025]** La version 1.2.01sc modifie les messages shift et patch la commande /clear.,[39m[0m
[0m[32m**[PN_14-03-2025]** La version 1.2.05sch modifie la commande /help pour ajouter des commandes spéciales.,[39m[0m
[0m[32m**[PN_19-03-2025]** La version 1.2.1 (1.2.09scho) patch la commande /openservice et modifie la commande /userinfo, ajoutant des informations.[39m[0m
[0m[32m[39m[0m
[104m2025-03-25T17:25:14.991Z [CLIENT DISCORD] [49m[0m[34m==============================[39m[0m
[104m2025-03-25T17:25:14.991Z [CLIENT DISCORD] [49m[0m[32m🚀 Démarrage du bot...[39m[0m
[104m2025-03-25T17:25:14.991Z [CLIENT DISCORD] [49m[0m[33m🔗 Connexion à Discord API...[39m[0m
[104m2025-03-25T17:25:14.991Z [CLIENT DISCORD] [49m[0m[36m✅ Bot RP en ligne ! Connect111é en tant que LSSD Bot#8045[39m[0m
[104m2025-03-25T17:25:14.991Z [CLIENT DISCORD] [49m[0m[34m==============================[39m[0m
[0m[34m[39m[0m
[104m2025-03-25T17:25:14.991Z [CLIENT DISCORD] [49m[0mGuild récupéré :  Los Santos Sheriff Dept.[0m
[104m2025-03-25T17:25:14.991Z [CLIENT DISCORD] [49m[0mCommandes existantes :  bypass, register, music, info, pex, openservice, infoshift, recruit, help, ban, ticket, shutdown, userinfo, send, clear, kick, warn, mute, rename, shift, promote[0m
[43m2025-03-25T17:25:14.991Z [WARN] ⚠️ Commandes déjà enregistrées pour ce serveur.[49m
[42m[30m🔔2025-03-25T17:25:16.237Z [🟢 SOFT NOTIFY]  Arguments passés : [33mAucun[39m[30m[39m[49m
[42m[30m🔔2025-03-25T17:25:16.237Z [🟢 SOFT NOTIFY]  Aucun mode de lancement spécifié.[39m[49m
[42m[30m🔔2025-03-25T17:25:24.805Z [🟢 SOFT NOTIFY]  🗑️ [ACTION BUTTON] : Ticket supprimé avec succès.[39m[49m
[104m2025-03-25T17:25:14.991Z [CLIENT DISCORD] [49m[0m[BUTTON] francois.piano a exécuté l'interaction bouton close_but dans 1354136999229132872[0m
[104m2025-03-25T17:25:14.991Z [CLIENT DISCORD] [49m[0m[94m[MESSAGE_SENT][39m [32mfrancois.piano[39m [0m[0ma envoyé[0m[0m [32m# <:lssd:1348069462317990028> Official Intervention Report from Los Santos Sherif Departement[39m[0m
[0m[32m# <:lssd:1348069462317990028> Official statement from the Detective Division, Lieutenant Lennon.[39m[0m
[0m[32m[39m[0m
[0m[32m## A la suite mon de l'entretient textuel avec Mrs. Davis Victoria[39m[0m
[0m[32mElle atteste l'avoir croiser à une soirée (BIKERS) et à plusieurs reprises en ville et lui a dit son nom. Une fois percuté (AVP), elle a reconnu l'agent.  (Je cite : c'était bien lui cheveux gris ride sur le front un oeil un peu bizarre)[39m[0m
[0m[32mElle a retorqué "M. l'agent, ca va pas de rouler aussi vite ?".[39m[0m
[0m[32mIl répondit "Vous roulez un peu vite".[39m[0m
[0m[32m[39m[0m
[0m[32mMrs. Davis Victoria a demandé s'il voulait voir les papiers sur quoi il a répondu affirmativement puis Mrs. a hurlé pour appeler les urgences puis est tombée dans le COMA peu de temps après. [39m[0m
[0m[32m[39m[0m
[0m[32m## Suite de la procédure[39m[0m
[0m[32m> - Entretient LSPD // Max Durant[39m[0m
[0m[32m> - Convocation LSPD, Mrs. David, Mr. Durant, *Gouvernement*[39m[0m
[0m[32m> (Si un membre du gouvenement est présent, l'audiance tiendra compte de tribunal)[39m[0m
[0m[32m[39m[0m
[0m[32mSignature : Lt Lennon.[39m[0m
[0m[32m...[39m [0m[0mdans[0m[0m [32menquete-lspd-victoria-davis[39m[0m
[104m2025-03-25T17:25:14.991Z [CLIENT DISCORD] [49m[0m[94m[MESSAGE_SENT][39m [32mmathiieeuu[39m [0m[0ma envoyé[0m[0m [32m<@449432156595552257> satisfais ?[39m [0m[0mdans[0m[0m [32mRapport Fusillade 17/03/25[39m[0m
[104m2025-03-25T17:25:14.991Z [CLIENT DISCORD] [49m[0m[94m[MESSAGE_SENT][39m [32mfrancois.piano[39m [0m[0ma envoyé[0m[0m [32mjamais[39m [0m[0mdans[0m[0m [32mRapport Fusillade 17/03/25[39m[0m
[104m2025-03-25T17:25:14.991Z [CLIENT DISCORD] [49m[0m[94m[MESSAGE_REMOVE][39m [32mmathiieeuu[39m [0m[0ma supprimé[0m[0m [32m<@449432156595552257> satisfais ?[39m [0m[0mdans[0m[0m [32mRapport Fusillade 17/03/25[39m[0m
[104m2025-03-25T17:25:14.991Z [CLIENT DISCORD] [49m[0m[94m[MESSAGE_REMOVE][39m [32mfrancois.piano[39m [0m[0ma supprimé[0m[0m [32mjamais[39m [0m[0mdans[0m[0m [32mRapport Fusillade 17/03/25[39m[0m
[104m2025-03-25T17:25:14.991Z [CLIENT DISCORD] [49m[0m[94m[MESSAGE_SENT][39m [32mmathiieeuu[39m [0m[0ma envoyé[0m[0m [32mAucune vidéo bodycam ne peut être transmise[39m [0m[0mdans[0m[0m [32mRapport Fusillade 17/03/25[39m[0m
[104m2025-03-25T17:25:14.991Z [CLIENT DISCORD] [49m[0m$[MESSAGE UPTATED] null a été modifié par undefined mathiieeuu dans Rapport Fusillade 17/03/25[0m
[104m2025-03-25T17:25:14.991Z [CLIENT DISCORD] [49m[0m[94m[MESSAGE_REMOVE][39m [32mmathiieeuu[39m [0m[0ma supprimé[0m[0m [32mAucune vidéo bodycam ne peut être transmise.[39m [0m[0mdans[0m[0m [32mRapport Fusillade 17/03/25[39m[0m
[104m2025-03-25T17:25:14.991Z [CLIENT DISCORD] [49m[0m[94m[MESSAGE_SENT][39m [32mfrancois.piano[39m [0m[0ma envoyé[0m[0m [32m<@440113333018820610> Vous êtes en ville ?[39m [0m[0mdans[0m[0m [32mDiscussion Enquête LSPD[39m[0m
[104m2025-03-25T17:25:14.991Z [CLIENT DISCORD] [49m[0m[94m[MESSAGE_SENT][39m [32mxkraashx[39m [0m[0ma envoyé[0m[0m [32mPas en ville mais en vocal si vous voulez[39m [0m[0mdans[0m[0m [32mDiscussion Enquête LSPD[39m[0m
[104m2025-03-25T17:25:14.991Z [CLIENT DISCORD] [49m[0m[94m[MESSAGE_SENT][39m [32mfrancois.piano[39m [0m[0ma envoyé[0m[0m [32mC'était pour savoir si vous aviez des news ?[39m [0m[0mdans[0m[0m [32mDiscussion Enquête LSPD[39m[0m
[104m2025-03-25T17:25:14.991Z [CLIENT DISCORD] [49m[0m[94m[MESSAGE_SENT][39m [32mxkraashx[39m [0m[0ma envoyé[0m[0m [32mj'ai envoyer une convocation a M.Durand. Je lui ai dit que c'était très urgent. J'attend son retour[39m [0m[0mdans[0m[0m [32mDiscussion Enquête LSPD[39m[0m
[104m2025-03-25T17:25:14.991Z [CLIENT DISCORD] [49m[0m[94m[MESSAGE_SENT][39m [32mfrancois.piano[39m [0m[0ma envoyé[0m[0m [32mOk reçu[39m[0m
[0m[32mJ'ai envoyé mon dernier rapport, Mrs. Davis atteste l'avoir vu[39m [0m[0mdans[0m[0m [32mDiscussion Enquête LSPD[39m[0m
[104m2025-03-25T17:25:14.991Z [CLIENT DISCORD] [49m[0m[94m[MESSAGE_SENT][39m [32mmathiieeuu[39m [0m[0ma envoyé[0m[0m [32mLe 17 mars 2025 le <@978315768271880272> est en patrouille à l'hôpital de Del Pero. Au alentours de 21h le sergent Garcia annonce à la radio un code 99 à l'hopital. Le sergent Lewis prend la route et arrive sur les lieux. Durant l'échange de feux, le sergent <@978315768271880272> se fait touché par les assaillants, le sergent <@729389796270800948> se porte à son secours et l'extrait vers l'intérieur de l'hôpital pour qu'il se fasse prendre en charge. Les trois agents de sécurité se font abattre par le sergent Lewis et le sergent Garcia.[39m [0m[0mdans[0m[0m [32mFusillade du 17/03/25[39m[0m
[104m2025-03-25T17:25:14.991Z [CLIENT DISCORD] [49m[0m[94m[MESSAGE_SENT][39m [32mmathiieeuu[39m [0m[0ma envoyé[0m[0m [32mCi-dessous la bodycam[39m [0m[0mdans[0m[0m [32mFusillade du 17/03/25[39m[0m
[104m2025-03-25T17:25:14.991Z [CLIENT DISCORD] [49m[0m[94m[MESSAGE_SENT][39m [32mfrancois.piano[39m [0m[0ma envoyé[0m[0m [32mvient en vocal[39m [0m[0mdans[0m[0m [32mFusillade du 17/03/25[39m[0m
[104m2025-03-25T17:25:14.991Z [CLIENT DISCORD] [49m[0m[94m[MESSAGE_SENT][39m [32mxkraashx[39m [0m[0ma envoyé[0m[0m [32moui je l'ai lu aussi[39m [0m[0mdans[0m[0m [32mDiscussion Enquête LSPD[39m[0m
[104m2025-03-25T17:25:14.991Z [CLIENT DISCORD] [49m[0m[94m[MESSAGE_REMOVE][39m [32mfrancois.piano[39m [0m[0ma supprimé[0m[0m [32mvient en vocal[39m [0m[0mdans[0m[0m [32mFusillade du 17/03/25[39m[0m
[104m2025-03-25T17:25:14.991Z [CLIENT DISCORD] [49m[0m[94m[COMAND][39m [32mfrancois.piano[39m [0m[0ma éxécuté la commande [0m[0m [32mticket[39m [0m[0mdans[0m[0m [32mconvoc-lewis[39m[0m
[104m2025-03-25T17:25:14.991Z [CLIENT DISCORD] [49m[0m[42m✅ Utilisateur 449432156595552257 bypass les permissions.[49m[0m
[41m2025-03-25T17:25:14.991Z [ERROR] (node:37260) Warning: Supplying "ephemeral" for interaction response options is deprecated. Utilize flags instead.[49m
[41m(Use `node --trace-warnings ...` to show where the warning was created)[49m
[104m2025-03-25T17:25:14.991Z [CLIENT DISCORD] [49m[0m[94m[MESSAGE_SENT][39m [32mfrancois.piano[39m [0m[0ma envoyé[0m[0m [32mhttps://1drv.ms/v/c/828b0693caa9ebd5/EdTyKlF0FXhHsOmwbySSKzQBqjgmRnk8cfVGK8b7rIdubQ?e=9JIEGy[39m [0m[0mdans[0m[0m [32mincident-17-mars[39m[0m
[104m2025-03-25T17:25:14.991Z [CLIENT DISCORD] [49m[0m[94m[COMAND][39m [32mfrancois.piano[39m [0m[0ma éxécuté la commande [0m[0m [32mticket[39m [0m[0mdans[0m[0m [32mincident-17-mars[39m[0m
[104m2025-03-25T17:25:14.991Z [CLIENT DISCORD] [49m[0m[42m✅ Utilisateur 449432156595552257 bypass les permissions.[49m[0m
[104m2025-03-25T17:25:14.991Z [CLIENT DISCORD] [49m[0m[DEBUG] ticket.json avant modification: [object Object][0m
[104m2025-03-25T17:25:14.991Z [CLIENT DISCORD] [49m[0m[DEBUG] Ajout de l'utilisateur 655472798851923970...[0m
[104m2025-03-25T17:25:14.991Z [CLIENT DISCORD] [49m[0m[DEBUG] ticket.json après modification: [object Object][0m
[104m2025-03-25T17:25:14.991Z [CLIENT DISCORD] [49m[0m[94m[MESSAGE_SENT][39m [32mfrancois.piano[39m [0m[0ma envoyé[0m[0m [32m<@655472798851923970>[39m [0m[0mdans[0m[0m [32mincident-17-mars[39m[0m
[104m2025-03-25T17:25:14.991Z [CLIENT DISCORD] [49m[0m[94m[MESSAGE_REMOVE][39m [32mfrancois.piano[39m [0m[0ma supprimé[0m[0m [32mhttps://1drv.ms/v/c/828b0693caa9ebd5/EdTyKlF0FXhHsOmwbySSKzQBqjgmRnk8cfVGK8b7rIdubQ?e=9JIEGy[39m [0m[0mdans[0m[0m [32mincident-17-mars[39m[0m
[104m2025-03-25T17:25:14.991Z [CLIENT DISCORD] [49m[0m[94m[MESSAGE_REMOVE][39m [32mfrancois.piano[39m [0m[0ma supprimé[0m[0m [32m<@655472798851923970>[39m [0m[0mdans[0m[0m [32mincident-17-mars[39m[0m
[104m2025-03-25T17:25:14.991Z [CLIENT DISCORD] [49m[0m[94m[MESSAGE_SENT][39m [32mfrancois.piano[39m [0m[0ma envoyé[0m[0m [32m<@729389796270800948> Tu peux arrêter de supprimer des messages ? Merci.[39m [0m[0mdans[0m[0m [32mincident-17-mars[39m[0m
[104m2025-03-25T17:25:14.991Z [CLIENT DISCORD] [49m[0m[94m[MESSAGE_REMOVE][39m [32mfrancois.piano[39m [0m[0ma supprimé[0m[0m [32m<@729389796270800948> Tu peux arrêter de supprimer des messages ? Merci.[39m [0m[0mdans[0m[0m [32mincident-17-mars[39m[0m
[104m2025-03-25T17:25:14.991Z [CLIENT DISCORD] [49m[0m[94m[MESSAGE_SENT][39m [32mfrancois.piano[39m [0m[0ma envoyé[0m[0m [32mhttps://1drv.ms/v/c/828b0693caa9ebd5/EdTyKlF0FXhHsOmwbySSKzQBqjgmRnk8cfVGK8b7rIdubQ?e=fWfarC[39m [0m[0mdans[0m[0m [32mincident-17-mars[39m[0m
[104m2025-03-25T17:25:14.991Z [CLIENT DISCORD] [49m[0m[94m[MESSAGE_SENT][39m [32mmathiieeuu[39m [0m[0ma envoyé[0m[0m [32mil marche pas ton lien[39m [0m[0mdans[0m[0m [32mincident-17-mars[39m[0m
[104m2025-03-25T17:25:14.991Z [CLIENT DISCORD] [49m[0m[94m[MESSAGE_REMOVE][39m [32mmathiieeuu[39m [0m[0ma supprimé[0m[0m [32mil marche pas ton lien[39m [0m[0mdans[0m[0m [32mincident-17-mars[39m[0m
[104m2025-03-25T17:25:14.991Z [CLIENT DISCORD] [49m[0m[94m[MESSAGE_SENT][39m [32mmathiieeuu[39m [0m[0ma envoyé[0m[0m [32mCi-dessous la vidéo badycam du sergent Lewis[39m [0m[0mdans[0m[0m [32mincident-17-mars[39m[0m
[104m2025-03-25T17:25:14.991Z [CLIENT DISCORD] [49m[0m[94m[MESSAGE_REMOVE][39m [32mfrancois.piano[39m [0m[0ma supprimé[0m[0m [32mhttps://1drv.ms/v/c/828b0693caa9ebd5/EdTyKlF0FXhHsOmwbySSKzQBqjgmRnk8cfVGK8b7rIdubQ?e=fWfarC[39m [0m[0mdans[0m[0m [32mincident-17-mars[39m[0m
[104m2025-03-25T17:25:14.991Z [CLIENT DISCORD] [49m[0m[94m[MESSAGE_REMOVE][39m [32mmathiieeuu[39m [0m[0ma supprimé[0m[0m [32mCi-dessous la vidéo badycam du sergent Lewis[39m [0m[0mdans[0m[0m [32mincident-17-mars[39m[0m
[104m2025-03-25T17:25:14.991Z [CLIENT DISCORD] [49m[0m[94m[MESSAGE_SENT][39m [32mfrancois.piano[39m [0m[0ma envoyé[0m[0m [32m📤 For `James Garcia`[39m[0m
[0m[32m📥 From `Sean Lennon`[39m[0m
[0m[32m[39m[0m
[0m[32m`OBJET` : **Incident 17 mars**[39m[0m
[0m[32m[39m[0m
[0m[32m<@978315768271880272> ,[39m[0m
[0m[32m[39m[0m
[0m[32mBonjour,[39m[0m
[0m[32m[39m[0m
[0m[32m> Serait-ce possible d'avoir un rapport détailé de l'incident survenue à l'hopital ce 17 mars ?[39m[0m
[0m[32m[39m[0m
[0m[32mMerci d'avance.[39m[0m
[0m[32m[39m[0m
[0m[32mCordialement,[39m[0m
[0m[32m[39m[0m
[0m[32m> Lieutenant Sean Lennon, Sandy Shore Station 1009th.[39m[0m
[0m[32m> Commander of Detective Division, Paleto Station.[39m[0m
[0m[32m> <@449432156595552257>.[39m [0m[0mdans[0m[0m [32mA **JAMES GARCIA**[39m[0m
[104m2025-03-25T17:25:14.991Z [CLIENT DISCORD] [49m[0m[94m[MESSAGE_SENT][39m [32mxkraashx[39m [0m[0ma envoyé[0m[0m [32mC'est bon j'ai eu Max Durand en entretien vocal. Il me fait un rapport avec un maximum de détail, il me l'envois demain normalement[39m[0m
[0m[32m[39m[0m
[0m[32mCordialement Cmd Lassard[39m [0m[0mdans[0m[0m [32mDiscussion Enquête LSPD[39m[0m
[104m2025-03-25T17:25:14.991Z [CLIENT DISCORD] [49m[0m[94m[MESSAGE_SENT][39m [32mfrancois.piano[39m [0m[0ma envoyé[0m[0m [32mReçu mon commandant.[39m [0m[0mdans[0m[0m [32mDiscussion Enquête LSPD[39m[0m
