[104m2025-03-18T11:31:49.971Z [CLIENT DISCORD] [49m[0mLes modules  [32mloggers[39m [0m[0m ont correctement été exporté.[0m[0m[0m
[104m2025-03-18T11:31:49.971Z [CLIENT DISCORD] [49m[0mLes modules  [32mutils.js[39m [0m[0m ont correctement été exporté.[0m[0m[0m
[104m2025-03-18T11:31:49.971Z [CLIENT DISCORD] [49m[0mL'interaction  [32mcommands.js[39m [0m[0m ont correctement été exporté.[0m[0m[0m
[104m2025-03-18T11:31:49.971Z [CLIENT DISCORD] [49m[0mL'interaction  [32mbuttons.js[39m [0m[0m ont correctement été exporté.[0m[0m[0m
[104m2025-03-18T11:31:49.971Z [CLIENT DISCORD] [49m[0mL'interaction  [32mmodals.js[39m [0m[0m ont correctement été exporté.[0m[0m[0m
[45m2025-03-18T11:31:49.971Z [DEBUG] Hi !![49m
[104m2025-03-18T11:31:49.971Z [CLIENT DISCORD] [49m[0m[42m[30mChargement du fichier index.js[39m[49m[0m
[104m2025-03-18T11:31:49.971Z [CLIENT DISCORD] [49m[0m[42m[30mChargement des informations du package.[39m[49m[0m
[0m[42m[30m[39m[49m [46m[PACKAGE][49m [42m[30mAuth. : François 🌺[39m[49m[0m
[0m[42m[30m[39m[49m [46m[PACKAGE][49m [42m[30mDepd. : @discordjs/voice, axios, chalk, discord.js, fs, play-dl, yt-search, ytdl-core, ytdl-core-discord[39m[49m[0m
[0m[42m[30m[39m[49m [46m[PACKAGE][49m [42m[30mDesc. : The official bot of LSSD.[39m[49m[0m
[0m[42m[30m[39m[49m [46m[PACKAGE][49m [42m[30mLisc. : ISC[39m[49m[0m
[0m[42m[30m[39m[49m [46m[PACKAGE][49m [42m[30mMain. : index.js[39m[49m[0m
[0m[42m[30m[39m[49m [46m[PACKAGE][49m [42m[30mName. : catherine[39m[49m[0m
[0m[42m[30m[39m[49m [46m[PACKAGE][49m [42m[30mScrp. : [object Object][39m[49m[0m
[0m[42m[30m[39m[49m [46m[PACKAGE][49m [42m[30mVers. : 1.2.05sch • PEX Update[39m[49m[0m
[0m[42m[30m[39m[49m [46m[PACKAGE][49m [42m[30mPatch Note. : **[PN_13-03-2025]** La version 1.2.01sc modifie les messages shift et patch la commande /clear.,[39m[49m[0m
[0m[42m[30m**[PN_14-03-2025]** La version 1.2.05sch modifie la commande /help pour ajouter des commandes spéciales.[39m[49m[0m
[0m[42m[30m[39m[49m[0m
[104m2025-03-18T11:31:49.971Z [CLIENT DISCORD] [49m[0m[42m[30mChargement des informations du package-lock.[39m[49m[0m
[0m[42m[30m[39m[49m [46m[PACKAGE-LOCK][49m [42m[30mDepd. : [object Object][39m[49m[0m
[0m[42m[30m[39m[49m [46m[PACKAGE-LOCK][49m [42m[30mLisc. : ISC[39m[49m[0m
[0m[42m[30m[39m[49m [46m[PACKAGE-LOCK][49m [42m[30mName. : catherine[39m[49m[0m
[0m[42m[30m[39m[49m [46m[PACKAGE-LOCK][49m [42m[30mVers. : 1.2.05sch • PEX Update[39m[49m[0m
[0m[42m[30m[39m[49m[0m
[104m2025-03-18T11:31:49.971Z [CLIENT DISCORD] [49m[0m[34m==============================[39m[0m
[104m2025-03-18T11:31:49.971Z [CLIENT DISCORD] [49m[0m[32m🚀 Démarrage du bot...[39m[0m
[104m2025-03-18T11:31:49.971Z [CLIENT DISCORD] [49m[0m[33m🔗 Connexion à Discord API...[39m[0m
[104m2025-03-18T11:31:49.971Z [CLIENT DISCORD] [49m[0m[36m✅ Bot RP en ligne ! Connecté en tant que LSSD Bot#8045[39m[0m
[104m2025-03-18T11:31:49.971Z [CLIENT DISCORD] [49m[0m[34m==============================[39m[0m
[0m[34m[39m[0m
[104m2025-03-18T11:31:49.971Z [CLIENT DISCORD] [49m[0mGuild récupéré :  Los Santos Sheriff Dept.[0m
[104m2025-03-18T11:31:49.971Z [CLIENT DISCORD] [49m[0mCommandes existantes :  music, info, pex, openservice, infoshift, recruit, help, ban, ticket, shutdown, userinfo, send, clear, kick, warn, mute, rename, shift, promote[0m
[106m2025-03-18T11:31:49.971Z [NOTIFY] Le mode 'clearcommand' n'est pas activé.[49m
[104m2025-03-18T11:31:49.971Z [CLIENT DISCORD] [49m[0m⚠️ Commandes déjà enregistrées pour ce serveur.[0m
[104m2025-03-18T11:32:28.126Z [CLIENT DISCORD] [49m[0mLes modules  [32mloggers[39m [0m[0m ont correctement été exporté.[0m[0m[0m
[104m2025-03-18T11:32:28.126Z [CLIENT DISCORD] [49m[0mLes modules  [32mutils.js[39m [0m[0m ont correctement été exporté.[0m[0m[0m
[104m2025-03-18T11:32:28.126Z [CLIENT DISCORD] [49m[0mL'interaction  [32mcommands.js[39m [0m[0m ont correctement été exporté.[0m[0m[0m
[104m2025-03-18T11:32:28.126Z [CLIENT DISCORD] [49m[0mL'interaction  [32mbuttons.js[39m [0m[0m ont correctement été exporté.[0m[0m[0m
[104m2025-03-18T11:32:28.126Z [CLIENT DISCORD] [49m[0mL'interaction  [32mmodals.js[39m [0m[0m ont correctement été exporté.[0m[0m[0m
[45m2025-03-18T11:32:28.126Z [DEBUG] Hi !![49m
[104m2025-03-18T11:32:28.126Z [CLIENT DISCORD] [49m[0m[42m[30mChargement du fichier index.js[39m[49m[0m
[104m2025-03-18T11:32:28.126Z [CLIENT DISCORD] [49m[0m[42m[30mChargement des informations du package.[39m[49m[0m
[0m[42m[30m[39m[49m [46m[PACKAGE][49m [42m[30mAuth. : François 🌺[39m[49m[0m
[0m[42m[30m[39m[49m [46m[PACKAGE][49m [42m[30mDepd. : @discordjs/voice, axios, chalk, discord.js, fs, play-dl, yt-search, ytdl-core, ytdl-core-discord[39m[49m[0m
[0m[42m[30m[39m[49m [46m[PACKAGE][49m [42m[30mDesc. : The official bot of LSSD.[39m[49m[0m
[0m[42m[30m[39m[49m [46m[PACKAGE][49m [42m[30mLisc. : ISC[39m[49m[0m
[0m[42m[30m[39m[49m [46m[PACKAGE][49m [42m[30mMain. : index.js[39m[49m[0m
[0m[42m[30m[39m[49m [46m[PACKAGE][49m [42m[30mName. : catherine[39m[49m[0m
[0m[42m[30m[39m[49m [46m[PACKAGE][49m [42m[30mScrp. : [object Object][39m[49m[0m
[0m[42m[30m[39m[49m [46m[PACKAGE][49m [42m[30mVers. : 1.2.05sch • PEX Update[39m[49m[0m
[0m[42m[30m[39m[49m [46m[PACKAGE][49m [42m[30mPatch Note. : **[PN_13-03-2025]** La version 1.2.01sc modifie les messages shift et patch la commande /clear.,[39m[49m[0m
[0m[42m[30m**[PN_14-03-2025]** La version 1.2.05sch modifie la commande /help pour ajouter des commandes spéciales.[39m[49m[0m
[0m[42m[30m[39m[49m[0m
[104m2025-03-18T11:32:28.126Z [CLIENT DISCORD] [49m[0m[42m[30mChargement des informations du package-lock.[39m[49m[0m
[0m[42m[30m[39m[49m [46m[PACKAGE-LOCK][49m [42m[30mDepd. : [object Object][39m[49m[0m
[0m[42m[30m[39m[49m [46m[PACKAGE-LOCK][49m [42m[30mLisc. : ISC[39m[49m[0m
[0m[42m[30m[39m[49m [46m[PACKAGE-LOCK][49m [42m[30mName. : catherine[39m[49m[0m
[0m[42m[30m[39m[49m [46m[PACKAGE-LOCK][49m [42m[30mVers. : 1.2.05sch • PEX Update[39m[49m[0m
[0m[42m[30m[39m[49m[0m
[104m2025-03-18T11:32:28.126Z [CLIENT DISCORD] [49m[0m[34m==============================[39m[0m
[104m2025-03-18T11:32:28.126Z [CLIENT DISCORD] [49m[0m[32m🚀 Démarrage du bot...[39m[0m
[104m2025-03-18T11:32:28.126Z [CLIENT DISCORD] [49m[0m[33m🔗 Connexion à Discord API...[39m[0m
[104m2025-03-18T11:32:28.126Z [CLIENT DISCORD] [49m[0m[36m✅ Bot RP en ligne ! Connecté en tant que LSSD Bot#8045[39m[0m
[104m2025-03-18T11:32:28.126Z [CLIENT DISCORD] [49m[0m[34m==============================[39m[0m
[0m[34m[39m[0m
[104m2025-03-18T11:32:28.126Z [CLIENT DISCORD] [49m[0mGuild récupéré :  Los Santos Sheriff Dept.[0m
[104m2025-03-18T11:32:28.126Z [CLIENT DISCORD] [49m[0mCommandes existantes :  music, info, pex, openservice, infoshift, recruit, help, ban, ticket, shutdown, userinfo, send, clear, kick, warn, mute, rename, shift, promote[0m
[106m2025-03-18T11:32:28.126Z [NOTIFY] Le mode 'clearcommand' n'est pas activé.[49m
[104m2025-03-18T11:32:28.126Z [CLIENT DISCORD] [49m[0m⚠️ Commandes déjà enregistrées pour ce serveur.[0m
[104m2025-03-18T11:35:35.571Z [CLIENT DISCORD] [49m[0mLes modules  [32mloggers[39m [0m[0m ont correctement été exporté.[0m[0m[0m
[104m2025-03-18T11:35:35.571Z [CLIENT DISCORD] [49m[0mLes modules  [32mutils.js[39m [0m[0m ont correctement été exporté.[0m[0m[0m
[104m2025-03-18T11:35:35.571Z [CLIENT DISCORD] [49m[0mL'interaction  [32mcommands.js[39m [0m[0m ont correctement été exporté.[0m[0m[0m
[104m2025-03-18T11:35:35.571Z [CLIENT DISCORD] [49m[0mL'interaction  [32mbuttons.js[39m [0m[0m ont correctement été exporté.[0m[0m[0m
[104m2025-03-18T11:35:35.571Z [CLIENT DISCORD] [49m[0mL'interaction  [32mmodals.js[39m [0m[0m ont correctement été exporté.[0m[0m[0m
[45m2025-03-18T11:35:35.571Z [DEBUG] Hi !![49m
[104m2025-03-18T11:35:35.571Z [CLIENT DISCORD] [49m[0m[42m[30mChargement du fichier index.js[39m[49m[0m
[104m2025-03-18T11:35:35.571Z [CLIENT DISCORD] [49m[0m[42m[30mChargement des informations du package.[39m[49m[0m
[0m[42m[30m[39m[49m [46m[PACKAGE][49m [42m[30mAuth. : François 🌺[39m[49m[0m
[0m[42m[30m[39m[49m [46m[PACKAGE][49m [42m[30mDepd. : @discordjs/voice, axios, chalk, discord.js, fs, play-dl, yt-search, ytdl-core, ytdl-core-discord[39m[49m[0m
[0m[42m[30m[39m[49m [46m[PACKAGE][49m [42m[30mDesc. : The official bot of LSSD.[39m[49m[0m
[0m[42m[30m[39m[49m [46m[PACKAGE][49m [42m[30mLisc. : ISC[39m[49m[0m
[0m[42m[30m[39m[49m [46m[PACKAGE][49m [42m[30mMain. : index.js[39m[49m[0m
[0m[42m[30m[39m[49m [46m[PACKAGE][49m [42m[30mName. : catherine[39m[49m[0m
[0m[42m[30m[39m[49m [46m[PACKAGE][49m [42m[30mScrp. : [object Object][39m[49m[0m
[0m[42m[30m[39m[49m [46m[PACKAGE][49m [42m[30mVers. : 1.2.05sch • PEX Update[39m[49m[0m
[0m[42m[30m[39m[49m [46m[PACKAGE][49m [42m[30mPatch Note. : **[PN_13-03-2025]** La version 1.2.01sc modifie les messages shift et patch la commande /clear.,[39m[49m[0m
[0m[42m[30m**[PN_14-03-2025]** La version 1.2.05sch modifie la commande /help pour ajouter des commandes spéciales.[39m[49m[0m
[0m[42m[30m[39m[49m[0m
[104m2025-03-18T11:35:35.571Z [CLIENT DISCORD] [49m[0m[42m[30mChargement des informations du package-lock.[39m[49m[0m
[0m[42m[30m[39m[49m [46m[PACKAGE-LOCK][49m [42m[30mDepd. : [object Object][39m[49m[0m
[0m[42m[30m[39m[49m [46m[PACKAGE-LOCK][49m [42m[30mLisc. : ISC[39m[49m[0m
[0m[42m[30m[39m[49m [46m[PACKAGE-LOCK][49m [42m[30mName. : catherine[39m[49m[0m
[0m[42m[30m[39m[49m [46m[PACKAGE-LOCK][49m [42m[30mVers. : 1.2.05sch • PEX Update[39m[49m[0m
[0m[42m[30m[39m[49m[0m
[104m2025-03-18T11:35:35.571Z [CLIENT DISCORD] [49m[0m[34m==============================[39m[0m
[104m2025-03-18T11:35:35.571Z [CLIENT DISCORD] [49m[0m[32m🚀 Démarrage du bot...[39m[0m
[104m2025-03-18T11:35:35.571Z [CLIENT DISCORD] [49m[0m[33m🔗 Connexion à Discord API...[39m[0m
[104m2025-03-18T11:35:35.571Z [CLIENT DISCORD] [49m[0m[36m✅ Bot RP en ligne ! Connecté en tant que LSSD Bot#8045[39m[0m
[104m2025-03-18T11:35:35.571Z [CLIENT DISCORD] [49m[0m[34m==============================[39m[0m
[0m[34m[39m[0m
[104m2025-03-18T11:35:35.571Z [CLIENT DISCORD] [49m[0mGuild récupéré :  Los Santos Sheriff Dept.[0m
[104m2025-03-18T11:35:35.571Z [CLIENT DISCORD] [49m[0mCommandes existantes :  music, info, pex, openservice, infoshift, recruit, help, ban, ticket, shutdown, userinfo, send, clear, kick, warn, mute, rename, shift, promote[0m
[106m2025-03-18T11:35:35.571Z [NOTIFY] Arguments passés : [49m
[106m2025-03-18T11:35:35.571Z [NOTIFY] Le mode 'clearcommand' n'est pas activé.[49m
[104m2025-03-18T11:35:35.571Z [CLIENT DISCORD] [49m[0m⚠️ Commandes déjà enregistrées pour ce serveur.[0m
[104m2025-03-18T11:35:48.629Z [CLIENT DISCORD] [49m[0mLes modules  [32mloggers[39m [0m[0m ont correctement été exporté.[0m[0m[0m
[104m2025-03-18T11:35:48.629Z [CLIENT DISCORD] [49m[0mLes modules  [32mutils.js[39m [0m[0m ont correctement été exporté.[0m[0m[0m
[104m2025-03-18T11:35:48.629Z [CLIENT DISCORD] [49m[0mL'interaction  [32mcommands.js[39m [0m[0m ont correctement été exporté.[0m[0m[0m
[104m2025-03-18T11:35:48.629Z [CLIENT DISCORD] [49m[0mL'interaction  [32mbuttons.js[39m [0m[0m ont correctement été exporté.[0m[0m[0m
[104m2025-03-18T11:35:48.629Z [CLIENT DISCORD] [49m[0mL'interaction  [32mmodals.js[39m [0m[0m ont correctement été exporté.[0m[0m[0m
[45m2025-03-18T11:35:48.629Z [DEBUG] Hi !![49m
[104m2025-03-18T11:35:48.629Z [CLIENT DISCORD] [49m[0m[42m[30mChargement du fichier index.js[39m[49m[0m
[104m2025-03-18T11:35:48.629Z [CLIENT DISCORD] [49m[0m[42m[30mChargement des informations du package.[39m[49m[0m
[0m[42m[30m[39m[49m [46m[PACKAGE][49m [42m[30mAuth. : François 🌺[39m[49m[0m
[0m[42m[30m[39m[49m [46m[PACKAGE][49m [42m[30mDepd. : @discordjs/voice, axios, chalk, discord.js, fs, play-dl, yt-search, ytdl-core, ytdl-core-discord[39m[49m[0m
[0m[42m[30m[39m[49m [46m[PACKAGE][49m [42m[30mDesc. : The official bot of LSSD.[39m[49m[0m
[0m[42m[30m[39m[49m [46m[PACKAGE][49m [42m[30mLisc. : ISC[39m[49m[0m
[0m[42m[30m[39m[49m [46m[PACKAGE][49m [42m[30mMain. : index.js[39m[49m[0m
[0m[42m[30m[39m[49m [46m[PACKAGE][49m [42m[30mName. : catherine[39m[49m[0m
[0m[42m[30m[39m[49m [46m[PACKAGE][49m [42m[30mScrp. : [object Object][39m[49m[0m
[0m[42m[30m[39m[49m [46m[PACKAGE][49m [42m[30mVers. : 1.2.05sch • PEX Update[39m[49m[0m
[0m[42m[30m[39m[49m [46m[PACKAGE][49m [42m[30mPatch Note. : **[PN_13-03-2025]** La version 1.2.01sc modifie les messages shift et patch la commande /clear.,[39m[49m[0m
[0m[42m[30m**[PN_14-03-2025]** La version 1.2.05sch modifie la commande /help pour ajouter des commandes spéciales.[39m[49m[0m
[0m[42m[30m[39m[49m[0m
[104m2025-03-18T11:35:48.629Z [CLIENT DISCORD] [49m[0m[42m[30mChargement des informations du package-lock.[39m[49m[0m
[0m[42m[30m[39m[49m [46m[PACKAGE-LOCK][49m [42m[30mDepd. : [object Object][39m[49m[0m
[0m[42m[30m[39m[49m [46m[PACKAGE-LOCK][49m [42m[30mLisc. : ISC[39m[49m[0m
[0m[42m[30m[39m[49m [46m[PACKAGE-LOCK][49m [42m[30mName. : catherine[39m[49m[0m
[0m[42m[30m[39m[49m [46m[PACKAGE-LOCK][49m [42m[30mVers. : 1.2.05sch • PEX Update[39m[49m[0m
[0m[42m[30m[39m[49m[0m
[104m2025-03-18T11:35:48.629Z [CLIENT DISCORD] [49m[0m[34m==============================[39m[0m
[104m2025-03-18T11:35:48.629Z [CLIENT DISCORD] [49m[0m[32m🚀 Démarrage du bot...[39m[0m
[104m2025-03-18T11:35:48.629Z [CLIENT DISCORD] [49m[0m[33m🔗 Connexion à Discord API...[39m[0m
[104m2025-03-18T11:35:48.629Z [CLIENT DISCORD] [49m[0m[36m✅ Bot RP en ligne ! Connecté en tant que LSSD Bot#8045[39m[0m
[104m2025-03-18T11:35:48.629Z [CLIENT DISCORD] [49m[0m[34m==============================[39m[0m
[0m[34m[39m[0m
[104m2025-03-18T11:35:48.629Z [CLIENT DISCORD] [49m[0mGuild récupéré :  Los Santos Sheriff Dept.[0m
[104m2025-03-18T11:35:48.629Z [CLIENT DISCORD] [49m[0mCommandes existantes :  music, info, pex, openservice, infoshift, recruit, help, ban, ticket, shutdown, userinfo, send, clear, kick, warn, mute, rename, shift, promote[0m
[106m2025-03-18T11:35:48.629Z [NOTIFY] Arguments passés : clercommand[49m
[106m2025-03-18T11:35:48.629Z [NOTIFY] Le mode 'clearcommand' n'est pas activé.[49m
[104m2025-03-18T11:35:48.629Z [CLIENT DISCORD] [49m[0m⚠️ Commandes déjà enregistrées pour ce serveur.[0m
[104m2025-03-18T11:35:58.781Z [CLIENT DISCORD] [49m[0mLes modules  [32mloggers[39m [0m[0m ont correctement été exporté.[0m[0m[0m
[104m2025-03-18T11:35:58.781Z [CLIENT DISCORD] [49m[0mLes modules  [32mutils.js[39m [0m[0m ont correctement été exporté.[0m[0m[0m
[104m2025-03-18T11:35:58.781Z [CLIENT DISCORD] [49m[0mL'interaction  [32mcommands.js[39m [0m[0m ont correctement été exporté.[0m[0m[0m
[104m2025-03-18T11:35:58.781Z [CLIENT DISCORD] [49m[0mL'interaction  [32mbuttons.js[39m [0m[0m ont correctement été exporté.[0m[0m[0m
[104m2025-03-18T11:35:58.781Z [CLIENT DISCORD] [49m[0mL'interaction  [32mmodals.js[39m [0m[0m ont correctement été exporté.[0m[0m[0m
[45m2025-03-18T11:35:58.781Z [DEBUG] Hi !![49m
[104m2025-03-18T11:35:58.781Z [CLIENT DISCORD] [49m[0m[42m[30mChargement du fichier index.js[39m[49m[0m
[104m2025-03-18T11:35:58.781Z [CLIENT DISCORD] [49m[0m[42m[30mChargement des informations du package.[39m[49m[0m
[0m[42m[30m[39m[49m [46m[PACKAGE][49m [42m[30mAuth. : François 🌺[39m[49m[0m
[0m[42m[30m[39m[49m [46m[PACKAGE][49m [42m[30mDepd. : @discordjs/voice, axios, chalk, discord.js, fs, play-dl, yt-search, ytdl-core, ytdl-core-discord[39m[49m[0m
[0m[42m[30m[39m[49m [46m[PACKAGE][49m [42m[30mDesc. : The official bot of LSSD.[39m[49m[0m
[0m[42m[30m[39m[49m [46m[PACKAGE][49m [42m[30mLisc. : ISC[39m[49m[0m
[0m[42m[30m[39m[49m [46m[PACKAGE][49m [42m[30mMain. : index.js[39m[49m[0m
[0m[42m[30m[39m[49m [46m[PACKAGE][49m [42m[30mName. : catherine[39m[49m[0m
[0m[42m[30m[39m[49m [46m[PACKAGE][49m [42m[30mScrp. : [object Object][39m[49m[0m
[0m[42m[30m[39m[49m [46m[PACKAGE][49m [42m[30mVers. : 1.2.05sch • PEX Update[39m[49m[0m
[0m[42m[30m[39m[49m [46m[PACKAGE][49m [42m[30mPatch Note. : **[PN_13-03-2025]** La version 1.2.01sc modifie les messages shift et patch la commande /clear.,[39m[49m[0m
[0m[42m[30m**[PN_14-03-2025]** La version 1.2.05sch modifie la commande /help pour ajouter des commandes spéciales.[39m[49m[0m
[0m[42m[30m[39m[49m[0m
[104m2025-03-18T11:35:58.781Z [CLIENT DISCORD] [49m[0m[42m[30mChargement des informations du package-lock.[39m[49m[0m
[0m[42m[30m[39m[49m [46m[PACKAGE-LOCK][49m [42m[30mDepd. : [object Object][39m[49m[0m
[0m[42m[30m[39m[49m [46m[PACKAGE-LOCK][49m [42m[30mLisc. : ISC[39m[49m[0m
[0m[42m[30m[39m[49m [46m[PACKAGE-LOCK][49m [42m[30mName. : catherine[39m[49m[0m
[0m[42m[30m[39m[49m [46m[PACKAGE-LOCK][49m [42m[30mVers. : 1.2.05sch • PEX Update[39m[49m[0m
[0m[42m[30m[39m[49m[0m
[104m2025-03-18T11:35:58.781Z [CLIENT DISCORD] [49m[0m[34m==============================[39m[0m
[104m2025-03-18T11:35:58.781Z [CLIENT DISCORD] [49m[0m[32m🚀 Démarrage du bot...[39m[0m
[104m2025-03-18T11:35:58.781Z [CLIENT DISCORD] [49m[0m[33m🔗 Connexion à Discord API...[39m[0m
[104m2025-03-18T11:35:58.781Z [CLIENT DISCORD] [49m[0m[36m✅ Bot RP en ligne ! Connecté en tant que LSSD Bot#8045[39m[0m
[104m2025-03-18T11:35:58.781Z [CLIENT DISCORD] [49m[0m[34m==============================[39m[0m
[0m[34m[39m[0m
[104m2025-03-18T11:35:58.781Z [CLIENT DISCORD] [49m[0mGuild récupéré :  Los Santos Sheriff Dept.[0m
[104m2025-03-18T11:35:58.781Z [CLIENT DISCORD] [49m[0mCommandes existantes :  music, info, pex, openservice, infoshift, recruit, help, ban, ticket, shutdown, userinfo, send, clear, kick, warn, mute, rename, shift, promote[0m
[106m2025-03-18T11:35:58.781Z [NOTIFY] Arguments passés : clearcommand[49m
[106m2025-03-18T11:35:58.781Z [NOTIFY] Le mode 'clearcommand' est activé.[49m
[104m2025-03-18T11:35:58.781Z [CLIENT DISCORD] [49m[0m⚠️ Commandes déjà enregistrées pour ce serveur.[0m
[104m2025-03-18T11:35:58.781Z [CLIENT DISCORD] [49m[0mToutes les commandes du serveur Los Santos Sheriff Dept. ont été supprimées.[0m
[104m2025-03-18T11:36:10.035Z [CLIENT DISCORD] [49m[0mLes modules  [32mloggers[39m [0m[0m ont correctement été exporté.[0m[0m[0m
[104m2025-03-18T11:36:10.035Z [CLIENT DISCORD] [49m[0mLes modules  [32mutils.js[39m [0m[0m ont correctement été exporté.[0m[0m[0m
[104m2025-03-18T11:36:10.035Z [CLIENT DISCORD] [49m[0mL'interaction  [32mcommands.js[39m [0m[0m ont correctement été exporté.[0m[0m[0m
[104m2025-03-18T11:36:10.035Z [CLIENT DISCORD] [49m[0mL'interaction  [32mbuttons.js[39m [0m[0m ont correctement été exporté.[0m[0m[0m
[104m2025-03-18T11:36:10.035Z [CLIENT DISCORD] [49m[0mL'interaction  [32mmodals.js[39m [0m[0m ont correctement été exporté.[0m[0m[0m
[45m2025-03-18T11:36:10.035Z [DEBUG] Hi !![49m
[104m2025-03-18T11:36:10.035Z [CLIENT DISCORD] [49m[0m[42m[30mChargement du fichier index.js[39m[49m[0m
[104m2025-03-18T11:36:10.035Z [CLIENT DISCORD] [49m[0m[42m[30mChargement des informations du package.[39m[49m[0m
[0m[42m[30m[39m[49m [46m[PACKAGE][49m [42m[30mAuth. : François 🌺[39m[49m[0m
[0m[42m[30m[39m[49m [46m[PACKAGE][49m [42m[30mDepd. : @discordjs/voice, axios, chalk, discord.js, fs, play-dl, yt-search, ytdl-core, ytdl-core-discord[39m[49m[0m
[0m[42m[30m[39m[49m [46m[PACKAGE][49m [42m[30mDesc. : The official bot of LSSD.[39m[49m[0m
[0m[42m[30m[39m[49m [46m[PACKAGE][49m [42m[30mLisc. : ISC[39m[49m[0m
[0m[42m[30m[39m[49m [46m[PACKAGE][49m [42m[30mMain. : index.js[39m[49m[0m
[0m[42m[30m[39m[49m [46m[PACKAGE][49m [42m[30mName. : catherine[39m[49m[0m
[0m[42m[30m[39m[49m [46m[PACKAGE][49m [42m[30mScrp. : [object Object][39m[49m[0m
[0m[42m[30m[39m[49m [46m[PACKAGE][49m [42m[30mVers. : 1.2.05sch • PEX Update[39m[49m[0m
[0m[42m[30m[39m[49m [46m[PACKAGE][49m [42m[30mPatch Note. : **[PN_13-03-2025]** La version 1.2.01sc modifie les messages shift et patch la commande /clear.,[39m[49m[0m
[0m[42m[30m**[PN_14-03-2025]** La version 1.2.05sch modifie la commande /help pour ajouter des commandes spéciales.[39m[49m[0m
[0m[42m[30m[39m[49m[0m
[104m2025-03-18T11:36:10.035Z [CLIENT DISCORD] [49m[0m[42m[30mChargement des informations du package-lock.[39m[49m[0m
[0m[42m[30m[39m[49m [46m[PACKAGE-LOCK][49m [42m[30mDepd. : [object Object][39m[49m[0m
[0m[42m[30m[39m[49m [46m[PACKAGE-LOCK][49m [42m[30mLisc. : ISC[39m[49m[0m
[0m[42m[30m[39m[49m [46m[PACKAGE-LOCK][49m [42m[30mName. : catherine[39m[49m[0m
[0m[42m[30m[39m[49m [46m[PACKAGE-LOCK][49m [42m[30mVers. : 1.2.05sch • PEX Update[39m[49m[0m
[0m[42m[30m[39m[49m[0m
[104m2025-03-18T11:36:10.035Z [CLIENT DISCORD] [49m[0m[34m==============================[39m[0m
[104m2025-03-18T11:36:10.035Z [CLIENT DISCORD] [49m[0m[32m🚀 Démarrage du bot...[39m[0m
[104m2025-03-18T11:36:10.035Z [CLIENT DISCORD] [49m[0m[33m🔗 Connexion à Discord API...[39m[0m
[104m2025-03-18T11:36:10.035Z [CLIENT DISCORD] [49m[0m[36m✅ Bot RP en ligne ! Connecté en tant que LSSD Bot#8045[39m[0m
[104m2025-03-18T11:36:10.035Z [CLIENT DISCORD] [49m[0m[34m==============================[39m[0m
[0m[34m[39m[0m
[104m2025-03-18T11:36:10.035Z [CLIENT DISCORD] [49m[0mGuild récupéré :  Los Santos Sheriff Dept.[0m
[104m2025-03-18T11:36:10.035Z [CLIENT DISCORD] [49m[0mCommandes existantes :  [0m
[106m2025-03-18T11:36:10.035Z [NOTIFY] Arguments passés : [49m
[106m2025-03-18T11:36:10.035Z [NOTIFY] Le mode 'clearcommand' n'est pas activé.[49m
[104m2025-03-18T11:36:10.035Z [CLIENT DISCORD] [49m[0mAucune commande trouvée. Enregistrement des commandes...[0m
[104m2025-03-18T11:36:10.035Z [CLIENT DISCORD] [49m[0mListe des commandes chargées :  0, 1, 2, 3, 4, 5, 6, 7, 8, 9, 10, 11, 12, 13, 14, 15, 16, 17, 18[0m
[104m2025-03-18T11:36:10.035Z [CLIENT DISCORD] [49m[0m✅ Commandes enregistrées pour le serveur ![0m
[104m2025-03-18T11:48:03.620Z [CLIENT DISCORD] [49m[0mLes modules  [32mloggers[39m [0m[0m ont correctement été exporté.[0m[0m[0m
[104m2025-03-18T11:48:03.620Z [CLIENT DISCORD] [49m[0mLes modules  [32mutils.js[39m [0m[0m ont correctement été exporté.[0m[0m[0m
[104m2025-03-18T11:48:03.620Z [CLIENT DISCORD] [49m[0mL'interaction  [32mcommands.js[39m [0m[0m ont correctement été exporté.[0m[0m[0m
[104m2025-03-18T11:48:03.620Z [CLIENT DISCORD] [49m[0mL'interaction  [32mbuttons.js[39m [0m[0m ont correctement été exporté.[0m[0m[0m
[104m2025-03-18T11:48:03.620Z [CLIENT DISCORD] [49m[0mL'interaction  [32mmodals.js[39m [0m[0m ont correctement été exporté.[0m[0m[0m
[45m2025-03-18T11:48:03.620Z [DEBUG] Hi !![49m
[104m2025-03-18T11:48:03.620Z [CLIENT DISCORD] [49m[0m[42m[30mChargement du fichier index.js[39m[49m[0m
[104m2025-03-18T11:48:03.620Z [CLIENT DISCORD] [49m[0m[42m[30mChargement des informations du package.[39m[49m[0m
[0m[42m[30m[39m[49m [46m[PACKAGE][49m [42m[30mAuth. : François 🌺[39m[49m[0m
[0m[42m[30m[39m[49m [46m[PACKAGE][49m [42m[30mDepd. : @discordjs/voice, axios, chalk, discord.js, fs, play-dl, yt-search, ytdl-core, ytdl-core-discord[39m[49m[0m
[0m[42m[30m[39m[49m [46m[PACKAGE][49m [42m[30mDesc. : The official bot of LSSD.[39m[49m[0m
[0m[42m[30m[39m[49m [46m[PACKAGE][49m [42m[30mLisc. : ISC[39m[49m[0m
[0m[42m[30m[39m[49m [46m[PACKAGE][49m [42m[30mMain. : index.js[39m[49m[0m
[0m[42m[30m[39m[49m [46m[PACKAGE][49m [42m[30mName. : catherine[39m[49m[0m
[0m[42m[30m[39m[49m [46m[PACKAGE][49m [42m[30mScrp. : [object Object][39m[49m[0m
[0m[42m[30m[39m[49m [46m[PACKAGE][49m [42m[30mVers. : 1.2.05sch • PEX Update[39m[49m[0m
[0m[42m[30m[39m[49m [46m[PACKAGE][49m [42m[30mPatch Note. : **[PN_13-03-2025]** La version 1.2.01sc modifie les messages shift et patch la commande /clear.,[39m[49m[0m
[0m[42m[30m**[PN_14-03-2025]** La version 1.2.05sch modifie la commande /help pour ajouter des commandes spéciales.[39m[49m[0m
[0m[42m[30m[39m[49m[0m
[104m2025-03-18T11:48:03.620Z [CLIENT DISCORD] [49m[0m[42m[30mChargement des informations du package-lock.[39m[49m[0m
[0m[42m[30m[39m[49m [46m[PACKAGE-LOCK][49m [42m[30mDepd. : [object Object][39m[49m[0m
[0m[42m[30m[39m[49m [46m[PACKAGE-LOCK][49m [42m[30mLisc. : ISC[39m[49m[0m
[0m[42m[30m[39m[49m [46m[PACKAGE-LOCK][49m [42m[30mName. : catherine[39m[49m[0m
[0m[42m[30m[39m[49m [46m[PACKAGE-LOCK][49m [42m[30mVers. : 1.2.05sch • PEX Update[39m[49m[0m
[0m[42m[30m[39m[49m[0m
[104m2025-03-18T11:48:03.620Z [CLIENT DISCORD] [49m[0m[34m==============================[39m[0m
[104m2025-03-18T11:48:03.620Z [CLIENT DISCORD] [49m[0m[32m🚀 Démarrage du bot...[39m[0m
[104m2025-03-18T11:48:03.620Z [CLIENT DISCORD] [49m[0m[33m🔗 Connexion à Discord API...[39m[0m
[104m2025-03-18T11:48:03.620Z [CLIENT DISCORD] [49m[0m[36m✅ Bot RP en ligne ! Connecté en tant que LSSD Bot#8045[39m[0m
[104m2025-03-18T11:48:03.620Z [CLIENT DISCORD] [49m[0m[34m==============================[39m[0m
[0m[34m[39m[0m
[104m2025-03-18T11:48:03.620Z [CLIENT DISCORD] [49m[0mGuild récupéré :  Los Santos Sheriff Dept.[0m
[104m2025-03-18T11:48:03.620Z [CLIENT DISCORD] [49m[0mCommandes existantes :  music, info, pex, openservice, infoshift, recruit, help, ban, ticket, shutdown, userinfo, send, clear, kick, warn, mute, rename, shift, promote[0m
[106m2025-03-18T11:48:03.620Z [NOTIFY] Arguments passés : [49m
[106m2025-03-18T11:48:03.620Z [NOTIFY] Aucun mode de lancement reconnue.[49m
[104m2025-03-18T11:49:09.585Z [CLIENT DISCORD] [49m[0mLes modules  [32mloggers[39m [0m[0m ont correctement été exporté.[0m[0m[0m
[104m2025-03-18T11:49:09.585Z [CLIENT DISCORD] [49m[0mLes modules  [32mutils.js[39m [0m[0m ont correctement été exporté.[0m[0m[0m
[104m2025-03-18T11:49:09.585Z [CLIENT DISCORD] [49m[0mL'interaction  [32mcommands.js[39m [0m[0m ont correctement été exporté.[0m[0m[0m
[104m2025-03-18T11:49:09.585Z [CLIENT DISCORD] [49m[0mL'interaction  [32mbuttons.js[39m [0m[0m ont correctement été exporté.[0m[0m[0m
[104m2025-03-18T11:49:09.585Z [CLIENT DISCORD] [49m[0mL'interaction  [32mmodals.js[39m [0m[0m ont correctement été exporté.[0m[0m[0m
[45m2025-03-18T11:49:09.585Z [DEBUG] Hi !![49m
[104m2025-03-18T11:49:09.585Z [CLIENT DISCORD] [49m[0m[42m[30mChargement du fichier index.js[39m[49m[0m
[104m2025-03-18T11:49:09.585Z [CLIENT DISCORD] [49m[0m[42m[30mChargement des informations du package.[39m[49m[0m
[0m[42m[30m[39m[49m [46m[PACKAGE][49m [42m[30mAuth. : François 🌺[39m[49m[0m
[0m[42m[30m[39m[49m [46m[PACKAGE][49m [42m[30mDepd. : @discordjs/voice, axios, chalk, discord.js, fs, play-dl, yt-search, ytdl-core, ytdl-core-discord[39m[49m[0m
[0m[42m[30m[39m[49m [46m[PACKAGE][49m [42m[30mDesc. : The official bot of LSSD.[39m[49m[0m
[0m[42m[30m[39m[49m [46m[PACKAGE][49m [42m[30mLisc. : ISC[39m[49m[0m
[0m[42m[30m[39m[49m [46m[PACKAGE][49m [42m[30mMain. : index.js[39m[49m[0m
[0m[42m[30m[39m[49m [46m[PACKAGE][49m [42m[30mName. : catherine[39m[49m[0m
[0m[42m[30m[39m[49m [46m[PACKAGE][49m [42m[30mScrp. : [object Object][39m[49m[0m
[0m[42m[30m[39m[49m [46m[PACKAGE][49m [42m[30mVers. : 1.2.05sch • PEX Update[39m[49m[0m
[0m[42m[30m[39m[49m [46m[PACKAGE][49m [42m[30mPatch Note. : **[PN_13-03-2025]** La version 1.2.01sc modifie les messages shift et patch la commande /clear.,[39m[49m[0m
[0m[42m[30m**[PN_14-03-2025]** La version 1.2.05sch modifie la commande /help pour ajouter des commandes spéciales.[39m[49m[0m
[0m[42m[30m[39m[49m[0m
[104m2025-03-18T11:49:09.585Z [CLIENT DISCORD] [49m[0m[42m[30mChargement des informations du package-lock.[39m[49m[0m
[0m[42m[30m[39m[49m [46m[PACKAGE-LOCK][49m [42m[30mDepd. : [object Object][39m[49m[0m
[0m[42m[30m[39m[49m [46m[PACKAGE-LOCK][49m [42m[30mLisc. : ISC[39m[49m[0m
[0m[42m[30m[39m[49m [46m[PACKAGE-LOCK][49m [42m[30mName. : catherine[39m[49m[0m
[0m[42m[30m[39m[49m [46m[PACKAGE-LOCK][49m [42m[30mVers. : 1.2.05sch • PEX Update[39m[49m[0m
[0m[42m[30m[39m[49m[0m
[104m2025-03-18T11:49:09.585Z [CLIENT DISCORD] [49m[0m[34m==============================[39m[0m
[104m2025-03-18T11:49:09.585Z [CLIENT DISCORD] [49m[0m[32m🚀 Démarrage du bot...[39m[0m
[104m2025-03-18T11:49:09.585Z [CLIENT DISCORD] [49m[0m[33m🔗 Connexion à Discord API...[39m[0m
[104m2025-03-18T11:49:09.585Z [CLIENT DISCORD] [49m[0m[36m✅ Bot RP en ligne ! Connecté en tant que LSSD Bot#8045[39m[0m
[104m2025-03-18T11:49:09.585Z [CLIENT DISCORD] [49m[0m[34m==============================[39m[0m
[0m[34m[39m[0m
[104m2025-03-18T11:49:09.585Z [CLIENT DISCORD] [49m[0mGuild récupéré :  Los Santos Sheriff Dept.[0m
[104m2025-03-18T11:49:09.585Z [CLIENT DISCORD] [49m[0mCommandes existantes :  music, info, pex, openservice, infoshift, recruit, help, ban, ticket, shutdown, userinfo, send, clear, kick, warn, mute, rename, shift, promote[0m
[106m2025-03-18T11:49:09.585Z [NOTIFY] Arguments passés : [49m
[106m2025-03-18T11:49:09.585Z [NOTIFY] Aucun mode de lancement reconnue.[49m
[104m2025-03-18T11:49:53.766Z [CLIENT DISCORD] [49m[0mLes modules  [32mloggers[39m [0m[0m ont correctement été exporté.[0m[0m[0m
[104m2025-03-18T11:49:53.766Z [CLIENT DISCORD] [49m[0mLes modules  [32mutils.js[39m [0m[0m ont correctement été exporté.[0m[0m[0m
[104m2025-03-18T11:49:53.766Z [CLIENT DISCORD] [49m[0mL'interaction  [32mcommands.js[39m [0m[0m ont correctement été exporté.[0m[0m[0m
[104m2025-03-18T11:49:53.766Z [CLIENT DISCORD] [49m[0mL'interaction  [32mbuttons.js[39m [0m[0m ont correctement été exporté.[0m[0m[0m
[104m2025-03-18T11:49:53.766Z [CLIENT DISCORD] [49m[0mL'interaction  [32mmodals.js[39m [0m[0m ont correctement été exporté.[0m[0m[0m
[45m2025-03-18T11:49:53.766Z [DEBUG] Hi !![49m
[104m2025-03-18T11:49:53.766Z [CLIENT DISCORD] [49m[0m[42m[30mChargement du fichier index.js[39m[49m[0m
[104m2025-03-18T11:49:53.766Z [CLIENT DISCORD] [49m[0m[42m[30mChargement des informations du package.[39m[49m[0m
[0m[42m[30m[39m[49m [46m[PACKAGE][49m [42m[30mAuth. : François 🌺[39m[49m[0m
[0m[42m[30m[39m[49m [46m[PACKAGE][49m [42m[30mDepd. : @discordjs/voice, axios, chalk, discord.js, fs, play-dl, yt-search, ytdl-core, ytdl-core-discord[39m[49m[0m
[0m[42m[30m[39m[49m [46m[PACKAGE][49m [42m[30mDesc. : The official bot of LSSD.[39m[49m[0m
[0m[42m[30m[39m[49m [46m[PACKAGE][49m [42m[30mLisc. : ISC[39m[49m[0m
[0m[42m[30m[39m[49m [46m[PACKAGE][49m [42m[30mMain. : index.js[39m[49m[0m
[0m[42m[30m[39m[49m [46m[PACKAGE][49m [42m[30mName. : catherine[39m[49m[0m
[0m[42m[30m[39m[49m [46m[PACKAGE][49m [42m[30mScrp. : [object Object][39m[49m[0m
[0m[42m[30m[39m[49m [46m[PACKAGE][49m [42m[30mVers. : 1.2.05sch • PEX Update[39m[49m[0m
[0m[42m[30m[39m[49m [46m[PACKAGE][49m [42m[30mPatch Note. : **[PN_13-03-2025]** La version 1.2.01sc modifie les messages shift et patch la commande /clear.,[39m[49m[0m
[0m[42m[30m**[PN_14-03-2025]** La version 1.2.05sch modifie la commande /help pour ajouter des commandes spéciales.[39m[49m[0m
[0m[42m[30m[39m[49m[0m
[104m2025-03-18T11:49:53.766Z [CLIENT DISCORD] [49m[0m[42m[30mChargement des informations du package-lock.[39m[49m[0m
[0m[42m[30m[39m[49m [46m[PACKAGE-LOCK][49m [42m[30mDepd. : [object Object][39m[49m[0m
[0m[42m[30m[39m[49m [46m[PACKAGE-LOCK][49m [42m[30mLisc. : ISC[39m[49m[0m
[0m[42m[30m[39m[49m [46m[PACKAGE-LOCK][49m [42m[30mName. : catherine[39m[49m[0m
[0m[42m[30m[39m[49m [46m[PACKAGE-LOCK][49m [42m[30mVers. : 1.2.05sch • PEX Update[39m[49m[0m
[0m[42m[30m[39m[49m[0m
[104m2025-03-18T11:49:53.766Z [CLIENT DISCORD] [49m[0m[34m==============================[39m[0m
[104m2025-03-18T11:49:53.766Z [CLIENT DISCORD] [49m[0m[32m🚀 Démarrage du bot...[39m[0m
[104m2025-03-18T11:49:53.766Z [CLIENT DISCORD] [49m[0m[33m🔗 Connexion à Discord API...[39m[0m
[104m2025-03-18T11:49:53.766Z [CLIENT DISCORD] [49m[0m[36m✅ Bot RP en ligne ! Connecté en tant que LSSD Bot#8045[39m[0m
[104m2025-03-18T11:49:53.766Z [CLIENT DISCORD] [49m[0m[34m==============================[39m[0m
[0m[34m[39m[0m
[104m2025-03-18T11:49:53.766Z [CLIENT DISCORD] [49m[0mGuild récupéré :  Los Santos Sheriff Dept.[0m
[104m2025-03-18T11:49:53.766Z [CLIENT DISCORD] [49m[0mCommandes existantes :  music, info, pex, openservice, infoshift, recruit, help, ban, ticket, shutdown, userinfo, send, clear, kick, warn, mute, rename, shift, promote[0m
[106m2025-03-18T11:49:53.766Z [NOTIFY] Arguments passés : [49m
[106m2025-03-18T11:49:53.766Z [NOTIFY] Aucun mode de lancement reconnue.[49m
[104m2025-03-18T11:50:28.539Z [CLIENT DISCORD] [49m[0mLes modules  [32mloggers[39m [0m[0m ont correctement été exporté.[0m[0m[0m
[104m2025-03-18T11:50:28.539Z [CLIENT DISCORD] [49m[0mLes modules  [32mutils.js[39m [0m[0m ont correctement été exporté.[0m[0m[0m
[104m2025-03-18T11:50:28.539Z [CLIENT DISCORD] [49m[0mL'interaction  [32mcommands.js[39m [0m[0m ont correctement été exporté.[0m[0m[0m
[104m2025-03-18T11:50:28.539Z [CLIENT DISCORD] [49m[0mL'interaction  [32mbuttons.js[39m [0m[0m ont correctement été exporté.[0m[0m[0m
[104m2025-03-18T11:50:28.539Z [CLIENT DISCORD] [49m[0mL'interaction  [32mmodals.js[39m [0m[0m ont correctement été exporté.[0m[0m[0m
[45m2025-03-18T11:50:28.539Z [DEBUG] Hi !![49m
[104m2025-03-18T11:50:28.539Z [CLIENT DISCORD] [49m[0m[42m[30mChargement du fichier index.js[39m[49m[0m
[104m2025-03-18T11:50:28.539Z [CLIENT DISCORD] [49m[0m[42m[30mChargement des informations du package.[39m[49m[0m
[0m[42m[30m[39m[49m [46m[PACKAGE][49m [42m[30mAuth. : François 🌺[39m[49m[0m
[0m[42m[30m[39m[49m [46m[PACKAGE][49m [42m[30mDepd. : @discordjs/voice, axios, chalk, discord.js, fs, play-dl, yt-search, ytdl-core, ytdl-core-discord[39m[49m[0m
[0m[42m[30m[39m[49m [46m[PACKAGE][49m [42m[30mDesc. : The official bot of LSSD.[39m[49m[0m
[0m[42m[30m[39m[49m [46m[PACKAGE][49m [42m[30mLisc. : ISC[39m[49m[0m
[0m[42m[30m[39m[49m [46m[PACKAGE][49m [42m[30mMain. : index.js[39m[49m[0m
[0m[42m[30m[39m[49m [46m[PACKAGE][49m [42m[30mName. : catherine[39m[49m[0m
[0m[42m[30m[39m[49m [46m[PACKAGE][49m [42m[30mScrp. : [object Object][39m[49m[0m
[0m[42m[30m[39m[49m [46m[PACKAGE][49m [42m[30mVers. : 1.2.05sch • PEX Update[39m[49m[0m
[0m[42m[30m[39m[49m [46m[PACKAGE][49m [42m[30mPatch Note. : **[PN_13-03-2025]** La version 1.2.01sc modifie les messages shift et patch la commande /clear.,[39m[49m[0m
[0m[42m[30m**[PN_14-03-2025]** La version 1.2.05sch modifie la commande /help pour ajouter des commandes spéciales.[39m[49m[0m
[0m[42m[30m[39m[49m[0m
[104m2025-03-18T11:50:28.539Z [CLIENT DISCORD] [49m[0m[42m[30mChargement des informations du package-lock.[39m[49m[0m
[0m[42m[30m[39m[49m [46m[PACKAGE-LOCK][49m [42m[30mDepd. : [object Object][39m[49m[0m
[0m[42m[30m[39m[49m [46m[PACKAGE-LOCK][49m [42m[30mLisc. : ISC[39m[49m[0m
[0m[42m[30m[39m[49m [46m[PACKAGE-LOCK][49m [42m[30mName. : catherine[39m[49m[0m
[0m[42m[30m[39m[49m [46m[PACKAGE-LOCK][49m [42m[30mVers. : 1.2.05sch • PEX Update[39m[49m[0m
[0m[42m[30m[39m[49m[0m
[104m2025-03-18T11:50:28.539Z [CLIENT DISCORD] [49m[0m[34m==============================[39m[0m
[104m2025-03-18T11:50:28.539Z [CLIENT DISCORD] [49m[0m[32m🚀 Démarrage du bot...[39m[0m
[104m2025-03-18T11:50:28.539Z [CLIENT DISCORD] [49m[0m[33m🔗 Connexion à Discord API...[39m[0m
[104m2025-03-18T11:50:28.539Z [CLIENT DISCORD] [49m[0m[36m✅ Bot RP en ligne ! Connecté en tant que LSSD Bot#8045[39m[0m
[104m2025-03-18T11:50:28.539Z [CLIENT DISCORD] [49m[0m[34m==============================[39m[0m
[0m[34m[39m[0m
[104m2025-03-18T11:50:28.539Z [CLIENT DISCORD] [49m[0mGuild récupéré :  Los Santos Sheriff Dept.[0m
[104m2025-03-18T11:50:28.539Z [CLIENT DISCORD] [49m[0mCommandes existantes :  music, info, pex, openservice, infoshift, recruit, help, ban, ticket, shutdown, userinfo, send, clear, kick, warn, mute, rename, shift, promote[0m
[106m2025-03-18T11:50:28.539Z [NOTIFY] Arguments passés : [49m
[106m2025-03-18T11:50:28.539Z [NOTIFY] Aucun mode de lancement reconnue.[49m
[104m2025-03-18T11:50:55.104Z [CLIENT DISCORD] [49m[0mLes modules  [32mloggers[39m [0m[0m ont correctement été exporté.[0m[0m[0m
[104m2025-03-18T11:50:55.104Z [CLIENT DISCORD] [49m[0mLes modules  [32mutils.js[39m [0m[0m ont correctement été exporté.[0m[0m[0m
[104m2025-03-18T11:50:55.104Z [CLIENT DISCORD] [49m[0mL'interaction  [32mcommands.js[39m [0m[0m ont correctement été exporté.[0m[0m[0m
[104m2025-03-18T11:50:55.104Z [CLIENT DISCORD] [49m[0mL'interaction  [32mbuttons.js[39m [0m[0m ont correctement été exporté.[0m[0m[0m
[104m2025-03-18T11:50:55.104Z [CLIENT DISCORD] [49m[0mL'interaction  [32mmodals.js[39m [0m[0m ont correctement été exporté.[0m[0m[0m
[45m2025-03-18T11:50:55.104Z [DEBUG] Hi !![49m
[104m2025-03-18T11:50:55.104Z [CLIENT DISCORD] [49m[0m[42m[30mChargement du fichier index.js[39m[49m[0m
[104m2025-03-18T11:50:55.104Z [CLIENT DISCORD] [49m[0m[42m[30mChargement des informations du package.[39m[49m[0m
[0m[42m[30m[39m[49m [46m[PACKAGE][49m [42m[30mAuth. : François 🌺[39m[49m[0m
[0m[42m[30m[39m[49m [46m[PACKAGE][49m [42m[30mDepd. : @discordjs/voice, axios, chalk, discord.js, fs, play-dl, yt-search, ytdl-core, ytdl-core-discord[39m[49m[0m
[0m[42m[30m[39m[49m [46m[PACKAGE][49m [42m[30mDesc. : The official bot of LSSD.[39m[49m[0m
[0m[42m[30m[39m[49m [46m[PACKAGE][49m [42m[30mLisc. : ISC[39m[49m[0m
[0m[42m[30m[39m[49m [46m[PACKAGE][49m [42m[30mMain. : index.js[39m[49m[0m
[0m[42m[30m[39m[49m [46m[PACKAGE][49m [42m[30mName. : catherine[39m[49m[0m
[0m[42m[30m[39m[49m [46m[PACKAGE][49m [42m[30mScrp. : [object Object][39m[49m[0m
[0m[42m[30m[39m[49m [46m[PACKAGE][49m [42m[30mVers. : 1.2.05sch • PEX Update[39m[49m[0m
[0m[42m[30m[39m[49m [46m[PACKAGE][49m [42m[30mPatch Note. : **[PN_13-03-2025]** La version 1.2.01sc modifie les messages shift et patch la commande /clear.,[39m[49m[0m
[0m[42m[30m**[PN_14-03-2025]** La version 1.2.05sch modifie la commande /help pour ajouter des commandes spéciales.[39m[49m[0m
[0m[42m[30m[39m[49m[0m
[104m2025-03-18T11:50:55.104Z [CLIENT DISCORD] [49m[0m[42m[30mChargement des informations du package-lock.[39m[49m[0m
[0m[42m[30m[39m[49m [46m[PACKAGE-LOCK][49m [42m[30mDepd. : [object Object][39m[49m[0m
[0m[42m[30m[39m[49m [46m[PACKAGE-LOCK][49m [42m[30mLisc. : ISC[39m[49m[0m
[0m[42m[30m[39m[49m [46m[PACKAGE-LOCK][49m [42m[30mName. : catherine[39m[49m[0m
[0m[42m[30m[39m[49m [46m[PACKAGE-LOCK][49m [42m[30mVers. : 1.2.05sch • PEX Update[39m[49m[0m
[0m[42m[30m[39m[49m[0m
[104m2025-03-18T11:50:55.104Z [CLIENT DISCORD] [49m[0m[34m==============================[39m[0m
[104m2025-03-18T11:50:55.104Z [CLIENT DISCORD] [49m[0m[32m🚀 Démarrage du bot...[39m[0m
[104m2025-03-18T11:50:55.104Z [CLIENT DISCORD] [49m[0m[33m🔗 Connexion à Discord API...[39m[0m
[104m2025-03-18T11:50:55.104Z [CLIENT DISCORD] [49m[0m[36m✅ Bot RP en ligne ! Connecté en tant que LSSD Bot#8045[39m[0m
[104m2025-03-18T11:50:55.104Z [CLIENT DISCORD] [49m[0m[34m==============================[39m[0m
[0m[34m[39m[0m
[104m2025-03-18T11:50:55.104Z [CLIENT DISCORD] [49m[0mGuild récupéré :  Los Santos Sheriff Dept.[0m
[104m2025-03-18T11:50:55.104Z [CLIENT DISCORD] [49m[0mCommandes existantes :  music, info, pex, openservice, infoshift, recruit, help, ban, ticket, shutdown, userinfo, send, clear, kick, warn, mute, rename, shift, promote[0m
[106m2025-03-18T11:50:55.104Z [NOTIFY] Arguments passés : [49m
[106m2025-03-18T11:50:55.104Z [NOTIFY] Aucun mode de lancement reconnue.[49m
[104m2025-03-18T11:50:55.104Z [CLIENT DISCORD] [49m[0m[ACTION BUTTON] recruit of command /ticket has been used.[0m
[104m2025-03-18T11:50:55.104Z [CLIENT DISCORD] [49m[0m📩 Affichage du modal...[0m
[104m2025-03-18T11:50:55.104Z [CLIENT DISCORD] [49m[0m[BUTTON] francois.piano a exécuté l'interaction bouton recruit dans 1252239174610718782[0m
[104m2025-03-18T11:51:16.039Z [CLIENT DISCORD] [49m[0mLes modules  [32mloggers[39m [0m[0m ont correctement été exporté.[0m[0m[0m
[104m2025-03-18T11:51:16.039Z [CLIENT DISCORD] [49m[0mLes modules  [32mutils.js[39m [0m[0m ont correctement été exporté.[0m[0m[0m
[104m2025-03-18T11:51:16.039Z [CLIENT DISCORD] [49m[0mL'interaction  [32mcommands.js[39m [0m[0m ont correctement été exporté.[0m[0m[0m
[104m2025-03-18T11:51:16.039Z [CLIENT DISCORD] [49m[0mL'interaction  [32mbuttons.js[39m [0m[0m ont correctement été exporté.[0m[0m[0m
[104m2025-03-18T11:51:16.039Z [CLIENT DISCORD] [49m[0mL'interaction  [32mmodals.js[39m [0m[0m ont correctement été exporté.[0m[0m[0m
[45m2025-03-18T11:51:16.039Z [DEBUG] Hi !![49m
[104m2025-03-18T11:51:16.039Z [CLIENT DISCORD] [49m[0m[42m[30mChargement du fichier index.js[39m[49m[0m
[104m2025-03-18T11:51:16.039Z [CLIENT DISCORD] [49m[0m[42m[30mChargement des informations du package.[39m[49m[0m
[0m[42m[30m[39m[49m [46m[PACKAGE][49m [42m[30mAuth. : François 🌺[39m[49m[0m
[0m[42m[30m[39m[49m [46m[PACKAGE][49m [42m[30mDepd. : @discordjs/voice, axios, chalk, discord.js, fs, play-dl, yt-search, ytdl-core, ytdl-core-discord[39m[49m[0m
[0m[42m[30m[39m[49m [46m[PACKAGE][49m [42m[30mDesc. : The official bot of LSSD.[39m[49m[0m
[0m[42m[30m[39m[49m [46m[PACKAGE][49m [42m[30mLisc. : ISC[39m[49m[0m
[0m[42m[30m[39m[49m [46m[PACKAGE][49m [42m[30mMain. : index.js[39m[49m[0m
[0m[42m[30m[39m[49m [46m[PACKAGE][49m [42m[30mName. : catherine[39m[49m[0m
[0m[42m[30m[39m[49m [46m[PACKAGE][49m [42m[30mScrp. : [object Object][39m[49m[0m
[0m[42m[30m[39m[49m [46m[PACKAGE][49m [42m[30mVers. : 1.2.05sch • PEX Update[39m[49m[0m
[0m[42m[30m[39m[49m [46m[PACKAGE][49m [42m[30mPatch Note. : **[PN_13-03-2025]** La version 1.2.01sc modifie les messages shift et patch la commande /clear.,[39m[49m[0m
[0m[42m[30m**[PN_14-03-2025]** La version 1.2.05sch modifie la commande /help pour ajouter des commandes spéciales.[39m[49m[0m
[0m[42m[30m[39m[49m[0m
[104m2025-03-18T11:51:16.039Z [CLIENT DISCORD] [49m[0m[42m[30mChargement des informations du package-lock.[39m[49m[0m
[0m[42m[30m[39m[49m [46m[PACKAGE-LOCK][49m [42m[30mDepd. : [object Object][39m[49m[0m
[0m[42m[30m[39m[49m [46m[PACKAGE-LOCK][49m [42m[30mLisc. : ISC[39m[49m[0m
[0m[42m[30m[39m[49m [46m[PACKAGE-LOCK][49m [42m[30mName. : catherine[39m[49m[0m
[0m[42m[30m[39m[49m [46m[PACKAGE-LOCK][49m [42m[30mVers. : 1.2.05sch • PEX Update[39m[49m[0m
[0m[42m[30m[39m[49m[0m
[104m2025-03-18T11:51:16.039Z [CLIENT DISCORD] [49m[0m[34m==============================[39m[0m
[104m2025-03-18T11:51:16.039Z [CLIENT DISCORD] [49m[0m[32m🚀 Démarrage du bot...[39m[0m
[104m2025-03-18T11:51:16.039Z [CLIENT DISCORD] [49m[0m[33m🔗 Connexion à Discord API...[39m[0m
[104m2025-03-18T11:51:16.039Z [CLIENT DISCORD] [49m[0m[36m✅ Bot RP en ligne ! Connecté en tant que LSSD Bot#8045[39m[0m
[104m2025-03-18T11:51:16.039Z [CLIENT DISCORD] [49m[0m[34m==============================[39m[0m
[0m[34m[39m[0m
[104m2025-03-18T11:51:16.039Z [CLIENT DISCORD] [49m[0mGuild récupéré :  Los Santos Sheriff Dept.[0m
[104m2025-03-18T11:51:16.039Z [CLIENT DISCORD] [49m[0mCommandes existantes :  music, info, pex, openservice, infoshift, recruit, help, ban, ticket, shutdown, userinfo, send, clear, kick, warn, mute, rename, shift, promote[0m
[106m2025-03-18T11:51:16.039Z [NOTIFY] Arguments passés : debug[49m
[106m2025-03-18T11:51:16.039Z [NOTIFY] Le mode 'debug' est activé.[49m
[106m2025-03-18T11:51:16.039Z [NOTIFY] Mode débug initialisé.[49m
[104m2025-03-18T11:51:36.908Z [CLIENT DISCORD] [49m[0mLes modules  [32mloggers[39m [0m[0m ont correctement été exporté.[0m[0m[0m
[104m2025-03-18T11:51:36.908Z [CLIENT DISCORD] [49m[0mLes modules  [32mutils.js[39m [0m[0m ont correctement été exporté.[0m[0m[0m
[104m2025-03-18T11:51:36.908Z [CLIENT DISCORD] [49m[0mL'interaction  [32mcommands.js[39m [0m[0m ont correctement été exporté.[0m[0m[0m
[104m2025-03-18T11:51:36.908Z [CLIENT DISCORD] [49m[0mL'interaction  [32mbuttons.js[39m [0m[0m ont correctement été exporté.[0m[0m[0m
[104m2025-03-18T11:51:36.908Z [CLIENT DISCORD] [49m[0mL'interaction  [32mmodals.js[39m [0m[0m ont correctement été exporté.[0m[0m[0m
[45m2025-03-18T11:51:36.908Z [DEBUG] Hi !![49m
[104m2025-03-18T11:51:36.908Z [CLIENT DISCORD] [49m[0m[42m[30mChargement du fichier index.js[39m[49m[0m
[104m2025-03-18T11:51:36.908Z [CLIENT DISCORD] [49m[0m[42m[30mChargement des informations du package.[39m[49m[0m
[0m[42m[30m[39m[49m [46m[PACKAGE][49m [42m[30mAuth. : François 🌺[39m[49m[0m
[0m[42m[30m[39m[49m [46m[PACKAGE][49m [42m[30mDepd. : @discordjs/voice, axios, chalk, discord.js, fs, play-dl, yt-search, ytdl-core, ytdl-core-discord[39m[49m[0m
[0m[42m[30m[39m[49m [46m[PACKAGE][49m [42m[30mDesc. : The official bot of LSSD.[39m[49m[0m
[0m[42m[30m[39m[49m [46m[PACKAGE][49m [42m[30mLisc. : ISC[39m[49m[0m
[0m[42m[30m[39m[49m [46m[PACKAGE][49m [42m[30mMain. : index.js[39m[49m[0m
[0m[42m[30m[39m[49m [46m[PACKAGE][49m [42m[30mName. : catherine[39m[49m[0m
[0m[42m[30m[39m[49m [46m[PACKAGE][49m [42m[30mScrp. : [object Object][39m[49m[0m
[0m[42m[30m[39m[49m [46m[PACKAGE][49m [42m[30mVers. : 1.2.05sch • PEX Update[39m[49m[0m
[0m[42m[30m[39m[49m [46m[PACKAGE][49m [42m[30mPatch Note. : **[PN_13-03-2025]** La version 1.2.01sc modifie les messages shift et patch la commande /clear.,[39m[49m[0m
[0m[42m[30m**[PN_14-03-2025]** La version 1.2.05sch modifie la commande /help pour ajouter des commandes spéciales.[39m[49m[0m
[0m[42m[30m[39m[49m[0m
[104m2025-03-18T11:51:36.908Z [CLIENT DISCORD] [49m[0m[42m[30mChargement des informations du package-lock.[39m[49m[0m
[0m[42m[30m[39m[49m [46m[PACKAGE-LOCK][49m [42m[30mDepd. : [object Object][39m[49m[0m
[0m[42m[30m[39m[49m [46m[PACKAGE-LOCK][49m [42m[30mLisc. : ISC[39m[49m[0m
[0m[42m[30m[39m[49m [46m[PACKAGE-LOCK][49m [42m[30mName. : catherine[39m[49m[0m
[0m[42m[30m[39m[49m [46m[PACKAGE-LOCK][49m [42m[30mVers. : 1.2.05sch • PEX Update[39m[49m[0m
[0m[42m[30m[39m[49m[0m
[104m2025-03-18T11:51:36.908Z [CLIENT DISCORD] [49m[0m[34m==============================[39m[0m
[104m2025-03-18T11:51:36.908Z [CLIENT DISCORD] [49m[0m[32m🚀 Démarrage du bot...[39m[0m
[104m2025-03-18T11:51:36.908Z [CLIENT DISCORD] [49m[0m[33m🔗 Connexion à Discord API...[39m[0m
[104m2025-03-18T11:51:36.908Z [CLIENT DISCORD] [49m[0m[36m✅ Bot RP en ligne ! Connecté en tant que LSSD Bot#8045[39m[0m
[104m2025-03-18T11:51:36.908Z [CLIENT DISCORD] [49m[0m[34m==============================[39m[0m
[0m[34m[39m[0m
[104m2025-03-18T11:51:36.908Z [CLIENT DISCORD] [49m[0mGuild récupéré :  Los Santos Sheriff Dept.[0m
[104m2025-03-18T11:51:36.908Z [CLIENT DISCORD] [49m[0mCommandes existantes :  music, info, pex, openservice, infoshift, recruit, help, ban, ticket, shutdown, userinfo, send, clear, kick, warn, mute, rename, shift, promote[0m
[106m2025-03-18T11:51:36.908Z [NOTIFY] Arguments passés : [49m
[106m2025-03-18T11:51:36.908Z [NOTIFY] Aucun mode de lancement reconnue.[49m
[104m2025-03-18T16:43:56.412Z [CLIENT DISCORD] [49m[0mLes modules  [32mloggers[39m [0m[0m ont correctement été exporté.[0m[0m[0m
[104m2025-03-18T16:43:56.412Z [CLIENT DISCORD] [49m[0mLes modules  [32mutils.js[39m [0m[0m ont correctement été exporté.[0m[0m[0m
[104m2025-03-18T16:43:56.412Z [CLIENT DISCORD] [49m[0mL'interaction  [32mcommands.js[39m [0m[0m ont correctement été exporté.[0m[0m[0m
[104m2025-03-18T16:43:56.412Z [CLIENT DISCORD] [49m[0mL'interaction  [32mbuttons.js[39m [0m[0m ont correctement été exporté.[0m[0m[0m
[104m2025-03-18T16:43:56.412Z [CLIENT DISCORD] [49m[0mL'interaction  [32mmodals.js[39m [0m[0m ont correctement été exporté.[0m[0m[0m
[45m2025-03-18T16:43:56.412Z [DEBUG] Hi !![49m
[104m2025-03-18T16:43:56.412Z [CLIENT DISCORD] [49m[0m[42m[30mChargement du fichier index.js[39m[49m[0m
[104m2025-03-18T16:43:56.412Z [CLIENT DISCORD] [49m[0m[42m[30mChargement des informations du package.[39m[49m[0m
[0m[42m[30m[39m[49m [46m[PACKAGE][49m [42m[30mAuth. : François 🌺[39m[49m[0m
[0m[42m[30m[39m[49m [46m[PACKAGE][49m [42m[30mDepd. : @discordjs/voice, axios, chalk, discord.js, fs, play-dl, yt-search, ytdl-core, ytdl-core-discord[39m[49m[0m
[0m[42m[30m[39m[49m [46m[PACKAGE][49m [42m[30mDesc. : The official bot of LSSD.[39m[49m[0m
[0m[42m[30m[39m[49m [46m[PACKAGE][49m [42m[30mLisc. : ISC[39m[49m[0m
[0m[42m[30m[39m[49m [46m[PACKAGE][49m [42m[30mMain. : index.js[39m[49m[0m
[0m[42m[30m[39m[49m [46m[PACKAGE][49m [42m[30mName. : catherine[39m[49m[0m
[0m[42m[30m[39m[49m [46m[PACKAGE][49m [42m[30mScrp. : [object Object][39m[49m[0m
[0m[42m[30m[39m[49m [46m[PACKAGE][49m [42m[30mVers. : 1.2.05sch • PEX Update[39m[49m[0m
[0m[42m[30m[39m[49m [46m[PACKAGE][49m [42m[30mPatch Note. : **[PN_13-03-2025]** La version 1.2.01sc modifie les messages shift et patch la commande /clear.,[39m[49m[0m
[0m[42m[30m**[PN_14-03-2025]** La version 1.2.05sch modifie la commande /help pour ajouter des commandes spéciales.[39m[49m[0m
[0m[42m[30m[39m[49m[0m
[104m2025-03-18T16:43:56.412Z [CLIENT DISCORD] [49m[0m[42m[30mChargement des informations du package-lock.[39m[49m[0m
[0m[42m[30m[39m[49m [46m[PACKAGE-LOCK][49m [42m[30mDepd. : [object Object][39m[49m[0m
[0m[42m[30m[39m[49m [46m[PACKAGE-LOCK][49m [42m[30mLisc. : ISC[39m[49m[0m
[0m[42m[30m[39m[49m [46m[PACKAGE-LOCK][49m [42m[30mName. : catherine[39m[49m[0m
[0m[42m[30m[39m[49m [46m[PACKAGE-LOCK][49m [42m[30mVers. : 1.2.05sch • PEX Update[39m[49m[0m
[0m[42m[30m[39m[49m[0m
[104m2025-03-18T17:17:06.709Z [CLIENT DISCORD] [49m[0mLes modules  [32mloggers[39m [0m[0m ont correctement été exporté.[0m[0m[0m
[104m2025-03-18T17:17:06.709Z [CLIENT DISCORD] [49m[0mLes modules  [32mutils.js[39m [0m[0m ont correctement été exporté.[0m[0m[0m
[104m2025-03-18T17:17:06.709Z [CLIENT DISCORD] [49m[0mL'interaction  [32mcommands.js[39m [0m[0m ont correctement été exporté.[0m[0m[0m
[104m2025-03-18T17:17:06.709Z [CLIENT DISCORD] [49m[0mL'interaction  [32mbuttons.js[39m [0m[0m ont correctement été exporté.[0m[0m[0m
[104m2025-03-18T17:17:06.709Z [CLIENT DISCORD] [49m[0mL'interaction  [32mmodals.js[39m [0m[0m ont correctement été exporté.[0m[0m[0m
[45m2025-03-18T17:17:06.709Z [DEBUG] Hi !![49m
[104m2025-03-18T17:17:06.709Z [CLIENT DISCORD] [49m[0m[42m[30mChargement du fichier index.js[39m[49m[0m
[104m2025-03-18T17:17:06.709Z [CLIENT DISCORD] [49m[0m[42m[30mChargement des informations du package.[39m[49m[0m
[0m[42m[30m[39m[49m [46m[PACKAGE][49m [42m[30mAuth. : François 🌺[39m[49m[0m
[0m[42m[30m[39m[49m [46m[PACKAGE][49m [42m[30mDepd. : @discordjs/voice, axios, chalk, discord.js, fs, play-dl, yt-search, ytdl-core, ytdl-core-discord[39m[49m[0m
[0m[42m[30m[39m[49m [46m[PACKAGE][49m [42m[30mDesc. : The official bot of LSSD.[39m[49m[0m
[0m[42m[30m[39m[49m [46m[PACKAGE][49m [42m[30mLisc. : ISC[39m[49m[0m
[0m[42m[30m[39m[49m [46m[PACKAGE][49m [42m[30mMain. : index.js[39m[49m[0m
[0m[42m[30m[39m[49m [46m[PACKAGE][49m [42m[30mName. : catherine[39m[49m[0m
[0m[42m[30m[39m[49m [46m[PACKAGE][49m [42m[30mScrp. : [object Object][39m[49m[0m
[0m[42m[30m[39m[49m [46m[PACKAGE][49m [42m[30mVers. : 1.2.05sch • PEX Update[39m[49m[0m
[0m[42m[30m[39m[49m [46m[PACKAGE][49m [42m[30mPatch Note. : **[PN_13-03-2025]** La version 1.2.01sc modifie les messages shift et patch la commande /clear.,[39m[49m[0m
[0m[42m[30m**[PN_14-03-2025]** La version 1.2.05sch modifie la commande /help pour ajouter des commandes spéciales.[39m[49m[0m
[0m[42m[30m[39m[49m[0m
[104m2025-03-18T17:17:06.709Z [CLIENT DISCORD] [49m[0m[42m[30mChargement des informations du package-lock.[39m[49m[0m
[0m[42m[30m[39m[49m [46m[PACKAGE-LOCK][49m [42m[30mDepd. : [object Object][39m[49m[0m
[0m[42m[30m[39m[49m [46m[PACKAGE-LOCK][49m [42m[30mLisc. : ISC[39m[49m[0m
[0m[42m[30m[39m[49m [46m[PACKAGE-LOCK][49m [42m[30mName. : catherine[39m[49m[0m
[0m[42m[30m[39m[49m [46m[PACKAGE-LOCK][49m [42m[30mVers. : 1.2.05sch • PEX Update[39m[49m[0m
[0m[42m[30m[39m[49m[0m
[104m2025-03-18T17:17:06.709Z [CLIENT DISCORD] [49m[0m[34m==============================[39m[0m
[104m2025-03-18T17:17:06.709Z [CLIENT DISCORD] [49m[0m[32m🚀 Démarrage du bot...[39m[0m
[104m2025-03-18T17:17:06.709Z [CLIENT DISCORD] [49m[0m[33m🔗 Connexion à Discord API...[39m[0m
[104m2025-03-18T17:17:06.709Z [CLIENT DISCORD] [49m[0m[36m✅ Bot RP en ligne ! Connecté en tant que LSSD Bot#8045[39m[0m
[104m2025-03-18T17:17:06.709Z [CLIENT DISCORD] [49m[0m[34m==============================[39m[0m
[0m[34m[39m[0m
[104m2025-03-18T17:17:06.709Z [CLIENT DISCORD] [49m[0mGuild récupéré :  Los Santos Sheriff Dept.[0m
[104m2025-03-18T17:17:06.709Z [CLIENT DISCORD] [49m[0mCommandes existantes :  music, info, pex, openservice, infoshift, recruit, help, ban, ticket, shutdown, userinfo, send, clear, kick, warn, mute, rename, shift, promote[0m
[106m2025-03-18T17:17:06.709Z [NOTIFY] Arguments passés : [49m
[106m2025-03-18T17:17:06.709Z [NOTIFY] Aucun mode de lancement reconnue.[49m
[104m2025-03-18T17:18:31.414Z [CLIENT DISCORD] [49m[0mLes modules  [32mloggers[39m [0m[0m ont correctement été exporté.[0m[0m[0m
[104m2025-03-18T17:18:31.414Z [CLIENT DISCORD] [49m[0mLes modules  [32mutils.js[39m [0m[0m ont correctement été exporté.[0m[0m[0m
[104m2025-03-18T17:18:31.414Z [CLIENT DISCORD] [49m[0mL'interaction  [32mcommands.js[39m [0m[0m ont correctement été exporté.[0m[0m[0m
[104m2025-03-18T17:18:31.414Z [CLIENT DISCORD] [49m[0mL'interaction  [32mbuttons.js[39m [0m[0m ont correctement été exporté.[0m[0m[0m
[104m2025-03-18T17:18:31.414Z [CLIENT DISCORD] [49m[0mL'interaction  [32mmodals.js[39m [0m[0m ont correctement été exporté.[0m[0m[0m
[45m2025-03-18T17:18:31.414Z [DEBUG] Hi !![49m
[104m2025-03-18T17:18:31.414Z [CLIENT DISCORD] [49m[0m[42m[30mChargement du fichier index.js[39m[49m[0m
[104m2025-03-18T17:18:31.414Z [CLIENT DISCORD] [49m[0m[42m[30mChargement des informations du package.[39m[49m[0m
[0m[42m[30m[39m[49m [46m[PACKAGE][49m [42m[30mAuth. : François 🌺[39m[49m[0m
[0m[42m[30m[39m[49m [46m[PACKAGE][49m [42m[30mDepd. : @discordjs/voice, axios, chalk, discord.js, fs, play-dl, yt-search, ytdl-core, ytdl-core-discord[39m[49m[0m
[0m[42m[30m[39m[49m [46m[PACKAGE][49m [42m[30mDesc. : The official bot of LSSD.[39m[49m[0m
[0m[42m[30m[39m[49m [46m[PACKAGE][49m [42m[30mLisc. : ISC[39m[49m[0m
[0m[42m[30m[39m[49m [46m[PACKAGE][49m [42m[30mMain. : index.js[39m[49m[0m
[0m[42m[30m[39m[49m [46m[PACKAGE][49m [42m[30mName. : catherine[39m[49m[0m
[0m[42m[30m[39m[49m [46m[PACKAGE][49m [42m[30mScrp. : [object Object][39m[49m[0m
[0m[42m[30m[39m[49m [46m[PACKAGE][49m [42m[30mVers. : 1.2.05sch • PEX Update[39m[49m[0m
[0m[42m[30m[39m[49m [46m[PACKAGE][49m [42m[30mPatch Note. : **[PN_13-03-2025]** La version 1.2.01sc modifie les messages shift et patch la commande /clear.,[39m[49m[0m
[0m[42m[30m**[PN_14-03-2025]** La version 1.2.05sch modifie la commande /help pour ajouter des commandes spéciales.[39m[49m[0m
[0m[42m[30m[39m[49m[0m
[104m2025-03-18T17:18:31.414Z [CLIENT DISCORD] [49m[0m[42m[30mChargement des informations du package-lock.[39m[49m[0m
[0m[42m[30m[39m[49m [46m[PACKAGE-LOCK][49m [42m[30mDepd. : [object Object][39m[49m[0m
[0m[42m[30m[39m[49m [46m[PACKAGE-LOCK][49m [42m[30mLisc. : ISC[39m[49m[0m
[0m[42m[30m[39m[49m [46m[PACKAGE-LOCK][49m [42m[30mName. : catherine[39m[49m[0m
[0m[42m[30m[39m[49m [46m[PACKAGE-LOCK][49m [42m[30mVers. : 1.2.05sch • PEX Update[39m[49m[0m
[0m[42m[30m[39m[49m[0m
[104m2025-03-18T17:18:31.414Z [CLIENT DISCORD] [49m[0m[34m==============================[39m[0m
[104m2025-03-18T17:18:31.414Z [CLIENT DISCORD] [49m[0m[32m🚀 Démarrage du bot...[39m[0m
[104m2025-03-18T17:18:31.414Z [CLIENT DISCORD] [49m[0m[33m🔗 Connexion à Discord API...[39m[0m
[104m2025-03-18T17:18:31.414Z [CLIENT DISCORD] [49m[0m[36m✅ Bot RP en ligne ! Connecté en tant que LSSD Bot#8045[39m[0m
[104m2025-03-18T17:18:31.414Z [CLIENT DISCORD] [49m[0m[34m==============================[39m[0m
[0m[34m[39m[0m
[104m2025-03-18T17:18:31.414Z [CLIENT DISCORD] [49m[0mGuild récupéré :  Los Santos Sheriff Dept.[0m
[104m2025-03-18T17:18:31.414Z [CLIENT DISCORD] [49m[0mCommandes existantes :  music, info, pex, openservice, infoshift, recruit, help, ban, ticket, shutdown, userinfo, send, clear, kick, warn, mute, rename, shift, promote[0m
[106m2025-03-18T17:18:31.414Z [NOTIFY] Arguments passés : [33mAucun[39m[49m
[106m2025-03-18T17:18:31.414Z [NOTIFY] Aucun mode de lancement reconnue.[49m
[104m2025-03-18T17:22:57.905Z [CLIENT DISCORD] [49m[0mLes modules  [32mloggers[39m [0m[0m ont correctement été exporté.[0m[0m[0m
[104m2025-03-18T17:22:57.905Z [CLIENT DISCORD] [49m[0mLes modules  [32mutils.js[39m [0m[0m ont correctement été exporté.[0m[0m[0m
[104m2025-03-18T17:22:57.905Z [CLIENT DISCORD] [49m[0mL'interaction  [32mcommands.js[39m [0m[0m ont correctement été exporté.[0m[0m[0m
[104m2025-03-18T17:22:57.905Z [CLIENT DISCORD] [49m[0mL'interaction  [32mbuttons.js[39m [0m[0m ont correctement été exporté.[0m[0m[0m
[104m2025-03-18T17:22:57.905Z [CLIENT DISCORD] [49m[0mL'interaction  [32mmodals.js[39m [0m[0m ont correctement été exporté.[0m[0m[0m
[45m2025-03-18T17:22:57.905Z [DEBUG] Hi !![49m
[104m2025-03-18T17:22:57.905Z [CLIENT DISCORD] [49m[0m[42m[30mChargement du fichier index.js[39m[49m[0m
[104m2025-03-18T17:22:57.905Z [CLIENT DISCORD] [49m[0m[42m[30mChargement des informations du package.[39m[49m[0m
[0m[42m[30m[39m[49m [46m[PACKAGE][49m [32mAuth. : François 🌺[39m[0m
[0m[32m[39m [46m[PACKAGE][49m [32mDepd. : @discordjs/voice, axios, chalk, discord.js, fs, play-dl, yt-search, ytdl-core, ytdl-core-discord[39m[0m
[0m[32m[39m [46m[PACKAGE][49m [32mDesc. : The official bot of LSSD.[39m[0m
[0m[32m[39m [46m[PACKAGE][49m [32mLisc. : ISC[39m[0m
[0m[32m[39m [46m[PACKAGE][49m [32mMain. : index.js[39m[0m
[0m[32m[39m [46m[PACKAGE][49m [32mName. : catherine[39m[0m
[0m[32m[39m [46m[PACKAGE][49m [32mScrp. : [object Object][39m[0m
[0m[32m[39m [46m[PACKAGE][49m [32mVers. : 1.2.05sch • PEX Update[39m[0m
[0m[32m[39m [46m[PACKAGE][49m [32mPatch Note. : **[PN_13-03-2025]** La version 1.2.01sc modifie les messages shift et patch la commande /clear.,[39m[0m
[0m[32m**[PN_14-03-2025]** La version 1.2.05sch modifie la commande /help pour ajouter des commandes spéciales.[39m[0m
[0m[32m[39m[0m
[104m2025-03-18T17:22:57.905Z [CLIENT DISCORD] [49m[0m[42m[30mChargement des informations du package-lock.[39m[49m[0m
[0m[42m[30m[39m[49m [46m[PACKAGE-LOCK][49m [32mDepd. : [object Object][39m[0m
[0m[32m[39m [46m[PACKAGE-LOCK][49m [32mLisc. : ISC[39m[0m
[0m[32m[39m [46m[PACKAGE-LOCK][49m [32mName. : catherine[39m[0m
[0m[32m[39m [46m[PACKAGE-LOCK][49m [32mVers. : 1.2.05sch • PEX Update[39m[0m
[0m[32m[39m[0m
[104m2025-03-18T17:22:57.905Z [CLIENT DISCORD] [49m[0m[34m==============================[39m[0m
[104m2025-03-18T17:22:57.905Z [CLIENT DISCORD] [49m[0m[32m🚀 Démarrage du bot...[39m[0m
[104m2025-03-18T17:22:57.905Z [CLIENT DISCORD] [49m[0m[33m🔗 Connexion à Discord API...[39m[0m
[104m2025-03-18T17:22:57.905Z [CLIENT DISCORD] [49m[0m[36m✅ Bot RP en ligne ! Connecté en tant que LSSD Bot#8045[39m[0m
[104m2025-03-18T17:22:57.905Z [CLIENT DISCORD] [49m[0m[34m==============================[39m[0m
[0m[34m[39m[0m
[104m2025-03-18T17:22:57.905Z [CLIENT DISCORD] [49m[0mGuild récupéré :  Los Santos Sheriff Dept.[0m
[104m2025-03-18T17:22:57.905Z [CLIENT DISCORD] [49m[0mCommandes existantes :  music, info, pex, openservice, infoshift, recruit, help, ban, ticket, shutdown, userinfo, send, clear, kick, warn, mute, rename, shift, promote[0m
[106m2025-03-18T17:22:57.905Z [NOTIFY] Arguments passés : [33mAucun[39m[49m
[106m2025-03-18T17:22:57.905Z [NOTIFY] Aucun mode de lancement reconnue.[49m
[104m2025-03-18T17:22:57.905Z [CLIENT DISCORD] [49m[0m[94m[COMAND][39m [32mfrancois.piano[39m [0m[0ma éxécuté la commande [0m[0m [32mopenservice[39m [0m[0mdans[0m[0m [32m👥-présence[39m[0m
[104m2025-03-18T17:22:57.905Z [CLIENT DISCORD] [49m[0m[42m✅ Utilisateur 449432156595552257 bypass les permissions.[49m[0m
[41m2025-03-18T17:22:57.905Z [ERROR] (node:20912) Warning: Supplying "fetchReply" for interaction response options is deprecated. Utilize "withResponse" instead or fetch the response after using the method.[49m
[41m(Use `node --trace-warnings ...` to show where the warning was created)[49m
[104m2025-03-18T17:22:57.905Z [CLIENT DISCORD] [49m[0m✅ Données stockées : [object Object][0m
[104m2025-03-18T17:22:57.905Z [CLIENT DISCORD] [49m[0m✅ Données stockées : [object Object][0m
[104m2025-03-18T17:22:57.905Z [CLIENT DISCORD] [49m[0m🔵 Interaction détectée : yes[0m
[104m2025-03-18T17:22:57.905Z [CLIENT DISCORD] [49m[0m🟢 clientData trouvé : [object Object][0m
[104m2025-03-18T17:22:57.905Z [CLIENT DISCORD] [49m[0m1351612729038999564[0m
[104m2025-03-18T17:22:57.905Z [CLIENT DISCORD] [49m[0m1351612729038999564 [object Object][0m
[104m2025-03-18T17:22:57.905Z [CLIENT DISCORD] [49m[0m📌 ID du message enregistré : 1351612729038999564[0m
[104m2025-03-18T17:22:57.905Z [CLIENT DISCORD] [49m[0m📌 ID du message de l'interaction : 1351612729038999564[0m
[104m2025-03-18T17:22:57.905Z [CLIENT DISCORD] [49m[0m🟢 Avant modification des participants : [object Object][0m
[104m2025-03-18T17:22:57.905Z [CLIENT DISCORD] [49m[0m🟢 Après modification des participants : [object Object][0m
[104m2025-03-18T17:22:57.905Z [CLIENT DISCORD] [49m[0m🟢 Embed mis à jour : [object Object][0m
[104m2025-03-18T17:22:57.905Z [CLIENT DISCORD] [49m[0m[BUTTON] mathiieeuu a exécuté l'interaction bouton yes dans 1347963262892904469[0m
[104m2025-03-18T17:22:57.905Z [CLIENT DISCORD] [49m[0m🔵 Interaction détectée : maybe[0m
[104m2025-03-18T17:22:57.905Z [CLIENT DISCORD] [49m[0m🟢 clientData trouvé : [object Object][0m
[104m2025-03-18T17:22:57.905Z [CLIENT DISCORD] [49m[0m1351612729038999564[0m
[104m2025-03-18T17:22:57.905Z [CLIENT DISCORD] [49m[0m1351612729038999564 [object Object][0m
[104m2025-03-18T17:22:57.905Z [CLIENT DISCORD] [49m[0m📌 ID du message enregistré : 1351612729038999564[0m
[104m2025-03-18T17:22:57.905Z [CLIENT DISCORD] [49m[0m📌 ID du message de l'interaction : 1351612729038999564[0m
[104m2025-03-18T17:22:57.905Z [CLIENT DISCORD] [49m[0m🟢 Avant modification des participants : [object Object][0m
[104m2025-03-18T17:22:57.905Z [CLIENT DISCORD] [49m[0m🟢 Après modification des participants : [object Object][0m
[104m2025-03-18T17:22:57.905Z [CLIENT DISCORD] [49m[0m🟢 Embed mis à jour : [object Object][0m
[104m2025-03-18T17:22:57.905Z [CLIENT DISCORD] [49m[0m[BUTTON] francois.piano a exécuté l'interaction bouton maybe dans 1347963262892904469[0m
[104m2025-03-18T17:22:57.905Z [CLIENT DISCORD] [49m[0m🔵 Interaction détectée : maybe[0m
[104m2025-03-18T17:22:57.905Z [CLIENT DISCORD] [49m[0m🟢 clientData trouvé : [object Object][0m
[104m2025-03-18T17:22:57.905Z [CLIENT DISCORD] [49m[0m1351612729038999564[0m
[104m2025-03-18T17:22:57.905Z [CLIENT DISCORD] [49m[0m1351612729038999564 [object Object][0m
[104m2025-03-18T17:22:57.905Z [CLIENT DISCORD] [49m[0m📌 ID du message enregistré : 1351612729038999564[0m
[104m2025-03-18T17:22:57.905Z [CLIENT DISCORD] [49m[0m📌 ID du message de l'interaction : 1350481234530140220[0m
[104m2025-03-18T17:22:57.905Z [CLIENT DISCORD] [49m[0m🔴 Le message de l'interaction ne correspond pas ![0m
[104m2025-03-18T17:22:57.905Z [CLIENT DISCORD] [49m[0m[BUTTON] francois.piano a exécuté l'interaction bouton maybe dans 1347963262892904469[0m
[104m2025-03-18T17:22:57.905Z [CLIENT DISCORD] [49m[0m🔵 Interaction détectée : no[0m
[104m2025-03-18T17:22:57.905Z [CLIENT DISCORD] [49m[0m🟢 clientData trouvé : [object Object][0m
[104m2025-03-18T17:22:57.905Z [CLIENT DISCORD] [49m[0m1351612729038999564[0m
[104m2025-03-18T17:22:57.905Z [CLIENT DISCORD] [49m[0m1351612729038999564 [object Object][0m
[104m2025-03-18T17:22:57.905Z [CLIENT DISCORD] [49m[0m📌 ID du message enregistré : 1351612729038999564[0m
[104m2025-03-18T17:22:57.905Z [CLIENT DISCORD] [49m[0m📌 ID du message de l'interaction : 1351612729038999564[0m
[104m2025-03-18T17:22:57.905Z [CLIENT DISCORD] [49m[0m🟢 Avant modification des participants : [object Object][0m
[104m2025-03-18T17:22:57.905Z [CLIENT DISCORD] [49m[0m🟢 Après modification des participants : [object Object][0m
[104m2025-03-18T17:22:57.905Z [CLIENT DISCORD] [49m[0m🟢 Embed mis à jour : [object Object][0m
[104m2025-03-18T17:22:57.905Z [CLIENT DISCORD] [49m[0m[BUTTON] .darkodin92 a exécuté l'interaction bouton no dans 1347963262892904469[0m
