[2025-03-10T18:36:15.920Z] [42m[31mChargement du fichier index.js[39m[49m
[2025-03-10T18:36:16.838Z] [34m[39m
[34m==============================[39m
[2025-03-10T18:36:16.838Z] [32m🚀 Démarrage du bot...[39m
[2025-03-10T18:36:16.838Z] [33m🔗 Connexion à Discord API...[39m
[2025-03-10T18:36:16.839Z] [36m✅ Bot RP en ligne ! Connecté en tant que Catherine#3469[39m
[2025-03-10T18:36:16.839Z] [34m==============================[39m
[34m[39m
[2025-03-10T18:36:17.032Z] [object Map]
[2025-03-10T18:36:17.032Z] Aucune commande trouvée. Enregistrement des commandes...
[2025-03-10T18:36:17.033Z] ✅ Commandes enregistrées pour le serveur !
[2025-03-10T18:47:15.677Z] [94m[MESSAGE_SENT][39m [32mmathiieeuu[39m [0ma envoyé[0m [32mCi-dessous vous trouverez u  tuto vidéo vous montrant comment se mettre disponible par appel, les au joueurs pourront vous appelez directement.[39m
[2025-03-10T18:47:47.478Z] [94m[MESSAGE_SENT][39m [32mmathiieeuu[39m [0ma envoyé[0m [32m<@&1259234502866108456>[39m
[2025-03-10T18:47:50.360Z] [94m[MESSAGE_REMOVE][39m [32mmathiieeuu[39m [0ma supprimé[0m [32m<@&1259234502866108456>[39m
[2025-03-10T18:48:29.745Z] [94m[MESSAGE_SENT][39m [32mmathiieeuu[39m [0ma envoyé[0m [32m__(à faire à chaque début de patrouille)__[39m
[2025-03-10T18:48:52.847Z] [42m[31mChargement du fichier index.js[39m[49m
[2025-03-10T18:49:09.682Z] [34m[39m
[34m==============================[39m
[2025-03-10T18:49:09.683Z] [32m🚀 Démarrage du bot...[39m
[2025-03-10T18:49:09.683Z] [33m🔗 Connexion à Discord API...[39m
[2025-03-10T18:49:09.684Z] [36m✅ Bot RP en ligne ! Connecté en tant que Catherine#3469[39m
[2025-03-10T18:49:09.684Z] [34m==============================[39m
[34m[39m
[2025-03-10T18:49:09.960Z] [object Map]
[2025-03-10T18:49:09.960Z] Aucune commande trouvée. Enregistrement des commandes...
[2025-03-10T18:49:09.961Z] ✅ Commandes enregistrées pour le serveur !
[2025-03-10T19:01:58.161Z] [COMMAND] francois.piano a exécuté la commande shift dans 1344736680137199675
[2025-03-10T19:01:58.162Z] ✅ Utilisateur 449432156595552257 bypass les permissions.
[2025-03-10T19:07:55.518Z] [COMMAND] mathiieeuu a exécuté la commande shift dans 1344736680137199675
[2025-03-10T19:07:55.539Z] [ERROR] ❌ Erreur critique : ReferenceError: commandInPex is not defined
[2025-03-10T19:08:12.426Z] [COMMAND] mathiieeuu a exécuté la commande shift dans 1344736680137199675
[2025-03-10T19:08:12.435Z] [ERROR] ❌ Erreur critique : ReferenceError: commandInPex is not defined
[2025-03-10T19:10:23.818Z] [42m[31mChargement du fichier index.js[39m[49m
[2025-03-10T19:11:12.736Z] [34m[39m
[34m==============================[39m
[2025-03-10T19:11:12.737Z] [32m🚀 Démarrage du bot...[39m
[2025-03-10T19:11:12.738Z] [33m🔗 Connexion à Discord API...[39m
[2025-03-10T19:11:12.739Z] [36m✅ Bot RP en ligne ! Connecté en tant que Catherine#3469[39m
[2025-03-10T19:11:12.739Z] [34m==============================[39m
[34m[39m
[2025-03-10T19:11:13.010Z] [object Map]
[2025-03-10T19:11:13.010Z] Aucune commande trouvée. Enregistrement des commandes...
[2025-03-10T19:11:13.011Z] ✅ Commandes enregistrées pour le serveur !
[2025-03-10T19:12:07.277Z] [42m[31mChargement du fichier index.js[39m[49m
[2025-03-10T19:12:08.448Z] [34m[39m
[34m==============================[39m
[2025-03-10T19:12:08.449Z] [32m🚀 Démarrage du bot...[39m
[2025-03-10T19:12:08.450Z] [33m🔗 Connexion à Discord API...[39m
[2025-03-10T19:12:08.451Z] [36m✅ Bot RP en ligne ! Connecté en tant que Catherine#3469[39m
[2025-03-10T19:12:08.451Z] [34m==============================[39m
[34m[39m
[2025-03-10T19:12:08.671Z] [object Map]
[2025-03-10T19:12:08.672Z] Aucune commande trouvée. Enregistrement des commandes...
[2025-03-10T19:12:08.672Z] ✅ Commandes enregistrées pour le serveur !
[2025-03-10T19:12:19.608Z] [COMMAND] mathiieeuu a exécuté la commande shift dans 1344736680137199675
[2025-03-10T19:12:19.609Z] La commande shift ne requiert pas de permission.
[2025-03-10T19:12:36.360Z] [ACTION BUTTON] cmd of command /ticket has been used.
[2025-03-10T19:12:36.360Z] 45
[2025-03-10T19:12:36.363Z] [BUTTON] _asobrab_ a exécuté l'interaction bouton cmd dans 1252239174610718782
[2025-03-10T19:12:36.973Z] [ACTION BUTTON] New channel create
[2025-03-10T19:13:12.184Z] [94m[MESSAGE_SENT][39m [32mmathiieeuu[39m [0ma envoyé[0m [32mCi-dessous vous trouverez un tuto afin d'installer des son armes et sirènes réalistes pour __FIVEM__.[39m
[2025-03-10T19:13:13.139Z] [94m[MESSAGE_SENT][39m [32m_asobrab_[39m [0ma envoyé[0m [32mhttps://docs.google.com/spreadsheets/d/18WS71QmQ08R-tPGyvvm9RuINI6hxt02gSUDgffzJQKo/edit?gid=0#gid=0[39m
[2025-03-10T19:13:51.098Z] [94m[MESSAGE_SENT][39m [32mfrancois.piano[39m [0ma envoyé[0m [32mnull[39m
[2025-03-10T19:14:15.856Z] [94m[MESSAGE_SENT][39m [32mfrancois.piano[39m [0ma envoyé[0m [32mExcusez nous mais nous avons ce p'tit pb ![39m
[2025-03-10T19:14:23.970Z] [94m[MESSAGE_SENT][39m [32m_asobrab_[39m [0ma envoyé[0m [32mhttps://docs.google.com/document/d/1y3NMIzpm8HtHQXrDSCxcPrr8s5iieLg2qmS5njk6JqA/edit?tab=t.0#heading=h.1mu646kku8he[39m
[2025-03-10T19:14:40.722Z] [94m[MESSAGE_SENT][39m [32mfrancois.piano[39m [0ma envoyé[0m [32mMerc bien ![39m
[2025-03-10T19:14:46.710Z] [94m[MESSAGE_SENT][39m [32mfrancois.piano[39m [0ma envoyé[0m [32m<@729389796270800948> <@794334752165330964>[39m
[2025-03-10T19:15:39.091Z] [94m[MESSAGE_SENT][39m [32mmathiieeuu[39m [0ma envoyé[0m [32mPremière étape, aller dans le dossier de grand theft auto.[39m
[2025-03-10T19:16:08.447Z] [94m[MESSAGE_SENT][39m [32mmathiieeuu[39m [0ma envoyé[0m [32mDouble cliquez sur x64.[39m
[2025-03-10T19:16:43.975Z] [94m[MESSAGE_SENT][39m [32mmathiieeuu[39m [0ma envoyé[0m [32mDouble cliquez sur audio.[39m
[2025-03-10T19:17:07.489Z] [94m[MESSAGE_SENT][39m [32mmathiieeuu[39m [0ma envoyé[0m [32mDouble cliquez sur "sfx".[39m
[2025-03-10T19:32:51.617Z] [42m[31mChargement du fichier index.js[39m[49m
[2025-03-10T19:32:52.707Z] [34m[39m
[34m==============================[39m
[2025-03-10T19:32:52.708Z] [32m🚀 Démarrage du bot...[39m
[2025-03-10T19:32:52.710Z] [33m🔗 Connexion à Discord API...[39m
[2025-03-10T19:32:52.712Z] [36m✅ Bot RP en ligne ! Connecté en tant que Catherine#3469[39m
[2025-03-10T19:32:52.715Z] [34m==============================[39m
[34m[39m
[2025-03-10T19:32:52.932Z] [object Map]
[2025-03-10T19:32:52.933Z] Aucune commande trouvée. Enregistrement des commandes...
[2025-03-10T19:32:52.933Z] ✅ Commandes enregistrées pour le serveur !
[2025-03-10T19:46:18.499Z] [94m[MESSAGE_SENT][39m [32mmathiieeuu[39m [0ma envoyé[0m [32mtélécharger ces fichiers (https://mega.nz/folder/WDIFRYwR#WPUcCZQqL7-81J3Y8QY7pQ) et l'est mettre dans le dossier "sfx"[39m
[2025-03-10T19:48:05.993Z] [94m[MESSAGE_SENT][39m [32mmathiieeuu[39m [0ma envoyé[0m [32mtélécharger ces fichiers (https://mega.nz/folder/WDIFRYwR#WPUcCZQqL7-81J3Y8QY7pQ) et l'est mettre dans le dossier "sfx"[39m
[2025-03-10T19:48:10.177Z] [94m[MESSAGE_REMOVE][39m [32mmathiieeuu[39m [0ma supprimé[0m [32mtélécharger ces fichiers (https://mega.nz/folder/WDIFRYwR#WPUcCZQqL7-81J3Y8QY7pQ) et l'est mettre dans le dossier "sfx"[39m
[2025-03-10T19:55:51.967Z] [42m[31mChargement du fichier index.js[39m[49m
[2025-03-10T19:55:53.195Z] [34m[39m
[34m==============================[39m
[2025-03-10T19:55:53.199Z] [32m🚀 Démarrage du bot...[39m
[2025-03-10T19:55:53.202Z] [33m🔗 Connexion à Discord API...[39m
[2025-03-10T19:55:53.203Z] [36m✅ Bot RP en ligne ! Connecté en tant que Catherine#3469[39m
[2025-03-10T19:55:53.205Z] [34m==============================[39m
[34m[39m
[2025-03-10T19:55:53.443Z] [object Map]
[2025-03-10T19:55:53.447Z] Aucune commande trouvée. Enregistrement des commandes...
[2025-03-10T19:55:53.449Z] ✅ Commandes enregistrées pour le serveur !
[2025-03-10T19:55:53.560Z] Ticket ID 1348735507420549220 a été vérouillé dans la console.
[2025-03-10T19:55:53.564Z] [TICKET] Ticket Vérouillé
[2025-03-10T19:55:53.595Z] [BUTTON] francois.piano a exécuté l'interaction bouton lock dans 1348735507420549220
[2025-03-10T19:56:08.798Z] [94m[MESSAGE_SENT][39m [32mmathiieeuu[39m [0ma envoyé[0m [32mConnectez vous en jeu, voilà vous avez des son de véhicules d'armes et de sirènes réaliste ![39m
[2025-03-10T20:32:55.947Z] [ERROR] Erreur lors de la lecture du fichier pex.json : TypeError [ERR_INVALID_ARG_TYPE]: The "path" argument must be of type string or an instance of Buffer or URL. Received an instance of Object
[2025-03-10T20:32:56.123Z] [42m[31mChargement du fichier index.js[39m[49m
[2025-03-10T20:32:57.144Z] [34m[39m
[34m==============================[39m
[2025-03-10T20:32:57.145Z] [32m🚀 Démarrage du bot...[39m
[2025-03-10T20:32:57.146Z] [33m🔗 Connexion à Discord API...[39m
[2025-03-10T20:32:57.148Z] [36m✅ Bot RP en ligne ! Connecté en tant que Catherine#3469[39m
[2025-03-10T20:32:57.149Z] [34m==============================[39m
[34m[39m
[2025-03-10T20:32:57.422Z] [object Map]
[2025-03-10T20:32:57.423Z] Aucune commande trouvée. Enregistrement des commandes...
[2025-03-10T20:32:57.425Z] ✅ Commandes enregistrées pour le serveur !
[2025-03-10T20:37:03.905Z] [ERROR] Erreur lors de la lecture du fichier pex.json : Error: Le fichier pex.json est introuvable.
[2025-03-10T20:37:03.966Z] [42m[31mChargement du fichier index.js[39m[49m
[2025-03-10T20:37:05.023Z] [34m[39m
[34m==============================[39m
[2025-03-10T20:37:05.024Z] [32m🚀 Démarrage du bot...[39m
[2025-03-10T20:37:05.025Z] [33m🔗 Connexion à Discord API...[39m
[2025-03-10T20:37:05.048Z] [36m✅ Bot RP en ligne ! Connecté en tant que Catherine#3469[39m
[2025-03-10T20:37:05.049Z] [34m==============================[39m
[34m[39m
[2025-03-10T20:37:05.295Z] [object Map]
[2025-03-10T20:37:05.296Z] Aucune commande trouvée. Enregistrement des commandes...
[2025-03-10T20:37:05.297Z] ✅ Commandes enregistrées pour le serveur !
[2025-03-10T20:40:34.386Z] [42m[31mChargement du fichier index.js[39m[49m
[2025-03-10T20:40:35.316Z] [34m[39m
[34m==============================[39m
[2025-03-10T20:40:35.317Z] [32m🚀 Démarrage du bot...[39m
[2025-03-10T20:40:35.319Z] [33m🔗 Connexion à Discord API...[39m
[2025-03-10T20:40:35.321Z] [36m✅ Bot RP en ligne ! Connecté en tant que Catherine#3469[39m
[2025-03-10T20:40:35.321Z] [34m==============================[39m
[34m[39m
[2025-03-10T20:40:35.552Z] [object Map]
[2025-03-10T20:40:35.553Z] Aucune commande trouvée. Enregistrement des commandes...
[2025-03-10T20:40:35.554Z] ✅ Commandes enregistrées pour le serveur !
[2025-03-10T20:49:33.339Z] [94m[MESSAGE_SENT][39m [32mmathiieeuu[39m [0ma envoyé[0m [32m<@&1259234502866108456>[39m
[2025-03-10T20:49:35.876Z] [94m[MESSAGE_REMOVE][39m [32mmathiieeuu[39m [0ma supprimé[0m [32m<@&1259234502866108456>[39m
[2025-03-10T20:50:30.652Z] [94m[MESSAGE_SENT][39m [32mfrancois.piano[39m [0ma envoyé[0m [32mnull[39m
[2025-03-10T20:50:31.016Z] [94m[MESSAGE_SENT][39m [32mfrancois.piano[39m [0ma envoyé[0m [32mc'est obligatoire ton truc ?[39m
[2025-03-10T20:50:49.968Z] [94m[MESSAGE_SENT][39m [32mmathiieeuu[39m [0ma envoyé[0m [32mnon mais c'est conseillé[39m
[2025-03-10T20:51:09.192Z] [94m[MESSAGE_SENT][39m [32mmathiieeuu[39m [0ma envoyé[0m [32mpour avoir des sons sympa sinon c'est les trucs de base du jeu perso je trouve ça  horrible[39m
[2025-03-10T20:53:39.618Z] [42m[31mChargement du fichier index.js[39m[49m
[2025-03-10T20:53:40.852Z] [34m[39m
[34m==============================[39m
[2025-03-10T20:53:40.853Z] [32m🚀 Démarrage du bot...[39m
[2025-03-10T20:53:40.854Z] [33m🔗 Connexion à Discord API...[39m
[2025-03-10T20:53:40.855Z] [36m✅ Bot RP en ligne ! Connecté en tant que Catherine#3469[39m
[2025-03-10T20:53:40.856Z] [34m==============================[39m
[34m[39m
[2025-03-10T20:53:41.108Z] [object Map]
[2025-03-10T20:53:41.109Z] Aucune commande trouvée. Enregistrement des commandes...
[2025-03-10T20:53:41.110Z] ✅ Commandes enregistrées pour le serveur !
[2025-03-10T20:53:47.571Z] [42m[31mChargement du fichier index.js[39m[49m
[2025-03-10T20:53:48.683Z] [34m[39m
[34m==============================[39m
[2025-03-10T20:53:48.685Z] [32m🚀 Démarrage du bot...[39m
[2025-03-10T20:53:48.686Z] [33m🔗 Connexion à Discord API...[39m
[2025-03-10T20:53:48.688Z] [36m✅ Bot RP en ligne ! Connecté en tant que Catherine#3469[39m
[2025-03-10T20:53:48.689Z] [34m==============================[39m
[34m[39m
[2025-03-10T20:53:48.881Z] [object Map]
[2025-03-10T20:53:48.883Z] Aucune commande trouvée. Enregistrement des commandes...
[2025-03-10T20:53:48.885Z] ✅ Commandes enregistrées pour le serveur !
[2025-03-10T21:02:41.764Z] [94m[MESSAGE_SENT][39m [32mmathiieeuu[39m [0ma envoyé[0m [32mnull[39m
[2025-03-10T21:03:00.781Z] [94m[MESSAGE_SENT][39m [32mmathiieeuu[39m [0ma envoyé[0m [32mnull[39m
[2025-03-10T21:45:32.173Z] [COMMAND] francois.piano a exécuté la commande shift dans 1344736680137199675
[2025-03-10T21:45:32.319Z] ✅ Utilisateur 449432156595552257 bypass les permissions.
[2025-03-10T21:45:32.407Z] [ERROR] ❌ Erreur critique : ReferenceError: commandName is not defined
[2025-03-10T21:49:04.926Z] [42m[31mChargement du fichier index.js[39m[49m
[2025-03-10T21:49:06.350Z] [34m[39m
[34m==============================[39m
[2025-03-10T21:49:06.351Z] [32m🚀 Démarrage du bot...[39m
[2025-03-10T21:49:06.351Z] [33m🔗 Connexion à Discord API...[39m
[2025-03-10T21:49:06.363Z] [36m✅ Bot RP en ligne ! Connecté en tant que Catherine#3469[39m
[2025-03-10T21:49:06.365Z] [34m==============================[39m
[34m[39m
[2025-03-10T21:49:06.565Z] [object Map]
[2025-03-10T21:49:06.583Z] Aucune commande trouvée. Enregistrement des commandes...
[2025-03-10T21:49:06.584Z] ✅ Commandes enregistrées pour le serveur !
[2025-03-10T21:49:09.314Z] [COMMAND] francois.piano a exécuté la commande shift dans 1344736680137199675
[2025-03-10T21:49:09.314Z] ✅ Utilisateur 449432156595552257 bypass les permissions.
[2025-03-10T21:49:09.317Z] [ERROR] ❌ Erreur critique : ReferenceError: commandName is not defined
[2025-03-10T21:51:07.198Z] [42m[31mChargement du fichier index.js[39m[49m
[2025-03-10T21:51:08.133Z] [34m[39m
[34m==============================[39m
[2025-03-10T21:51:08.134Z] [32m🚀 Démarrage du bot...[39m
[2025-03-10T21:51:08.135Z] [33m🔗 Connexion à Discord API...[39m
[2025-03-10T21:51:08.135Z] [36m✅ Bot RP en ligne ! Connecté en tant que Catherine#3469[39m
[2025-03-10T21:51:08.136Z] [34m==============================[39m
[34m[39m
[2025-03-10T21:51:08.385Z] [object Map]
[2025-03-10T21:51:08.385Z] Aucune commande trouvée. Enregistrement des commandes...
[2025-03-10T21:51:08.386Z] ✅ Commandes enregistrées pour le serveur !
[2025-03-10T21:51:12.769Z] [COMMAND] francois.piano a exécuté la commande shift dans 1344736680137199675
[2025-03-10T21:51:12.770Z] ✅ Utilisateur 449432156595552257 bypass les permissions.
[2025-03-10T21:51:32.591Z] [42m[31mChargement du fichier index.js[39m[49m
[2025-03-10T21:51:33.485Z] [34m[39m
[34m==============================[39m
[2025-03-10T21:51:33.486Z] [32m🚀 Démarrage du bot...[39m
[2025-03-10T21:51:33.486Z] [33m🔗 Connexion à Discord API...[39m
[2025-03-10T21:51:33.487Z] [36m✅ Bot RP en ligne ! Connecté en tant que Catherine#3469[39m
[2025-03-10T21:51:33.487Z] [34m==============================[39m
[34m[39m
[2025-03-10T21:51:33.679Z] [object Map]
[2025-03-10T21:51:33.680Z] Aucune commande trouvée. Enregistrement des commandes...
[2025-03-10T21:51:33.681Z] ✅ Commandes enregistrées pour le serveur !
[2025-03-10T21:51:38.085Z] [COMMAND] francois.piano a exécuté la commande shift dans 1344736680137199675
[2025-03-10T21:51:38.085Z] ✅ Utilisateur 449432156595552257 bypass les permissions.
[2025-03-10T21:51:50.606Z] [94m[MESSAGE_SENT][39m [32mfrancois.piano[39m [0ma envoyé[0m [32mdont 2 à régler des bugs[39m
[2025-03-10T21:52:00.061Z] [42m[31mChargement du fichier index.js[39m[49m
[2025-03-10T21:52:01.020Z] [34m[39m
[34m==============================[39m
[2025-03-10T21:52:01.021Z] [32m🚀 Démarrage du bot...[39m
[2025-03-10T21:52:01.022Z] [33m🔗 Connexion à Discord API...[39m
[2025-03-10T21:52:01.022Z] [36m✅ Bot RP en ligne ! Connecté en tant que Catherine#3469[39m
[2025-03-10T21:52:01.023Z] [34m==============================[39m
[34m[39m
[2025-03-10T21:52:01.241Z] [object Map]
[2025-03-10T21:52:01.242Z] Aucune commande trouvée. Enregistrement des commandes...
[2025-03-10T21:52:01.243Z] ✅ Commandes enregistrées pour le serveur !
[2025-03-10T21:55:27.264Z] [42m[31mChargement du fichier index.js[39m[49m
[2025-03-10T21:55:28.352Z] [34m[39m
[34m==============================[39m
[2025-03-10T21:55:28.353Z] [32m🚀 Démarrage du bot...[39m
[2025-03-10T21:55:28.354Z] [33m🔗 Connexion à Discord API...[39m
[2025-03-10T21:55:28.354Z] [36m✅ Bot RP en ligne ! Connecté en tant que Catherine#3469[39m
[2025-03-10T21:55:28.355Z] [34m==============================[39m
[34m[39m
[2025-03-10T21:55:28.548Z] [object Map]
[2025-03-10T21:55:28.548Z] Aucune commande trouvée. Enregistrement des commandes...
[2025-03-10T21:55:28.576Z] ✅ Commandes enregistrées pour le serveur !
[2025-03-10T21:56:18.460Z] [104m[CLIENT DISCORD] [49m[0m[42m[31mChargement du fichier index.js[39m[49m[0m
[2025-03-10T21:56:19.635Z] [104m[CLIENT DISCORD] [49m[0m[34m[39m[0m
[0m[34m==============================[39m[0m
[2025-03-10T21:56:19.635Z] [104m[CLIENT DISCORD] [49m[0m[32m🚀 Démarrage du bot...[39m[0m
[2025-03-10T21:56:19.637Z] [104m[CLIENT DISCORD] [49m[0m[33m🔗 Connexion à Discord API...[39m[0m
[2025-03-10T21:56:19.637Z] [104m[CLIENT DISCORD] [49m[0m[36m✅ Bot RP en ligne ! Connecté en tant que Catherine#3469[39m[0m
[2025-03-10T21:56:19.638Z] [104m[CLIENT DISCORD] [49m[0m[34m==============================[39m[0m
[0m[34m[39m[0m
[2025-03-10T21:56:19.845Z] [104m[CLIENT DISCORD] [49m[0m[object Map][0m
[2025-03-10T21:56:19.846Z] [104m[CLIENT DISCORD] [49m[0mAucune commande trouvée. Enregistrement des commandes...[0m
[2025-03-10T21:56:19.846Z] [104m[CLIENT DISCORD] [49m[0m✅ Commandes enregistrées pour le serveur ![0m
[2025-03-10T21:56:47.666Z] [104m[CLIENT DISCORD] [49m[0m[42m[31mChargement du fichier index.js[39m[49m[0m
[2025-03-10T21:56:48.710Z] [104m[CLIENT DISCORD] [49m[0m[34m[39m[0m
[0m[34m==============================[39m[0m
[2025-03-10T21:56:48.710Z] [104m[CLIENT DISCORD] [49m[0m[32m🚀 Démarrage du bot...[39m[0m
[2025-03-10T21:56:48.711Z] [104m[CLIENT DISCORD] [49m[0m[33m🔗 Connexion à Discord API...[39m[0m
[2025-03-10T21:56:48.712Z] [104m[CLIENT DISCORD] [49m[0m[36m✅ Bot RP en ligne ! Connecté en tant que Catherine#3469[39m[0m
[2025-03-10T21:56:48.712Z] [104m[CLIENT DISCORD] [49m[0m[34m==============================[39m[0m
[0m[34m[39m[0m
[2025-03-10T21:56:48.937Z] [104m[CLIENT DISCORD] [49m[0m[object Map][0m
[2025-03-10T21:56:48.938Z] [104m[CLIENT DISCORD] [49m[0mAucune commande trouvée. Enregistrement des commandes...[0m
[2025-03-10T21:56:48.939Z] [104m[CLIENT DISCORD] [49m[0m✅ Commandes enregistrées pour le serveur ![0m
[2025-03-10T21:57:02.445Z] [104m[CLIENT DISCORD] [49m[0m[94m[COMAND][39m [32mfrancois.piano[39m [0m[0ma éxécuté la commande [0m[0m [32minfoshift[39m [0m[0mdans[0m[0m [32mundefined[39m[0m
[2025-03-10T21:57:02.445Z] [104m[CLIENT DISCORD] [49m[0m[42m✅ Utilisateur 449432156595552257 bypass les permissions.[49m[0m
[2025-03-10T21:57:11.640Z] [104m[CLIENT DISCORD] [49m[0m[94m[COMAND][39m [32mmathiieeuu[39m [0m[0ma éxécuté la commande [0m[0m [32mshift[39m [0m[0mdans[0m[0m [32mundefined[39m[0m
[2025-03-10T21:57:11.641Z] [104m[CLIENT DISCORD] [49m[0m[32mLa commande shift ne requiert pas de permission.[39m[0m
[2025-03-10T21:57:39.970Z] [104m[CLIENT DISCORD] [49m[0m[94m[COMAND][39m [32mmathiieeuu[39m [0m[0ma éxécuté la commande [0m[0m [32minfoshift[39m [0m[0mdans[0m[0m [32mundefined[39m[0m
[2025-03-10T21:57:39.971Z] [104m[CLIENT DISCORD] [49m[0m🚫 L'utilisateur 729389796270800948 n'a pas la permission "MANAGE_SHIFT".[0m
[2025-03-10T21:57:54.771Z] [104m[CLIENT DISCORD] [49m[0m[94m[MESSAGE_SENT][39m [32mmathiieeuu[39m [0m[0ma envoyé[0m[0m [32m<@449432156595552257>[39m [0m[0mdans[0m[0m [32mundefined[39m[0m
[2025-03-10T21:58:17.890Z] [104m[CLIENT DISCORD] [49m[0m[94m[MESSAGE_SENT][39m [32mfrancois.piano[39m [0m[0ma envoyé[0m[0m [32mpour l'instant je patch les erreurs[39m [0m[0mdans[0m[0m [32mundefined[39m[0m
[2025-03-10T21:58:44.395Z] [104m[CLIENT DISCORD] [49m[0m[94m[MESSAGE_SENT][39m [32mfrancois.piano[39m [0m[0ma envoyé[0m[0m [32mgenre ça[39m [0m[0mdans[0m[0m [32mundefined[39m[0m
[2025-03-10T22:00:23.481Z] [104m[CLIENT DISCORD] [49m[0m[42m[31mChargement du fichier index.js[39m[49m[0m
[2025-03-10T22:00:24.730Z] [104m[CLIENT DISCORD] [49m[0m[34m[39m[0m
[0m[34m==============================[39m[0m
[2025-03-10T22:00:24.731Z] [104m[CLIENT DISCORD] [49m[0m[32m🚀 Démarrage du bot...[39m[0m
[2025-03-10T22:00:24.731Z] [104m[CLIENT DISCORD] [49m[0m[33m🔗 Connexion à Discord API...[39m[0m
[2025-03-10T22:00:24.732Z] [104m[CLIENT DISCORD] [49m[0m[36m✅ Bot RP en ligne ! Connecté en tant que Catherine#3469[39m[0m
[2025-03-10T22:00:24.733Z] [104m[CLIENT DISCORD] [49m[0m[34m==============================[39m[0m
[0m[34m[39m[0m
[2025-03-10T22:00:24.967Z] [104m[CLIENT DISCORD] [49m[0m[object Map][0m
[2025-03-10T22:00:24.968Z] [104m[CLIENT DISCORD] [49m[0mAucune commande trouvée. Enregistrement des commandes...[0m
[2025-03-10T22:00:24.969Z] [104m[CLIENT DISCORD] [49m[0m✅ Commandes enregistrées pour le serveur ![0m
[2025-03-10T22:00:25.975Z] [104m[CLIENT DISCORD] [49m[0m[94m[MESSAGE_SENT][39m [32mfrancois.piano[39m [0m[0ma envoyé[0m[0m [32m.[39m [0m[0mdans[0m[0m [32m📠-radio[39m[0m
[2025-03-10T22:00:27.213Z] [104m[CLIENT DISCORD] [49m[0m[94m[MESSAGE_SENT][39m [32mrory.p71[39m [0m[0ma envoyé[0m[0m [32mà connaitre[39m [0m[0mdans[0m[0m [32mMaps[39m[0m
[2025-03-10T22:00:28.253Z] [104m[CLIENT DISCORD] [49m[0m[94m[MESSAGE_REMOVE][39m [32mfrancois.piano[39m [0m[0ma supprimé[0m[0m [32m.[39m [0m[0mdans[0m[0m [32mundefined[39m[0m
[2025-03-10T22:00:54.025Z] [104m[CLIENT DISCORD] [49m[0m[94m[MESSAGE_SENT][39m [32mrory.p71[39m [0m[0ma envoyé[0m[0m [32mEt merde je peux pas les uppload[39m [0m[0mdans[0m[0m [32mMaps[39m[0m
[2025-03-10T22:01:04.931Z] [104m[CLIENT DISCORD] [49m[0m[94m[MESSAGE_SENT][39m [32mmathiieeuu[39m [0m[0ma envoyé[0m[0m [32mpourquoi ?[39m [0m[0mdans[0m[0m [32mMaps[39m[0m
[2025-03-10T22:01:22.535Z] [104m[CLIENT DISCORD] [49m[0m[94m[MESSAGE_SENT][39m [32mrory.p71[39m [0m[0ma envoyé[0m[0m [32mje baisse la résolution c'est du 8k aussi que j'ai fait[39m [0m[0mdans[0m[0m [32mMaps[39m[0m
[2025-03-10T22:02:10.885Z] [104m[CLIENT DISCORD] [49m[0m[94m[MESSAGE_REMOVE][39m [32mrory.p71[39m [0m[0ma supprimé[0m[0m [32mEt merde je peux pas les uppload[39m [0m[0mdans[0m[0m [32mundefined[39m[0m
[2025-03-10T22:02:13.871Z] [104m[CLIENT DISCORD] [49m[0m[94m[MESSAGE_REMOVE][39m [32mmathiieeuu[39m [0m[0ma supprimé[0m[0m [32mpourquoi ?[39m [0m[0mdans[0m[0m [32mundefined[39m[0m
[2025-03-10T22:02:16.858Z] [104m[CLIENT DISCORD] [49m[0m[94m[MESSAGE_REMOVE][39m [32mrory.p71[39m [0m[0ma supprimé[0m[0m [32mje baisse la résolution c'est du 8k aussi que j'ai fait[39m [0m[0mdans[0m[0m [32mundefined[39m[0m
[2025-03-10T22:02:59.109Z] [104m[CLIENT DISCORD] [49m[0m[42m[31mChargement du fichier index.js[39m[49m[0m
[2025-03-10T22:03:00.092Z] [104m[CLIENT DISCORD] [49m[0m[34m[39m[0m
[0m[34m==============================[39m[0m
[2025-03-10T22:03:00.092Z] [104m[CLIENT DISCORD] [49m[0m[32m🚀 Démarrage du bot...[39m[0m
[2025-03-10T22:03:00.093Z] [104m[CLIENT DISCORD] [49m[0m[33m🔗 Connexion à Discord API...[39m[0m
[2025-03-10T22:03:00.093Z] [104m[CLIENT DISCORD] [49m[0m[36m✅ Bot RP en ligne ! Connecté en tant que Catherine#3469[39m[0m
[2025-03-10T22:03:00.094Z] [104m[CLIENT DISCORD] [49m[0m[34m==============================[39m[0m
[0m[34m[39m[0m
[2025-03-10T22:03:00.313Z] [104m[CLIENT DISCORD] [49m[0m[object Map][0m
[2025-03-10T22:03:00.313Z] [104m[CLIENT DISCORD] [49m[0mAucune commande trouvée. Enregistrement des commandes...[0m
[2025-03-10T22:03:00.314Z] [41m[ERROR] ❌ Erreur lors de l'enregistrement des commandes : TypeError: Cannot read properties of undefined (reading 'pex')[49m
[2025-03-10T22:03:32.698Z] [104m[CLIENT DISCORD] [49m[0m[94m[COMAND][39m [32mfrancois.piano[39m [0m[0ma éxécuté la commande [0m[0m [32mopenservice[39m [0m[0mdans[0m[0m [32mundefined[39m[0m
[2025-03-10T22:03:32.699Z] [104m[CLIENT DISCORD] [49m[0m[42m✅ Utilisateur 449432156595552257 bypass les permissions.[49m[0m
[2025-03-10T22:03:33.300Z] [104m[CLIENT DISCORD] [49m[0m✅ Données stockées : [object Object][0m
[2025-03-10T22:03:33.310Z] [104m[CLIENT DISCORD] [49m[0m✅ Données stockées : [object Object][0m
[2025-03-10T22:03:42.681Z] [104m[CLIENT DISCORD] [49m[0m[94m[MESSAGE_SENT][39m [32mmathiieeuu[39m [0m[0ma envoyé[0m[0m [32mnull[39m [0m[0mdans[0m[0m [32mCode Pénal & Peine[39m[0m
[2025-03-10T22:03:55.286Z] [104m[CLIENT DISCORD] [49m[0m[42m[31mChargement du fichier index.js[39m[49m[0m
[2025-03-10T22:03:56.227Z] [104m[CLIENT DISCORD] [49m[0m[34m[39m[0m
[0m[34m==============================[39m[0m
[2025-03-10T22:03:56.227Z] [104m[CLIENT DISCORD] [49m[0m[32m🚀 Démarrage du bot...[39m[0m
[2025-03-10T22:03:56.228Z] [104m[CLIENT DISCORD] [49m[0m[33m🔗 Connexion à Discord API...[39m[0m
[2025-03-10T22:03:56.229Z] [104m[CLIENT DISCORD] [49m[0m[36m✅ Bot RP en ligne ! Connecté en tant que Catherine#3469[39m[0m
[2025-03-10T22:03:56.229Z] [104m[CLIENT DISCORD] [49m[0m[34m==============================[39m[0m
[0m[34m[39m[0m
[2025-03-10T22:03:57.344Z] [104m[CLIENT DISCORD] [49m[0m[42m[31mChargement du fichier index.js[39m[49m[0m
[2025-03-10T22:03:58.242Z] [104m[CLIENT DISCORD] [49m[0m[34m[39m[0m
[0m[34m==============================[39m[0m
[2025-03-10T22:03:58.243Z] [104m[CLIENT DISCORD] [49m[0m[32m🚀 Démarrage du bot...[39m[0m
[2025-03-10T22:03:58.244Z] [104m[CLIENT DISCORD] [49m[0m[33m🔗 Connexion à Discord API...[39m[0m
[2025-03-10T22:03:58.244Z] [104m[CLIENT DISCORD] [49m[0m[36m✅ Bot RP en ligne ! Connecté en tant que Catherine#3469[39m[0m
[2025-03-10T22:03:58.245Z] [104m[CLIENT DISCORD] [49m[0m[34m==============================[39m[0m
[0m[34m[39m[0m
[2025-03-10T22:06:02.089Z] [104m[CLIENT DISCORD] [49m[0m[42m[31mChargement du fichier index.js[39m[49m[0m
[2025-03-10T22:06:03.069Z] [104m[CLIENT DISCORD] [49m[0m[34m[39m[0m
[0m[34m==============================[39m[0m
[2025-03-10T22:06:03.070Z] [104m[CLIENT DISCORD] [49m[0m[32m🚀 Démarrage du bot...[39m[0m
[2025-03-10T22:06:03.070Z] [104m[CLIENT DISCORD] [49m[0m[33m🔗 Connexion à Discord API...[39m[0m
[2025-03-10T22:06:03.071Z] [104m[CLIENT DISCORD] [49m[0m[36m✅ Bot RP en ligne ! Connecté en tant que Catherine#3469[39m[0m
[2025-03-10T22:06:03.072Z] [104m[CLIENT DISCORD] [49m[0m[34m==============================[39m[0m
[0m[34m[39m[0m
[2025-03-10T22:06:04.243Z] [104m[CLIENT DISCORD] [49m[0m[42m[31mChargement du fichier index.js[39m[49m[0m
[2025-03-10T22:06:51.390Z] [104m[CLIENT DISCORD] [49m[0m[42m[31mChargement du fichier index.js[39m[49m[0m
[2025-03-10T22:06:52.652Z] [104m[CLIENT DISCORD] [49m[0m[34m[39m[0m
[0m[34m==============================[39m[0m
[2025-03-10T22:06:52.653Z] [104m[CLIENT DISCORD] [49m[0m[32m🚀 Démarrage du bot...[39m[0m
[2025-03-10T22:06:52.653Z] [104m[CLIENT DISCORD] [49m[0m[33m🔗 Connexion à Discord API...[39m[0m
[2025-03-10T22:06:52.654Z] [104m[CLIENT DISCORD] [49m[0m[36m✅ Bot RP en ligne ! Connecté en tant que Catherine#3469[39m[0m
[2025-03-10T22:06:52.654Z] [104m[CLIENT DISCORD] [49m[0m[34m==============================[39m[0m
[0m[34m[39m[0m
[2025-03-10T22:06:52.848Z] [104m[CLIENT DISCORD] [49m[0m[object Map][0m
[2025-03-10T22:06:52.848Z] [104m[CLIENT DISCORD] [49m[0mAucune commande trouvée. Enregistrement des commandes...[0m
[2025-03-10T22:06:52.849Z] [41m[ERROR] ❌ Erreur lors de l'enregistrement des commandes : TypeError: Cannot read properties of undefined (reading 'map')[49m
[2025-03-10T22:07:30.223Z] [104m[CLIENT DISCORD] [49m[0m[42m[31mChargement du fichier index.js[39m[49m[0m
[2025-03-10T22:07:31.124Z] [104m[CLIENT DISCORD] [49m[0m[34m[39m[0m
[0m[34m==============================[39m[0m
[2025-03-10T22:07:31.125Z] [104m[CLIENT DISCORD] [49m[0m[32m🚀 Démarrage du bot...[39m[0m
[2025-03-10T22:07:31.125Z] [104m[CLIENT DISCORD] [49m[0m[33m🔗 Connexion à Discord API...[39m[0m
[2025-03-10T22:07:31.126Z] [104m[CLIENT DISCORD] [49m[0m[36m✅ Bot RP en ligne ! Connecté en tant que Catherine#3469[39m[0m
[2025-03-10T22:07:31.126Z] [104m[CLIENT DISCORD] [49m[0m[34m==============================[39m[0m
[0m[34m[39m[0m
[2025-03-10T22:07:32.213Z] [104m[CLIENT DISCORD] [49m[0m[42m[31mChargement du fichier index.js[39m[49m[0m
[2025-03-10T22:09:03.946Z] [104m[CLIENT DISCORD] [49m[0m[42m[31mChargement du fichier index.js[39m[49m[0m
[2025-03-10T22:09:04.935Z] [104m[CLIENT DISCORD] [49m[0m[34m[39m[0m
[0m[34m==============================[39m[0m
[2025-03-10T22:09:04.936Z] [104m[CLIENT DISCORD] [49m[0m[32m🚀 Démarrage du bot...[39m[0m
[2025-03-10T22:09:04.936Z] [104m[CLIENT DISCORD] [49m[0m[33m🔗 Connexion à Discord API...[39m[0m
[2025-03-10T22:09:04.937Z] [104m[CLIENT DISCORD] [49m[0m[36m✅ Bot RP en ligne ! Connecté en tant que Catherine#3469[39m[0m
[2025-03-10T22:09:04.937Z] [104m[CLIENT DISCORD] [49m[0m[34m==============================[39m[0m
[0m[34m[39m[0m
[2025-03-10T22:09:05.142Z] [104m[CLIENT DISCORD] [49m[0m[object Map][0m
[2025-03-10T22:09:05.143Z] [104m[CLIENT DISCORD] [49m[0mAucune commande trouvée. Enregistrement des commandes...[0m
[2025-03-10T22:09:05.144Z] [104m[CLIENT DISCORD] [49m[0m✅ Commandes enregistrées pour le serveur ![0m
[2025-03-10T22:09:06.229Z] [104m[CLIENT DISCORD] [49m[0m[42m[31mChargement du fichier index.js[39m[49m[0m
[2025-03-10T22:10:08.170Z] [104m[CLIENT DISCORD] [49m[0m[42m[31mChargement du fichier index.js[39m[49m[0m
[2025-03-10T22:10:09.316Z] [104m[CLIENT DISCORD] [49m[0m[34m[39m[0m
[0m[34m==============================[39m[0m
[2025-03-10T22:10:09.317Z] [104m[CLIENT DISCORD] [49m[0m[32m🚀 Démarrage du bot...[39m[0m
[2025-03-10T22:10:09.317Z] [104m[CLIENT DISCORD] [49m[0m[33m🔗 Connexion à Discord API...[39m[0m
[2025-03-10T22:10:09.318Z] [104m[CLIENT DISCORD] [49m[0m[36m✅ Bot RP en ligne ! Connecté en tant que Catherine#3469[39m[0m
[2025-03-10T22:10:09.318Z] [104m[CLIENT DISCORD] [49m[0m[34m==============================[39m[0m
[0m[34m[39m[0m
[2025-03-10T22:10:09.493Z] [104m[CLIENT DISCORD] [49m[0m[object Map][0m
[2025-03-10T22:10:09.493Z] [104m[CLIENT DISCORD] [49m[0mAucune commande trouvée. Enregistrement des commandes...[0m
[2025-03-10T22:10:09.494Z] [41m[ERROR] ❌ Erreur lors de l'enregistrement des commandes : TypeError: Cannot read properties of undefined (reading 'pex')[49m
[2025-03-10T22:11:19.067Z] [104m[CLIENT DISCORD] [49m[0m[42m[31mChargement du fichier index.js[39m[49m[0m
[2025-03-10T22:11:20.100Z] [104m[CLIENT DISCORD] [49m[0m[34m[39m[0m
[0m[34m==============================[39m[0m
[2025-03-10T22:11:20.101Z] [104m[CLIENT DISCORD] [49m[0m[32m🚀 Démarrage du bot...[39m[0m
[2025-03-10T22:11:20.101Z] [104m[CLIENT DISCORD] [49m[0m[33m🔗 Connexion à Discord API...[39m[0m
[2025-03-10T22:11:20.102Z] [104m[CLIENT DISCORD] [49m[0m[36m✅ Bot RP en ligne ! Connecté en tant que Catherine#3469[39m[0m
[2025-03-10T22:11:20.103Z] [104m[CLIENT DISCORD] [49m[0m[34m==============================[39m[0m
[0m[34m[39m[0m
[2025-03-10T22:11:20.281Z] [104m[CLIENT DISCORD] [49m[0m[object Map][0m
[2025-03-10T22:11:20.281Z] [104m[CLIENT DISCORD] [49m[0mAucune commande trouvée. Enregistrement des commandes...[0m
[2025-03-10T22:11:20.282Z] [41m[ERROR] ❌ Erreur lors de l'enregistrement des commandes : TypeError: Cannot read properties of undefined (reading 'map')[49m
[2025-03-10T22:12:12.593Z] [104m[CLIENT DISCORD] [49m[0m[object Object][0m
[2025-03-10T22:12:12.618Z] [104m[CLIENT DISCORD] [49m[0m[42m[31mChargement du fichier index.js[39m[49m[0m
[2025-03-10T22:12:13.827Z] [104m[CLIENT DISCORD] [49m[0m[34m[39m[0m
[0m[34m==============================[39m[0m
[2025-03-10T22:12:13.828Z] [104m[CLIENT DISCORD] [49m[0m[32m🚀 Démarrage du bot...[39m[0m
[2025-03-10T22:12:13.828Z] [104m[CLIENT DISCORD] [49m[0m[33m🔗 Connexion à Discord API...[39m[0m
[2025-03-10T22:12:13.829Z] [104m[CLIENT DISCORD] [49m[0m[36m✅ Bot RP en ligne ! Connecté en tant que Catherine#3469[39m[0m
[2025-03-10T22:12:13.829Z] [104m[CLIENT DISCORD] [49m[0m[34m==============================[39m[0m
[0m[34m[39m[0m
[2025-03-10T22:12:14.054Z] [104m[CLIENT DISCORD] [49m[0m[object Map][0m
[2025-03-10T22:12:14.054Z] [104m[CLIENT DISCORD] [49m[0mAucune commande trouvée. Enregistrement des commandes...[0m
[2025-03-10T22:12:14.055Z] [41m[ERROR] ❌ Erreur lors de l'enregistrement des commandes : TypeError: Cannot read properties of undefined (reading 'map')[49m
[2025-03-10T22:12:51.092Z] [104m[CLIENT DISCORD] [49m[0m[94m[MESSAGE_SENT][39m [32mrory.p71[39m [0m[0ma envoyé[0m[0m [32mEet merde je corrige ça demain[39m [0m[0mdans[0m[0m [32mMaps[39m[0m
[2025-03-10T22:13:29.074Z] [104m[CLIENT DISCORD] [49m[0m[94m[MESSAGE_SENT][39m [32mrory.p71[39m [0m[0ma envoyé[0m[0m [32mJusqu'au reboot[39m [0m[0mdans[0m[0m [32mSe mettre en service avec le téléphone[39m[0m
[2025-03-10T22:14:52.848Z] [104m[CLIENT DISCORD] [49m[0m[94m[MESSAGE_REMOVE][39m [32mrory.p71[39m [0m[0ma supprimé[0m[0m [32mJusqu'au reboot[39m [0m[0mdans[0m[0m [32mSe mettre en service avec le téléphone[39m[0m
[2025-03-10T22:15:16.534Z] [104m[CLIENT DISCORD] [49m[0m[42m[31mChargement du fichier index.js[39m[49m[0m
[2025-03-10T22:15:17.503Z] [104m[CLIENT DISCORD] [49m[0m[34m[39m[0m
[0m[34m==============================[39m[0m
[2025-03-10T22:15:17.503Z] [104m[CLIENT DISCORD] [49m[0m[32m🚀 Démarrage du bot...[39m[0m
[2025-03-10T22:15:17.504Z] [104m[CLIENT DISCORD] [49m[0m[33m🔗 Connexion à Discord API...[39m[0m
[2025-03-10T22:15:17.504Z] [104m[CLIENT DISCORD] [49m[0m[36m✅ Bot RP en ligne ! Connecté en tant que Catherine#3469[39m[0m
[2025-03-10T22:15:17.505Z] [104m[CLIENT DISCORD] [49m[0m[34m==============================[39m[0m
[0m[34m[39m[0m
[2025-03-10T22:15:17.734Z] [104m[CLIENT DISCORD] [49m[0m[object Map][0m
[2025-03-10T22:15:17.735Z] [104m[CLIENT DISCORD] [49m[0mAucune commande trouvée. Enregistrement des commandes...[0m
[2025-03-10T22:15:17.736Z] [104m[CLIENT DISCORD] [49m[0mListe des commandes chargées : [0m
[2025-03-10T22:15:17.736Z] [41m[ERROR] ❌ Erreur lors de l'enregistrement des commandes : TypeError: Cannot read properties of undefined (reading 'map')[49m
[2025-03-10T22:16:10.751Z] [104m[CLIENT DISCORD] [49m[0m[42m[31mChargement du fichier index.js[39m[49m[0m
[2025-03-10T22:16:11.617Z] [104m[CLIENT DISCORD] [49m[0m[34m[39m[0m
[0m[34m==============================[39m[0m
[2025-03-10T22:16:11.617Z] [104m[CLIENT DISCORD] [49m[0m[32m🚀 Démarrage du bot...[39m[0m
[2025-03-10T22:16:11.618Z] [104m[CLIENT DISCORD] [49m[0m[33m🔗 Connexion à Discord API...[39m[0m
[2025-03-10T22:16:11.618Z] [104m[CLIENT DISCORD] [49m[0m[36m✅ Bot RP en ligne ! Connecté en tant que Catherine#3469[39m[0m
[2025-03-10T22:16:11.619Z] [104m[CLIENT DISCORD] [49m[0m[34m==============================[39m[0m
[0m[34m[39m[0m
[2025-03-10T22:16:11.820Z] [104m[CLIENT DISCORD] [49m[0m[object Map][0m
[2025-03-10T22:16:11.820Z] [104m[CLIENT DISCORD] [49m[0mAucune commande trouvée. Enregistrement des commandes...[0m
[2025-03-10T22:16:11.821Z] [104m[CLIENT DISCORD] [49m[0mListe des commandes chargées : [0m
[2025-03-10T22:16:11.822Z] [41m[ERROR] ❌ Erreur lors de l'enregistrement des commandes : TypeError: Cannot read properties of undefined (reading 'map')[49m
[2025-03-10T22:16:38.147Z] [104m[CLIENT DISCORD] [49m[0m[object Object][0m
[2025-03-10T22:16:38.176Z] [104m[CLIENT DISCORD] [49m[0m[42m[31mChargement du fichier index.js[39m[49m[0m
[2025-03-10T22:16:39.105Z] [104m[CLIENT DISCORD] [49m[0m[34m[39m[0m
[0m[34m==============================[39m[0m
[2025-03-10T22:16:39.106Z] [104m[CLIENT DISCORD] [49m[0m[32m🚀 Démarrage du bot...[39m[0m
[2025-03-10T22:16:39.107Z] [104m[CLIENT DISCORD] [49m[0m[33m🔗 Connexion à Discord API...[39m[0m
[2025-03-10T22:16:39.108Z] [104m[CLIENT DISCORD] [49m[0m[36m✅ Bot RP en ligne ! Connecté en tant que Catherine#3469[39m[0m
[2025-03-10T22:16:39.108Z] [104m[CLIENT DISCORD] [49m[0m[34m==============================[39m[0m
[0m[34m[39m[0m
[2025-03-10T22:16:39.289Z] [104m[CLIENT DISCORD] [49m[0m[object Map][0m
[2025-03-10T22:16:39.290Z] [104m[CLIENT DISCORD] [49m[0mAucune commande trouvée. Enregistrement des commandes...[0m
[2025-03-10T22:16:39.290Z] [104m[CLIENT DISCORD] [49m[0mListe des commandes chargées : [0m
[2025-03-10T22:16:39.292Z] [41m[ERROR] ❌ Erreur lors de l'enregistrement des commandes : TypeError: Cannot read properties of undefined (reading 'map')[49m
[2025-03-10T22:17:46.402Z] [104m[CLIENT DISCORD] [49m[0m[object Object][0m
[2025-03-10T22:17:46.425Z] [104m[CLIENT DISCORD] [49m[0m[42m[31mChargement du fichier index.js[39m[49m[0m
[2025-03-10T22:17:47.428Z] [104m[CLIENT DISCORD] [49m[0m[34m[39m[0m
[0m[34m==============================[39m[0m
[2025-03-10T22:17:47.429Z] [104m[CLIENT DISCORD] [49m[0m[32m🚀 Démarrage du bot...[39m[0m
[2025-03-10T22:17:47.430Z] [104m[CLIENT DISCORD] [49m[0m[33m🔗 Connexion à Discord API...[39m[0m
[2025-03-10T22:17:47.430Z] [104m[CLIENT DISCORD] [49m[0m[36m✅ Bot RP en ligne ! Connecté en tant que Catherine#3469[39m[0m
[2025-03-10T22:17:47.431Z] [104m[CLIENT DISCORD] [49m[0m[34m==============================[39m[0m
[0m[34m[39m[0m
[2025-03-10T22:17:47.643Z] [104m[CLIENT DISCORD] [49m[0mCommandes existantes :  [object Map][0m
[2025-03-10T22:17:47.644Z] [104m[CLIENT DISCORD] [49m[0mAucune commande trouvée. Enregistrement des commandes...[0m
[2025-03-10T22:17:47.645Z] [104m[CLIENT DISCORD] [49m[0mListe des commandes chargées : [0m
[2025-03-10T22:17:47.645Z] [41m[ERROR] ❌ Les commandes ne sont pas correctement formatées ou sont vides ![49m
[2025-03-10T22:19:23.743Z] [104m[CLIENT DISCORD] [49m[0m[object Object][0m
[2025-03-10T22:19:23.767Z] [104m[CLIENT DISCORD] [49m[0m[42m[31mChargement du fichier index.js[39m[49m[0m
[2025-03-10T22:19:24.750Z] [104m[CLIENT DISCORD] [49m[0m[34m[39m[0m
[0m[34m==============================[39m[0m
[2025-03-10T22:19:24.751Z] [104m[CLIENT DISCORD] [49m[0m[32m🚀 Démarrage du bot...[39m[0m
[2025-03-10T22:19:24.752Z] [104m[CLIENT DISCORD] [49m[0m[33m🔗 Connexion à Discord API...[39m[0m
[2025-03-10T22:19:24.753Z] [104m[CLIENT DISCORD] [49m[0m[36m✅ Bot RP en ligne ! Connecté en tant que Catherine#3469[39m[0m
[2025-03-10T22:19:24.753Z] [104m[CLIENT DISCORD] [49m[0m[34m==============================[39m[0m
[0m[34m[39m[0m
[2025-03-10T22:19:24.755Z] [104m[CLIENT DISCORD] [49m[0mGuild récupéré :  Los Santos Sheriff Dept.[0m
[2025-03-10T22:19:24.964Z] [104m[CLIENT DISCORD] [49m[0mCommandes existantes :  [object Map][0m
[2025-03-10T22:19:24.965Z] [104m[CLIENT DISCORD] [49m[0mAucune commande trouvée. Enregistrement des commandes...[0m
[2025-03-10T22:19:24.966Z] [104m[CLIENT DISCORD] [49m[0mListe des commandes chargées : [0m
[2025-03-10T22:19:24.966Z] [41m[ERROR] ❌ Les commandes ne sont pas correctement formatées ou sont vides ![49m
[2025-03-10T22:20:40.949Z] [104m[CLIENT DISCORD] [49m[0m[42m[31mChargement du fichier index.js[39m[49m[0m
[2025-03-10T22:20:41.967Z] [104m[CLIENT DISCORD] [49m[0m[34m[39m[0m
[0m[34m==============================[39m[0m
[2025-03-10T22:20:41.967Z] [104m[CLIENT DISCORD] [49m[0m[32m🚀 Démarrage du bot...[39m[0m
[2025-03-10T22:20:41.968Z] [104m[CLIENT DISCORD] [49m[0m[33m🔗 Connexion à Discord API...[39m[0m
[2025-03-10T22:20:41.968Z] [104m[CLIENT DISCORD] [49m[0m[36m✅ Bot RP en ligne ! Connecté en tant que Catherine#3469[39m[0m
[2025-03-10T22:20:41.969Z] [104m[CLIENT DISCORD] [49m[0m[34m==============================[39m[0m
[0m[34m[39m[0m
[2025-03-10T22:20:41.970Z] [104m[CLIENT DISCORD] [49m[0mGuild récupéré :  Los Santos Sheriff Dept.[0m
[2025-03-10T22:20:42.159Z] [104m[CLIENT DISCORD] [49m[0mCommandes existantes :  [0m
[2025-03-10T22:20:42.160Z] [104m[CLIENT DISCORD] [49m[0mAucune commande trouvée. Enregistrement des commandes...[0m
[2025-03-10T22:20:42.160Z] [104m[CLIENT DISCORD] [49m[0mListe des commandes chargées :  [object Object],[object Object],[object Object],[object Object],[object Object],[object Object],[object Object],[object Object],[object Object],[object Object],[object Object],[object Object],[object Object],[object Object],[object Object],[object Object],[object Object][0m
[2025-03-10T22:20:42.546Z] [104m[CLIENT DISCORD] [49m[0m✅ Commandes enregistrées pour le serveur ![0m
[2025-03-10T22:22:19.155Z] [104m[CLIENT DISCORD] [49m[0m[42m[31mChargement du fichier index.js[39m[49m[0m
[2025-03-10T22:22:20.271Z] [104m[CLIENT DISCORD] [49m[0m[34m[39m[0m
[0m[34m==============================[39m[0m
[2025-03-10T22:22:20.271Z] [104m[CLIENT DISCORD] [49m[0m[32m🚀 Démarrage du bot...[39m[0m
[2025-03-10T22:22:20.272Z] [104m[CLIENT DISCORD] [49m[0m[33m🔗 Connexion à Discord API...[39m[0m
[2025-03-10T22:22:20.273Z] [104m[CLIENT DISCORD] [49m[0m[36m✅ Bot RP en ligne ! Connecté en tant que Catherine#3469[39m[0m
[2025-03-10T22:22:20.274Z] [104m[CLIENT DISCORD] [49m[0m[34m==============================[39m[0m
[0m[34m[39m[0m
[2025-03-10T22:22:20.275Z] [104m[CLIENT DISCORD] [49m[0mGuild récupéré :  Los Santos Sheriff Dept.[0m
[2025-03-10T22:22:20.512Z] [104m[CLIENT DISCORD] [49m[0mCommandes existantes :  [object Object],[object Object],[object Object],[object Object],[object Object],[object Object],[object Object],[object Object],[object Object],[object Object],[object Object],[object Object],[object Object],[object Object],[object Object],[object Object],[object Object][0m
[2025-03-10T22:22:20.513Z] [104m[CLIENT DISCORD] [49m[0m⚠️ Commandes déjà enregistrées pour ce serveur.[0m
[2025-03-10T22:24:52.149Z] [104m[CLIENT DISCORD] [49m[0m[94m[COMAND][39m [32mfrancois.piano[39m [0m[0ma éxécuté la commande [0m[0m [32mpex[39m [0m[0mdans[0m[0m [32mundefined[39m[0m
[2025-03-10T22:24:52.150Z] [104m[CLIENT DISCORD] [49m[0m[42m✅ Utilisateur 449432156595552257 bypass les permissions.[49m[0m
[2025-03-10T22:24:52.152Z] [41m[ERROR] ❌ Erreur critique : ReferenceError: options is not defined[49m
[2025-03-10T22:25:21.637Z] [104m[CLIENT DISCORD] [49m[0m[42m[31mChargement du fichier index.js[39m[49m[0m
[2025-03-10T22:25:22.631Z] [104m[CLIENT DISCORD] [49m[0m[34m[39m[0m
[0m[34m==============================[39m[0m
[2025-03-10T22:25:22.632Z] [104m[CLIENT DISCORD] [49m[0m[32m🚀 Démarrage du bot...[39m[0m
[2025-03-10T22:25:22.633Z] [104m[CLIENT DISCORD] [49m[0m[33m🔗 Connexion à Discord API...[39m[0m
[2025-03-10T22:25:22.633Z] [104m[CLIENT DISCORD] [49m[0m[36m✅ Bot RP en ligne ! Connecté en tant que Catherine#3469[39m[0m
[2025-03-10T22:25:22.634Z] [104m[CLIENT DISCORD] [49m[0m[34m==============================[39m[0m
[0m[34m[39m[0m
[2025-03-10T22:25:22.635Z] [104m[CLIENT DISCORD] [49m[0mGuild récupéré :  Los Santos Sheriff Dept.[0m
[2025-03-10T22:25:22.856Z] [104m[CLIENT DISCORD] [49m[0mCommandes existantes :  [object Object],[object Object],[object Object],[object Object],[object Object],[object Object],[object Object],[object Object],[object Object],[object Object],[object Object],[object Object],[object Object],[object Object],[object Object],[object Object],[object Object][0m
[2025-03-10T22:25:22.857Z] [104m[CLIENT DISCORD] [49m[0m⚠️ Commandes déjà enregistrées pour ce serveur.[0m
[2025-03-10T22:25:42.836Z] [104m[CLIENT DISCORD] [49m[0m[94m[COMAND][39m [32mfrancois.piano[39m [0m[0ma éxécuté la commande [0m[0m [32mpex[39m [0m[0mdans[0m[0m [32mundefined[39m[0m
[2025-03-10T22:25:42.837Z] [104m[CLIENT DISCORD] [49m[0m[42m✅ Utilisateur 449432156595552257 bypass les permissions.[49m[0m
[2025-03-10T22:25:42.840Z] [41m[ERROR] ❌ Erreur critique : ReferenceError: permissions is not defined[49m
[2025-03-10T22:26:14.192Z] [104m[CLIENT DISCORD] [49m[0m[42m[31mChargement du fichier index.js[39m[49m[0m
[2025-03-10T22:26:15.096Z] [104m[CLIENT DISCORD] [49m[0m[34m[39m[0m
[0m[34m==============================[39m[0m
[2025-03-10T22:26:15.108Z] [104m[CLIENT DISCORD] [49m[0m[32m🚀 Démarrage du bot...[39m[0m
[2025-03-10T22:26:15.110Z] [104m[CLIENT DISCORD] [49m[0m[33m🔗 Connexion à Discord API...[39m[0m
[2025-03-10T22:26:15.111Z] [104m[CLIENT DISCORD] [49m[0m[36m✅ Bot RP en ligne ! Connecté en tant que Catherine#3469[39m[0m
[2025-03-10T22:26:15.112Z] [104m[CLIENT DISCORD] [49m[0m[34m==============================[39m[0m
[0m[34m[39m[0m
[2025-03-10T22:26:15.113Z] [104m[CLIENT DISCORD] [49m[0mGuild récupéré :  Los Santos Sheriff Dept.[0m
[2025-03-10T22:26:15.374Z] [104m[CLIENT DISCORD] [49m[0mCommandes existantes :  [object Object],[object Object],[object Object],[object Object],[object Object],[object Object],[object Object],[object Object],[object Object],[object Object],[object Object],[object Object],[object Object],[object Object],[object Object],[object Object],[object Object][0m
[2025-03-10T22:26:15.375Z] [104m[CLIENT DISCORD] [49m[0m⚠️ Commandes déjà enregistrées pour ce serveur.[0m
[2025-03-10T22:26:22.533Z] [104m[CLIENT DISCORD] [49m[0m[94m[COMAND][39m [32mfrancois.piano[39m [0m[0ma éxécuté la commande [0m[0m [32mpex[39m [0m[0mdans[0m[0m [32mundefined[39m[0m
[2025-03-10T22:26:22.534Z] [104m[CLIENT DISCORD] [49m[0m[42m✅ Utilisateur 449432156595552257 bypass les permissions.[49m[0m
[2025-03-10T22:26:40.754Z] [104m[CLIENT DISCORD] [49m[0m$[MEMBER REMOVE] Catherine#3469 est parti à function timeStamp() { [native code] }[0m
[2025-03-10T22:26:42.265Z] [104m[CLIENT DISCORD] [49m[0m[42m[31mChargement du fichier index.js[39m[49m[0m
[2025-03-10T22:26:43.238Z] [104m[CLIENT DISCORD] [49m[0m[34m[39m[0m
[0m[34m==============================[39m[0m
[2025-03-10T22:26:43.239Z] [104m[CLIENT DISCORD] [49m[0m[32m🚀 Démarrage du bot...[39m[0m
[2025-03-10T22:26:43.240Z] [104m[CLIENT DISCORD] [49m[0m[33m🔗 Connexion à Discord API...[39m[0m
[2025-03-10T22:26:43.241Z] [104m[CLIENT DISCORD] [49m[0m[36m✅ Bot RP en ligne ! Connecté en tant que Catherine#3469[39m[0m
[2025-03-10T22:26:43.241Z] [104m[CLIENT DISCORD] [49m[0m[34m==============================[39m[0m
[0m[34m[39m[0m
[2025-03-10T22:26:43.429Z] [41m[ERROR] ❌ Erreur lors de l'enregistrement des commandes : DiscordAPIError[10004]: Unknown Guild[49m
[2025-03-10T22:33:35.341Z] [104m[CLIENT DISCORD] [49m[0m[42m[31mChargement du fichier index.js[39m[49m[0m
[2025-03-10T22:33:36.518Z] [104m[CLIENT DISCORD] [49m[0m[34m[39m[0m
[0m[34m==============================[39m[0m
[2025-03-10T22:33:36.519Z] [104m[CLIENT DISCORD] [49m[0m[32m🚀 Démarrage du bot...[39m[0m
[2025-03-10T22:33:36.519Z] [104m[CLIENT DISCORD] [49m[0m[33m🔗 Connexion à Discord API...[39m[0m
[2025-03-10T22:33:36.520Z] [104m[CLIENT DISCORD] [49m[0m[36m✅ Bot RP en ligne ! Connecté en tant que Catherine#3469[39m[0m
[2025-03-10T22:33:36.521Z] [104m[CLIENT DISCORD] [49m[0m[34m==============================[39m[0m
[0m[34m[39m[0m
[2025-03-10T22:33:36.522Z] [104m[CLIENT DISCORD] [49m[0mGuild récupéré :  Los Santos Sheriff Dept.[0m
[2025-03-10T22:33:36.717Z] [104m[CLIENT DISCORD] [49m[0mCommandes existantes :  [0m
[2025-03-10T22:33:36.718Z] [104m[CLIENT DISCORD] [49m[0mAucune commande trouvée. Enregistrement des commandes...[0m
[2025-03-10T22:33:36.718Z] [104m[CLIENT DISCORD] [49m[0mListe des commandes chargées :  [object Object],[object Object],[object Object],[object Object],[object Object],[object Object],[object Object],[object Object],[object Object],[object Object],[object Object],[object Object],[object Object],[object Object],[object Object],[object Object],[object Object][0m
[2025-03-10T22:33:37.115Z] [104m[CLIENT DISCORD] [49m[0m✅ Commandes enregistrées pour le serveur ![0m
[2025-03-10T22:36:03.282Z] [104m[CLIENT DISCORD] [49m[0m[42m[31mChargement du fichier index.js[39m[49m[0m
[2025-03-10T22:36:04.255Z] [104m[CLIENT DISCORD] [49m[0m[34m[39m[0m
[0m[34m==============================[39m[0m
[2025-03-10T22:36:04.256Z] [104m[CLIENT DISCORD] [49m[0m[32m🚀 Démarrage du bot...[39m[0m
[2025-03-10T22:36:04.256Z] [104m[CLIENT DISCORD] [49m[0m[33m🔗 Connexion à Discord API...[39m[0m
[2025-03-10T22:36:04.257Z] [104m[CLIENT DISCORD] [49m[0m[36m✅ Bot RP en ligne ! Connecté en tant que Catherine#3469[39m[0m
[2025-03-10T22:36:04.257Z] [104m[CLIENT DISCORD] [49m[0m[34m==============================[39m[0m
[0m[34m[39m[0m
[2025-03-10T22:36:04.259Z] [104m[CLIENT DISCORD] [49m[0mGuild récupéré :  Los Santos Sheriff Dept.[0m
[2025-03-10T22:36:04.504Z] [104m[CLIENT DISCORD] [49m[0mCommandes existantes :  [object Object],[object Object],[object Object],[object Object],[object Object],[object Object],[object Object],[object Object],[object Object],[object Object],[object Object],[object Object],[object Object],[object Object],[object Object],[object Object],[object Object][0m
[2025-03-10T22:36:04.505Z] [104m[CLIENT DISCORD] [49m[0m⚠️ Commandes déjà enregistrées pour ce serveur.[0m
[2025-03-10T22:36:30.558Z] [104m[CLIENT DISCORD] [49m[0m[94m[COMAND][39m [32mfrancois.piano[39m [0m[0ma éxécuté la commande [0m[0m [32mpex[39m [0m[0mdans[0m[0m [32mundefined[39m[0m
[2025-03-10T22:36:30.559Z] [104m[CLIENT DISCORD] [49m[0m[42m✅ Utilisateur 449432156595552257 bypass les permissions.[49m[0m
[2025-03-10T22:36:46.343Z] [104m[CLIENT DISCORD] [49m[0m$[MEMBER REMOVE] Catherine#3469 est parti à function timeStamp() { [native code] }[0m
[2025-03-10T22:36:47.782Z] [104m[CLIENT DISCORD] [49m[0m[42m[31mChargement du fichier index.js[39m[49m[0m
[2025-03-10T22:36:48.704Z] [104m[CLIENT DISCORD] [49m[0m[34m[39m[0m
[0m[34m==============================[39m[0m
[2025-03-10T22:36:48.704Z] [104m[CLIENT DISCORD] [49m[0m[32m🚀 Démarrage du bot...[39m[0m
[2025-03-10T22:36:48.705Z] [104m[CLIENT DISCORD] [49m[0m[33m🔗 Connexion à Discord API...[39m[0m
[2025-03-10T22:36:48.705Z] [104m[CLIENT DISCORD] [49m[0m[36m✅ Bot RP en ligne ! Connecté en tant que Catherine#3469[39m[0m
[2025-03-10T22:36:48.706Z] [104m[CLIENT DISCORD] [49m[0m[34m==============================[39m[0m
[0m[34m[39m[0m
[2025-03-10T22:36:48.906Z] [41m[ERROR] ❌ Erreur lors de l'enregistrement des commandes : DiscordAPIError[10004]: Unknown Guild[49m
[2025-03-10T22:37:17.212Z] [104m[CLIENT DISCORD] [49m[0m[42m[31mChargement du fichier index.js[39m[49m[0m
[2025-03-10T22:37:18.126Z] [104m[CLIENT DISCORD] [49m[0m[34m[39m[0m
[0m[34m==============================[39m[0m
[2025-03-10T22:37:18.127Z] [104m[CLIENT DISCORD] [49m[0m[32m🚀 Démarrage du bot...[39m[0m
[2025-03-10T22:37:18.128Z] [104m[CLIENT DISCORD] [49m[0m[33m🔗 Connexion à Discord API...[39m[0m
[2025-03-10T22:37:18.128Z] [104m[CLIENT DISCORD] [49m[0m[36m✅ Bot RP en ligne ! Connecté en tant que Catherine#3469[39m[0m
[2025-03-10T22:37:18.129Z] [104m[CLIENT DISCORD] [49m[0m[34m==============================[39m[0m
[0m[34m[39m[0m
[2025-03-10T22:37:18.130Z] [104m[CLIENT DISCORD] [49m[0mGuild récupéré :  Los Santos Sheriff Dept.[0m
[2025-03-10T22:37:18.360Z] [104m[CLIENT DISCORD] [49m[0mCommandes existantes :  [0m
[2025-03-10T22:37:18.361Z] [104m[CLIENT DISCORD] [49m[0mAucune commande trouvée. Enregistrement des commandes...[0m
[2025-03-10T22:37:18.361Z] [104m[CLIENT DISCORD] [49m[0mListe des commandes chargées :  [object Object],[object Object],[object Object],[object Object],[object Object],[object Object],[object Object],[object Object],[object Object],[object Object],[object Object],[object Object],[object Object],[object Object],[object Object],[object Object],[object Object][0m
[2025-03-10T22:37:18.740Z] [104m[CLIENT DISCORD] [49m[0m✅ Commandes enregistrées pour le serveur ![0m
[2025-03-10T22:37:24.741Z] [104m[CLIENT DISCORD] [49m[0m[94m[COMAND][39m [32mfrancois.piano[39m [0m[0ma éxécuté la commande [0m[0m [32mpex[39m [0m[0mdans[0m[0m [32mundefined[39m[0m
[2025-03-10T22:37:24.742Z] [104m[CLIENT DISCORD] [49m[0m[42m✅ Utilisateur 449432156595552257 bypass les permissions.[49m[0m
